[10.459s] Invoking command in '/home/cc/ros2_ws/build/lidar_perception_pkg': PYTHONPATH=/home/cc/ros2_ws/build/lidar_perception_pkg/prefix_override:/usr/lib/python3/dist-packages/colcon_core/task/python/colcon_distutils_commands:/home/cc/ros2_ws/install/lidar_perception_pkg/lib/python3.10/site-packages:${PYTHONPATH} /usr/bin/python3 -W ignore:setup.py install is deprecated -W ignore:easy_install command is deprecated setup.py develop --editable --build-directory /home/cc/ros2_ws/build/lidar_perception_pkg/build --no-deps symlink_data
[12.820s] running develop
[14.572s] running egg_info
[14.577s] creating lidar_perception_pkg.egg-info
[14.582s] writing lidar_perception_pkg.egg-info/PKG-INFO
[14.587s] writing dependency_links to lidar_perception_pkg.egg-info/dependency_links.txt
[14.597s] writing entry points to lidar_perception_pkg.egg-info/entry_points.txt
[14.607s] writing requirements to lidar_perception_pkg.egg-info/requires.txt
[14.613s] writing top-level names to lidar_perception_pkg.egg-info/top_level.txt
[14.642s] writing manifest file 'lidar_perception_pkg.egg-info/SOURCES.txt'
[14.660s] reading manifest file 'lidar_perception_pkg.egg-info/SOURCES.txt'
[14.668s] writing manifest file 'lidar_perception_pkg.egg-info/SOURCES.txt'
[14.693s] running build_ext
[14.700s] Creating /home/cc/ros2_ws/install/lidar_perception_pkg/lib/python3.10/site-packages/lidar-perception-pkg.egg-link (link to .)
[14.707s] Installing lidar_obstacle_detector_node script to /home/cc/ros2_ws/install/lidar_perception_pkg/lib/lidar_perception_pkg
[14.720s] Installing lidar_processor_node script to /home/cc/ros2_ws/install/lidar_perception_pkg/lib/lidar_perception_pkg
[14.727s] Installing lidar_publisher_node script to /home/cc/ros2_ws/install/lidar_perception_pkg/lib/lidar_perception_pkg
[14.733s] 
[14.750s] Installed /home/cc/ros2_ws/build/lidar_perception_pkg
[14.752s] running symlink_data
[14.753s] creating /home/cc/ros2_ws/install/lidar_perception_pkg/share/ament_index
[14.754s] creating /home/cc/ros2_ws/install/lidar_perception_pkg/share/ament_index/resource_index
[14.756s] creating /home/cc/ros2_ws/install/lidar_perception_pkg/share/ament_index/resource_index/packages
[14.757s] symbolically linking /home/cc/ros2_ws/build/lidar_perception_pkg/resource/lidar_perception_pkg -> /home/cc/ros2_ws/install/lidar_perception_pkg/share/ament_index/resource_index/packages
[14.772s] symbolically linking /home/cc/ros2_ws/build/lidar_perception_pkg/package.xml -> /home/cc/ros2_ws/install/lidar_perception_pkg/share/lidar_perception_pkg
[17.205s] Invoked command in '/home/cc/ros2_ws/build/lidar_perception_pkg' returned '0': PYTHONPATH=/home/cc/ros2_ws/build/lidar_perception_pkg/prefix_override:/usr/lib/python3/dist-packages/colcon_core/task/python/colcon_distutils_commands:/home/cc/ros2_ws/install/lidar_perception_pkg/lib/python3.10/site-packages:${PYTHONPATH} /usr/bin/python3 -W ignore:setup.py install is deprecated -W ignore:easy_install command is deprecated setup.py develop --editable --build-directory /home/cc/ros2_ws/build/lidar_perception_pkg/build --no-deps symlink_data
