[1.581s] DEBUG:colcon:Command line arguments: ['/usr/bin/colcon', 'build', '--symlink-install']
[1.582s] DEBUG:colcon:Parsed command line arguments: Namespace(log_base=None, log_level=None, verb_name='build', build_base='build', install_base='install', merge_install=False, symlink_install=True, test_result_base=None, continue_on_error=False, executor='parallel', parallel_workers=4, event_handlers=None, ignore_user_meta=False, metas=['./colcon.meta'], base_paths=['.'], packages_ignore=None, packages_ignore_regex=None, paths=None, packages_up_to=None, packages_up_to_regex=None, packages_above=None, packages_above_and_dependencies=None, packages_above_depth=None, packages_select_by_dep=None, packages_skip_by_dep=None, packages_skip_up_to=None, packages_select_build_failed=False, packages_skip_build_finished=False, packages_select_test_failures=False, packages_skip_test_passed=False, packages_select=None, packages_skip=None, packages_select_regex=None, packages_skip_regex=None, packages_start=None, packages_end=None, allow_overriding=[], cmake_args=None, cmake_target=None, cmake_target_skip_unavailable=False, cmake_clean_cache=False, cmake_clean_first=False, cmake_force_configure=False, ament_cmake_args=None, catkin_cmake_args=None, catkin_skip_building_tests=False, mixin_files=None, mixin=None, verb_parser=<colcon_mixin.mixin.mixin_argument.MixinArgumentDecorator object at 0xffff84878460>, verb_extension=<colcon_core.verb.build.BuildVerb object at 0xffff84a1d360>, main=<bound method BuildVerb.main of <colcon_core.verb.build.BuildVerb object at 0xffff84a1d360>>, mixin_verb=('build',))
[4.182s] Level 1:colcon.colcon_core.package_discovery:discover_packages(colcon_meta) check parameters
[4.183s] Level 1:colcon.colcon_core.package_discovery:discover_packages(recursive) check parameters
[4.183s] Level 1:colcon.colcon_core.package_discovery:discover_packages(ignore) check parameters
[4.183s] Level 1:colcon.colcon_core.package_discovery:discover_packages(path) check parameters
[4.184s] Level 1:colcon.colcon_core.package_discovery:discover_packages(colcon_meta) discover
[4.184s] Level 1:colcon.colcon_core.package_discovery:discover_packages(recursive) discover
[4.184s] INFO:colcon.colcon_core.package_discovery:Crawling recursively for packages in '/home/cc/ros2_ws'
[4.185s] Level 1:colcon.colcon_core.package_identification:_identify(.) by extensions ['ignore', 'ignore_ament_install']
[4.185s] Level 1:colcon.colcon_core.package_identification:_identify(.) by extension 'ignore'
[4.185s] Level 1:colcon.colcon_core.package_identification:_identify(.) by extension 'ignore_ament_install'
[4.186s] Level 1:colcon.colcon_core.package_identification:_identify(.) by extensions ['colcon_pkg']
[4.186s] Level 1:colcon.colcon_core.package_identification:_identify(.) by extension 'colcon_pkg'
[4.186s] Level 1:colcon.colcon_core.package_identification:_identify(.) by extensions ['colcon_meta']
[4.187s] Level 1:colcon.colcon_core.package_identification:_identify(.) by extension 'colcon_meta'
[4.187s] Level 1:colcon.colcon_core.package_identification:_identify(.) by extensions ['ros']
[4.187s] Level 1:colcon.colcon_core.package_identification:_identify(.) by extension 'ros'
[4.297s] Level 1:colcon.colcon_core.package_identification:_identify(.) by extensions ['cmake', 'python']
[4.297s] Level 1:colcon.colcon_core.package_identification:_identify(.) by extension 'cmake'
[4.297s] Level 1:colcon.colcon_core.package_identification:_identify(.) by extension 'python'
[4.298s] Level 1:colcon.colcon_core.package_identification:_identify(.) by extensions ['python_setup_py']
[4.298s] Level 1:colcon.colcon_core.package_identification:_identify(.) by extension 'python_setup_py'
[4.298s] Level 1:colcon.colcon_core.package_identification:_identify(build) by extensions ['ignore', 'ignore_ament_install']
[4.299s] Level 1:colcon.colcon_core.package_identification:_identify(build) by extension 'ignore'
[4.299s] Level 1:colcon.colcon_core.package_identification:_identify(build) ignored
[4.300s] Level 1:colcon.colcon_core.package_identification:_identify(install) by extensions ['ignore', 'ignore_ament_install']
[4.300s] Level 1:colcon.colcon_core.package_identification:_identify(install) by extension 'ignore'
[4.300s] Level 1:colcon.colcon_core.package_identification:_identify(install) ignored
[4.301s] Level 1:colcon.colcon_core.package_identification:_identify(log) by extensions ['ignore', 'ignore_ament_install']
[4.301s] Level 1:colcon.colcon_core.package_identification:_identify(log) by extension 'ignore'
[4.302s] Level 1:colcon.colcon_core.package_identification:_identify(log) ignored
[4.302s] Level 1:colcon.colcon_core.package_identification:_identify(src) by extensions ['ignore', 'ignore_ament_install']
[4.302s] Level 1:colcon.colcon_core.package_identification:_identify(src) by extension 'ignore'
[4.303s] Level 1:colcon.colcon_core.package_identification:_identify(src) by extension 'ignore_ament_install'
[4.303s] Level 1:colcon.colcon_core.package_identification:_identify(src) by extensions ['colcon_pkg']
[4.303s] Level 1:colcon.colcon_core.package_identification:_identify(src) by extension 'colcon_pkg'
[4.303s] Level 1:colcon.colcon_core.package_identification:_identify(src) by extensions ['colcon_meta']
[4.304s] Level 1:colcon.colcon_core.package_identification:_identify(src) by extension 'colcon_meta'
[4.304s] Level 1:colcon.colcon_core.package_identification:_identify(src) by extensions ['ros']
[4.304s] Level 1:colcon.colcon_core.package_identification:_identify(src) by extension 'ros'
[4.304s] Level 1:colcon.colcon_core.package_identification:_identify(src) by extensions ['cmake', 'python']
[4.304s] Level 1:colcon.colcon_core.package_identification:_identify(src) by extension 'cmake'
[4.305s] Level 1:colcon.colcon_core.package_identification:_identify(src) by extension 'python'
[4.305s] Level 1:colcon.colcon_core.package_identification:_identify(src) by extensions ['python_setup_py']
[4.305s] Level 1:colcon.colcon_core.package_identification:_identify(src) by extension 'python_setup_py'
[4.306s] Level 1:colcon.colcon_core.package_identification:_identify(src/camera_perception_pkg) by extensions ['ignore', 'ignore_ament_install']
[4.306s] Level 1:colcon.colcon_core.package_identification:_identify(src/camera_perception_pkg) by extension 'ignore'
[4.306s] Level 1:colcon.colcon_core.package_identification:_identify(src/camera_perception_pkg) by extension 'ignore_ament_install'
[4.307s] Level 1:colcon.colcon_core.package_identification:_identify(src/camera_perception_pkg) by extensions ['colcon_pkg']
[4.307s] Level 1:colcon.colcon_core.package_identification:_identify(src/camera_perception_pkg) by extension 'colcon_pkg'
[4.307s] Level 1:colcon.colcon_core.package_identification:_identify(src/camera_perception_pkg) by extensions ['colcon_meta']
[4.307s] Level 1:colcon.colcon_core.package_identification:_identify(src/camera_perception_pkg) by extension 'colcon_meta'
[4.307s] Level 1:colcon.colcon_core.package_identification:_identify(src/camera_perception_pkg) by extensions ['ros']
[4.307s] Level 1:colcon.colcon_core.package_identification:_identify(src/camera_perception_pkg) by extension 'ros'
[4.322s] DEBUG:colcon.colcon_core.package_identification:Package 'src/camera_perception_pkg' with type 'ros.ament_python' and name 'camera_perception_pkg'
[4.323s] Level 1:colcon.colcon_core.package_identification:_identify(src/control) by extensions ['ignore', 'ignore_ament_install']
[4.324s] Level 1:colcon.colcon_core.package_identification:_identify(src/control) by extension 'ignore'
[4.324s] Level 1:colcon.colcon_core.package_identification:_identify(src/control) by extension 'ignore_ament_install'
[4.325s] Level 1:colcon.colcon_core.package_identification:_identify(src/control) by extensions ['colcon_pkg']
[4.325s] Level 1:colcon.colcon_core.package_identification:_identify(src/control) by extension 'colcon_pkg'
[4.325s] Level 1:colcon.colcon_core.package_identification:_identify(src/control) by extensions ['colcon_meta']
[4.325s] Level 1:colcon.colcon_core.package_identification:_identify(src/control) by extension 'colcon_meta'
[4.325s] Level 1:colcon.colcon_core.package_identification:_identify(src/control) by extensions ['ros']
[4.326s] Level 1:colcon.colcon_core.package_identification:_identify(src/control) by extension 'ros'
[4.326s] Level 1:colcon.colcon_core.package_identification:_identify(src/control) by extensions ['cmake', 'python']
[4.326s] Level 1:colcon.colcon_core.package_identification:_identify(src/control) by extension 'cmake'
[4.326s] Level 1:colcon.colcon_core.package_identification:_identify(src/control) by extension 'python'
[4.327s] Level 1:colcon.colcon_core.package_identification:_identify(src/control) by extensions ['python_setup_py']
[4.327s] Level 1:colcon.colcon_core.package_identification:_identify(src/control) by extension 'python_setup_py'
[4.327s] Level 1:colcon.colcon_core.package_identification:_identify(src/control/check_variable_resistor) by extensions ['ignore', 'ignore_ament_install']
[4.328s] Level 1:colcon.colcon_core.package_identification:_identify(src/control/check_variable_resistor) by extension 'ignore'
[4.328s] Level 1:colcon.colcon_core.package_identification:_identify(src/control/check_variable_resistor) by extension 'ignore_ament_install'
[4.328s] Level 1:colcon.colcon_core.package_identification:_identify(src/control/check_variable_resistor) by extensions ['colcon_pkg']
[4.328s] Level 1:colcon.colcon_core.package_identification:_identify(src/control/check_variable_resistor) by extension 'colcon_pkg'
[4.329s] Level 1:colcon.colcon_core.package_identification:_identify(src/control/check_variable_resistor) by extensions ['colcon_meta']
[4.329s] Level 1:colcon.colcon_core.package_identification:_identify(src/control/check_variable_resistor) by extension 'colcon_meta'
[4.329s] Level 1:colcon.colcon_core.package_identification:_identify(src/control/check_variable_resistor) by extensions ['ros']
[4.329s] Level 1:colcon.colcon_core.package_identification:_identify(src/control/check_variable_resistor) by extension 'ros'
[4.330s] Level 1:colcon.colcon_core.package_identification:_identify(src/control/check_variable_resistor) by extensions ['cmake', 'python']
[4.330s] Level 1:colcon.colcon_core.package_identification:_identify(src/control/check_variable_resistor) by extension 'cmake'
[4.330s] Level 1:colcon.colcon_core.package_identification:_identify(src/control/check_variable_resistor) by extension 'python'
[4.330s] Level 1:colcon.colcon_core.package_identification:_identify(src/control/check_variable_resistor) by extensions ['python_setup_py']
[4.330s] Level 1:colcon.colcon_core.package_identification:_identify(src/control/check_variable_resistor) by extension 'python_setup_py'
[4.331s] Level 1:colcon.colcon_core.package_identification:_identify(src/control/driving) by extensions ['ignore', 'ignore_ament_install']
[4.331s] Level 1:colcon.colcon_core.package_identification:_identify(src/control/driving) by extension 'ignore'
[4.332s] Level 1:colcon.colcon_core.package_identification:_identify(src/control/driving) by extension 'ignore_ament_install'
[4.332s] Level 1:colcon.colcon_core.package_identification:_identify(src/control/driving) by extensions ['colcon_pkg']
[4.332s] Level 1:colcon.colcon_core.package_identification:_identify(src/control/driving) by extension 'colcon_pkg'
[4.332s] Level 1:colcon.colcon_core.package_identification:_identify(src/control/driving) by extensions ['colcon_meta']
[4.332s] Level 1:colcon.colcon_core.package_identification:_identify(src/control/driving) by extension 'colcon_meta'
[4.333s] Level 1:colcon.colcon_core.package_identification:_identify(src/control/driving) by extensions ['ros']
[4.333s] Level 1:colcon.colcon_core.package_identification:_identify(src/control/driving) by extension 'ros'
[4.333s] Level 1:colcon.colcon_core.package_identification:_identify(src/control/driving) by extensions ['cmake', 'python']
[4.333s] Level 1:colcon.colcon_core.package_identification:_identify(src/control/driving) by extension 'cmake'
[4.334s] Level 1:colcon.colcon_core.package_identification:_identify(src/control/driving) by extension 'python'
[4.334s] Level 1:colcon.colcon_core.package_identification:_identify(src/control/driving) by extensions ['python_setup_py']
[4.334s] Level 1:colcon.colcon_core.package_identification:_identify(src/control/driving) by extension 'python_setup_py'
[4.335s] Level 1:colcon.colcon_core.package_identification:_identify(src/control/motor_test) by extensions ['ignore', 'ignore_ament_install']
[4.335s] Level 1:colcon.colcon_core.package_identification:_identify(src/control/motor_test) by extension 'ignore'
[4.335s] Level 1:colcon.colcon_core.package_identification:_identify(src/control/motor_test) by extension 'ignore_ament_install'
[4.336s] Level 1:colcon.colcon_core.package_identification:_identify(src/control/motor_test) by extensions ['colcon_pkg']
[4.336s] Level 1:colcon.colcon_core.package_identification:_identify(src/control/motor_test) by extension 'colcon_pkg'
[4.336s] Level 1:colcon.colcon_core.package_identification:_identify(src/control/motor_test) by extensions ['colcon_meta']
[4.336s] Level 1:colcon.colcon_core.package_identification:_identify(src/control/motor_test) by extension 'colcon_meta'
[4.336s] Level 1:colcon.colcon_core.package_identification:_identify(src/control/motor_test) by extensions ['ros']
[4.336s] Level 1:colcon.colcon_core.package_identification:_identify(src/control/motor_test) by extension 'ros'
[4.337s] Level 1:colcon.colcon_core.package_identification:_identify(src/control/motor_test) by extensions ['cmake', 'python']
[4.337s] Level 1:colcon.colcon_core.package_identification:_identify(src/control/motor_test) by extension 'cmake'
[4.337s] Level 1:colcon.colcon_core.package_identification:_identify(src/control/motor_test) by extension 'python'
[4.337s] Level 1:colcon.colcon_core.package_identification:_identify(src/control/motor_test) by extensions ['python_setup_py']
[4.338s] Level 1:colcon.colcon_core.package_identification:_identify(src/control/motor_test) by extension 'python_setup_py'
[4.338s] Level 1:colcon.colcon_core.package_identification:_identify(src/control/ultrasonic) by extensions ['ignore', 'ignore_ament_install']
[4.338s] Level 1:colcon.colcon_core.package_identification:_identify(src/control/ultrasonic) by extension 'ignore'
[4.339s] Level 1:colcon.colcon_core.package_identification:_identify(src/control/ultrasonic) by extension 'ignore_ament_install'
[4.339s] Level 1:colcon.colcon_core.package_identification:_identify(src/control/ultrasonic) by extensions ['colcon_pkg']
[4.339s] Level 1:colcon.colcon_core.package_identification:_identify(src/control/ultrasonic) by extension 'colcon_pkg'
[4.339s] Level 1:colcon.colcon_core.package_identification:_identify(src/control/ultrasonic) by extensions ['colcon_meta']
[4.339s] Level 1:colcon.colcon_core.package_identification:_identify(src/control/ultrasonic) by extension 'colcon_meta'
[4.340s] Level 1:colcon.colcon_core.package_identification:_identify(src/control/ultrasonic) by extensions ['ros']
[4.340s] Level 1:colcon.colcon_core.package_identification:_identify(src/control/ultrasonic) by extension 'ros'
[4.340s] Level 1:colcon.colcon_core.package_identification:_identify(src/control/ultrasonic) by extensions ['cmake', 'python']
[4.340s] Level 1:colcon.colcon_core.package_identification:_identify(src/control/ultrasonic) by extension 'cmake'
[4.341s] Level 1:colcon.colcon_core.package_identification:_identify(src/control/ultrasonic) by extension 'python'
[4.341s] Level 1:colcon.colcon_core.package_identification:_identify(src/control/ultrasonic) by extensions ['python_setup_py']
[4.341s] Level 1:colcon.colcon_core.package_identification:_identify(src/control/ultrasonic) by extension 'python_setup_py'
[4.341s] Level 1:colcon.colcon_core.package_identification:_identify(src/data_collection) by extensions ['ignore', 'ignore_ament_install']
[4.342s] Level 1:colcon.colcon_core.package_identification:_identify(src/data_collection) by extension 'ignore'
[4.342s] Level 1:colcon.colcon_core.package_identification:_identify(src/data_collection) by extension 'ignore_ament_install'
[4.342s] Level 1:colcon.colcon_core.package_identification:_identify(src/data_collection) by extensions ['colcon_pkg']
[4.343s] Level 1:colcon.colcon_core.package_identification:_identify(src/data_collection) by extension 'colcon_pkg'
[4.343s] Level 1:colcon.colcon_core.package_identification:_identify(src/data_collection) by extensions ['colcon_meta']
[4.343s] Level 1:colcon.colcon_core.package_identification:_identify(src/data_collection) by extension 'colcon_meta'
[4.343s] Level 1:colcon.colcon_core.package_identification:_identify(src/data_collection) by extensions ['ros']
[4.343s] Level 1:colcon.colcon_core.package_identification:_identify(src/data_collection) by extension 'ros'
[4.344s] Level 1:colcon.colcon_core.package_identification:_identify(src/data_collection) by extensions ['cmake', 'python']
[4.344s] Level 1:colcon.colcon_core.package_identification:_identify(src/data_collection) by extension 'cmake'
[4.344s] Level 1:colcon.colcon_core.package_identification:_identify(src/data_collection) by extension 'python'
[4.344s] Level 1:colcon.colcon_core.package_identification:_identify(src/data_collection) by extensions ['python_setup_py']
[4.344s] Level 1:colcon.colcon_core.package_identification:_identify(src/data_collection) by extension 'python_setup_py'
[4.345s] Level 1:colcon.colcon_core.package_identification:_identify(src/debug_pkg) by extensions ['ignore', 'ignore_ament_install']
[4.345s] Level 1:colcon.colcon_core.package_identification:_identify(src/debug_pkg) by extension 'ignore'
[4.346s] Level 1:colcon.colcon_core.package_identification:_identify(src/debug_pkg) by extension 'ignore_ament_install'
[4.346s] Level 1:colcon.colcon_core.package_identification:_identify(src/debug_pkg) by extensions ['colcon_pkg']
[4.346s] Level 1:colcon.colcon_core.package_identification:_identify(src/debug_pkg) by extension 'colcon_pkg'
[4.346s] Level 1:colcon.colcon_core.package_identification:_identify(src/debug_pkg) by extensions ['colcon_meta']
[4.346s] Level 1:colcon.colcon_core.package_identification:_identify(src/debug_pkg) by extension 'colcon_meta'
[4.347s] Level 1:colcon.colcon_core.package_identification:_identify(src/debug_pkg) by extensions ['ros']
[4.347s] Level 1:colcon.colcon_core.package_identification:_identify(src/debug_pkg) by extension 'ros'
[4.349s] DEBUG:colcon.colcon_core.package_identification:Package 'src/debug_pkg' with type 'ros.ament_python' and name 'debug_pkg'
[4.350s] Level 1:colcon.colcon_core.package_identification:_identify(src/decision_making_pkg) by extensions ['ignore', 'ignore_ament_install']
[4.350s] Level 1:colcon.colcon_core.package_identification:_identify(src/decision_making_pkg) by extension 'ignore'
[4.351s] Level 1:colcon.colcon_core.package_identification:_identify(src/decision_making_pkg) by extension 'ignore_ament_install'
[4.351s] Level 1:colcon.colcon_core.package_identification:_identify(src/decision_making_pkg) by extensions ['colcon_pkg']
[4.351s] Level 1:colcon.colcon_core.package_identification:_identify(src/decision_making_pkg) by extension 'colcon_pkg'
[4.351s] Level 1:colcon.colcon_core.package_identification:_identify(src/decision_making_pkg) by extensions ['colcon_meta']
[4.351s] Level 1:colcon.colcon_core.package_identification:_identify(src/decision_making_pkg) by extension 'colcon_meta'
[4.352s] Level 1:colcon.colcon_core.package_identification:_identify(src/decision_making_pkg) by extensions ['ros']
[4.352s] Level 1:colcon.colcon_core.package_identification:_identify(src/decision_making_pkg) by extension 'ros'
[4.356s] DEBUG:colcon.colcon_core.package_identification:Package 'src/decision_making_pkg' with type 'ros.ament_python' and name 'decision_making_pkg'
[4.357s] Level 1:colcon.colcon_core.package_identification:_identify(src/interfaces_pkg) by extensions ['ignore', 'ignore_ament_install']
[4.357s] Level 1:colcon.colcon_core.package_identification:_identify(src/interfaces_pkg) by extension 'ignore'
[4.358s] Level 1:colcon.colcon_core.package_identification:_identify(src/interfaces_pkg) by extension 'ignore_ament_install'
[4.358s] Level 1:colcon.colcon_core.package_identification:_identify(src/interfaces_pkg) by extensions ['colcon_pkg']
[4.358s] Level 1:colcon.colcon_core.package_identification:_identify(src/interfaces_pkg) by extension 'colcon_pkg'
[4.359s] Level 1:colcon.colcon_core.package_identification:_identify(src/interfaces_pkg) by extensions ['colcon_meta']
[4.359s] Level 1:colcon.colcon_core.package_identification:_identify(src/interfaces_pkg) by extension 'colcon_meta'
[4.359s] Level 1:colcon.colcon_core.package_identification:_identify(src/interfaces_pkg) by extensions ['ros']
[4.359s] Level 1:colcon.colcon_core.package_identification:_identify(src/interfaces_pkg) by extension 'ros'
[4.362s] DEBUG:colcon.colcon_core.package_identification:Package 'src/interfaces_pkg' with type 'ros.ament_cmake' and name 'interfaces_pkg'
[4.363s] Level 1:colcon.colcon_core.package_identification:_identify(src/lidar_perception_pkg) by extensions ['ignore', 'ignore_ament_install']
[4.364s] Level 1:colcon.colcon_core.package_identification:_identify(src/lidar_perception_pkg) by extension 'ignore'
[4.364s] Level 1:colcon.colcon_core.package_identification:_identify(src/lidar_perception_pkg) by extension 'ignore_ament_install'
[4.364s] Level 1:colcon.colcon_core.package_identification:_identify(src/lidar_perception_pkg) by extensions ['colcon_pkg']
[4.364s] Level 1:colcon.colcon_core.package_identification:_identify(src/lidar_perception_pkg) by extension 'colcon_pkg'
[4.365s] Level 1:colcon.colcon_core.package_identification:_identify(src/lidar_perception_pkg) by extensions ['colcon_meta']
[4.365s] Level 1:colcon.colcon_core.package_identification:_identify(src/lidar_perception_pkg) by extension 'colcon_meta'
[4.365s] Level 1:colcon.colcon_core.package_identification:_identify(src/lidar_perception_pkg) by extensions ['ros']
[4.365s] Level 1:colcon.colcon_core.package_identification:_identify(src/lidar_perception_pkg) by extension 'ros'
[4.367s] DEBUG:colcon.colcon_core.package_identification:Package 'src/lidar_perception_pkg' with type 'ros.ament_python' and name 'lidar_perception_pkg'
[4.368s] Level 1:colcon.colcon_core.package_identification:_identify(src/serial_communication_pkg) by extensions ['ignore', 'ignore_ament_install']
[4.369s] Level 1:colcon.colcon_core.package_identification:_identify(src/serial_communication_pkg) by extension 'ignore'
[4.369s] Level 1:colcon.colcon_core.package_identification:_identify(src/serial_communication_pkg) by extension 'ignore_ament_install'
[4.369s] Level 1:colcon.colcon_core.package_identification:_identify(src/serial_communication_pkg) by extensions ['colcon_pkg']
[4.369s] Level 1:colcon.colcon_core.package_identification:_identify(src/serial_communication_pkg) by extension 'colcon_pkg'
[4.370s] Level 1:colcon.colcon_core.package_identification:_identify(src/serial_communication_pkg) by extensions ['colcon_meta']
[4.370s] Level 1:colcon.colcon_core.package_identification:_identify(src/serial_communication_pkg) by extension 'colcon_meta'
[4.370s] Level 1:colcon.colcon_core.package_identification:_identify(src/serial_communication_pkg) by extensions ['ros']
[4.370s] Level 1:colcon.colcon_core.package_identification:_identify(src/serial_communication_pkg) by extension 'ros'
[4.372s] DEBUG:colcon.colcon_core.package_identification:Package 'src/serial_communication_pkg' with type 'ros.ament_python' and name 'serial_communication_pkg'
[4.373s] Level 1:colcon.colcon_core.package_discovery:discover_packages(recursive) using defaults
[4.373s] Level 1:colcon.colcon_core.package_discovery:discover_packages(ignore) discover
[4.374s] Level 1:colcon.colcon_core.package_discovery:discover_packages(ignore) using defaults
[4.374s] Level 1:colcon.colcon_core.package_discovery:discover_packages(path) discover
[4.374s] Level 1:colcon.colcon_core.package_discovery:discover_packages(path) using defaults
[4.521s] Level 1:colcon.colcon_core.package_discovery:discover_packages(prefix_path) check parameters
[4.522s] Level 1:colcon.colcon_core.package_discovery:discover_packages(prefix_path) discover
[4.539s] DEBUG:colcon.colcon_installed_package_information.package_discovery:Found 6 installed packages in /home/cc/ros2_ws/install
[4.549s] DEBUG:colcon.colcon_installed_package_information.package_discovery:Found 271 installed packages in /opt/ros/humble
[4.559s] Level 1:colcon.colcon_core.package_discovery:discover_packages(prefix_path) using defaults
[4.908s] Level 5:colcon.colcon_core.verb:set package 'camera_perception_pkg' build argument 'cmake_args' from command line to 'None'
[4.908s] Level 5:colcon.colcon_core.verb:set package 'camera_perception_pkg' build argument 'cmake_target' from command line to 'None'
[4.909s] Level 5:colcon.colcon_core.verb:set package 'camera_perception_pkg' build argument 'cmake_target_skip_unavailable' from command line to 'False'
[4.909s] Level 5:colcon.colcon_core.verb:set package 'camera_perception_pkg' build argument 'cmake_clean_cache' from command line to 'False'
[4.909s] Level 5:colcon.colcon_core.verb:set package 'camera_perception_pkg' build argument 'cmake_clean_first' from command line to 'False'
[4.909s] Level 5:colcon.colcon_core.verb:set package 'camera_perception_pkg' build argument 'cmake_force_configure' from command line to 'False'
[4.909s] Level 5:colcon.colcon_core.verb:set package 'camera_perception_pkg' build argument 'ament_cmake_args' from command line to 'None'
[4.909s] Level 5:colcon.colcon_core.verb:set package 'camera_perception_pkg' build argument 'catkin_cmake_args' from command line to 'None'
[4.909s] Level 5:colcon.colcon_core.verb:set package 'camera_perception_pkg' build argument 'catkin_skip_building_tests' from command line to 'False'
[4.909s] DEBUG:colcon.colcon_core.verb:Building package 'camera_perception_pkg' with the following arguments: {'ament_cmake_args': None, 'build_base': '/home/cc/ros2_ws/build/camera_perception_pkg', 'catkin_cmake_args': None, 'catkin_skip_building_tests': False, 'cmake_args': None, 'cmake_clean_cache': False, 'cmake_clean_first': False, 'cmake_force_configure': False, 'cmake_target': None, 'cmake_target_skip_unavailable': False, 'install_base': '/home/cc/ros2_ws/install/camera_perception_pkg', 'merge_install': False, 'path': '/home/cc/ros2_ws/src/camera_perception_pkg', 'symlink_install': True, 'test_result_base': None}
[4.911s] Level 5:colcon.colcon_core.verb:set package 'debug_pkg' build argument 'cmake_args' from command line to 'None'
[4.911s] Level 5:colcon.colcon_core.verb:set package 'debug_pkg' build argument 'cmake_target' from command line to 'None'
[4.911s] Level 5:colcon.colcon_core.verb:set package 'debug_pkg' build argument 'cmake_target_skip_unavailable' from command line to 'False'
[4.912s] Level 5:colcon.colcon_core.verb:set package 'debug_pkg' build argument 'cmake_clean_cache' from command line to 'False'
[4.912s] Level 5:colcon.colcon_core.verb:set package 'debug_pkg' build argument 'cmake_clean_first' from command line to 'False'
[4.912s] Level 5:colcon.colcon_core.verb:set package 'debug_pkg' build argument 'cmake_force_configure' from command line to 'False'
[4.912s] Level 5:colcon.colcon_core.verb:set package 'debug_pkg' build argument 'ament_cmake_args' from command line to 'None'
[4.912s] Level 5:colcon.colcon_core.verb:set package 'debug_pkg' build argument 'catkin_cmake_args' from command line to 'None'
[4.912s] Level 5:colcon.colcon_core.verb:set package 'debug_pkg' build argument 'catkin_skip_building_tests' from command line to 'False'
[4.912s] DEBUG:colcon.colcon_core.verb:Building package 'debug_pkg' with the following arguments: {'ament_cmake_args': None, 'build_base': '/home/cc/ros2_ws/build/debug_pkg', 'catkin_cmake_args': None, 'catkin_skip_building_tests': False, 'cmake_args': None, 'cmake_clean_cache': False, 'cmake_clean_first': False, 'cmake_force_configure': False, 'cmake_target': None, 'cmake_target_skip_unavailable': False, 'install_base': '/home/cc/ros2_ws/install/debug_pkg', 'merge_install': False, 'path': '/home/cc/ros2_ws/src/debug_pkg', 'symlink_install': True, 'test_result_base': None}
[4.914s] Level 5:colcon.colcon_core.verb:set package 'interfaces_pkg' build argument 'cmake_args' from command line to 'None'
[4.914s] Level 5:colcon.colcon_core.verb:set package 'interfaces_pkg' build argument 'cmake_target' from command line to 'None'
[4.914s] Level 5:colcon.colcon_core.verb:set package 'interfaces_pkg' build argument 'cmake_target_skip_unavailable' from command line to 'False'
[4.915s] Level 5:colcon.colcon_core.verb:set package 'interfaces_pkg' build argument 'cmake_clean_cache' from command line to 'False'
[4.915s] Level 5:colcon.colcon_core.verb:set package 'interfaces_pkg' build argument 'cmake_clean_first' from command line to 'False'
[4.915s] Level 5:colcon.colcon_core.verb:set package 'interfaces_pkg' build argument 'cmake_force_configure' from command line to 'False'
[4.915s] Level 5:colcon.colcon_core.verb:set package 'interfaces_pkg' build argument 'ament_cmake_args' from command line to 'None'
[4.915s] Level 5:colcon.colcon_core.verb:set package 'interfaces_pkg' build argument 'catkin_cmake_args' from command line to 'None'
[4.915s] Level 5:colcon.colcon_core.verb:set package 'interfaces_pkg' build argument 'catkin_skip_building_tests' from command line to 'False'
[4.915s] DEBUG:colcon.colcon_core.verb:Building package 'interfaces_pkg' with the following arguments: {'ament_cmake_args': None, 'build_base': '/home/cc/ros2_ws/build/interfaces_pkg', 'catkin_cmake_args': None, 'catkin_skip_building_tests': False, 'cmake_args': None, 'cmake_clean_cache': False, 'cmake_clean_first': False, 'cmake_force_configure': False, 'cmake_target': None, 'cmake_target_skip_unavailable': False, 'install_base': '/home/cc/ros2_ws/install/interfaces_pkg', 'merge_install': False, 'path': '/home/cc/ros2_ws/src/interfaces_pkg', 'symlink_install': True, 'test_result_base': None}
[4.917s] Level 5:colcon.colcon_core.verb:set package 'lidar_perception_pkg' build argument 'cmake_args' from command line to 'None'
[4.917s] Level 5:colcon.colcon_core.verb:set package 'lidar_perception_pkg' build argument 'cmake_target' from command line to 'None'
[4.917s] Level 5:colcon.colcon_core.verb:set package 'lidar_perception_pkg' build argument 'cmake_target_skip_unavailable' from command line to 'False'
[4.917s] Level 5:colcon.colcon_core.verb:set package 'lidar_perception_pkg' build argument 'cmake_clean_cache' from command line to 'False'
[4.917s] Level 5:colcon.colcon_core.verb:set package 'lidar_perception_pkg' build argument 'cmake_clean_first' from command line to 'False'
[4.917s] Level 5:colcon.colcon_core.verb:set package 'lidar_perception_pkg' build argument 'cmake_force_configure' from command line to 'False'
[4.918s] Level 5:colcon.colcon_core.verb:set package 'lidar_perception_pkg' build argument 'ament_cmake_args' from command line to 'None'
[4.918s] Level 5:colcon.colcon_core.verb:set package 'lidar_perception_pkg' build argument 'catkin_cmake_args' from command line to 'None'
[4.918s] Level 5:colcon.colcon_core.verb:set package 'lidar_perception_pkg' build argument 'catkin_skip_building_tests' from command line to 'False'
[4.918s] DEBUG:colcon.colcon_core.verb:Building package 'lidar_perception_pkg' with the following arguments: {'ament_cmake_args': None, 'build_base': '/home/cc/ros2_ws/build/lidar_perception_pkg', 'catkin_cmake_args': None, 'catkin_skip_building_tests': False, 'cmake_args': None, 'cmake_clean_cache': False, 'cmake_clean_first': False, 'cmake_force_configure': False, 'cmake_target': None, 'cmake_target_skip_unavailable': False, 'install_base': '/home/cc/ros2_ws/install/lidar_perception_pkg', 'merge_install': False, 'path': '/home/cc/ros2_ws/src/lidar_perception_pkg', 'symlink_install': True, 'test_result_base': None}
[4.919s] Level 5:colcon.colcon_core.verb:set package 'serial_communication_pkg' build argument 'cmake_args' from command line to 'None'
[4.920s] Level 5:colcon.colcon_core.verb:set package 'serial_communication_pkg' build argument 'cmake_target' from command line to 'None'
[4.920s] Level 5:colcon.colcon_core.verb:set package 'serial_communication_pkg' build argument 'cmake_target_skip_unavailable' from command line to 'False'
[4.920s] Level 5:colcon.colcon_core.verb:set package 'serial_communication_pkg' build argument 'cmake_clean_cache' from command line to 'False'
[4.920s] Level 5:colcon.colcon_core.verb:set package 'serial_communication_pkg' build argument 'cmake_clean_first' from command line to 'False'
[4.920s] Level 5:colcon.colcon_core.verb:set package 'serial_communication_pkg' build argument 'cmake_force_configure' from command line to 'False'
[4.920s] Level 5:colcon.colcon_core.verb:set package 'serial_communication_pkg' build argument 'ament_cmake_args' from command line to 'None'
[4.921s] Level 5:colcon.colcon_core.verb:set package 'serial_communication_pkg' build argument 'catkin_cmake_args' from command line to 'None'
[4.921s] Level 5:colcon.colcon_core.verb:set package 'serial_communication_pkg' build argument 'catkin_skip_building_tests' from command line to 'False'
[4.921s] DEBUG:colcon.colcon_core.verb:Building package 'serial_communication_pkg' with the following arguments: {'ament_cmake_args': None, 'build_base': '/home/cc/ros2_ws/build/serial_communication_pkg', 'catkin_cmake_args': None, 'catkin_skip_building_tests': False, 'cmake_args': None, 'cmake_clean_cache': False, 'cmake_clean_first': False, 'cmake_force_configure': False, 'cmake_target': None, 'cmake_target_skip_unavailable': False, 'install_base': '/home/cc/ros2_ws/install/serial_communication_pkg', 'merge_install': False, 'path': '/home/cc/ros2_ws/src/serial_communication_pkg', 'symlink_install': True, 'test_result_base': None}
[4.922s] Level 5:colcon.colcon_core.verb:set package 'decision_making_pkg' build argument 'cmake_args' from command line to 'None'
[4.923s] Level 5:colcon.colcon_core.verb:set package 'decision_making_pkg' build argument 'cmake_target' from command line to 'None'
[4.923s] Level 5:colcon.colcon_core.verb:set package 'decision_making_pkg' build argument 'cmake_target_skip_unavailable' from command line to 'False'
[4.923s] Level 5:colcon.colcon_core.verb:set package 'decision_making_pkg' build argument 'cmake_clean_cache' from command line to 'False'
[4.923s] Level 5:colcon.colcon_core.verb:set package 'decision_making_pkg' build argument 'cmake_clean_first' from command line to 'False'
[4.923s] Level 5:colcon.colcon_core.verb:set package 'decision_making_pkg' build argument 'cmake_force_configure' from command line to 'False'
[4.923s] Level 5:colcon.colcon_core.verb:set package 'decision_making_pkg' build argument 'ament_cmake_args' from command line to 'None'
[4.923s] Level 5:colcon.colcon_core.verb:set package 'decision_making_pkg' build argument 'catkin_cmake_args' from command line to 'None'
[4.923s] Level 5:colcon.colcon_core.verb:set package 'decision_making_pkg' build argument 'catkin_skip_building_tests' from command line to 'False'
[4.923s] DEBUG:colcon.colcon_core.verb:Building package 'decision_making_pkg' with the following arguments: {'ament_cmake_args': None, 'build_base': '/home/cc/ros2_ws/build/decision_making_pkg', 'catkin_cmake_args': None, 'catkin_skip_building_tests': False, 'cmake_args': None, 'cmake_clean_cache': False, 'cmake_clean_first': False, 'cmake_force_configure': False, 'cmake_target': None, 'cmake_target_skip_unavailable': False, 'install_base': '/home/cc/ros2_ws/install/decision_making_pkg', 'merge_install': False, 'path': '/home/cc/ros2_ws/src/decision_making_pkg', 'symlink_install': True, 'test_result_base': None}
[4.924s] INFO:colcon.colcon_core.executor:Executing jobs using 'parallel' executor
[4.928s] DEBUG:colcon.colcon_parallel_executor.executor.parallel:run_until_complete
[4.929s] INFO:colcon.colcon_ros.task.ament_cmake.build:Building ROS package in '/home/cc/ros2_ws/src/interfaces_pkg' with build type 'ament_cmake'
[4.929s] INFO:colcon.colcon_cmake.task.cmake.build:Building CMake package in '/home/cc/ros2_ws/src/interfaces_pkg'
[4.952s] INFO:colcon.colcon_core.plugin_system:Skipping extension 'colcon_core.shell.bat': Not used on non-Windows systems
[4.953s] INFO:colcon.colcon_core.shell:Skip shell extension 'powershell' for command environment: Not usable outside of PowerShell
[4.953s] DEBUG:colcon.colcon_core.shell:Skip shell extension 'dsv' for command environment
[4.984s] INFO:colcon.colcon_ros.task.ament_python.build:Building ROS package in '/home/cc/ros2_ws/src/camera_perception_pkg' with build type 'ament_python'
[4.986s] Level 1:colcon.colcon_core.shell:create_environment_hook('camera_perception_pkg', 'ament_prefix_path')
[4.990s] INFO:colcon.colcon_core.shell:Creating environment hook '/home/cc/ros2_ws/install/camera_perception_pkg/share/camera_perception_pkg/hook/ament_prefix_path.ps1'
[4.995s] INFO:colcon.colcon_core.shell:Creating environment descriptor '/home/cc/ros2_ws/install/camera_perception_pkg/share/camera_perception_pkg/hook/ament_prefix_path.dsv'
[4.999s] INFO:colcon.colcon_core.shell:Creating environment hook '/home/cc/ros2_ws/install/camera_perception_pkg/share/camera_perception_pkg/hook/ament_prefix_path.sh'
[5.005s] INFO:colcon.colcon_core.shell:Skip shell extension 'powershell' for command environment: Not usable outside of PowerShell
[5.006s] DEBUG:colcon.colcon_core.shell:Skip shell extension 'dsv' for command environment
[5.031s] INFO:colcon.colcon_ros.task.ament_python.build:Building ROS package in '/home/cc/ros2_ws/src/debug_pkg' with build type 'ament_python'
[5.034s] Level 1:colcon.colcon_core.shell:create_environment_hook('debug_pkg', 'ament_prefix_path')
[5.036s] INFO:colcon.colcon_core.shell:Creating environment hook '/home/cc/ros2_ws/install/debug_pkg/share/debug_pkg/hook/ament_prefix_path.ps1'
[5.039s] INFO:colcon.colcon_core.shell:Creating environment descriptor '/home/cc/ros2_ws/install/debug_pkg/share/debug_pkg/hook/ament_prefix_path.dsv'
[5.045s] INFO:colcon.colcon_core.shell:Creating environment hook '/home/cc/ros2_ws/install/debug_pkg/share/debug_pkg/hook/ament_prefix_path.sh'
[5.052s] INFO:colcon.colcon_core.shell:Skip shell extension 'powershell' for command environment: Not usable outside of PowerShell
[5.053s] DEBUG:colcon.colcon_core.shell:Skip shell extension 'dsv' for command environment
[5.088s] INFO:colcon.colcon_ros.task.ament_python.build:Building ROS package in '/home/cc/ros2_ws/src/lidar_perception_pkg' with build type 'ament_python'
[5.090s] Level 1:colcon.colcon_core.shell:create_environment_hook('lidar_perception_pkg', 'ament_prefix_path')
[5.092s] INFO:colcon.colcon_core.shell:Creating environment hook '/home/cc/ros2_ws/install/lidar_perception_pkg/share/lidar_perception_pkg/hook/ament_prefix_path.ps1'
[5.100s] INFO:colcon.colcon_core.shell:Creating environment descriptor '/home/cc/ros2_ws/install/lidar_perception_pkg/share/lidar_perception_pkg/hook/ament_prefix_path.dsv'
[5.106s] INFO:colcon.colcon_core.shell:Creating environment hook '/home/cc/ros2_ws/install/lidar_perception_pkg/share/lidar_perception_pkg/hook/ament_prefix_path.sh'
[5.116s] INFO:colcon.colcon_core.shell:Skip shell extension 'powershell' for command environment: Not usable outside of PowerShell
[5.117s] DEBUG:colcon.colcon_core.shell:Skip shell extension 'dsv' for command environment
[5.193s] DEBUG:colcon.colcon_core.event_handler.log_command:Invoking command in '/home/cc/ros2_ws/build/interfaces_pkg': CMAKE_PREFIX_PATH=${CMAKE_PREFIX_PATH}:/home/cc/ros2_ws/install/serial_communication_pkg:/home/cc/ros2_ws/install/lidar_perception_pkg:/home/cc/ros2_ws/install/decision_making_pkg:/home/cc/ros2_ws/install/debug_pkg:/home/cc/ros2_ws/install/camera_perception_pkg:/opt/ros/humble /usr/bin/cmake --build /home/cc/ros2_ws/build/interfaces_pkg -- -j4 -l4
[7.272s] INFO:colcon.colcon_core.task.python.build:Building Python package in '/home/cc/ros2_ws/src/camera_perception_pkg'
[7.273s] INFO:colcon.colcon_core.shell:Skip shell extension 'powershell' for command environment: Not usable outside of PowerShell
[7.274s] DEBUG:colcon.colcon_core.shell:Skip shell extension 'dsv' for command environment
[9.314s] INFO:colcon.colcon_core.task.python.build:Building Python package in '/home/cc/ros2_ws/src/debug_pkg'
[9.316s] INFO:colcon.colcon_core.shell:Skip shell extension 'powershell' for command environment: Not usable outside of PowerShell
[9.317s] DEBUG:colcon.colcon_core.shell:Skip shell extension 'dsv' for command environment
[11.102s] INFO:colcon.colcon_core.task.python.build:Building Python package in '/home/cc/ros2_ws/src/lidar_perception_pkg'
[11.103s] INFO:colcon.colcon_core.shell:Skip shell extension 'powershell' for command environment: Not usable outside of PowerShell
[11.103s] DEBUG:colcon.colcon_core.shell:Skip shell extension 'dsv' for command environment
[11.171s] DEBUG:colcon.colcon_core.event_handler.log_command:Invoked command in '/home/cc/ros2_ws/build/interfaces_pkg' returned '0': CMAKE_PREFIX_PATH=${CMAKE_PREFIX_PATH}:/home/cc/ros2_ws/install/serial_communication_pkg:/home/cc/ros2_ws/install/lidar_perception_pkg:/home/cc/ros2_ws/install/decision_making_pkg:/home/cc/ros2_ws/install/debug_pkg:/home/cc/ros2_ws/install/camera_perception_pkg:/opt/ros/humble /usr/bin/cmake --build /home/cc/ros2_ws/build/interfaces_pkg -- -j4 -l4
[11.220s] DEBUG:colcon.colcon_core.event_handler.log_command:Invoking command in '/home/cc/ros2_ws/build/interfaces_pkg': CMAKE_PREFIX_PATH=${CMAKE_PREFIX_PATH}:/home/cc/ros2_ws/install/serial_communication_pkg:/home/cc/ros2_ws/install/lidar_perception_pkg:/home/cc/ros2_ws/install/decision_making_pkg:/home/cc/ros2_ws/install/debug_pkg:/home/cc/ros2_ws/install/camera_perception_pkg:/opt/ros/humble /usr/bin/cmake --install /home/cc/ros2_ws/build/interfaces_pkg
[12.936s] Level 1:colcon.colcon_core.environment:create_environment_scripts_only(interfaces_pkg)
[12.939s] DEBUG:colcon.colcon_core.event_handler.log_command:Invoked command in '/home/cc/ros2_ws/build/interfaces_pkg' returned '0': CMAKE_PREFIX_PATH=${CMAKE_PREFIX_PATH}:/home/cc/ros2_ws/install/serial_communication_pkg:/home/cc/ros2_ws/install/lidar_perception_pkg:/home/cc/ros2_ws/install/decision_making_pkg:/home/cc/ros2_ws/install/debug_pkg:/home/cc/ros2_ws/install/camera_perception_pkg:/opt/ros/humble /usr/bin/cmake --install /home/cc/ros2_ws/build/interfaces_pkg
[12.964s] Level 1:colcon.colcon_core.environment:checking '/home/cc/ros2_ws/install/interfaces_pkg' for CMake module files
[12.970s] Level 1:colcon.colcon_core.environment:checking '/home/cc/ros2_ws/install/interfaces_pkg' for CMake config files
[12.997s] Level 1:colcon.colcon_core.shell:create_environment_hook('interfaces_pkg', 'cmake_prefix_path')
[12.999s] INFO:colcon.colcon_core.shell:Creating environment hook '/home/cc/ros2_ws/install/interfaces_pkg/share/interfaces_pkg/hook/cmake_prefix_path.ps1'
[13.004s] INFO:colcon.colcon_core.shell:Creating environment descriptor '/home/cc/ros2_ws/install/interfaces_pkg/share/interfaces_pkg/hook/cmake_prefix_path.dsv'
[13.008s] INFO:colcon.colcon_core.shell:Creating environment hook '/home/cc/ros2_ws/install/interfaces_pkg/share/interfaces_pkg/hook/cmake_prefix_path.sh'
[13.014s] Level 1:colcon.colcon_core.environment:checking '/home/cc/ros2_ws/install/interfaces_pkg/lib'
[13.016s] Level 1:colcon.colcon_core.shell:create_environment_hook('interfaces_pkg', 'ld_library_path_lib')
[13.018s] INFO:colcon.colcon_core.shell:Creating environment hook '/home/cc/ros2_ws/install/interfaces_pkg/share/interfaces_pkg/hook/ld_library_path_lib.ps1'
[13.023s] INFO:colcon.colcon_core.shell:Creating environment descriptor '/home/cc/ros2_ws/install/interfaces_pkg/share/interfaces_pkg/hook/ld_library_path_lib.dsv'
[13.029s] INFO:colcon.colcon_core.shell:Creating environment hook '/home/cc/ros2_ws/install/interfaces_pkg/share/interfaces_pkg/hook/ld_library_path_lib.sh'
[13.034s] Level 1:colcon.colcon_core.environment:checking '/home/cc/ros2_ws/install/interfaces_pkg/bin'
[13.035s] Level 1:colcon.colcon_core.environment:checking '/home/cc/ros2_ws/install/interfaces_pkg/lib/pkgconfig/interfaces_pkg.pc'
[13.037s] Level 1:colcon.colcon_core.environment:checking '/home/cc/ros2_ws/install/interfaces_pkg/lib/python3.10/site-packages'
[13.039s] Level 1:colcon.colcon_core.environment:checking '/home/cc/ros2_ws/install/interfaces_pkg/bin'
[13.042s] INFO:colcon.colcon_core.shell:Creating package script '/home/cc/ros2_ws/install/interfaces_pkg/share/interfaces_pkg/package.ps1'
[13.048s] INFO:colcon.colcon_core.shell:Creating package descriptor '/home/cc/ros2_ws/install/interfaces_pkg/share/interfaces_pkg/package.dsv'
[13.053s] INFO:colcon.colcon_core.shell:Creating package script '/home/cc/ros2_ws/install/interfaces_pkg/share/interfaces_pkg/package.sh'
[13.059s] INFO:colcon.colcon_core.shell:Creating package script '/home/cc/ros2_ws/install/interfaces_pkg/share/interfaces_pkg/package.bash'
[13.066s] INFO:colcon.colcon_core.shell:Creating package script '/home/cc/ros2_ws/install/interfaces_pkg/share/interfaces_pkg/package.zsh'
[13.074s] Level 1:colcon.colcon_core.environment:create_file_with_runtime_dependencies(/home/cc/ros2_ws/install/interfaces_pkg/share/colcon-core/packages/interfaces_pkg)
[13.086s] Level 1:colcon.colcon_core.environment:create_environment_scripts_only(interfaces_pkg)
[13.087s] Level 1:colcon.colcon_core.environment:checking '/home/cc/ros2_ws/install/interfaces_pkg' for CMake module files
[13.093s] Level 1:colcon.colcon_core.environment:checking '/home/cc/ros2_ws/install/interfaces_pkg' for CMake config files
[13.115s] Level 1:colcon.colcon_core.shell:create_environment_hook('interfaces_pkg', 'cmake_prefix_path')
[13.117s] INFO:colcon.colcon_core.shell:Creating environment hook '/home/cc/ros2_ws/install/interfaces_pkg/share/interfaces_pkg/hook/cmake_prefix_path.ps1'
[13.126s] INFO:colcon.colcon_core.shell:Creating environment descriptor '/home/cc/ros2_ws/install/interfaces_pkg/share/interfaces_pkg/hook/cmake_prefix_path.dsv'
[13.137s] INFO:colcon.colcon_core.shell:Creating environment hook '/home/cc/ros2_ws/install/interfaces_pkg/share/interfaces_pkg/hook/cmake_prefix_path.sh'
[13.149s] Level 1:colcon.colcon_core.environment:checking '/home/cc/ros2_ws/install/interfaces_pkg/lib'
[13.151s] Level 1:colcon.colcon_core.shell:create_environment_hook('interfaces_pkg', 'ld_library_path_lib')
[13.153s] INFO:colcon.colcon_core.shell:Creating environment hook '/home/cc/ros2_ws/install/interfaces_pkg/share/interfaces_pkg/hook/ld_library_path_lib.ps1'
[13.158s] INFO:colcon.colcon_core.shell:Creating environment descriptor '/home/cc/ros2_ws/install/interfaces_pkg/share/interfaces_pkg/hook/ld_library_path_lib.dsv'
[13.162s] INFO:colcon.colcon_core.shell:Creating environment hook '/home/cc/ros2_ws/install/interfaces_pkg/share/interfaces_pkg/hook/ld_library_path_lib.sh'
[13.167s] Level 1:colcon.colcon_core.environment:checking '/home/cc/ros2_ws/install/interfaces_pkg/bin'
[13.168s] Level 1:colcon.colcon_core.environment:checking '/home/cc/ros2_ws/install/interfaces_pkg/lib/pkgconfig/interfaces_pkg.pc'
[13.172s] Level 1:colcon.colcon_core.environment:checking '/home/cc/ros2_ws/install/interfaces_pkg/lib/python3.10/site-packages'
[13.177s] Level 1:colcon.colcon_core.environment:checking '/home/cc/ros2_ws/install/interfaces_pkg/bin'
[13.181s] INFO:colcon.colcon_core.shell:Creating package script '/home/cc/ros2_ws/install/interfaces_pkg/share/interfaces_pkg/package.ps1'
[13.193s] INFO:colcon.colcon_core.shell:Creating package descriptor '/home/cc/ros2_ws/install/interfaces_pkg/share/interfaces_pkg/package.dsv'
[13.202s] INFO:colcon.colcon_core.shell:Creating package script '/home/cc/ros2_ws/install/interfaces_pkg/share/interfaces_pkg/package.sh'
[13.207s] INFO:colcon.colcon_core.shell:Creating package script '/home/cc/ros2_ws/install/interfaces_pkg/share/interfaces_pkg/package.bash'
[13.212s] INFO:colcon.colcon_core.shell:Creating package script '/home/cc/ros2_ws/install/interfaces_pkg/share/interfaces_pkg/package.zsh'
[13.217s] Level 1:colcon.colcon_core.environment:create_file_with_runtime_dependencies(/home/cc/ros2_ws/install/interfaces_pkg/share/colcon-core/packages/interfaces_pkg)
[13.221s] INFO:colcon.colcon_ros.task.ament_python.build:Building ROS package in '/home/cc/ros2_ws/src/serial_communication_pkg' with build type 'ament_python'
[13.226s] Level 1:colcon.colcon_core.shell:create_environment_hook('serial_communication_pkg', 'ament_prefix_path')
[13.229s] INFO:colcon.colcon_core.shell:Creating environment hook '/home/cc/ros2_ws/install/serial_communication_pkg/share/serial_communication_pkg/hook/ament_prefix_path.ps1'
[13.241s] INFO:colcon.colcon_core.shell:Creating environment descriptor '/home/cc/ros2_ws/install/serial_communication_pkg/share/serial_communication_pkg/hook/ament_prefix_path.dsv'
[13.246s] INFO:colcon.colcon_core.shell:Creating environment hook '/home/cc/ros2_ws/install/serial_communication_pkg/share/serial_communication_pkg/hook/ament_prefix_path.sh'
[13.252s] INFO:colcon.colcon_core.shell:Skip shell extension 'powershell' for command environment: Not usable outside of PowerShell
[13.253s] DEBUG:colcon.colcon_core.shell:Skip shell extension 'dsv' for command environment
[16.129s] INFO:colcon.colcon_core.task.python.build:Building Python package in '/home/cc/ros2_ws/src/serial_communication_pkg'
[16.132s] INFO:colcon.colcon_core.shell:Skip shell extension 'powershell' for command environment: Not usable outside of PowerShell
[16.133s] DEBUG:colcon.colcon_core.shell:Skip shell extension 'dsv' for command environment
[16.201s] DEBUG:colcon.colcon_core.event_handler.log_command:Invoking command in '/home/cc/ros2_ws/build/debug_pkg': PYTHONPATH=/home/cc/ros2_ws/build/debug_pkg/prefix_override:/usr/lib/python3/dist-packages/colcon_core/task/python/colcon_distutils_commands:/home/cc/ros2_ws/install/debug_pkg/lib/python3.10/site-packages:${PYTHONPATH} /usr/bin/python3 -W ignore:setup.py install is deprecated -W ignore:easy_install command is deprecated setup.py develop --editable --build-directory /home/cc/ros2_ws/build/debug_pkg/build --no-deps symlink_data
[16.208s] DEBUG:colcon.colcon_core.event_handler.log_command:Invoking command in '/home/cc/ros2_ws/build/lidar_perception_pkg': PYTHONPATH=/home/cc/ros2_ws/build/lidar_perception_pkg/prefix_override:/usr/lib/python3/dist-packages/colcon_core/task/python/colcon_distutils_commands:/home/cc/ros2_ws/install/lidar_perception_pkg/lib/python3.10/site-packages:${PYTHONPATH} /usr/bin/python3 -W ignore:setup.py install is deprecated -W ignore:easy_install command is deprecated setup.py develop --editable --build-directory /home/cc/ros2_ws/build/lidar_perception_pkg/build --no-deps symlink_data
[16.228s] DEBUG:colcon.colcon_core.event_handler.log_command:Invoking command in '/home/cc/ros2_ws/build/camera_perception_pkg': PYTHONPATH=/home/cc/ros2_ws/build/camera_perception_pkg/prefix_override:/usr/lib/python3/dist-packages/colcon_core/task/python/colcon_distutils_commands:/home/cc/ros2_ws/install/camera_perception_pkg/lib/python3.10/site-packages:${PYTHONPATH} /usr/bin/python3 -W ignore:setup.py install is deprecated -W ignore:easy_install command is deprecated setup.py develop --editable --build-directory /home/cc/ros2_ws/build/camera_perception_pkg/build --no-deps symlink_data
[19.690s] DEBUG:colcon.colcon_core.event_handler.log_command:Invoking command in '/home/cc/ros2_ws/build/serial_communication_pkg': PYTHONPATH=/home/cc/ros2_ws/build/serial_communication_pkg/prefix_override:/usr/lib/python3/dist-packages/colcon_core/task/python/colcon_distutils_commands:/home/cc/ros2_ws/install/serial_communication_pkg/lib/python3.10/site-packages:${PYTHONPATH} /usr/bin/python3 -W ignore:setup.py install is deprecated -W ignore:easy_install command is deprecated setup.py develop --editable --build-directory /home/cc/ros2_ws/build/serial_communication_pkg/build --no-deps symlink_data
[21.466s] Level 1:colcon.colcon_core.shell:create_environment_hook('debug_pkg', 'pythonpath_develop')
[21.473s] INFO:colcon.colcon_core.shell:Creating environment hook '/home/cc/ros2_ws/build/debug_pkg/share/debug_pkg/hook/pythonpath_develop.ps1'
[21.472s] DEBUG:colcon.colcon_core.event_handler.log_command:Invoked command in '/home/cc/ros2_ws/build/debug_pkg' returned '0': PYTHONPATH=/home/cc/ros2_ws/build/debug_pkg/prefix_override:/usr/lib/python3/dist-packages/colcon_core/task/python/colcon_distutils_commands:/home/cc/ros2_ws/install/debug_pkg/lib/python3.10/site-packages:${PYTHONPATH} /usr/bin/python3 -W ignore:setup.py install is deprecated -W ignore:easy_install command is deprecated setup.py develop --editable --build-directory /home/cc/ros2_ws/build/debug_pkg/build --no-deps symlink_data
[21.481s] INFO:colcon.colcon_core.shell:Creating environment descriptor '/home/cc/ros2_ws/build/debug_pkg/share/debug_pkg/hook/pythonpath_develop.dsv'
[21.511s] INFO:colcon.colcon_core.shell:Creating environment hook '/home/cc/ros2_ws/build/debug_pkg/share/debug_pkg/hook/pythonpath_develop.sh'
[21.526s] Level 1:colcon.colcon_core.environment:checking '/home/cc/ros2_ws/install/debug_pkg' for CMake module files
[21.540s] Level 1:colcon.colcon_core.environment:checking '/home/cc/ros2_ws/install/debug_pkg' for CMake config files
[21.588s] Level 1:colcon.colcon_core.environment:checking '/home/cc/ros2_ws/install/debug_pkg/lib'
[21.595s] Level 1:colcon.colcon_core.environment:checking '/home/cc/ros2_ws/install/debug_pkg/bin'
[21.599s] Level 1:colcon.colcon_core.environment:checking '/home/cc/ros2_ws/install/debug_pkg/lib/pkgconfig/debug_pkg.pc'
[21.601s] Level 1:colcon.colcon_core.environment:checking '/home/cc/ros2_ws/install/debug_pkg/lib/python3.10/site-packages'
[21.603s] Level 1:colcon.colcon_core.shell:create_environment_hook('debug_pkg', 'pythonpath')
[21.619s] INFO:colcon.colcon_core.shell:Creating environment hook '/home/cc/ros2_ws/install/debug_pkg/share/debug_pkg/hook/pythonpath.ps1'
[21.647s] INFO:colcon.colcon_core.shell:Creating environment descriptor '/home/cc/ros2_ws/install/debug_pkg/share/debug_pkg/hook/pythonpath.dsv'
[21.685s] INFO:colcon.colcon_core.shell:Creating environment hook '/home/cc/ros2_ws/install/debug_pkg/share/debug_pkg/hook/pythonpath.sh'
[21.701s] Level 1:colcon.colcon_core.environment:checking '/home/cc/ros2_ws/install/debug_pkg/bin'
[21.704s] Level 1:colcon.colcon_core.environment:create_environment_scripts_only(debug_pkg)
[21.708s] INFO:colcon.colcon_core.shell:Creating package script '/home/cc/ros2_ws/install/debug_pkg/share/debug_pkg/package.ps1'
[21.721s] INFO:colcon.colcon_core.shell:Creating package descriptor '/home/cc/ros2_ws/install/debug_pkg/share/debug_pkg/package.dsv'
[21.733s] INFO:colcon.colcon_core.shell:Creating package script '/home/cc/ros2_ws/install/debug_pkg/share/debug_pkg/package.sh'
[21.745s] INFO:colcon.colcon_core.shell:Creating package script '/home/cc/ros2_ws/install/debug_pkg/share/debug_pkg/package.bash'
[21.762s] INFO:colcon.colcon_core.shell:Creating package script '/home/cc/ros2_ws/install/debug_pkg/share/debug_pkg/package.zsh'
[21.776s] Level 1:colcon.colcon_core.environment:create_file_with_runtime_dependencies(/home/cc/ros2_ws/install/debug_pkg/share/colcon-core/packages/debug_pkg)
[21.789s] INFO:colcon.colcon_ros.task.ament_python.build:Building ROS package in '/home/cc/ros2_ws/src/decision_making_pkg' with build type 'ament_python'
[21.793s] Level 1:colcon.colcon_core.shell:create_environment_hook('decision_making_pkg', 'ament_prefix_path')
[21.811s] INFO:colcon.colcon_core.shell:Creating environment hook '/home/cc/ros2_ws/install/decision_making_pkg/share/decision_making_pkg/hook/ament_prefix_path.ps1'
[21.816s] INFO:colcon.colcon_core.shell:Creating environment descriptor '/home/cc/ros2_ws/install/decision_making_pkg/share/decision_making_pkg/hook/ament_prefix_path.dsv'
[21.821s] INFO:colcon.colcon_core.shell:Creating environment hook '/home/cc/ros2_ws/install/decision_making_pkg/share/decision_making_pkg/hook/ament_prefix_path.sh'
[21.834s] INFO:colcon.colcon_core.shell:Skip shell extension 'powershell' for command environment: Not usable outside of PowerShell
[21.835s] DEBUG:colcon.colcon_core.shell:Skip shell extension 'dsv' for command environment
[24.327s] INFO:colcon.colcon_core.task.python.build:Building Python package in '/home/cc/ros2_ws/src/decision_making_pkg'
[24.329s] INFO:colcon.colcon_core.shell:Skip shell extension 'powershell' for command environment: Not usable outside of PowerShell
[24.329s] DEBUG:colcon.colcon_core.shell:Skip shell extension 'dsv' for command environment
[24.372s] Level 1:colcon.colcon_core.shell:create_environment_hook('camera_perception_pkg', 'pythonpath_develop')
[24.395s] INFO:colcon.colcon_core.shell:Creating environment hook '/home/cc/ros2_ws/build/camera_perception_pkg/share/camera_perception_pkg/hook/pythonpath_develop.ps1'
[24.401s] DEBUG:colcon.colcon_core.event_handler.log_command:Invoked command in '/home/cc/ros2_ws/build/camera_perception_pkg' returned '0': PYTHONPATH=/home/cc/ros2_ws/build/camera_perception_pkg/prefix_override:/usr/lib/python3/dist-packages/colcon_core/task/python/colcon_distutils_commands:/home/cc/ros2_ws/install/camera_perception_pkg/lib/python3.10/site-packages:${PYTHONPATH} /usr/bin/python3 -W ignore:setup.py install is deprecated -W ignore:easy_install command is deprecated setup.py develop --editable --build-directory /home/cc/ros2_ws/build/camera_perception_pkg/build --no-deps symlink_data
[24.410s] INFO:colcon.colcon_core.shell:Creating environment descriptor '/home/cc/ros2_ws/build/camera_perception_pkg/share/camera_perception_pkg/hook/pythonpath_develop.dsv'
[24.420s] INFO:colcon.colcon_core.shell:Creating environment hook '/home/cc/ros2_ws/build/camera_perception_pkg/share/camera_perception_pkg/hook/pythonpath_develop.sh'
[24.428s] Level 1:colcon.colcon_core.environment:checking '/home/cc/ros2_ws/install/camera_perception_pkg' for CMake module files
[24.432s] Level 1:colcon.colcon_core.environment:checking '/home/cc/ros2_ws/install/camera_perception_pkg' for CMake config files
[24.438s] Level 1:colcon.colcon_core.environment:checking '/home/cc/ros2_ws/install/camera_perception_pkg/lib'
[24.440s] Level 1:colcon.colcon_core.environment:checking '/home/cc/ros2_ws/install/camera_perception_pkg/bin'
[24.441s] Level 1:colcon.colcon_core.environment:checking '/home/cc/ros2_ws/install/camera_perception_pkg/lib/pkgconfig/camera_perception_pkg.pc'
[24.443s] Level 1:colcon.colcon_core.environment:checking '/home/cc/ros2_ws/install/camera_perception_pkg/lib/python3.10/site-packages'
[24.444s] Level 1:colcon.colcon_core.shell:create_environment_hook('camera_perception_pkg', 'pythonpath')
[24.446s] INFO:colcon.colcon_core.shell:Creating environment hook '/home/cc/ros2_ws/install/camera_perception_pkg/share/camera_perception_pkg/hook/pythonpath.ps1'
[24.453s] INFO:colcon.colcon_core.shell:Creating environment descriptor '/home/cc/ros2_ws/install/camera_perception_pkg/share/camera_perception_pkg/hook/pythonpath.dsv'
[24.458s] INFO:colcon.colcon_core.shell:Creating environment hook '/home/cc/ros2_ws/install/camera_perception_pkg/share/camera_perception_pkg/hook/pythonpath.sh'
[24.469s] Level 1:colcon.colcon_core.environment:checking '/home/cc/ros2_ws/install/camera_perception_pkg/bin'
[24.469s] Level 1:colcon.colcon_core.environment:create_environment_scripts_only(camera_perception_pkg)
[24.472s] INFO:colcon.colcon_core.shell:Creating package script '/home/cc/ros2_ws/install/camera_perception_pkg/share/camera_perception_pkg/package.ps1'
[24.478s] INFO:colcon.colcon_core.shell:Creating package descriptor '/home/cc/ros2_ws/install/camera_perception_pkg/share/camera_perception_pkg/package.dsv'
[24.484s] INFO:colcon.colcon_core.shell:Creating package script '/home/cc/ros2_ws/install/camera_perception_pkg/share/camera_perception_pkg/package.sh'
[24.489s] INFO:colcon.colcon_core.shell:Creating package script '/home/cc/ros2_ws/install/camera_perception_pkg/share/camera_perception_pkg/package.bash'
[24.497s] INFO:colcon.colcon_core.shell:Creating package script '/home/cc/ros2_ws/install/camera_perception_pkg/share/camera_perception_pkg/package.zsh'
[24.505s] Level 1:colcon.colcon_core.environment:create_file_with_runtime_dependencies(/home/cc/ros2_ws/install/camera_perception_pkg/share/colcon-core/packages/camera_perception_pkg)
[24.514s] Level 1:colcon.colcon_core.shell:create_environment_hook('lidar_perception_pkg', 'pythonpath_develop')
[24.516s] INFO:colcon.colcon_core.shell:Creating environment hook '/home/cc/ros2_ws/build/lidar_perception_pkg/share/lidar_perception_pkg/hook/pythonpath_develop.ps1'
[24.529s] INFO:colcon.colcon_core.shell:Creating environment descriptor '/home/cc/ros2_ws/build/lidar_perception_pkg/share/lidar_perception_pkg/hook/pythonpath_develop.dsv'
[24.545s] DEBUG:colcon.colcon_core.event_handler.log_command:Invoked command in '/home/cc/ros2_ws/build/lidar_perception_pkg' returned '0': PYTHONPATH=/home/cc/ros2_ws/build/lidar_perception_pkg/prefix_override:/usr/lib/python3/dist-packages/colcon_core/task/python/colcon_distutils_commands:/home/cc/ros2_ws/install/lidar_perception_pkg/lib/python3.10/site-packages:${PYTHONPATH} /usr/bin/python3 -W ignore:setup.py install is deprecated -W ignore:easy_install command is deprecated setup.py develop --editable --build-directory /home/cc/ros2_ws/build/lidar_perception_pkg/build --no-deps symlink_data
[24.546s] INFO:colcon.colcon_core.shell:Creating environment hook '/home/cc/ros2_ws/build/lidar_perception_pkg/share/lidar_perception_pkg/hook/pythonpath_develop.sh'
[24.556s] Level 1:colcon.colcon_core.environment:checking '/home/cc/ros2_ws/install/lidar_perception_pkg' for CMake module files
[24.561s] Level 1:colcon.colcon_core.environment:checking '/home/cc/ros2_ws/install/lidar_perception_pkg' for CMake config files
[24.571s] Level 1:colcon.colcon_core.environment:checking '/home/cc/ros2_ws/install/lidar_perception_pkg/lib'
[24.573s] Level 1:colcon.colcon_core.environment:checking '/home/cc/ros2_ws/install/lidar_perception_pkg/bin'
[24.574s] Level 1:colcon.colcon_core.environment:checking '/home/cc/ros2_ws/install/lidar_perception_pkg/lib/pkgconfig/lidar_perception_pkg.pc'
[24.576s] Level 1:colcon.colcon_core.environment:checking '/home/cc/ros2_ws/install/lidar_perception_pkg/lib/python3.10/site-packages'
[24.577s] Level 1:colcon.colcon_core.shell:create_environment_hook('lidar_perception_pkg', 'pythonpath')
[24.579s] INFO:colcon.colcon_core.shell:Creating environment hook '/home/cc/ros2_ws/install/lidar_perception_pkg/share/lidar_perception_pkg/hook/pythonpath.ps1'
[24.584s] INFO:colcon.colcon_core.shell:Creating environment descriptor '/home/cc/ros2_ws/install/lidar_perception_pkg/share/lidar_perception_pkg/hook/pythonpath.dsv'
[24.590s] INFO:colcon.colcon_core.shell:Creating environment hook '/home/cc/ros2_ws/install/lidar_perception_pkg/share/lidar_perception_pkg/hook/pythonpath.sh'
[24.597s] Level 1:colcon.colcon_core.environment:checking '/home/cc/ros2_ws/install/lidar_perception_pkg/bin'
[24.597s] Level 1:colcon.colcon_core.environment:create_environment_scripts_only(lidar_perception_pkg)
[24.599s] INFO:colcon.colcon_core.shell:Creating package script '/home/cc/ros2_ws/install/lidar_perception_pkg/share/lidar_perception_pkg/package.ps1'
[24.604s] INFO:colcon.colcon_core.shell:Creating package descriptor '/home/cc/ros2_ws/install/lidar_perception_pkg/share/lidar_perception_pkg/package.dsv'
[24.612s] INFO:colcon.colcon_core.shell:Creating package script '/home/cc/ros2_ws/install/lidar_perception_pkg/share/lidar_perception_pkg/package.sh'
[24.620s] INFO:colcon.colcon_core.shell:Creating package script '/home/cc/ros2_ws/install/lidar_perception_pkg/share/lidar_perception_pkg/package.bash'
[24.625s] INFO:colcon.colcon_core.shell:Creating package script '/home/cc/ros2_ws/install/lidar_perception_pkg/share/lidar_perception_pkg/package.zsh'
[24.628s] Level 1:colcon.colcon_core.environment:create_file_with_runtime_dependencies(/home/cc/ros2_ws/install/lidar_perception_pkg/share/colcon-core/packages/lidar_perception_pkg)
[24.971s] Level 1:colcon.colcon_core.shell:create_environment_hook('serial_communication_pkg', 'pythonpath_develop')
[24.972s] INFO:colcon.colcon_core.shell:Creating environment hook '/home/cc/ros2_ws/build/serial_communication_pkg/share/serial_communication_pkg/hook/pythonpath_develop.ps1'
[24.975s] INFO:colcon.colcon_core.shell:Creating environment descriptor '/home/cc/ros2_ws/build/serial_communication_pkg/share/serial_communication_pkg/hook/pythonpath_develop.dsv'
[24.980s] DEBUG:colcon.colcon_core.event_handler.log_command:Invoked command in '/home/cc/ros2_ws/build/serial_communication_pkg' returned '0': PYTHONPATH=/home/cc/ros2_ws/build/serial_communication_pkg/prefix_override:/usr/lib/python3/dist-packages/colcon_core/task/python/colcon_distutils_commands:/home/cc/ros2_ws/install/serial_communication_pkg/lib/python3.10/site-packages:${PYTHONPATH} /usr/bin/python3 -W ignore:setup.py install is deprecated -W ignore:easy_install command is deprecated setup.py develop --editable --build-directory /home/cc/ros2_ws/build/serial_communication_pkg/build --no-deps symlink_data
[24.983s] INFO:colcon.colcon_core.shell:Creating environment hook '/home/cc/ros2_ws/build/serial_communication_pkg/share/serial_communication_pkg/hook/pythonpath_develop.sh'
[24.986s] Level 1:colcon.colcon_core.environment:checking '/home/cc/ros2_ws/install/serial_communication_pkg' for CMake module files
[24.989s] Level 1:colcon.colcon_core.environment:checking '/home/cc/ros2_ws/install/serial_communication_pkg' for CMake config files
[24.997s] Level 1:colcon.colcon_core.environment:checking '/home/cc/ros2_ws/install/serial_communication_pkg/lib'
[24.998s] Level 1:colcon.colcon_core.environment:checking '/home/cc/ros2_ws/install/serial_communication_pkg/bin'
[24.998s] Level 1:colcon.colcon_core.environment:checking '/home/cc/ros2_ws/install/serial_communication_pkg/lib/pkgconfig/serial_communication_pkg.pc'
[25.000s] Level 1:colcon.colcon_core.environment:checking '/home/cc/ros2_ws/install/serial_communication_pkg/lib/python3.10/site-packages'
[25.001s] Level 1:colcon.colcon_core.shell:create_environment_hook('serial_communication_pkg', 'pythonpath')
[25.002s] INFO:colcon.colcon_core.shell:Creating environment hook '/home/cc/ros2_ws/install/serial_communication_pkg/share/serial_communication_pkg/hook/pythonpath.ps1'
[25.012s] INFO:colcon.colcon_core.shell:Creating environment descriptor '/home/cc/ros2_ws/install/serial_communication_pkg/share/serial_communication_pkg/hook/pythonpath.dsv'
[25.021s] INFO:colcon.colcon_core.shell:Creating environment hook '/home/cc/ros2_ws/install/serial_communication_pkg/share/serial_communication_pkg/hook/pythonpath.sh'
[25.032s] Level 1:colcon.colcon_core.environment:checking '/home/cc/ros2_ws/install/serial_communication_pkg/bin'
[25.032s] Level 1:colcon.colcon_core.environment:create_environment_scripts_only(serial_communication_pkg)
[25.035s] INFO:colcon.colcon_core.shell:Creating package script '/home/cc/ros2_ws/install/serial_communication_pkg/share/serial_communication_pkg/package.ps1'
[25.042s] INFO:colcon.colcon_core.shell:Creating package descriptor '/home/cc/ros2_ws/install/serial_communication_pkg/share/serial_communication_pkg/package.dsv'
[25.047s] INFO:colcon.colcon_core.shell:Creating package script '/home/cc/ros2_ws/install/serial_communication_pkg/share/serial_communication_pkg/package.sh'
[25.051s] INFO:colcon.colcon_core.shell:Creating package script '/home/cc/ros2_ws/install/serial_communication_pkg/share/serial_communication_pkg/package.bash'
[25.054s] INFO:colcon.colcon_core.shell:Creating package script '/home/cc/ros2_ws/install/serial_communication_pkg/share/serial_communication_pkg/package.zsh'
[25.056s] Level 1:colcon.colcon_core.environment:create_file_with_runtime_dependencies(/home/cc/ros2_ws/install/serial_communication_pkg/share/colcon-core/packages/serial_communication_pkg)
[26.810s] DEBUG:colcon.colcon_core.event_handler.log_command:Invoking command in '/home/cc/ros2_ws/build/decision_making_pkg': PYTHONPATH=/home/cc/ros2_ws/build/decision_making_pkg/prefix_override:/usr/lib/python3/dist-packages/colcon_core/task/python/colcon_distutils_commands:/home/cc/ros2_ws/install/decision_making_pkg/lib/python3.10/site-packages:${PYTHONPATH} /usr/bin/python3 -W ignore:setup.py install is deprecated -W ignore:easy_install command is deprecated setup.py develop --editable --build-directory /home/cc/ros2_ws/build/decision_making_pkg/build --no-deps symlink_data
[29.604s] Level 1:colcon.colcon_core.shell:create_environment_hook('decision_making_pkg', 'pythonpath_develop')
[29.607s] INFO:colcon.colcon_core.shell:Creating environment hook '/home/cc/ros2_ws/build/decision_making_pkg/share/decision_making_pkg/hook/pythonpath_develop.ps1'
[29.608s] DEBUG:colcon.colcon_core.event_handler.log_command:Invoked command in '/home/cc/ros2_ws/build/decision_making_pkg' returned '0': PYTHONPATH=/home/cc/ros2_ws/build/decision_making_pkg/prefix_override:/usr/lib/python3/dist-packages/colcon_core/task/python/colcon_distutils_commands:/home/cc/ros2_ws/install/decision_making_pkg/lib/python3.10/site-packages:${PYTHONPATH} /usr/bin/python3 -W ignore:setup.py install is deprecated -W ignore:easy_install command is deprecated setup.py develop --editable --build-directory /home/cc/ros2_ws/build/decision_making_pkg/build --no-deps symlink_data
[29.611s] INFO:colcon.colcon_core.shell:Creating environment descriptor '/home/cc/ros2_ws/build/decision_making_pkg/share/decision_making_pkg/hook/pythonpath_develop.dsv'
[29.613s] INFO:colcon.colcon_core.shell:Creating environment hook '/home/cc/ros2_ws/build/decision_making_pkg/share/decision_making_pkg/hook/pythonpath_develop.sh'
[29.616s] Level 1:colcon.colcon_core.environment:checking '/home/cc/ros2_ws/install/decision_making_pkg' for CMake module files
[29.620s] Level 1:colcon.colcon_core.environment:checking '/home/cc/ros2_ws/install/decision_making_pkg' for CMake config files
[29.625s] Level 1:colcon.colcon_core.environment:checking '/home/cc/ros2_ws/install/decision_making_pkg/lib'
[29.626s] Level 1:colcon.colcon_core.environment:checking '/home/cc/ros2_ws/install/decision_making_pkg/bin'
[29.627s] Level 1:colcon.colcon_core.environment:checking '/home/cc/ros2_ws/install/decision_making_pkg/lib/pkgconfig/decision_making_pkg.pc'
[29.628s] Level 1:colcon.colcon_core.environment:checking '/home/cc/ros2_ws/install/decision_making_pkg/lib/python3.10/site-packages'
[29.629s] Level 1:colcon.colcon_core.shell:create_environment_hook('decision_making_pkg', 'pythonpath')
[29.631s] INFO:colcon.colcon_core.shell:Creating environment hook '/home/cc/ros2_ws/install/decision_making_pkg/share/decision_making_pkg/hook/pythonpath.ps1'
[29.634s] INFO:colcon.colcon_core.shell:Creating environment descriptor '/home/cc/ros2_ws/install/decision_making_pkg/share/decision_making_pkg/hook/pythonpath.dsv'
[29.636s] INFO:colcon.colcon_core.shell:Creating environment hook '/home/cc/ros2_ws/install/decision_making_pkg/share/decision_making_pkg/hook/pythonpath.sh'
[29.639s] Level 1:colcon.colcon_core.environment:checking '/home/cc/ros2_ws/install/decision_making_pkg/bin'
[29.639s] Level 1:colcon.colcon_core.environment:create_environment_scripts_only(decision_making_pkg)
[29.641s] INFO:colcon.colcon_core.shell:Creating package script '/home/cc/ros2_ws/install/decision_making_pkg/share/decision_making_pkg/package.ps1'
[29.644s] INFO:colcon.colcon_core.shell:Creating package descriptor '/home/cc/ros2_ws/install/decision_making_pkg/share/decision_making_pkg/package.dsv'
[29.646s] INFO:colcon.colcon_core.shell:Creating package script '/home/cc/ros2_ws/install/decision_making_pkg/share/decision_making_pkg/package.sh'
[29.649s] INFO:colcon.colcon_core.shell:Creating package script '/home/cc/ros2_ws/install/decision_making_pkg/share/decision_making_pkg/package.bash'
[29.651s] INFO:colcon.colcon_core.shell:Creating package script '/home/cc/ros2_ws/install/decision_making_pkg/share/decision_making_pkg/package.zsh'
[29.653s] Level 1:colcon.colcon_core.environment:create_file_with_runtime_dependencies(/home/cc/ros2_ws/install/decision_making_pkg/share/colcon-core/packages/decision_making_pkg)
[29.654s] DEBUG:colcon.colcon_parallel_executor.executor.parallel:closing loop
[29.655s] DEBUG:colcon.colcon_parallel_executor.executor.parallel:loop closed
[29.656s] DEBUG:colcon.colcon_parallel_executor.executor.parallel:run_until_complete finished with '0'
[29.656s] DEBUG:colcon.colcon_core.event_reactor:joining thread
[29.760s] INFO:colcon.colcon_core.plugin_system:Skipping extension 'colcon_notification.desktop_notification.terminal_notifier': Not used on non-Darwin systems
[29.762s] INFO:colcon.colcon_core.plugin_system:Skipping extension 'colcon_notification.desktop_notification.win32': Not used on non-Windows systems
[29.763s] INFO:colcon.colcon_notification.desktop_notification:Sending desktop notification using 'notify2'
[29.833s] DEBUG:colcon.colcon_core.event_reactor:joined thread
[29.835s] INFO:colcon.colcon_core.shell:Creating prefix script '/home/cc/ros2_ws/install/local_setup.ps1'
[29.840s] INFO:colcon.colcon_core.shell:Creating prefix util module '/home/cc/ros2_ws/install/_local_setup_util_ps1.py'
[29.854s] INFO:colcon.colcon_core.shell:Creating prefix chain script '/home/cc/ros2_ws/install/setup.ps1'
[29.866s] INFO:colcon.colcon_core.shell:Creating prefix script '/home/cc/ros2_ws/install/local_setup.sh'
[29.872s] INFO:colcon.colcon_core.shell:Creating prefix util module '/home/cc/ros2_ws/install/_local_setup_util_sh.py'
[29.878s] INFO:colcon.colcon_core.shell:Creating prefix chain script '/home/cc/ros2_ws/install/setup.sh'
[29.893s] INFO:colcon.colcon_core.shell:Creating prefix script '/home/cc/ros2_ws/install/local_setup.bash'
[29.904s] INFO:colcon.colcon_core.shell:Creating prefix chain script '/home/cc/ros2_ws/install/setup.bash'
[29.915s] INFO:colcon.colcon_core.shell:Creating prefix script '/home/cc/ros2_ws/install/local_setup.zsh'
[29.920s] INFO:colcon.colcon_core.shell:Creating prefix chain script '/home/cc/ros2_ws/install/setup.zsh'
