[5.734s] Invoking command in '/home/cc/ros2_ws/build/serial_communication_pkg': PYTHONPATH=/home/cc/ros2_ws/build/serial_communication_pkg/prefix_override:/usr/lib/python3/dist-packages/colcon_core/task/python/colcon_distutils_commands:/home/cc/ros2_ws/install/serial_communication_pkg/lib/python3.10/site-packages:${PYTHONPATH} /usr/bin/python3 -W ignore:setup.py install is deprecated -W ignore:easy_install command is deprecated setup.py develop --editable --build-directory /home/cc/ros2_ws/build/serial_communication_pkg/build --no-deps symlink_data
[8.639s] running develop
[10.522s] running egg_info
[10.523s] creating serial_communication_pkg.egg-info
[10.526s] writing serial_communication_pkg.egg-info/PKG-INFO
[10.535s] writing dependency_links to serial_communication_pkg.egg-info/dependency_links.txt
[10.540s] writing entry points to serial_communication_pkg.egg-info/entry_points.txt
[10.546s] writing requirements to serial_communication_pkg.egg-info/requires.txt
[10.552s] writing top-level names to serial_communication_pkg.egg-info/top_level.txt
[10.557s] writing manifest file 'serial_communication_pkg.egg-info/SOURCES.txt'
[10.563s] reading manifest file 'serial_communication_pkg.egg-info/SOURCES.txt'
[10.567s] writing manifest file 'serial_communication_pkg.egg-info/SOURCES.txt'
[10.575s] running build_ext
[10.580s] Creating /home/cc/ros2_ws/install/serial_communication_pkg/lib/python3.10/site-packages/serial-communication-pkg.egg-link (link to .)
[10.586s] Installing serial_sender_node script to /home/cc/ros2_ws/install/serial_communication_pkg/lib/serial_communication_pkg
[10.593s] 
[10.598s] Installed /home/cc/ros2_ws/build/serial_communication_pkg
[10.604s] running symlink_data
[10.609s] creating /home/cc/ros2_ws/install/serial_communication_pkg/share/ament_index
[10.614s] creating /home/cc/ros2_ws/install/serial_communication_pkg/share/ament_index/resource_index
[10.620s] creating /home/cc/ros2_ws/install/serial_communication_pkg/share/ament_index/resource_index/packages
[10.625s] symbolically linking /home/cc/ros2_ws/build/serial_communication_pkg/resource/serial_communication_pkg -> /home/cc/ros2_ws/install/serial_communication_pkg/share/ament_index/resource_index/packages
[10.633s] symbolically linking /home/cc/ros2_ws/build/serial_communication_pkg/package.xml -> /home/cc/ros2_ws/install/serial_communication_pkg/share/serial_communication_pkg
[10.802s] Invoked command in '/home/cc/ros2_ws/build/serial_communication_pkg' returned '0': PYTHONPATH=/home/cc/ros2_ws/build/serial_communication_pkg/prefix_override:/usr/lib/python3/dist-packages/colcon_core/task/python/colcon_distutils_commands:/home/cc/ros2_ws/install/serial_communication_pkg/lib/python3.10/site-packages:${PYTHONPATH} /usr/bin/python3 -W ignore:setup.py install is deprecated -W ignore:easy_install command is deprecated setup.py develop --editable --build-directory /home/cc/ros2_ws/build/serial_communication_pkg/build --no-deps symlink_data
