[1.679s] DEBUG:colcon:Command line arguments: ['/usr/bin/colcon', 'build', '--symlink-install']
[1.680s] DEBUG:colcon:Parsed command line arguments: Namespace(log_base=None, log_level=None, verb_name='build', build_base='build', install_base='install', merge_install=False, symlink_install=True, test_result_base=None, continue_on_error=False, executor='parallel', parallel_workers=4, event_handlers=None, ignore_user_meta=False, metas=['./colcon.meta'], base_paths=['.'], packages_ignore=None, packages_ignore_regex=None, paths=None, packages_up_to=None, packages_up_to_regex=None, packages_above=None, packages_above_and_dependencies=None, packages_above_depth=None, packages_select_by_dep=None, packages_skip_by_dep=None, packages_skip_up_to=None, packages_select_build_failed=False, packages_skip_build_finished=False, packages_select_test_failures=False, packages_skip_test_passed=False, packages_select=None, packages_skip=None, packages_select_regex=None, packages_skip_regex=None, packages_start=None, packages_end=None, allow_overriding=[], cmake_args=None, cmake_target=None, cmake_target_skip_unavailable=False, cmake_clean_cache=False, cmake_clean_first=False, cmake_force_configure=False, ament_cmake_args=None, catkin_cmake_args=None, catkin_skip_building_tests=False, mixin_files=None, mixin=None, verb_parser=<colcon_mixin.mixin.mixin_argument.MixinArgumentDecorator object at 0xffff95ff8460>, verb_extension=<colcon_core.verb.build.BuildVerb object at 0xffff9619d360>, main=<bound method BuildVerb.main of <colcon_core.verb.build.BuildVerb object at 0xffff9619d360>>, mixin_verb=('build',))
[4.479s] Level 1:colcon.colcon_core.package_discovery:discover_packages(colcon_meta) check parameters
[4.481s] Level 1:colcon.colcon_core.package_discovery:discover_packages(recursive) check parameters
[4.482s] Level 1:colcon.colcon_core.package_discovery:discover_packages(ignore) check parameters
[4.483s] Level 1:colcon.colcon_core.package_discovery:discover_packages(path) check parameters
[4.484s] Level 1:colcon.colcon_core.package_discovery:discover_packages(colcon_meta) discover
[4.485s] Level 1:colcon.colcon_core.package_discovery:discover_packages(recursive) discover
[4.486s] INFO:colcon.colcon_core.package_discovery:Crawling recursively for packages in '/home/cc/ros2_ws'
[4.487s] Level 1:colcon.colcon_core.package_identification:_identify(.) by extensions ['ignore', 'ignore_ament_install']
[4.489s] Level 1:colcon.colcon_core.package_identification:_identify(.) by extension 'ignore'
[4.490s] Level 1:colcon.colcon_core.package_identification:_identify(.) by extension 'ignore_ament_install'
[4.491s] Level 1:colcon.colcon_core.package_identification:_identify(.) by extensions ['colcon_pkg']
[4.492s] Level 1:colcon.colcon_core.package_identification:_identify(.) by extension 'colcon_pkg'
[4.493s] Level 1:colcon.colcon_core.package_identification:_identify(.) by extensions ['colcon_meta']
[4.493s] Level 1:colcon.colcon_core.package_identification:_identify(.) by extension 'colcon_meta'
[4.494s] Level 1:colcon.colcon_core.package_identification:_identify(.) by extensions ['ros']
[4.494s] Level 1:colcon.colcon_core.package_identification:_identify(.) by extension 'ros'
[4.654s] Level 1:colcon.colcon_core.package_identification:_identify(.) by extensions ['cmake', 'python']
[4.655s] Level 1:colcon.colcon_core.package_identification:_identify(.) by extension 'cmake'
[4.657s] Level 1:colcon.colcon_core.package_identification:_identify(.) by extension 'python'
[4.658s] Level 1:colcon.colcon_core.package_identification:_identify(.) by extensions ['python_setup_py']
[4.659s] Level 1:colcon.colcon_core.package_identification:_identify(.) by extension 'python_setup_py'
[4.661s] Level 1:colcon.colcon_core.package_identification:_identify(build) by extensions ['ignore', 'ignore_ament_install']
[4.662s] Level 1:colcon.colcon_core.package_identification:_identify(build) by extension 'ignore'
[4.663s] Level 1:colcon.colcon_core.package_identification:_identify(build) ignored
[4.665s] Level 1:colcon.colcon_core.package_identification:_identify(install) by extensions ['ignore', 'ignore_ament_install']
[4.667s] Level 1:colcon.colcon_core.package_identification:_identify(install) by extension 'ignore'
[4.668s] Level 1:colcon.colcon_core.package_identification:_identify(install) ignored
[4.669s] Level 1:colcon.colcon_core.package_identification:_identify(log) by extensions ['ignore', 'ignore_ament_install']
[4.671s] Level 1:colcon.colcon_core.package_identification:_identify(log) by extension 'ignore'
[4.673s] Level 1:colcon.colcon_core.package_identification:_identify(log) ignored
[4.676s] Level 1:colcon.colcon_core.package_identification:_identify(src) by extensions ['ignore', 'ignore_ament_install']
[4.677s] Level 1:colcon.colcon_core.package_identification:_identify(src) by extension 'ignore'
[4.678s] Level 1:colcon.colcon_core.package_identification:_identify(src) by extension 'ignore_ament_install'
[4.680s] Level 1:colcon.colcon_core.package_identification:_identify(src) by extensions ['colcon_pkg']
[4.682s] Level 1:colcon.colcon_core.package_identification:_identify(src) by extension 'colcon_pkg'
[4.685s] Level 1:colcon.colcon_core.package_identification:_identify(src) by extensions ['colcon_meta']
[4.686s] Level 1:colcon.colcon_core.package_identification:_identify(src) by extension 'colcon_meta'
[4.688s] Level 1:colcon.colcon_core.package_identification:_identify(src) by extensions ['ros']
[4.689s] Level 1:colcon.colcon_core.package_identification:_identify(src) by extension 'ros'
[4.692s] Level 1:colcon.colcon_core.package_identification:_identify(src) by extensions ['cmake', 'python']
[4.694s] Level 1:colcon.colcon_core.package_identification:_identify(src) by extension 'cmake'
[4.696s] Level 1:colcon.colcon_core.package_identification:_identify(src) by extension 'python'
[4.697s] Level 1:colcon.colcon_core.package_identification:_identify(src) by extensions ['python_setup_py']
[4.698s] Level 1:colcon.colcon_core.package_identification:_identify(src) by extension 'python_setup_py'
[4.699s] Level 1:colcon.colcon_core.package_identification:_identify(src/camera_perception_pkg) by extensions ['ignore', 'ignore_ament_install']
[4.701s] Level 1:colcon.colcon_core.package_identification:_identify(src/camera_perception_pkg) by extension 'ignore'
[4.702s] Level 1:colcon.colcon_core.package_identification:_identify(src/camera_perception_pkg) by extension 'ignore_ament_install'
[4.703s] Level 1:colcon.colcon_core.package_identification:_identify(src/camera_perception_pkg) by extensions ['colcon_pkg']
[4.704s] Level 1:colcon.colcon_core.package_identification:_identify(src/camera_perception_pkg) by extension 'colcon_pkg'
[4.705s] Level 1:colcon.colcon_core.package_identification:_identify(src/camera_perception_pkg) by extensions ['colcon_meta']
[4.706s] Level 1:colcon.colcon_core.package_identification:_identify(src/camera_perception_pkg) by extension 'colcon_meta'
[4.708s] Level 1:colcon.colcon_core.package_identification:_identify(src/camera_perception_pkg) by extensions ['ros']
[4.710s] Level 1:colcon.colcon_core.package_identification:_identify(src/camera_perception_pkg) by extension 'ros'
[4.747s] DEBUG:colcon.colcon_core.package_identification:Package 'src/camera_perception_pkg' with type 'ros.ament_python' and name 'camera_perception_pkg'
[4.753s] Level 1:colcon.colcon_core.package_identification:_identify(src/control) by extensions ['ignore', 'ignore_ament_install']
[4.757s] Level 1:colcon.colcon_core.package_identification:_identify(src/control) by extension 'ignore'
[4.761s] Level 1:colcon.colcon_core.package_identification:_identify(src/control) by extension 'ignore_ament_install'
[4.764s] Level 1:colcon.colcon_core.package_identification:_identify(src/control) by extensions ['colcon_pkg']
[4.765s] Level 1:colcon.colcon_core.package_identification:_identify(src/control) by extension 'colcon_pkg'
[4.767s] Level 1:colcon.colcon_core.package_identification:_identify(src/control) by extensions ['colcon_meta']
[4.769s] Level 1:colcon.colcon_core.package_identification:_identify(src/control) by extension 'colcon_meta'
[4.771s] Level 1:colcon.colcon_core.package_identification:_identify(src/control) by extensions ['ros']
[4.772s] Level 1:colcon.colcon_core.package_identification:_identify(src/control) by extension 'ros'
[4.774s] Level 1:colcon.colcon_core.package_identification:_identify(src/control) by extensions ['cmake', 'python']
[4.775s] Level 1:colcon.colcon_core.package_identification:_identify(src/control) by extension 'cmake'
[4.777s] Level 1:colcon.colcon_core.package_identification:_identify(src/control) by extension 'python'
[4.779s] Level 1:colcon.colcon_core.package_identification:_identify(src/control) by extensions ['python_setup_py']
[4.780s] Level 1:colcon.colcon_core.package_identification:_identify(src/control) by extension 'python_setup_py'
[4.782s] Level 1:colcon.colcon_core.package_identification:_identify(src/control/check_variable_resistor) by extensions ['ignore', 'ignore_ament_install']
[4.783s] Level 1:colcon.colcon_core.package_identification:_identify(src/control/check_variable_resistor) by extension 'ignore'
[4.784s] Level 1:colcon.colcon_core.package_identification:_identify(src/control/check_variable_resistor) by extension 'ignore_ament_install'
[4.785s] Level 1:colcon.colcon_core.package_identification:_identify(src/control/check_variable_resistor) by extensions ['colcon_pkg']
[4.785s] Level 1:colcon.colcon_core.package_identification:_identify(src/control/check_variable_resistor) by extension 'colcon_pkg'
[4.787s] Level 1:colcon.colcon_core.package_identification:_identify(src/control/check_variable_resistor) by extensions ['colcon_meta']
[4.788s] Level 1:colcon.colcon_core.package_identification:_identify(src/control/check_variable_resistor) by extension 'colcon_meta'
[4.789s] Level 1:colcon.colcon_core.package_identification:_identify(src/control/check_variable_resistor) by extensions ['ros']
[4.789s] Level 1:colcon.colcon_core.package_identification:_identify(src/control/check_variable_resistor) by extension 'ros'
[4.791s] Level 1:colcon.colcon_core.package_identification:_identify(src/control/check_variable_resistor) by extensions ['cmake', 'python']
[4.791s] Level 1:colcon.colcon_core.package_identification:_identify(src/control/check_variable_resistor) by extension 'cmake'
[4.792s] Level 1:colcon.colcon_core.package_identification:_identify(src/control/check_variable_resistor) by extension 'python'
[4.793s] Level 1:colcon.colcon_core.package_identification:_identify(src/control/check_variable_resistor) by extensions ['python_setup_py']
[4.794s] Level 1:colcon.colcon_core.package_identification:_identify(src/control/check_variable_resistor) by extension 'python_setup_py'
[4.796s] Level 1:colcon.colcon_core.package_identification:_identify(src/control/driving) by extensions ['ignore', 'ignore_ament_install']
[4.797s] Level 1:colcon.colcon_core.package_identification:_identify(src/control/driving) by extension 'ignore'
[4.798s] Level 1:colcon.colcon_core.package_identification:_identify(src/control/driving) by extension 'ignore_ament_install'
[4.799s] Level 1:colcon.colcon_core.package_identification:_identify(src/control/driving) by extensions ['colcon_pkg']
[4.800s] Level 1:colcon.colcon_core.package_identification:_identify(src/control/driving) by extension 'colcon_pkg'
[4.800s] Level 1:colcon.colcon_core.package_identification:_identify(src/control/driving) by extensions ['colcon_meta']
[4.801s] Level 1:colcon.colcon_core.package_identification:_identify(src/control/driving) by extension 'colcon_meta'
[4.801s] Level 1:colcon.colcon_core.package_identification:_identify(src/control/driving) by extensions ['ros']
[4.802s] Level 1:colcon.colcon_core.package_identification:_identify(src/control/driving) by extension 'ros'
[4.803s] Level 1:colcon.colcon_core.package_identification:_identify(src/control/driving) by extensions ['cmake', 'python']
[4.804s] Level 1:colcon.colcon_core.package_identification:_identify(src/control/driving) by extension 'cmake'
[4.805s] Level 1:colcon.colcon_core.package_identification:_identify(src/control/driving) by extension 'python'
[4.805s] Level 1:colcon.colcon_core.package_identification:_identify(src/control/driving) by extensions ['python_setup_py']
[4.805s] Level 1:colcon.colcon_core.package_identification:_identify(src/control/driving) by extension 'python_setup_py'
[4.807s] Level 1:colcon.colcon_core.package_identification:_identify(src/control/motor_test) by extensions ['ignore', 'ignore_ament_install']
[4.808s] Level 1:colcon.colcon_core.package_identification:_identify(src/control/motor_test) by extension 'ignore'
[4.808s] Level 1:colcon.colcon_core.package_identification:_identify(src/control/motor_test) by extension 'ignore_ament_install'
[4.809s] Level 1:colcon.colcon_core.package_identification:_identify(src/control/motor_test) by extensions ['colcon_pkg']
[4.810s] Level 1:colcon.colcon_core.package_identification:_identify(src/control/motor_test) by extension 'colcon_pkg'
[4.811s] Level 1:colcon.colcon_core.package_identification:_identify(src/control/motor_test) by extensions ['colcon_meta']
[4.812s] Level 1:colcon.colcon_core.package_identification:_identify(src/control/motor_test) by extension 'colcon_meta'
[4.813s] Level 1:colcon.colcon_core.package_identification:_identify(src/control/motor_test) by extensions ['ros']
[4.813s] Level 1:colcon.colcon_core.package_identification:_identify(src/control/motor_test) by extension 'ros'
[4.815s] Level 1:colcon.colcon_core.package_identification:_identify(src/control/motor_test) by extensions ['cmake', 'python']
[4.815s] Level 1:colcon.colcon_core.package_identification:_identify(src/control/motor_test) by extension 'cmake'
[4.820s] Level 1:colcon.colcon_core.package_identification:_identify(src/control/motor_test) by extension 'python'
[4.820s] Level 1:colcon.colcon_core.package_identification:_identify(src/control/motor_test) by extensions ['python_setup_py']
[4.821s] Level 1:colcon.colcon_core.package_identification:_identify(src/control/motor_test) by extension 'python_setup_py'
[4.823s] Level 1:colcon.colcon_core.package_identification:_identify(src/control/ultrasonic) by extensions ['ignore', 'ignore_ament_install']
[4.826s] Level 1:colcon.colcon_core.package_identification:_identify(src/control/ultrasonic) by extension 'ignore'
[4.828s] Level 1:colcon.colcon_core.package_identification:_identify(src/control/ultrasonic) by extension 'ignore_ament_install'
[4.829s] Level 1:colcon.colcon_core.package_identification:_identify(src/control/ultrasonic) by extensions ['colcon_pkg']
[4.829s] Level 1:colcon.colcon_core.package_identification:_identify(src/control/ultrasonic) by extension 'colcon_pkg'
[4.830s] Level 1:colcon.colcon_core.package_identification:_identify(src/control/ultrasonic) by extensions ['colcon_meta']
[4.831s] Level 1:colcon.colcon_core.package_identification:_identify(src/control/ultrasonic) by extension 'colcon_meta'
[4.832s] Level 1:colcon.colcon_core.package_identification:_identify(src/control/ultrasonic) by extensions ['ros']
[4.833s] Level 1:colcon.colcon_core.package_identification:_identify(src/control/ultrasonic) by extension 'ros'
[4.834s] Level 1:colcon.colcon_core.package_identification:_identify(src/control/ultrasonic) by extensions ['cmake', 'python']
[4.835s] Level 1:colcon.colcon_core.package_identification:_identify(src/control/ultrasonic) by extension 'cmake'
[4.836s] Level 1:colcon.colcon_core.package_identification:_identify(src/control/ultrasonic) by extension 'python'
[4.837s] Level 1:colcon.colcon_core.package_identification:_identify(src/control/ultrasonic) by extensions ['python_setup_py']
[4.838s] Level 1:colcon.colcon_core.package_identification:_identify(src/control/ultrasonic) by extension 'python_setup_py'
[4.840s] Level 1:colcon.colcon_core.package_identification:_identify(src/data_collection) by extensions ['ignore', 'ignore_ament_install']
[4.841s] Level 1:colcon.colcon_core.package_identification:_identify(src/data_collection) by extension 'ignore'
[4.842s] Level 1:colcon.colcon_core.package_identification:_identify(src/data_collection) by extension 'ignore_ament_install'
[4.844s] Level 1:colcon.colcon_core.package_identification:_identify(src/data_collection) by extensions ['colcon_pkg']
[4.845s] Level 1:colcon.colcon_core.package_identification:_identify(src/data_collection) by extension 'colcon_pkg'
[4.847s] Level 1:colcon.colcon_core.package_identification:_identify(src/data_collection) by extensions ['colcon_meta']
[4.849s] Level 1:colcon.colcon_core.package_identification:_identify(src/data_collection) by extension 'colcon_meta'
[4.849s] Level 1:colcon.colcon_core.package_identification:_identify(src/data_collection) by extensions ['ros']
[4.850s] Level 1:colcon.colcon_core.package_identification:_identify(src/data_collection) by extension 'ros'
[4.853s] Level 1:colcon.colcon_core.package_identification:_identify(src/data_collection) by extensions ['cmake', 'python']
[4.854s] Level 1:colcon.colcon_core.package_identification:_identify(src/data_collection) by extension 'cmake'
[4.857s] Level 1:colcon.colcon_core.package_identification:_identify(src/data_collection) by extension 'python'
[4.858s] Level 1:colcon.colcon_core.package_identification:_identify(src/data_collection) by extensions ['python_setup_py']
[4.859s] Level 1:colcon.colcon_core.package_identification:_identify(src/data_collection) by extension 'python_setup_py'
[4.862s] Level 1:colcon.colcon_core.package_identification:_identify(src/debug_pkg) by extensions ['ignore', 'ignore_ament_install']
[4.863s] Level 1:colcon.colcon_core.package_identification:_identify(src/debug_pkg) by extension 'ignore'
[4.864s] Level 1:colcon.colcon_core.package_identification:_identify(src/debug_pkg) by extension 'ignore_ament_install'
[4.867s] Level 1:colcon.colcon_core.package_identification:_identify(src/debug_pkg) by extensions ['colcon_pkg']
[4.868s] Level 1:colcon.colcon_core.package_identification:_identify(src/debug_pkg) by extension 'colcon_pkg'
[4.869s] Level 1:colcon.colcon_core.package_identification:_identify(src/debug_pkg) by extensions ['colcon_meta']
[4.870s] Level 1:colcon.colcon_core.package_identification:_identify(src/debug_pkg) by extension 'colcon_meta'
[4.873s] Level 1:colcon.colcon_core.package_identification:_identify(src/debug_pkg) by extensions ['ros']
[4.874s] Level 1:colcon.colcon_core.package_identification:_identify(src/debug_pkg) by extension 'ros'
[4.880s] DEBUG:colcon.colcon_core.package_identification:Package 'src/debug_pkg' with type 'ros.ament_python' and name 'debug_pkg'
[4.882s] Level 1:colcon.colcon_core.package_identification:_identify(src/decision_making_pkg) by extensions ['ignore', 'ignore_ament_install']
[4.883s] Level 1:colcon.colcon_core.package_identification:_identify(src/decision_making_pkg) by extension 'ignore'
[4.884s] Level 1:colcon.colcon_core.package_identification:_identify(src/decision_making_pkg) by extension 'ignore_ament_install'
[4.885s] Level 1:colcon.colcon_core.package_identification:_identify(src/decision_making_pkg) by extensions ['colcon_pkg']
[4.887s] Level 1:colcon.colcon_core.package_identification:_identify(src/decision_making_pkg) by extension 'colcon_pkg'
[4.889s] Level 1:colcon.colcon_core.package_identification:_identify(src/decision_making_pkg) by extensions ['colcon_meta']
[4.890s] Level 1:colcon.colcon_core.package_identification:_identify(src/decision_making_pkg) by extension 'colcon_meta'
[4.892s] Level 1:colcon.colcon_core.package_identification:_identify(src/decision_making_pkg) by extensions ['ros']
[4.893s] Level 1:colcon.colcon_core.package_identification:_identify(src/decision_making_pkg) by extension 'ros'
[4.903s] DEBUG:colcon.colcon_core.package_identification:Package 'src/decision_making_pkg' with type 'ros.ament_python' and name 'decision_making_pkg'
[4.904s] Level 1:colcon.colcon_core.package_identification:_identify(src/interfaces_pkg) by extensions ['ignore', 'ignore_ament_install']
[4.906s] Level 1:colcon.colcon_core.package_identification:_identify(src/interfaces_pkg) by extension 'ignore'
[4.908s] Level 1:colcon.colcon_core.package_identification:_identify(src/interfaces_pkg) by extension 'ignore_ament_install'
[4.912s] Level 1:colcon.colcon_core.package_identification:_identify(src/interfaces_pkg) by extensions ['colcon_pkg']
[4.914s] Level 1:colcon.colcon_core.package_identification:_identify(src/interfaces_pkg) by extension 'colcon_pkg'
[4.916s] Level 1:colcon.colcon_core.package_identification:_identify(src/interfaces_pkg) by extensions ['colcon_meta']
[4.917s] Level 1:colcon.colcon_core.package_identification:_identify(src/interfaces_pkg) by extension 'colcon_meta'
[4.918s] Level 1:colcon.colcon_core.package_identification:_identify(src/interfaces_pkg) by extensions ['ros']
[4.919s] Level 1:colcon.colcon_core.package_identification:_identify(src/interfaces_pkg) by extension 'ros'
[4.925s] DEBUG:colcon.colcon_core.package_identification:Package 'src/interfaces_pkg' with type 'ros.ament_cmake' and name 'interfaces_pkg'
[4.927s] Level 1:colcon.colcon_core.package_identification:_identify(src/lidar_perception_pkg) by extensions ['ignore', 'ignore_ament_install']
[4.929s] Level 1:colcon.colcon_core.package_identification:_identify(src/lidar_perception_pkg) by extension 'ignore'
[4.931s] Level 1:colcon.colcon_core.package_identification:_identify(src/lidar_perception_pkg) by extension 'ignore_ament_install'
[4.933s] Level 1:colcon.colcon_core.package_identification:_identify(src/lidar_perception_pkg) by extensions ['colcon_pkg']
[4.934s] Level 1:colcon.colcon_core.package_identification:_identify(src/lidar_perception_pkg) by extension 'colcon_pkg'
[4.934s] Level 1:colcon.colcon_core.package_identification:_identify(src/lidar_perception_pkg) by extensions ['colcon_meta']
[4.935s] Level 1:colcon.colcon_core.package_identification:_identify(src/lidar_perception_pkg) by extension 'colcon_meta'
[4.936s] Level 1:colcon.colcon_core.package_identification:_identify(src/lidar_perception_pkg) by extensions ['ros']
[4.937s] Level 1:colcon.colcon_core.package_identification:_identify(src/lidar_perception_pkg) by extension 'ros'
[4.941s] DEBUG:colcon.colcon_core.package_identification:Package 'src/lidar_perception_pkg' with type 'ros.ament_python' and name 'lidar_perception_pkg'
[4.943s] Level 1:colcon.colcon_core.package_identification:_identify(src/serial_communication_pkg) by extensions ['ignore', 'ignore_ament_install']
[4.944s] Level 1:colcon.colcon_core.package_identification:_identify(src/serial_communication_pkg) by extension 'ignore'
[4.945s] Level 1:colcon.colcon_core.package_identification:_identify(src/serial_communication_pkg) by extension 'ignore_ament_install'
[4.947s] Level 1:colcon.colcon_core.package_identification:_identify(src/serial_communication_pkg) by extensions ['colcon_pkg']
[4.949s] Level 1:colcon.colcon_core.package_identification:_identify(src/serial_communication_pkg) by extension 'colcon_pkg'
[4.951s] Level 1:colcon.colcon_core.package_identification:_identify(src/serial_communication_pkg) by extensions ['colcon_meta']
[4.952s] Level 1:colcon.colcon_core.package_identification:_identify(src/serial_communication_pkg) by extension 'colcon_meta'
[4.954s] Level 1:colcon.colcon_core.package_identification:_identify(src/serial_communication_pkg) by extensions ['ros']
[4.955s] Level 1:colcon.colcon_core.package_identification:_identify(src/serial_communication_pkg) by extension 'ros'
[4.960s] DEBUG:colcon.colcon_core.package_identification:Package 'src/serial_communication_pkg' with type 'ros.ament_python' and name 'serial_communication_pkg'
[4.961s] Level 1:colcon.colcon_core.package_discovery:discover_packages(recursive) using defaults
[4.963s] Level 1:colcon.colcon_core.package_discovery:discover_packages(ignore) discover
[4.964s] Level 1:colcon.colcon_core.package_discovery:discover_packages(ignore) using defaults
[4.965s] Level 1:colcon.colcon_core.package_discovery:discover_packages(path) discover
[4.965s] Level 1:colcon.colcon_core.package_discovery:discover_packages(path) using defaults
[5.277s] Level 1:colcon.colcon_core.package_discovery:discover_packages(prefix_path) check parameters
[5.278s] Level 1:colcon.colcon_core.package_discovery:discover_packages(prefix_path) discover
[5.333s] DEBUG:colcon.colcon_installed_package_information.package_discovery:Found 6 installed packages in /home/cc/ros2_ws/install
[5.350s] DEBUG:colcon.colcon_installed_package_information.package_discovery:Found 271 installed packages in /opt/ros/humble
[5.376s] Level 1:colcon.colcon_core.package_discovery:discover_packages(prefix_path) using defaults
[6.347s] Level 5:colcon.colcon_core.verb:set package 'camera_perception_pkg' build argument 'cmake_args' from command line to 'None'
[6.348s] Level 5:colcon.colcon_core.verb:set package 'camera_perception_pkg' build argument 'cmake_target' from command line to 'None'
[6.348s] Level 5:colcon.colcon_core.verb:set package 'camera_perception_pkg' build argument 'cmake_target_skip_unavailable' from command line to 'False'
[6.349s] Level 5:colcon.colcon_core.verb:set package 'camera_perception_pkg' build argument 'cmake_clean_cache' from command line to 'False'
[6.349s] Level 5:colcon.colcon_core.verb:set package 'camera_perception_pkg' build argument 'cmake_clean_first' from command line to 'False'
[6.350s] Level 5:colcon.colcon_core.verb:set package 'camera_perception_pkg' build argument 'cmake_force_configure' from command line to 'False'
[6.351s] Level 5:colcon.colcon_core.verb:set package 'camera_perception_pkg' build argument 'ament_cmake_args' from command line to 'None'
[6.351s] Level 5:colcon.colcon_core.verb:set package 'camera_perception_pkg' build argument 'catkin_cmake_args' from command line to 'None'
[6.352s] Level 5:colcon.colcon_core.verb:set package 'camera_perception_pkg' build argument 'catkin_skip_building_tests' from command line to 'False'
[6.353s] DEBUG:colcon.colcon_core.verb:Building package 'camera_perception_pkg' with the following arguments: {'ament_cmake_args': None, 'build_base': '/home/cc/ros2_ws/build/camera_perception_pkg', 'catkin_cmake_args': None, 'catkin_skip_building_tests': False, 'cmake_args': None, 'cmake_clean_cache': False, 'cmake_clean_first': False, 'cmake_force_configure': False, 'cmake_target': None, 'cmake_target_skip_unavailable': False, 'install_base': '/home/cc/ros2_ws/install/camera_perception_pkg', 'merge_install': False, 'path': '/home/cc/ros2_ws/src/camera_perception_pkg', 'symlink_install': True, 'test_result_base': None}
[6.356s] Level 5:colcon.colcon_core.verb:set package 'debug_pkg' build argument 'cmake_args' from command line to 'None'
[6.357s] Level 5:colcon.colcon_core.verb:set package 'debug_pkg' build argument 'cmake_target' from command line to 'None'
[6.358s] Level 5:colcon.colcon_core.verb:set package 'debug_pkg' build argument 'cmake_target_skip_unavailable' from command line to 'False'
[6.358s] Level 5:colcon.colcon_core.verb:set package 'debug_pkg' build argument 'cmake_clean_cache' from command line to 'False'
[6.359s] Level 5:colcon.colcon_core.verb:set package 'debug_pkg' build argument 'cmake_clean_first' from command line to 'False'
[6.360s] Level 5:colcon.colcon_core.verb:set package 'debug_pkg' build argument 'cmake_force_configure' from command line to 'False'
[6.360s] Level 5:colcon.colcon_core.verb:set package 'debug_pkg' build argument 'ament_cmake_args' from command line to 'None'
[6.360s] Level 5:colcon.colcon_core.verb:set package 'debug_pkg' build argument 'catkin_cmake_args' from command line to 'None'
[6.361s] Level 5:colcon.colcon_core.verb:set package 'debug_pkg' build argument 'catkin_skip_building_tests' from command line to 'False'
[6.361s] DEBUG:colcon.colcon_core.verb:Building package 'debug_pkg' with the following arguments: {'ament_cmake_args': None, 'build_base': '/home/cc/ros2_ws/build/debug_pkg', 'catkin_cmake_args': None, 'catkin_skip_building_tests': False, 'cmake_args': None, 'cmake_clean_cache': False, 'cmake_clean_first': False, 'cmake_force_configure': False, 'cmake_target': None, 'cmake_target_skip_unavailable': False, 'install_base': '/home/cc/ros2_ws/install/debug_pkg', 'merge_install': False, 'path': '/home/cc/ros2_ws/src/debug_pkg', 'symlink_install': True, 'test_result_base': None}
[6.363s] Level 5:colcon.colcon_core.verb:set package 'interfaces_pkg' build argument 'cmake_args' from command line to 'None'
[6.364s] Level 5:colcon.colcon_core.verb:set package 'interfaces_pkg' build argument 'cmake_target' from command line to 'None'
[6.364s] Level 5:colcon.colcon_core.verb:set package 'interfaces_pkg' build argument 'cmake_target_skip_unavailable' from command line to 'False'
[6.365s] Level 5:colcon.colcon_core.verb:set package 'interfaces_pkg' build argument 'cmake_clean_cache' from command line to 'False'
[6.365s] Level 5:colcon.colcon_core.verb:set package 'interfaces_pkg' build argument 'cmake_clean_first' from command line to 'False'
[6.365s] Level 5:colcon.colcon_core.verb:set package 'interfaces_pkg' build argument 'cmake_force_configure' from command line to 'False'
[6.365s] Level 5:colcon.colcon_core.verb:set package 'interfaces_pkg' build argument 'ament_cmake_args' from command line to 'None'
[6.366s] Level 5:colcon.colcon_core.verb:set package 'interfaces_pkg' build argument 'catkin_cmake_args' from command line to 'None'
[6.366s] Level 5:colcon.colcon_core.verb:set package 'interfaces_pkg' build argument 'catkin_skip_building_tests' from command line to 'False'
[6.366s] DEBUG:colcon.colcon_core.verb:Building package 'interfaces_pkg' with the following arguments: {'ament_cmake_args': None, 'build_base': '/home/cc/ros2_ws/build/interfaces_pkg', 'catkin_cmake_args': None, 'catkin_skip_building_tests': False, 'cmake_args': None, 'cmake_clean_cache': False, 'cmake_clean_first': False, 'cmake_force_configure': False, 'cmake_target': None, 'cmake_target_skip_unavailable': False, 'install_base': '/home/cc/ros2_ws/install/interfaces_pkg', 'merge_install': False, 'path': '/home/cc/ros2_ws/src/interfaces_pkg', 'symlink_install': True, 'test_result_base': None}
[6.368s] Level 5:colcon.colcon_core.verb:set package 'lidar_perception_pkg' build argument 'cmake_args' from command line to 'None'
[6.369s] Level 5:colcon.colcon_core.verb:set package 'lidar_perception_pkg' build argument 'cmake_target' from command line to 'None'
[6.369s] Level 5:colcon.colcon_core.verb:set package 'lidar_perception_pkg' build argument 'cmake_target_skip_unavailable' from command line to 'False'
[6.370s] Level 5:colcon.colcon_core.verb:set package 'lidar_perception_pkg' build argument 'cmake_clean_cache' from command line to 'False'
[6.370s] Level 5:colcon.colcon_core.verb:set package 'lidar_perception_pkg' build argument 'cmake_clean_first' from command line to 'False'
[6.370s] Level 5:colcon.colcon_core.verb:set package 'lidar_perception_pkg' build argument 'cmake_force_configure' from command line to 'False'
[6.370s] Level 5:colcon.colcon_core.verb:set package 'lidar_perception_pkg' build argument 'ament_cmake_args' from command line to 'None'
[6.371s] Level 5:colcon.colcon_core.verb:set package 'lidar_perception_pkg' build argument 'catkin_cmake_args' from command line to 'None'
[6.371s] Level 5:colcon.colcon_core.verb:set package 'lidar_perception_pkg' build argument 'catkin_skip_building_tests' from command line to 'False'
[6.371s] DEBUG:colcon.colcon_core.verb:Building package 'lidar_perception_pkg' with the following arguments: {'ament_cmake_args': None, 'build_base': '/home/cc/ros2_ws/build/lidar_perception_pkg', 'catkin_cmake_args': None, 'catkin_skip_building_tests': False, 'cmake_args': None, 'cmake_clean_cache': False, 'cmake_clean_first': False, 'cmake_force_configure': False, 'cmake_target': None, 'cmake_target_skip_unavailable': False, 'install_base': '/home/cc/ros2_ws/install/lidar_perception_pkg', 'merge_install': False, 'path': '/home/cc/ros2_ws/src/lidar_perception_pkg', 'symlink_install': True, 'test_result_base': None}
[6.374s] Level 5:colcon.colcon_core.verb:set package 'serial_communication_pkg' build argument 'cmake_args' from command line to 'None'
[6.374s] Level 5:colcon.colcon_core.verb:set package 'serial_communication_pkg' build argument 'cmake_target' from command line to 'None'
[6.375s] Level 5:colcon.colcon_core.verb:set package 'serial_communication_pkg' build argument 'cmake_target_skip_unavailable' from command line to 'False'
[6.375s] Level 5:colcon.colcon_core.verb:set package 'serial_communication_pkg' build argument 'cmake_clean_cache' from command line to 'False'
[6.375s] Level 5:colcon.colcon_core.verb:set package 'serial_communication_pkg' build argument 'cmake_clean_first' from command line to 'False'
[6.376s] Level 5:colcon.colcon_core.verb:set package 'serial_communication_pkg' build argument 'cmake_force_configure' from command line to 'False'
[6.376s] Level 5:colcon.colcon_core.verb:set package 'serial_communication_pkg' build argument 'ament_cmake_args' from command line to 'None'
[6.376s] Level 5:colcon.colcon_core.verb:set package 'serial_communication_pkg' build argument 'catkin_cmake_args' from command line to 'None'
[6.376s] Level 5:colcon.colcon_core.verb:set package 'serial_communication_pkg' build argument 'catkin_skip_building_tests' from command line to 'False'
[6.377s] DEBUG:colcon.colcon_core.verb:Building package 'serial_communication_pkg' with the following arguments: {'ament_cmake_args': None, 'build_base': '/home/cc/ros2_ws/build/serial_communication_pkg', 'catkin_cmake_args': None, 'catkin_skip_building_tests': False, 'cmake_args': None, 'cmake_clean_cache': False, 'cmake_clean_first': False, 'cmake_force_configure': False, 'cmake_target': None, 'cmake_target_skip_unavailable': False, 'install_base': '/home/cc/ros2_ws/install/serial_communication_pkg', 'merge_install': False, 'path': '/home/cc/ros2_ws/src/serial_communication_pkg', 'symlink_install': True, 'test_result_base': None}
[6.379s] Level 5:colcon.colcon_core.verb:set package 'decision_making_pkg' build argument 'cmake_args' from command line to 'None'
[6.380s] Level 5:colcon.colcon_core.verb:set package 'decision_making_pkg' build argument 'cmake_target' from command line to 'None'
[6.380s] Level 5:colcon.colcon_core.verb:set package 'decision_making_pkg' build argument 'cmake_target_skip_unavailable' from command line to 'False'
[6.381s] Level 5:colcon.colcon_core.verb:set package 'decision_making_pkg' build argument 'cmake_clean_cache' from command line to 'False'
[6.381s] Level 5:colcon.colcon_core.verb:set package 'decision_making_pkg' build argument 'cmake_clean_first' from command line to 'False'
[6.381s] Level 5:colcon.colcon_core.verb:set package 'decision_making_pkg' build argument 'cmake_force_configure' from command line to 'False'
[6.381s] Level 5:colcon.colcon_core.verb:set package 'decision_making_pkg' build argument 'ament_cmake_args' from command line to 'None'
[6.381s] Level 5:colcon.colcon_core.verb:set package 'decision_making_pkg' build argument 'catkin_cmake_args' from command line to 'None'
[6.382s] Level 5:colcon.colcon_core.verb:set package 'decision_making_pkg' build argument 'catkin_skip_building_tests' from command line to 'False'
[6.382s] DEBUG:colcon.colcon_core.verb:Building package 'decision_making_pkg' with the following arguments: {'ament_cmake_args': None, 'build_base': '/home/cc/ros2_ws/build/decision_making_pkg', 'catkin_cmake_args': None, 'catkin_skip_building_tests': False, 'cmake_args': None, 'cmake_clean_cache': False, 'cmake_clean_first': False, 'cmake_force_configure': False, 'cmake_target': None, 'cmake_target_skip_unavailable': False, 'install_base': '/home/cc/ros2_ws/install/decision_making_pkg', 'merge_install': False, 'path': '/home/cc/ros2_ws/src/decision_making_pkg', 'symlink_install': True, 'test_result_base': None}
[6.383s] INFO:colcon.colcon_core.executor:Executing jobs using 'parallel' executor
[6.389s] DEBUG:colcon.colcon_parallel_executor.executor.parallel:run_until_complete
[6.391s] INFO:colcon.colcon_ros.task.ament_cmake.build:Building ROS package in '/home/cc/ros2_ws/src/interfaces_pkg' with build type 'ament_cmake'
[6.392s] INFO:colcon.colcon_cmake.task.cmake.build:Building CMake package in '/home/cc/ros2_ws/src/interfaces_pkg'
[6.473s] INFO:colcon.colcon_core.plugin_system:Skipping extension 'colcon_core.shell.bat': Not used on non-Windows systems
[6.476s] INFO:colcon.colcon_core.shell:Skip shell extension 'powershell' for command environment: Not usable outside of PowerShell
[6.478s] DEBUG:colcon.colcon_core.shell:Skip shell extension 'dsv' for command environment
[6.543s] INFO:colcon.colcon_ros.task.ament_python.build:Building ROS package in '/home/cc/ros2_ws/src/camera_perception_pkg' with build type 'ament_python'
[6.550s] Level 1:colcon.colcon_core.shell:create_environment_hook('camera_perception_pkg', 'ament_prefix_path')
[6.553s] INFO:colcon.colcon_core.shell:Creating environment hook '/home/cc/ros2_ws/install/camera_perception_pkg/share/camera_perception_pkg/hook/ament_prefix_path.ps1'
[6.572s] INFO:colcon.colcon_core.shell:Creating environment descriptor '/home/cc/ros2_ws/install/camera_perception_pkg/share/camera_perception_pkg/hook/ament_prefix_path.dsv'
[6.606s] INFO:colcon.colcon_core.shell:Creating environment hook '/home/cc/ros2_ws/install/camera_perception_pkg/share/camera_perception_pkg/hook/ament_prefix_path.sh'
[6.628s] INFO:colcon.colcon_core.shell:Skip shell extension 'powershell' for command environment: Not usable outside of PowerShell
[6.628s] DEBUG:colcon.colcon_core.shell:Skip shell extension 'dsv' for command environment
[6.678s] INFO:colcon.colcon_ros.task.ament_python.build:Building ROS package in '/home/cc/ros2_ws/src/debug_pkg' with build type 'ament_python'
[6.680s] Level 1:colcon.colcon_core.shell:create_environment_hook('debug_pkg', 'ament_prefix_path')
[6.683s] INFO:colcon.colcon_core.shell:Creating environment hook '/home/cc/ros2_ws/install/debug_pkg/share/debug_pkg/hook/ament_prefix_path.ps1'
[6.696s] INFO:colcon.colcon_core.shell:Creating environment descriptor '/home/cc/ros2_ws/install/debug_pkg/share/debug_pkg/hook/ament_prefix_path.dsv'
[6.705s] INFO:colcon.colcon_core.shell:Creating environment hook '/home/cc/ros2_ws/install/debug_pkg/share/debug_pkg/hook/ament_prefix_path.sh'
[6.720s] INFO:colcon.colcon_core.shell:Skip shell extension 'powershell' for command environment: Not usable outside of PowerShell
[6.721s] DEBUG:colcon.colcon_core.shell:Skip shell extension 'dsv' for command environment
[6.771s] INFO:colcon.colcon_ros.task.ament_python.build:Building ROS package in '/home/cc/ros2_ws/src/lidar_perception_pkg' with build type 'ament_python'
[6.776s] Level 1:colcon.colcon_core.shell:create_environment_hook('lidar_perception_pkg', 'ament_prefix_path')
[6.793s] INFO:colcon.colcon_core.shell:Creating environment hook '/home/cc/ros2_ws/install/lidar_perception_pkg/share/lidar_perception_pkg/hook/ament_prefix_path.ps1'
[6.804s] INFO:colcon.colcon_core.shell:Creating environment descriptor '/home/cc/ros2_ws/install/lidar_perception_pkg/share/lidar_perception_pkg/hook/ament_prefix_path.dsv'
[6.812s] INFO:colcon.colcon_core.shell:Creating environment hook '/home/cc/ros2_ws/install/lidar_perception_pkg/share/lidar_perception_pkg/hook/ament_prefix_path.sh'
[6.821s] INFO:colcon.colcon_core.shell:Skip shell extension 'powershell' for command environment: Not usable outside of PowerShell
[6.822s] DEBUG:colcon.colcon_core.shell:Skip shell extension 'dsv' for command environment
[6.957s] DEBUG:colcon.colcon_core.event_handler.log_command:Invoking command in '/home/cc/ros2_ws/build/interfaces_pkg': CMAKE_PREFIX_PATH=${CMAKE_PREFIX_PATH}:/home/cc/ros2_ws/install/serial_communication_pkg:/home/cc/ros2_ws/install/lidar_perception_pkg:/home/cc/ros2_ws/install/decision_making_pkg:/home/cc/ros2_ws/install/debug_pkg:/home/cc/ros2_ws/install/camera_perception_pkg:/opt/ros/humble /usr/bin/cmake --build /home/cc/ros2_ws/build/interfaces_pkg -- -j4 -l4
[12.085s] INFO:colcon.colcon_core.task.python.build:Building Python package in '/home/cc/ros2_ws/src/camera_perception_pkg'
[12.087s] INFO:colcon.colcon_core.shell:Skip shell extension 'powershell' for command environment: Not usable outside of PowerShell
[12.088s] DEBUG:colcon.colcon_core.shell:Skip shell extension 'dsv' for command environment
[15.327s] INFO:colcon.colcon_core.task.python.build:Building Python package in '/home/cc/ros2_ws/src/debug_pkg'
[15.333s] INFO:colcon.colcon_core.shell:Skip shell extension 'powershell' for command environment: Not usable outside of PowerShell
[15.333s] DEBUG:colcon.colcon_core.shell:Skip shell extension 'dsv' for command environment
[18.368s] INFO:colcon.colcon_core.task.python.build:Building Python package in '/home/cc/ros2_ws/src/lidar_perception_pkg'
[18.369s] INFO:colcon.colcon_core.shell:Skip shell extension 'powershell' for command environment: Not usable outside of PowerShell
[18.370s] DEBUG:colcon.colcon_core.shell:Skip shell extension 'dsv' for command environment
[18.469s] DEBUG:colcon.colcon_core.event_handler.log_command:Invoked command in '/home/cc/ros2_ws/build/interfaces_pkg' returned '0': CMAKE_PREFIX_PATH=${CMAKE_PREFIX_PATH}:/home/cc/ros2_ws/install/serial_communication_pkg:/home/cc/ros2_ws/install/lidar_perception_pkg:/home/cc/ros2_ws/install/decision_making_pkg:/home/cc/ros2_ws/install/debug_pkg:/home/cc/ros2_ws/install/camera_perception_pkg:/opt/ros/humble /usr/bin/cmake --build /home/cc/ros2_ws/build/interfaces_pkg -- -j4 -l4
[18.519s] DEBUG:colcon.colcon_core.event_handler.log_command:Invoking command in '/home/cc/ros2_ws/build/interfaces_pkg': CMAKE_PREFIX_PATH=${CMAKE_PREFIX_PATH}:/home/cc/ros2_ws/install/serial_communication_pkg:/home/cc/ros2_ws/install/lidar_perception_pkg:/home/cc/ros2_ws/install/decision_making_pkg:/home/cc/ros2_ws/install/debug_pkg:/home/cc/ros2_ws/install/camera_perception_pkg:/opt/ros/humble /usr/bin/cmake --install /home/cc/ros2_ws/build/interfaces_pkg
[21.983s] Level 1:colcon.colcon_core.environment:create_environment_scripts_only(interfaces_pkg)
[21.990s] DEBUG:colcon.colcon_core.event_handler.log_command:Invoked command in '/home/cc/ros2_ws/build/interfaces_pkg' returned '0': CMAKE_PREFIX_PATH=${CMAKE_PREFIX_PATH}:/home/cc/ros2_ws/install/serial_communication_pkg:/home/cc/ros2_ws/install/lidar_perception_pkg:/home/cc/ros2_ws/install/decision_making_pkg:/home/cc/ros2_ws/install/debug_pkg:/home/cc/ros2_ws/install/camera_perception_pkg:/opt/ros/humble /usr/bin/cmake --install /home/cc/ros2_ws/build/interfaces_pkg
[22.048s] Level 1:colcon.colcon_core.environment:checking '/home/cc/ros2_ws/install/interfaces_pkg' for CMake module files
[22.089s] Level 1:colcon.colcon_core.environment:checking '/home/cc/ros2_ws/install/interfaces_pkg' for CMake config files
[22.141s] Level 1:colcon.colcon_core.shell:create_environment_hook('interfaces_pkg', 'cmake_prefix_path')
[22.143s] INFO:colcon.colcon_core.shell:Creating environment hook '/home/cc/ros2_ws/install/interfaces_pkg/share/interfaces_pkg/hook/cmake_prefix_path.ps1'
[22.147s] INFO:colcon.colcon_core.shell:Creating environment descriptor '/home/cc/ros2_ws/install/interfaces_pkg/share/interfaces_pkg/hook/cmake_prefix_path.dsv'
[22.164s] INFO:colcon.colcon_core.shell:Creating environment hook '/home/cc/ros2_ws/install/interfaces_pkg/share/interfaces_pkg/hook/cmake_prefix_path.sh'
[22.169s] Level 1:colcon.colcon_core.environment:checking '/home/cc/ros2_ws/install/interfaces_pkg/lib'
[22.171s] Level 1:colcon.colcon_core.shell:create_environment_hook('interfaces_pkg', 'ld_library_path_lib')
[22.174s] INFO:colcon.colcon_core.shell:Creating environment hook '/home/cc/ros2_ws/install/interfaces_pkg/share/interfaces_pkg/hook/ld_library_path_lib.ps1'
[22.188s] INFO:colcon.colcon_core.shell:Creating environment descriptor '/home/cc/ros2_ws/install/interfaces_pkg/share/interfaces_pkg/hook/ld_library_path_lib.dsv'
[22.223s] INFO:colcon.colcon_core.shell:Creating environment hook '/home/cc/ros2_ws/install/interfaces_pkg/share/interfaces_pkg/hook/ld_library_path_lib.sh'
[22.228s] Level 1:colcon.colcon_core.environment:checking '/home/cc/ros2_ws/install/interfaces_pkg/bin'
[22.230s] Level 1:colcon.colcon_core.environment:checking '/home/cc/ros2_ws/install/interfaces_pkg/lib/pkgconfig/interfaces_pkg.pc'
[22.232s] Level 1:colcon.colcon_core.environment:checking '/home/cc/ros2_ws/install/interfaces_pkg/lib/python3.10/site-packages'
[22.234s] Level 1:colcon.colcon_core.environment:checking '/home/cc/ros2_ws/install/interfaces_pkg/bin'
[22.237s] INFO:colcon.colcon_core.shell:Creating package script '/home/cc/ros2_ws/install/interfaces_pkg/share/interfaces_pkg/package.ps1'
[22.259s] INFO:colcon.colcon_core.shell:Creating package descriptor '/home/cc/ros2_ws/install/interfaces_pkg/share/interfaces_pkg/package.dsv'
[22.272s] INFO:colcon.colcon_core.shell:Creating package script '/home/cc/ros2_ws/install/interfaces_pkg/share/interfaces_pkg/package.sh'
[22.287s] INFO:colcon.colcon_core.shell:Creating package script '/home/cc/ros2_ws/install/interfaces_pkg/share/interfaces_pkg/package.bash'
[22.313s] INFO:colcon.colcon_core.shell:Creating package script '/home/cc/ros2_ws/install/interfaces_pkg/share/interfaces_pkg/package.zsh'
[22.335s] Level 1:colcon.colcon_core.environment:create_file_with_runtime_dependencies(/home/cc/ros2_ws/install/interfaces_pkg/share/colcon-core/packages/interfaces_pkg)
[22.342s] Level 1:colcon.colcon_core.environment:create_environment_scripts_only(interfaces_pkg)
[22.344s] Level 1:colcon.colcon_core.environment:checking '/home/cc/ros2_ws/install/interfaces_pkg' for CMake module files
[22.350s] Level 1:colcon.colcon_core.environment:checking '/home/cc/ros2_ws/install/interfaces_pkg' for CMake config files
[22.422s] Level 1:colcon.colcon_core.shell:create_environment_hook('interfaces_pkg', 'cmake_prefix_path')
[22.425s] INFO:colcon.colcon_core.shell:Creating environment hook '/home/cc/ros2_ws/install/interfaces_pkg/share/interfaces_pkg/hook/cmake_prefix_path.ps1'
[22.433s] INFO:colcon.colcon_core.shell:Creating environment descriptor '/home/cc/ros2_ws/install/interfaces_pkg/share/interfaces_pkg/hook/cmake_prefix_path.dsv'
[22.441s] INFO:colcon.colcon_core.shell:Creating environment hook '/home/cc/ros2_ws/install/interfaces_pkg/share/interfaces_pkg/hook/cmake_prefix_path.sh'
[22.452s] Level 1:colcon.colcon_core.environment:checking '/home/cc/ros2_ws/install/interfaces_pkg/lib'
[22.456s] Level 1:colcon.colcon_core.shell:create_environment_hook('interfaces_pkg', 'ld_library_path_lib')
[22.459s] INFO:colcon.colcon_core.shell:Creating environment hook '/home/cc/ros2_ws/install/interfaces_pkg/share/interfaces_pkg/hook/ld_library_path_lib.ps1'
[22.501s] INFO:colcon.colcon_core.shell:Creating environment descriptor '/home/cc/ros2_ws/install/interfaces_pkg/share/interfaces_pkg/hook/ld_library_path_lib.dsv'
[22.506s] INFO:colcon.colcon_core.shell:Creating environment hook '/home/cc/ros2_ws/install/interfaces_pkg/share/interfaces_pkg/hook/ld_library_path_lib.sh'
[22.512s] Level 1:colcon.colcon_core.environment:checking '/home/cc/ros2_ws/install/interfaces_pkg/bin'
[22.519s] Level 1:colcon.colcon_core.environment:checking '/home/cc/ros2_ws/install/interfaces_pkg/lib/pkgconfig/interfaces_pkg.pc'
[22.525s] Level 1:colcon.colcon_core.environment:checking '/home/cc/ros2_ws/install/interfaces_pkg/lib/python3.10/site-packages'
[22.535s] Level 1:colcon.colcon_core.environment:checking '/home/cc/ros2_ws/install/interfaces_pkg/bin'
[22.545s] INFO:colcon.colcon_core.shell:Creating package script '/home/cc/ros2_ws/install/interfaces_pkg/share/interfaces_pkg/package.ps1'
[22.567s] INFO:colcon.colcon_core.shell:Creating package descriptor '/home/cc/ros2_ws/install/interfaces_pkg/share/interfaces_pkg/package.dsv'
[22.583s] INFO:colcon.colcon_core.shell:Creating package script '/home/cc/ros2_ws/install/interfaces_pkg/share/interfaces_pkg/package.sh'
[22.591s] INFO:colcon.colcon_core.shell:Creating package script '/home/cc/ros2_ws/install/interfaces_pkg/share/interfaces_pkg/package.bash'
[22.612s] INFO:colcon.colcon_core.shell:Creating package script '/home/cc/ros2_ws/install/interfaces_pkg/share/interfaces_pkg/package.zsh'
[22.631s] Level 1:colcon.colcon_core.environment:create_file_with_runtime_dependencies(/home/cc/ros2_ws/install/interfaces_pkg/share/colcon-core/packages/interfaces_pkg)
[22.645s] INFO:colcon.colcon_ros.task.ament_python.build:Building ROS package in '/home/cc/ros2_ws/src/serial_communication_pkg' with build type 'ament_python'
[22.649s] Level 1:colcon.colcon_core.shell:create_environment_hook('serial_communication_pkg', 'ament_prefix_path')
[22.654s] INFO:colcon.colcon_core.shell:Creating environment hook '/home/cc/ros2_ws/install/serial_communication_pkg/share/serial_communication_pkg/hook/ament_prefix_path.ps1'
[22.668s] INFO:colcon.colcon_core.shell:Creating environment descriptor '/home/cc/ros2_ws/install/serial_communication_pkg/share/serial_communication_pkg/hook/ament_prefix_path.dsv'
[22.679s] INFO:colcon.colcon_core.shell:Creating environment hook '/home/cc/ros2_ws/install/serial_communication_pkg/share/serial_communication_pkg/hook/ament_prefix_path.sh'
[22.694s] INFO:colcon.colcon_core.shell:Skip shell extension 'powershell' for command environment: Not usable outside of PowerShell
[22.697s] DEBUG:colcon.colcon_core.shell:Skip shell extension 'dsv' for command environment
[27.184s] INFO:colcon.colcon_core.task.python.build:Building Python package in '/home/cc/ros2_ws/src/serial_communication_pkg'
[27.185s] INFO:colcon.colcon_core.shell:Skip shell extension 'powershell' for command environment: Not usable outside of PowerShell
[27.186s] DEBUG:colcon.colcon_core.shell:Skip shell extension 'dsv' for command environment
[27.238s] DEBUG:colcon.colcon_core.event_handler.log_command:Invoking command in '/home/cc/ros2_ws/build/debug_pkg': PYTHONPATH=/home/cc/ros2_ws/build/debug_pkg/prefix_override:/usr/lib/python3/dist-packages/colcon_core/task/python/colcon_distutils_commands:/home/cc/ros2_ws/install/debug_pkg/lib/python3.10/site-packages:${PYTHONPATH} /usr/bin/python3 -W ignore:setup.py install is deprecated -W ignore:easy_install command is deprecated setup.py develop --editable --build-directory /home/cc/ros2_ws/build/debug_pkg/build --no-deps symlink_data
[27.258s] DEBUG:colcon.colcon_core.event_handler.log_command:Invoking command in '/home/cc/ros2_ws/build/lidar_perception_pkg': PYTHONPATH=/home/cc/ros2_ws/build/lidar_perception_pkg/prefix_override:/usr/lib/python3/dist-packages/colcon_core/task/python/colcon_distutils_commands:/home/cc/ros2_ws/install/lidar_perception_pkg/lib/python3.10/site-packages:${PYTHONPATH} /usr/bin/python3 -W ignore:setup.py install is deprecated -W ignore:easy_install command is deprecated setup.py develop --editable --build-directory /home/cc/ros2_ws/build/lidar_perception_pkg/build --no-deps symlink_data
[27.291s] DEBUG:colcon.colcon_core.event_handler.log_command:Invoking command in '/home/cc/ros2_ws/build/camera_perception_pkg': PYTHONPATH=/home/cc/ros2_ws/build/camera_perception_pkg/prefix_override:/usr/lib/python3/dist-packages/colcon_core/task/python/colcon_distutils_commands:/home/cc/ros2_ws/install/camera_perception_pkg/lib/python3.10/site-packages:${PYTHONPATH} /usr/bin/python3 -W ignore:setup.py install is deprecated -W ignore:easy_install command is deprecated setup.py develop --editable --build-directory /home/cc/ros2_ws/build/camera_perception_pkg/build --no-deps symlink_data
[35.046s] DEBUG:colcon.colcon_core.event_handler.log_command:Invoking command in '/home/cc/ros2_ws/build/serial_communication_pkg': PYTHONPATH=/home/cc/ros2_ws/build/serial_communication_pkg/prefix_override:/usr/lib/python3/dist-packages/colcon_core/task/python/colcon_distutils_commands:/home/cc/ros2_ws/install/serial_communication_pkg/lib/python3.10/site-packages:${PYTHONPATH} /usr/bin/python3 -W ignore:setup.py install is deprecated -W ignore:easy_install command is deprecated setup.py develop --editable --build-directory /home/cc/ros2_ws/build/serial_communication_pkg/build --no-deps symlink_data
[37.082s] Level 1:colcon.colcon_core.shell:create_environment_hook('lidar_perception_pkg', 'pythonpath_develop')
[37.085s] DEBUG:colcon.colcon_core.event_handler.log_command:Invoked command in '/home/cc/ros2_ws/build/lidar_perception_pkg' returned '0': PYTHONPATH=/home/cc/ros2_ws/build/lidar_perception_pkg/prefix_override:/usr/lib/python3/dist-packages/colcon_core/task/python/colcon_distutils_commands:/home/cc/ros2_ws/install/lidar_perception_pkg/lib/python3.10/site-packages:${PYTHONPATH} /usr/bin/python3 -W ignore:setup.py install is deprecated -W ignore:easy_install command is deprecated setup.py develop --editable --build-directory /home/cc/ros2_ws/build/lidar_perception_pkg/build --no-deps symlink_data
[37.087s] INFO:colcon.colcon_core.shell:Creating environment hook '/home/cc/ros2_ws/build/lidar_perception_pkg/share/lidar_perception_pkg/hook/pythonpath_develop.ps1'
[37.096s] INFO:colcon.colcon_core.shell:Creating environment descriptor '/home/cc/ros2_ws/build/lidar_perception_pkg/share/lidar_perception_pkg/hook/pythonpath_develop.dsv'
[37.101s] INFO:colcon.colcon_core.shell:Creating environment hook '/home/cc/ros2_ws/build/lidar_perception_pkg/share/lidar_perception_pkg/hook/pythonpath_develop.sh'
[37.110s] Level 1:colcon.colcon_core.environment:checking '/home/cc/ros2_ws/install/lidar_perception_pkg' for CMake module files
[37.130s] Level 1:colcon.colcon_core.environment:checking '/home/cc/ros2_ws/install/lidar_perception_pkg' for CMake config files
[37.137s] Level 1:colcon.colcon_core.environment:checking '/home/cc/ros2_ws/install/lidar_perception_pkg/lib'
[37.138s] Level 1:colcon.colcon_core.environment:checking '/home/cc/ros2_ws/install/lidar_perception_pkg/bin'
[37.139s] Level 1:colcon.colcon_core.environment:checking '/home/cc/ros2_ws/install/lidar_perception_pkg/lib/pkgconfig/lidar_perception_pkg.pc'
[37.140s] Level 1:colcon.colcon_core.environment:checking '/home/cc/ros2_ws/install/lidar_perception_pkg/lib/python3.10/site-packages'
[37.141s] Level 1:colcon.colcon_core.shell:create_environment_hook('lidar_perception_pkg', 'pythonpath')
[37.142s] INFO:colcon.colcon_core.shell:Creating environment hook '/home/cc/ros2_ws/install/lidar_perception_pkg/share/lidar_perception_pkg/hook/pythonpath.ps1'
[37.145s] INFO:colcon.colcon_core.shell:Creating environment descriptor '/home/cc/ros2_ws/install/lidar_perception_pkg/share/lidar_perception_pkg/hook/pythonpath.dsv'
[37.151s] INFO:colcon.colcon_core.shell:Creating environment hook '/home/cc/ros2_ws/install/lidar_perception_pkg/share/lidar_perception_pkg/hook/pythonpath.sh'
[37.155s] Level 1:colcon.colcon_core.environment:checking '/home/cc/ros2_ws/install/lidar_perception_pkg/bin'
[37.156s] Level 1:colcon.colcon_core.environment:create_environment_scripts_only(lidar_perception_pkg)
[37.158s] INFO:colcon.colcon_core.shell:Creating package script '/home/cc/ros2_ws/install/lidar_perception_pkg/share/lidar_perception_pkg/package.ps1'
[37.164s] INFO:colcon.colcon_core.shell:Creating package descriptor '/home/cc/ros2_ws/install/lidar_perception_pkg/share/lidar_perception_pkg/package.dsv'
[37.168s] INFO:colcon.colcon_core.shell:Creating package script '/home/cc/ros2_ws/install/lidar_perception_pkg/share/lidar_perception_pkg/package.sh'
[37.173s] INFO:colcon.colcon_core.shell:Creating package script '/home/cc/ros2_ws/install/lidar_perception_pkg/share/lidar_perception_pkg/package.bash'
[37.175s] INFO:colcon.colcon_core.shell:Creating package script '/home/cc/ros2_ws/install/lidar_perception_pkg/share/lidar_perception_pkg/package.zsh'
[37.178s] Level 1:colcon.colcon_core.environment:create_file_with_runtime_dependencies(/home/cc/ros2_ws/install/lidar_perception_pkg/share/colcon-core/packages/lidar_perception_pkg)
[37.192s] INFO:colcon.colcon_ros.task.ament_python.build:Building ROS package in '/home/cc/ros2_ws/src/decision_making_pkg' with build type 'ament_python'
[37.194s] Level 1:colcon.colcon_core.shell:create_environment_hook('decision_making_pkg', 'ament_prefix_path')
[37.196s] INFO:colcon.colcon_core.shell:Creating environment hook '/home/cc/ros2_ws/install/decision_making_pkg/share/decision_making_pkg/hook/ament_prefix_path.ps1'
[37.200s] INFO:colcon.colcon_core.shell:Creating environment descriptor '/home/cc/ros2_ws/install/decision_making_pkg/share/decision_making_pkg/hook/ament_prefix_path.dsv'
[37.204s] INFO:colcon.colcon_core.shell:Creating environment hook '/home/cc/ros2_ws/install/decision_making_pkg/share/decision_making_pkg/hook/ament_prefix_path.sh'
[37.216s] INFO:colcon.colcon_core.shell:Skip shell extension 'powershell' for command environment: Not usable outside of PowerShell
[37.217s] DEBUG:colcon.colcon_core.shell:Skip shell extension 'dsv' for command environment
[40.143s] INFO:colcon.colcon_core.task.python.build:Building Python package in '/home/cc/ros2_ws/src/decision_making_pkg'
[40.146s] INFO:colcon.colcon_core.shell:Skip shell extension 'powershell' for command environment: Not usable outside of PowerShell
[40.147s] DEBUG:colcon.colcon_core.shell:Skip shell extension 'dsv' for command environment
[40.183s] Level 1:colcon.colcon_core.shell:create_environment_hook('debug_pkg', 'pythonpath_develop')
[40.193s] INFO:colcon.colcon_core.shell:Creating environment hook '/home/cc/ros2_ws/build/debug_pkg/share/debug_pkg/hook/pythonpath_develop.ps1'
[40.194s] DEBUG:colcon.colcon_core.event_handler.log_command:Invoked command in '/home/cc/ros2_ws/build/debug_pkg' returned '0': PYTHONPATH=/home/cc/ros2_ws/build/debug_pkg/prefix_override:/usr/lib/python3/dist-packages/colcon_core/task/python/colcon_distutils_commands:/home/cc/ros2_ws/install/debug_pkg/lib/python3.10/site-packages:${PYTHONPATH} /usr/bin/python3 -W ignore:setup.py install is deprecated -W ignore:easy_install command is deprecated setup.py develop --editable --build-directory /home/cc/ros2_ws/build/debug_pkg/build --no-deps symlink_data
[40.198s] INFO:colcon.colcon_core.shell:Creating environment descriptor '/home/cc/ros2_ws/build/debug_pkg/share/debug_pkg/hook/pythonpath_develop.dsv'
[40.206s] INFO:colcon.colcon_core.shell:Creating environment hook '/home/cc/ros2_ws/build/debug_pkg/share/debug_pkg/hook/pythonpath_develop.sh'
[40.211s] Level 1:colcon.colcon_core.environment:checking '/home/cc/ros2_ws/install/debug_pkg' for CMake module files
[40.215s] Level 1:colcon.colcon_core.environment:checking '/home/cc/ros2_ws/install/debug_pkg' for CMake config files
[40.223s] Level 1:colcon.colcon_core.environment:checking '/home/cc/ros2_ws/install/debug_pkg/lib'
[40.223s] Level 1:colcon.colcon_core.environment:checking '/home/cc/ros2_ws/install/debug_pkg/bin'
[40.224s] Level 1:colcon.colcon_core.environment:checking '/home/cc/ros2_ws/install/debug_pkg/lib/pkgconfig/debug_pkg.pc'
[40.225s] Level 1:colcon.colcon_core.environment:checking '/home/cc/ros2_ws/install/debug_pkg/lib/python3.10/site-packages'
[40.226s] Level 1:colcon.colcon_core.shell:create_environment_hook('debug_pkg', 'pythonpath')
[40.227s] INFO:colcon.colcon_core.shell:Creating environment hook '/home/cc/ros2_ws/install/debug_pkg/share/debug_pkg/hook/pythonpath.ps1'
[40.229s] INFO:colcon.colcon_core.shell:Creating environment descriptor '/home/cc/ros2_ws/install/debug_pkg/share/debug_pkg/hook/pythonpath.dsv'
[40.232s] INFO:colcon.colcon_core.shell:Creating environment hook '/home/cc/ros2_ws/install/debug_pkg/share/debug_pkg/hook/pythonpath.sh'
[40.235s] Level 1:colcon.colcon_core.environment:checking '/home/cc/ros2_ws/install/debug_pkg/bin'
[40.236s] Level 1:colcon.colcon_core.environment:create_environment_scripts_only(debug_pkg)
[40.237s] INFO:colcon.colcon_core.shell:Creating package script '/home/cc/ros2_ws/install/debug_pkg/share/debug_pkg/package.ps1'
[40.240s] INFO:colcon.colcon_core.shell:Creating package descriptor '/home/cc/ros2_ws/install/debug_pkg/share/debug_pkg/package.dsv'
[40.243s] INFO:colcon.colcon_core.shell:Creating package script '/home/cc/ros2_ws/install/debug_pkg/share/debug_pkg/package.sh'
[40.246s] INFO:colcon.colcon_core.shell:Creating package script '/home/cc/ros2_ws/install/debug_pkg/share/debug_pkg/package.bash'
[40.248s] INFO:colcon.colcon_core.shell:Creating package script '/home/cc/ros2_ws/install/debug_pkg/share/debug_pkg/package.zsh'
[40.251s] Level 1:colcon.colcon_core.environment:create_file_with_runtime_dependencies(/home/cc/ros2_ws/install/debug_pkg/share/colcon-core/packages/debug_pkg)
[40.252s] Level 1:colcon.colcon_core.shell:create_environment_hook('camera_perception_pkg', 'pythonpath_develop')
[40.254s] INFO:colcon.colcon_core.shell:Creating environment hook '/home/cc/ros2_ws/build/camera_perception_pkg/share/camera_perception_pkg/hook/pythonpath_develop.ps1'
[40.257s] INFO:colcon.colcon_core.shell:Creating environment descriptor '/home/cc/ros2_ws/build/camera_perception_pkg/share/camera_perception_pkg/hook/pythonpath_develop.dsv'
[40.264s] DEBUG:colcon.colcon_core.event_handler.log_command:Invoked command in '/home/cc/ros2_ws/build/camera_perception_pkg' returned '0': PYTHONPATH=/home/cc/ros2_ws/build/camera_perception_pkg/prefix_override:/usr/lib/python3/dist-packages/colcon_core/task/python/colcon_distutils_commands:/home/cc/ros2_ws/install/camera_perception_pkg/lib/python3.10/site-packages:${PYTHONPATH} /usr/bin/python3 -W ignore:setup.py install is deprecated -W ignore:easy_install command is deprecated setup.py develop --editable --build-directory /home/cc/ros2_ws/build/camera_perception_pkg/build --no-deps symlink_data
[40.265s] INFO:colcon.colcon_core.shell:Creating environment hook '/home/cc/ros2_ws/build/camera_perception_pkg/share/camera_perception_pkg/hook/pythonpath_develop.sh'
[40.269s] Level 1:colcon.colcon_core.environment:checking '/home/cc/ros2_ws/install/camera_perception_pkg' for CMake module files
[40.273s] Level 1:colcon.colcon_core.environment:checking '/home/cc/ros2_ws/install/camera_perception_pkg' for CMake config files
[40.277s] Level 1:colcon.colcon_core.environment:checking '/home/cc/ros2_ws/install/camera_perception_pkg/lib'
[40.278s] Level 1:colcon.colcon_core.environment:checking '/home/cc/ros2_ws/install/camera_perception_pkg/bin'
[40.278s] Level 1:colcon.colcon_core.environment:checking '/home/cc/ros2_ws/install/camera_perception_pkg/lib/pkgconfig/camera_perception_pkg.pc'
[40.280s] Level 1:colcon.colcon_core.environment:checking '/home/cc/ros2_ws/install/camera_perception_pkg/lib/python3.10/site-packages'
[40.280s] Level 1:colcon.colcon_core.shell:create_environment_hook('camera_perception_pkg', 'pythonpath')
[40.282s] INFO:colcon.colcon_core.shell:Creating environment hook '/home/cc/ros2_ws/install/camera_perception_pkg/share/camera_perception_pkg/hook/pythonpath.ps1'
[40.285s] INFO:colcon.colcon_core.shell:Creating environment descriptor '/home/cc/ros2_ws/install/camera_perception_pkg/share/camera_perception_pkg/hook/pythonpath.dsv'
[40.288s] INFO:colcon.colcon_core.shell:Creating environment hook '/home/cc/ros2_ws/install/camera_perception_pkg/share/camera_perception_pkg/hook/pythonpath.sh'
[40.292s] Level 1:colcon.colcon_core.environment:checking '/home/cc/ros2_ws/install/camera_perception_pkg/bin'
[40.293s] Level 1:colcon.colcon_core.environment:create_environment_scripts_only(camera_perception_pkg)
[40.295s] INFO:colcon.colcon_core.shell:Creating package script '/home/cc/ros2_ws/install/camera_perception_pkg/share/camera_perception_pkg/package.ps1'
[40.300s] INFO:colcon.colcon_core.shell:Creating package descriptor '/home/cc/ros2_ws/install/camera_perception_pkg/share/camera_perception_pkg/package.dsv'
[40.327s] INFO:colcon.colcon_core.shell:Creating package script '/home/cc/ros2_ws/install/camera_perception_pkg/share/camera_perception_pkg/package.sh'
[40.343s] INFO:colcon.colcon_core.shell:Creating package script '/home/cc/ros2_ws/install/camera_perception_pkg/share/camera_perception_pkg/package.bash'
[40.355s] INFO:colcon.colcon_core.shell:Creating package script '/home/cc/ros2_ws/install/camera_perception_pkg/share/camera_perception_pkg/package.zsh'
[40.366s] Level 1:colcon.colcon_core.environment:create_file_with_runtime_dependencies(/home/cc/ros2_ws/install/camera_perception_pkg/share/colcon-core/packages/camera_perception_pkg)
[40.641s] Level 1:colcon.colcon_core.shell:create_environment_hook('serial_communication_pkg', 'pythonpath_develop')
[40.643s] INFO:colcon.colcon_core.shell:Creating environment hook '/home/cc/ros2_ws/build/serial_communication_pkg/share/serial_communication_pkg/hook/pythonpath_develop.ps1'
[40.644s] DEBUG:colcon.colcon_core.event_handler.log_command:Invoked command in '/home/cc/ros2_ws/build/serial_communication_pkg' returned '0': PYTHONPATH=/home/cc/ros2_ws/build/serial_communication_pkg/prefix_override:/usr/lib/python3/dist-packages/colcon_core/task/python/colcon_distutils_commands:/home/cc/ros2_ws/install/serial_communication_pkg/lib/python3.10/site-packages:${PYTHONPATH} /usr/bin/python3 -W ignore:setup.py install is deprecated -W ignore:easy_install command is deprecated setup.py develop --editable --build-directory /home/cc/ros2_ws/build/serial_communication_pkg/build --no-deps symlink_data
[40.647s] INFO:colcon.colcon_core.shell:Creating environment descriptor '/home/cc/ros2_ws/build/serial_communication_pkg/share/serial_communication_pkg/hook/pythonpath_develop.dsv'
[40.650s] INFO:colcon.colcon_core.shell:Creating environment hook '/home/cc/ros2_ws/build/serial_communication_pkg/share/serial_communication_pkg/hook/pythonpath_develop.sh'
[40.653s] Level 1:colcon.colcon_core.environment:checking '/home/cc/ros2_ws/install/serial_communication_pkg' for CMake module files
[40.656s] Level 1:colcon.colcon_core.environment:checking '/home/cc/ros2_ws/install/serial_communication_pkg' for CMake config files
[40.659s] Level 1:colcon.colcon_core.environment:checking '/home/cc/ros2_ws/install/serial_communication_pkg/lib'
[40.660s] Level 1:colcon.colcon_core.environment:checking '/home/cc/ros2_ws/install/serial_communication_pkg/bin'
[40.661s] Level 1:colcon.colcon_core.environment:checking '/home/cc/ros2_ws/install/serial_communication_pkg/lib/pkgconfig/serial_communication_pkg.pc'
[40.662s] Level 1:colcon.colcon_core.environment:checking '/home/cc/ros2_ws/install/serial_communication_pkg/lib/python3.10/site-packages'
[40.662s] Level 1:colcon.colcon_core.shell:create_environment_hook('serial_communication_pkg', 'pythonpath')
[40.663s] INFO:colcon.colcon_core.shell:Creating environment hook '/home/cc/ros2_ws/install/serial_communication_pkg/share/serial_communication_pkg/hook/pythonpath.ps1'
[40.666s] INFO:colcon.colcon_core.shell:Creating environment descriptor '/home/cc/ros2_ws/install/serial_communication_pkg/share/serial_communication_pkg/hook/pythonpath.dsv'
[40.668s] INFO:colcon.colcon_core.shell:Creating environment hook '/home/cc/ros2_ws/install/serial_communication_pkg/share/serial_communication_pkg/hook/pythonpath.sh'
[40.674s] Level 1:colcon.colcon_core.environment:checking '/home/cc/ros2_ws/install/serial_communication_pkg/bin'
[40.675s] Level 1:colcon.colcon_core.environment:create_environment_scripts_only(serial_communication_pkg)
[40.677s] INFO:colcon.colcon_core.shell:Creating package script '/home/cc/ros2_ws/install/serial_communication_pkg/share/serial_communication_pkg/package.ps1'
[40.681s] INFO:colcon.colcon_core.shell:Creating package descriptor '/home/cc/ros2_ws/install/serial_communication_pkg/share/serial_communication_pkg/package.dsv'
[40.685s] INFO:colcon.colcon_core.shell:Creating package script '/home/cc/ros2_ws/install/serial_communication_pkg/share/serial_communication_pkg/package.sh'
[40.689s] INFO:colcon.colcon_core.shell:Creating package script '/home/cc/ros2_ws/install/serial_communication_pkg/share/serial_communication_pkg/package.bash'
[40.692s] INFO:colcon.colcon_core.shell:Creating package script '/home/cc/ros2_ws/install/serial_communication_pkg/share/serial_communication_pkg/package.zsh'
[40.696s] Level 1:colcon.colcon_core.environment:create_file_with_runtime_dependencies(/home/cc/ros2_ws/install/serial_communication_pkg/share/colcon-core/packages/serial_communication_pkg)
[42.691s] DEBUG:colcon.colcon_core.event_handler.log_command:Invoking command in '/home/cc/ros2_ws/build/decision_making_pkg': LD_LIBRARY_PATH=/home/cc/ros2_ws/install/interfaces_pkg/lib:/opt/ros/humble/opt/rviz_ogre_vendor/lib:/opt/ros/humble/lib/aarch64-linux-gnu:/opt/ros/humble/lib:/opt/ros/humble/opt/rviz_ogre_vendor/lib:/opt/ros/humble/lib/aarch64-linux-gnu:/opt/ros/humble/lib:/opt/ros/humble/opt/rviz_ogre_vendor/lib:/opt/ros/humble/lib/aarch64-linux-gnu:/opt/ros/humble/lib PYTHONPATH=/home/cc/ros2_ws/build/decision_making_pkg/prefix_override:/usr/lib/python3/dist-packages/colcon_core/task/python/colcon_distutils_commands:/home/cc/ros2_ws/install/decision_making_pkg/lib/python3.10/site-packages:${PYTHONPATH} /usr/bin/python3 -W ignore:setup.py install is deprecated -W ignore:easy_install command is deprecated setup.py develop --editable --build-directory /home/cc/ros2_ws/build/decision_making_pkg/build --no-deps symlink_data
[46.856s] Level 1:colcon.colcon_core.shell:create_environment_hook('decision_making_pkg', 'pythonpath_develop')
[46.858s] INFO:colcon.colcon_core.shell:Creating environment hook '/home/cc/ros2_ws/build/decision_making_pkg/share/decision_making_pkg/hook/pythonpath_develop.ps1'
[46.868s] DEBUG:colcon.colcon_core.event_handler.log_command:Invoked command in '/home/cc/ros2_ws/build/decision_making_pkg' returned '0': LD_LIBRARY_PATH=/home/cc/ros2_ws/install/interfaces_pkg/lib:/opt/ros/humble/opt/rviz_ogre_vendor/lib:/opt/ros/humble/lib/aarch64-linux-gnu:/opt/ros/humble/lib:/opt/ros/humble/opt/rviz_ogre_vendor/lib:/opt/ros/humble/lib/aarch64-linux-gnu:/opt/ros/humble/lib:/opt/ros/humble/opt/rviz_ogre_vendor/lib:/opt/ros/humble/lib/aarch64-linux-gnu:/opt/ros/humble/lib PYTHONPATH=/home/cc/ros2_ws/build/decision_making_pkg/prefix_override:/usr/lib/python3/dist-packages/colcon_core/task/python/colcon_distutils_commands:/home/cc/ros2_ws/install/decision_making_pkg/lib/python3.10/site-packages:${PYTHONPATH} /usr/bin/python3 -W ignore:setup.py install is deprecated -W ignore:easy_install command is deprecated setup.py develop --editable --build-directory /home/cc/ros2_ws/build/decision_making_pkg/build --no-deps symlink_data
[46.876s] INFO:colcon.colcon_core.shell:Creating environment descriptor '/home/cc/ros2_ws/build/decision_making_pkg/share/decision_making_pkg/hook/pythonpath_develop.dsv'
[46.886s] INFO:colcon.colcon_core.shell:Creating environment hook '/home/cc/ros2_ws/build/decision_making_pkg/share/decision_making_pkg/hook/pythonpath_develop.sh'
[46.896s] Level 1:colcon.colcon_core.environment:checking '/home/cc/ros2_ws/install/decision_making_pkg' for CMake module files
[46.901s] Level 1:colcon.colcon_core.environment:checking '/home/cc/ros2_ws/install/decision_making_pkg' for CMake config files
[46.909s] Level 1:colcon.colcon_core.environment:checking '/home/cc/ros2_ws/install/decision_making_pkg/lib'
[46.912s] Level 1:colcon.colcon_core.environment:checking '/home/cc/ros2_ws/install/decision_making_pkg/bin'
[46.913s] Level 1:colcon.colcon_core.environment:checking '/home/cc/ros2_ws/install/decision_making_pkg/lib/pkgconfig/decision_making_pkg.pc'
[46.915s] Level 1:colcon.colcon_core.environment:checking '/home/cc/ros2_ws/install/decision_making_pkg/lib/python3.10/site-packages'
[46.916s] Level 1:colcon.colcon_core.shell:create_environment_hook('decision_making_pkg', 'pythonpath')
[46.919s] INFO:colcon.colcon_core.shell:Creating environment hook '/home/cc/ros2_ws/install/decision_making_pkg/share/decision_making_pkg/hook/pythonpath.ps1'
[46.922s] INFO:colcon.colcon_core.shell:Creating environment descriptor '/home/cc/ros2_ws/install/decision_making_pkg/share/decision_making_pkg/hook/pythonpath.dsv'
[46.926s] INFO:colcon.colcon_core.shell:Creating environment hook '/home/cc/ros2_ws/install/decision_making_pkg/share/decision_making_pkg/hook/pythonpath.sh'
[46.931s] Level 1:colcon.colcon_core.environment:checking '/home/cc/ros2_ws/install/decision_making_pkg/bin'
[46.932s] Level 1:colcon.colcon_core.environment:create_environment_scripts_only(decision_making_pkg)
[46.934s] INFO:colcon.colcon_core.shell:Creating package script '/home/cc/ros2_ws/install/decision_making_pkg/share/decision_making_pkg/package.ps1'
[46.940s] INFO:colcon.colcon_core.shell:Creating package descriptor '/home/cc/ros2_ws/install/decision_making_pkg/share/decision_making_pkg/package.dsv'
[46.948s] INFO:colcon.colcon_core.shell:Creating package script '/home/cc/ros2_ws/install/decision_making_pkg/share/decision_making_pkg/package.sh'
[46.954s] INFO:colcon.colcon_core.shell:Creating package script '/home/cc/ros2_ws/install/decision_making_pkg/share/decision_making_pkg/package.bash'
[46.958s] INFO:colcon.colcon_core.shell:Creating package script '/home/cc/ros2_ws/install/decision_making_pkg/share/decision_making_pkg/package.zsh'
[46.964s] Level 1:colcon.colcon_core.environment:create_file_with_runtime_dependencies(/home/cc/ros2_ws/install/decision_making_pkg/share/colcon-core/packages/decision_making_pkg)
[46.971s] DEBUG:colcon.colcon_parallel_executor.executor.parallel:closing loop
[46.973s] DEBUG:colcon.colcon_parallel_executor.executor.parallel:loop closed
[46.974s] DEBUG:colcon.colcon_parallel_executor.executor.parallel:run_until_complete finished with '0'
[46.975s] DEBUG:colcon.colcon_core.event_reactor:joining thread
[47.084s] INFO:colcon.colcon_core.plugin_system:Skipping extension 'colcon_notification.desktop_notification.terminal_notifier': Not used on non-Darwin systems
[47.086s] INFO:colcon.colcon_core.plugin_system:Skipping extension 'colcon_notification.desktop_notification.win32': Not used on non-Windows systems
[47.086s] INFO:colcon.colcon_notification.desktop_notification:Sending desktop notification using 'notify2'
[47.181s] DEBUG:colcon.colcon_core.event_reactor:joined thread
[47.183s] INFO:colcon.colcon_core.shell:Creating prefix script '/home/cc/ros2_ws/install/local_setup.ps1'
[47.195s] INFO:colcon.colcon_core.shell:Creating prefix util module '/home/cc/ros2_ws/install/_local_setup_util_ps1.py'
[47.206s] INFO:colcon.colcon_core.shell:Creating prefix chain script '/home/cc/ros2_ws/install/setup.ps1'
[47.214s] INFO:colcon.colcon_core.shell:Creating prefix script '/home/cc/ros2_ws/install/local_setup.sh'
[47.235s] INFO:colcon.colcon_core.shell:Creating prefix util module '/home/cc/ros2_ws/install/_local_setup_util_sh.py'
[47.240s] INFO:colcon.colcon_core.shell:Creating prefix chain script '/home/cc/ros2_ws/install/setup.sh'
[47.251s] INFO:colcon.colcon_core.shell:Creating prefix script '/home/cc/ros2_ws/install/local_setup.bash'
[47.273s] INFO:colcon.colcon_core.shell:Creating prefix chain script '/home/cc/ros2_ws/install/setup.bash'
[47.300s] INFO:colcon.colcon_core.shell:Creating prefix script '/home/cc/ros2_ws/install/local_setup.zsh'
[47.307s] INFO:colcon.colcon_core.shell:Creating prefix chain script '/home/cc/ros2_ws/install/setup.zsh'
