[0.259s] Invoking command in '/home/cc/ros2_ws/build/interfaces_pkg': CMAKE_PREFIX_PATH=${CMAKE_PREFIX_PATH}:/home/cc/ros2_ws/install/serial_communication_pkg:/home/cc/ros2_ws/install/lidar_perception_pkg:/home/cc/ros2_ws/install/decision_making_pkg:/home/cc/ros2_ws/install/debug_pkg:/home/cc/ros2_ws/install/camera_perception_pkg:/opt/ros/humble /usr/bin/cmake --build /home/cc/ros2_ws/build/interfaces_pkg -- -j4 -l4
[4.427s] [  0%] Built target interfaces_pkg__cpp
[4.429s] [  0%] Built target ament_cmake_python_symlink_interfaces_pkg
[4.430s] [ 12%] Built target interfaces_pkg__rosidl_typesupport_fastrtps_cpp
[4.432s] [ 24%] Built target interfaces_pkg__rosidl_typesupport_introspection_cpp
[4.433s] running egg_info
[4.433s] writing interfaces_pkg.egg-info/PKG-INFO
[4.433s] writing dependency_links to interfaces_pkg.egg-info/dependency_links.txt
[4.434s] writing top-level names to interfaces_pkg.egg-info/top_level.txt
[4.434s] reading manifest file 'interfaces_pkg.egg-info/SOURCES.txt'
[4.434s] writing manifest file 'interfaces_pkg.egg-info/SOURCES.txt'
[4.435s] [ 24%] Built target ament_cmake_python_build_interfaces_pkg_egg
[4.436s] [ 36%] Built target interfaces_pkg__rosidl_typesupport_cpp
[4.440s] [ 48%] Built target interfaces_pkg__rosidl_generator_c
[4.441s] [ 60%] Built target interfaces_pkg__rosidl_typesupport_fastrtps_c
[4.441s] [ 72%] Built target interfaces_pkg__rosidl_typesupport_c
[4.442s] [ 84%] Built target interfaces_pkg__rosidl_typesupport_introspection_c
[4.533s] [ 84%] Built target interfaces_pkg
[4.669s] [ 85%] Built target interfaces_pkg__py
[4.838s] [ 96%] Built target interfaces_pkg__rosidl_generator_py
[4.961s] [ 97%] Built target interfaces_pkg__rosidl_typesupport_fastrtps_c__pyext
[5.090s] [ 98%] Built target interfaces_pkg__rosidl_typesupport_c__pyext
[5.249s] [100%] Built target interfaces_pkg__rosidl_typesupport_introspection_c__pyext
[6.239s] Invoked command in '/home/cc/ros2_ws/build/interfaces_pkg' returned '0': CMAKE_PREFIX_PATH=${CMAKE_PREFIX_PATH}:/home/cc/ros2_ws/install/serial_communication_pkg:/home/cc/ros2_ws/install/lidar_perception_pkg:/home/cc/ros2_ws/install/decision_making_pkg:/home/cc/ros2_ws/install/debug_pkg:/home/cc/ros2_ws/install/camera_perception_pkg:/opt/ros/humble /usr/bin/cmake --build /home/cc/ros2_ws/build/interfaces_pkg -- -j4 -l4
[6.288s] Invoking command in '/home/cc/ros2_ws/build/interfaces_pkg': CMAKE_PREFIX_PATH=${CMAKE_PREFIX_PATH}:/home/cc/ros2_ws/install/serial_communication_pkg:/home/cc/ros2_ws/install/lidar_perception_pkg:/home/cc/ros2_ws/install/decision_making_pkg:/home/cc/ros2_ws/install/debug_pkg:/home/cc/ros2_ws/install/camera_perception_pkg:/opt/ros/humble /usr/bin/cmake --install /home/cc/ros2_ws/build/interfaces_pkg
[6.358s] -- Install configuration: ""
[6.370s] -- Execute custom install script
[6.373s] -- Up-to-date symlink: /home/cc/ros2_ws/install/interfaces_pkg/share/ament_index/resource_index/rosidl_interfaces/interfaces_pkg
[6.403s] -- Up-to-date symlink: /home/cc/ros2_ws/install/interfaces_pkg/include/interfaces_pkg/interfaces_pkg/msg/bounding_box2_d.h
[6.413s] -- Up-to-date symlink: /home/cc/ros2_ws/install/interfaces_pkg/include/interfaces_pkg/interfaces_pkg/msg/bounding_box3_d.h
[6.419s] -- Up-to-date symlink: /home/cc/ros2_ws/install/interfaces_pkg/include/interfaces_pkg/interfaces_pkg/msg/detail/bounding_box2_d__functions.h
[6.421s] -- Up-to-date symlink: /home/cc/ros2_ws/install/interfaces_pkg/include/interfaces_pkg/interfaces_pkg/msg/detail/bounding_box2_d__struct.h
[6.424s] -- Up-to-date symlink: /home/cc/ros2_ws/install/interfaces_pkg/include/interfaces_pkg/interfaces_pkg/msg/detail/bounding_box2_d__type_support.h
[6.426s] -- Up-to-date symlink: /home/cc/ros2_ws/install/interfaces_pkg/include/interfaces_pkg/interfaces_pkg/msg/detail/bounding_box3_d__functions.h
[6.429s] -- Up-to-date symlink: /home/cc/ros2_ws/install/interfaces_pkg/include/interfaces_pkg/interfaces_pkg/msg/detail/bounding_box3_d__struct.h
[6.447s] -- Up-to-date symlink: /home/cc/ros2_ws/install/interfaces_pkg/include/interfaces_pkg/interfaces_pkg/msg/detail/bounding_box3_d__type_support.h
[6.453s] -- Up-to-date symlink: /home/cc/ros2_ws/install/interfaces_pkg/include/interfaces_pkg/interfaces_pkg/msg/detail/detection__functions.h
[6.460s] -- Up-to-date symlink: /home/cc/ros2_ws/install/interfaces_pkg/include/interfaces_pkg/interfaces_pkg/msg/detail/detection__struct.h
[6.462s] -- Up-to-date symlink: /home/cc/ros2_ws/install/interfaces_pkg/include/interfaces_pkg/interfaces_pkg/msg/detail/detection__type_support.h
[6.466s] -- Up-to-date symlink: /home/cc/ros2_ws/install/interfaces_pkg/include/interfaces_pkg/interfaces_pkg/msg/detail/detection_array__functions.h
[6.467s] -- Up-to-date symlink: /home/cc/ros2_ws/install/interfaces_pkg/include/interfaces_pkg/interfaces_pkg/msg/detail/detection_array__struct.h
[6.469s] -- Up-to-date symlink: /home/cc/ros2_ws/install/interfaces_pkg/include/interfaces_pkg/interfaces_pkg/msg/detail/detection_array__type_support.h
[6.470s] -- Up-to-date symlink: /home/cc/ros2_ws/install/interfaces_pkg/include/interfaces_pkg/interfaces_pkg/msg/detail/key_point2_d__functions.h
[6.471s] -- Up-to-date symlink: /home/cc/ros2_ws/install/interfaces_pkg/include/interfaces_pkg/interfaces_pkg/msg/detail/key_point2_d__struct.h
[6.473s] -- Up-to-date symlink: /home/cc/ros2_ws/install/interfaces_pkg/include/interfaces_pkg/interfaces_pkg/msg/detail/key_point2_d__type_support.h
[6.479s] -- Up-to-date symlink: /home/cc/ros2_ws/install/interfaces_pkg/include/interfaces_pkg/interfaces_pkg/msg/detail/key_point2_d_array__functions.h
[6.483s] -- Up-to-date symlink: /home/cc/ros2_ws/install/interfaces_pkg/include/interfaces_pkg/interfaces_pkg/msg/detail/key_point2_d_array__struct.h
[6.483s] -- Up-to-date symlink: /home/cc/ros2_ws/install/interfaces_pkg/include/interfaces_pkg/interfaces_pkg/msg/detail/key_point2_d_array__type_support.h
[6.484s] -- Up-to-date symlink: /home/cc/ros2_ws/install/interfaces_pkg/include/interfaces_pkg/interfaces_pkg/msg/detail/key_point3_d__functions.h
[6.489s] -- Up-to-date symlink: /home/cc/ros2_ws/install/interfaces_pkg/include/interfaces_pkg/interfaces_pkg/msg/detail/key_point3_d__struct.h
[6.490s] -- Up-to-date symlink: /home/cc/ros2_ws/install/interfaces_pkg/include/interfaces_pkg/interfaces_pkg/msg/detail/key_point3_d__type_support.h
[6.493s] -- Up-to-date symlink: /home/cc/ros2_ws/install/interfaces_pkg/include/interfaces_pkg/interfaces_pkg/msg/detail/key_point3_d_array__functions.h
[6.496s] -- Up-to-date symlink: /home/cc/ros2_ws/install/interfaces_pkg/include/interfaces_pkg/interfaces_pkg/msg/detail/key_point3_d_array__struct.h
[6.499s] -- Up-to-date symlink: /home/cc/ros2_ws/install/interfaces_pkg/include/interfaces_pkg/interfaces_pkg/msg/detail/key_point3_d_array__type_support.h
[6.504s] -- Up-to-date symlink: /home/cc/ros2_ws/install/interfaces_pkg/include/interfaces_pkg/interfaces_pkg/msg/detail/lane_info__functions.h
[6.507s] -- Up-to-date symlink: /home/cc/ros2_ws/install/interfaces_pkg/include/interfaces_pkg/interfaces_pkg/msg/detail/lane_info__struct.h
[6.510s] -- Up-to-date symlink: /home/cc/ros2_ws/install/interfaces_pkg/include/interfaces_pkg/interfaces_pkg/msg/detail/lane_info__type_support.h
[6.513s] -- Up-to-date symlink: /home/cc/ros2_ws/install/interfaces_pkg/include/interfaces_pkg/interfaces_pkg/msg/detail/mask__functions.h
[6.516s] -- Up-to-date symlink: /home/cc/ros2_ws/install/interfaces_pkg/include/interfaces_pkg/interfaces_pkg/msg/detail/mask__struct.h
[6.519s] -- Up-to-date symlink: /home/cc/ros2_ws/install/interfaces_pkg/include/interfaces_pkg/interfaces_pkg/msg/detail/mask__type_support.h
[6.524s] -- Up-to-date symlink: /home/cc/ros2_ws/install/interfaces_pkg/include/interfaces_pkg/interfaces_pkg/msg/detail/motion_command__functions.h
[6.531s] -- Up-to-date symlink: /home/cc/ros2_ws/install/interfaces_pkg/include/interfaces_pkg/interfaces_pkg/msg/detail/motion_command__struct.h
[6.538s] -- Up-to-date symlink: /home/cc/ros2_ws/install/interfaces_pkg/include/interfaces_pkg/interfaces_pkg/msg/detail/motion_command__type_support.h
[6.544s] -- Up-to-date symlink: /home/cc/ros2_ws/install/interfaces_pkg/include/interfaces_pkg/interfaces_pkg/msg/detail/path_planning_result__functions.h
[6.550s] -- Up-to-date symlink: /home/cc/ros2_ws/install/interfaces_pkg/include/interfaces_pkg/interfaces_pkg/msg/detail/path_planning_result__struct.h
[6.554s] -- Up-to-date symlink: /home/cc/ros2_ws/install/interfaces_pkg/include/interfaces_pkg/interfaces_pkg/msg/detail/path_planning_result__type_support.h
[6.557s] -- Up-to-date symlink: /home/cc/ros2_ws/install/interfaces_pkg/include/interfaces_pkg/interfaces_pkg/msg/detail/point2_d__functions.h
[6.560s] -- Up-to-date symlink: /home/cc/ros2_ws/install/interfaces_pkg/include/interfaces_pkg/interfaces_pkg/msg/detail/point2_d__struct.h
[6.563s] -- Up-to-date symlink: /home/cc/ros2_ws/install/interfaces_pkg/include/interfaces_pkg/interfaces_pkg/msg/detail/point2_d__type_support.h
[6.566s] -- Up-to-date symlink: /home/cc/ros2_ws/install/interfaces_pkg/include/interfaces_pkg/interfaces_pkg/msg/detail/pose2_d__functions.h
[6.569s] -- Up-to-date symlink: /home/cc/ros2_ws/install/interfaces_pkg/include/interfaces_pkg/interfaces_pkg/msg/detail/pose2_d__struct.h
[6.572s] -- Up-to-date symlink: /home/cc/ros2_ws/install/interfaces_pkg/include/interfaces_pkg/interfaces_pkg/msg/detail/pose2_d__type_support.h
[6.575s] -- Up-to-date symlink: /home/cc/ros2_ws/install/interfaces_pkg/include/interfaces_pkg/interfaces_pkg/msg/detail/target_point__functions.h
[6.578s] -- Up-to-date symlink: /home/cc/ros2_ws/install/interfaces_pkg/include/interfaces_pkg/interfaces_pkg/msg/detail/target_point__struct.h
[6.581s] -- Up-to-date symlink: /home/cc/ros2_ws/install/interfaces_pkg/include/interfaces_pkg/interfaces_pkg/msg/detail/target_point__type_support.h
[6.584s] -- Up-to-date symlink: /home/cc/ros2_ws/install/interfaces_pkg/include/interfaces_pkg/interfaces_pkg/msg/detail/vector2__functions.h
[6.588s] -- Up-to-date symlink: /home/cc/ros2_ws/install/interfaces_pkg/include/interfaces_pkg/interfaces_pkg/msg/detail/vector2__struct.h
[6.590s] -- Up-to-date symlink: /home/cc/ros2_ws/install/interfaces_pkg/include/interfaces_pkg/interfaces_pkg/msg/detail/vector2__type_support.h
[6.593s] -- Up-to-date symlink: /home/cc/ros2_ws/install/interfaces_pkg/include/interfaces_pkg/interfaces_pkg/msg/detection.h
[6.595s] -- Up-to-date symlink: /home/cc/ros2_ws/install/interfaces_pkg/include/interfaces_pkg/interfaces_pkg/msg/detection_array.h
[6.597s] -- Up-to-date symlink: /home/cc/ros2_ws/install/interfaces_pkg/include/interfaces_pkg/interfaces_pkg/msg/key_point2_d.h
[6.600s] -- Up-to-date symlink: /home/cc/ros2_ws/install/interfaces_pkg/include/interfaces_pkg/interfaces_pkg/msg/key_point2_d_array.h
[6.606s] -- Up-to-date symlink: /home/cc/ros2_ws/install/interfaces_pkg/include/interfaces_pkg/interfaces_pkg/msg/key_point3_d.h
[6.609s] -- Up-to-date symlink: /home/cc/ros2_ws/install/interfaces_pkg/include/interfaces_pkg/interfaces_pkg/msg/key_point3_d_array.h
[6.612s] -- Up-to-date symlink: /home/cc/ros2_ws/install/interfaces_pkg/include/interfaces_pkg/interfaces_pkg/msg/lane_info.h
[6.617s] -- Up-to-date symlink: /home/cc/ros2_ws/install/interfaces_pkg/include/interfaces_pkg/interfaces_pkg/msg/mask.h
[6.619s] -- Up-to-date symlink: /home/cc/ros2_ws/install/interfaces_pkg/include/interfaces_pkg/interfaces_pkg/msg/motion_command.h
[6.624s] -- Up-to-date symlink: /home/cc/ros2_ws/install/interfaces_pkg/include/interfaces_pkg/interfaces_pkg/msg/path_planning_result.h
[6.630s] -- Up-to-date symlink: /home/cc/ros2_ws/install/interfaces_pkg/include/interfaces_pkg/interfaces_pkg/msg/point2_d.h
[6.637s] -- Up-to-date symlink: /home/cc/ros2_ws/install/interfaces_pkg/include/interfaces_pkg/interfaces_pkg/msg/pose2_d.h
[6.641s] -- Up-to-date symlink: /home/cc/ros2_ws/install/interfaces_pkg/include/interfaces_pkg/interfaces_pkg/msg/rosidl_generator_c__visibility_control.h
[6.643s] -- Up-to-date symlink: /home/cc/ros2_ws/install/interfaces_pkg/include/interfaces_pkg/interfaces_pkg/msg/target_point.h
[6.646s] -- Up-to-date symlink: /home/cc/ros2_ws/install/interfaces_pkg/include/interfaces_pkg/interfaces_pkg/msg/vector2.h
[6.650s] -- Up-to-date symlink: /home/cc/ros2_ws/install/interfaces_pkg/share/interfaces_pkg/environment/library_path.sh
[6.653s] -- Up-to-date symlink: /home/cc/ros2_ws/install/interfaces_pkg/share/interfaces_pkg/environment/library_path.dsv
[6.664s] -- Up-to-date symlink: /home/cc/ros2_ws/install/interfaces_pkg/include/interfaces_pkg/interfaces_pkg/msg/detail/bounding_box2_d__rosidl_typesupport_fastrtps_c.h
[6.667s] -- Up-to-date symlink: /home/cc/ros2_ws/install/interfaces_pkg/include/interfaces_pkg/interfaces_pkg/msg/detail/bounding_box3_d__rosidl_typesupport_fastrtps_c.h
[6.670s] -- Up-to-date symlink: /home/cc/ros2_ws/install/interfaces_pkg/include/interfaces_pkg/interfaces_pkg/msg/detail/detection__rosidl_typesupport_fastrtps_c.h
[6.673s] -- Up-to-date symlink: /home/cc/ros2_ws/install/interfaces_pkg/include/interfaces_pkg/interfaces_pkg/msg/detail/detection_array__rosidl_typesupport_fastrtps_c.h
[6.678s] -- Up-to-date symlink: /home/cc/ros2_ws/install/interfaces_pkg/include/interfaces_pkg/interfaces_pkg/msg/detail/key_point2_d__rosidl_typesupport_fastrtps_c.h
[6.681s] -- Up-to-date symlink: /home/cc/ros2_ws/install/interfaces_pkg/include/interfaces_pkg/interfaces_pkg/msg/detail/key_point2_d_array__rosidl_typesupport_fastrtps_c.h
[6.684s] -- Up-to-date symlink: /home/cc/ros2_ws/install/interfaces_pkg/include/interfaces_pkg/interfaces_pkg/msg/detail/key_point3_d__rosidl_typesupport_fastrtps_c.h
[6.688s] -- Up-to-date symlink: /home/cc/ros2_ws/install/interfaces_pkg/include/interfaces_pkg/interfaces_pkg/msg/detail/key_point3_d_array__rosidl_typesupport_fastrtps_c.h
[6.691s] -- Up-to-date symlink: /home/cc/ros2_ws/install/interfaces_pkg/include/interfaces_pkg/interfaces_pkg/msg/detail/lane_info__rosidl_typesupport_fastrtps_c.h
[6.694s] -- Up-to-date symlink: /home/cc/ros2_ws/install/interfaces_pkg/include/interfaces_pkg/interfaces_pkg/msg/detail/mask__rosidl_typesupport_fastrtps_c.h
[6.696s] -- Up-to-date symlink: /home/cc/ros2_ws/install/interfaces_pkg/include/interfaces_pkg/interfaces_pkg/msg/detail/motion_command__rosidl_typesupport_fastrtps_c.h
[6.699s] -- Up-to-date symlink: /home/cc/ros2_ws/install/interfaces_pkg/include/interfaces_pkg/interfaces_pkg/msg/detail/path_planning_result__rosidl_typesupport_fastrtps_c.h
[6.702s] -- Up-to-date symlink: /home/cc/ros2_ws/install/interfaces_pkg/include/interfaces_pkg/interfaces_pkg/msg/detail/point2_d__rosidl_typesupport_fastrtps_c.h
[6.714s] -- Up-to-date symlink: /home/cc/ros2_ws/install/interfaces_pkg/include/interfaces_pkg/interfaces_pkg/msg/detail/pose2_d__rosidl_typesupport_fastrtps_c.h
[6.714s] -- Up-to-date symlink: /home/cc/ros2_ws/install/interfaces_pkg/include/interfaces_pkg/interfaces_pkg/msg/detail/target_point__rosidl_typesupport_fastrtps_c.h
[6.715s] -- Up-to-date symlink: /home/cc/ros2_ws/install/interfaces_pkg/include/interfaces_pkg/interfaces_pkg/msg/detail/vector2__rosidl_typesupport_fastrtps_c.h
[6.729s] -- Up-to-date symlink: /home/cc/ros2_ws/install/interfaces_pkg/include/interfaces_pkg/interfaces_pkg/msg/rosidl_typesupport_fastrtps_c__visibility_control.h
[6.733s] -- Up-to-date symlink: /home/cc/ros2_ws/install/interfaces_pkg/include/interfaces_pkg/interfaces_pkg/msg/detail/bounding_box2_d__rosidl_typesupport_introspection_c.h
[6.737s] -- Up-to-date symlink: /home/cc/ros2_ws/install/interfaces_pkg/include/interfaces_pkg/interfaces_pkg/msg/detail/bounding_box3_d__rosidl_typesupport_introspection_c.h
[6.739s] -- Up-to-date symlink: /home/cc/ros2_ws/install/interfaces_pkg/include/interfaces_pkg/interfaces_pkg/msg/detail/detection__rosidl_typesupport_introspection_c.h
[6.741s] -- Up-to-date symlink: /home/cc/ros2_ws/install/interfaces_pkg/include/interfaces_pkg/interfaces_pkg/msg/detail/detection_array__rosidl_typesupport_introspection_c.h
[6.743s] -- Up-to-date symlink: /home/cc/ros2_ws/install/interfaces_pkg/include/interfaces_pkg/interfaces_pkg/msg/detail/key_point2_d__rosidl_typesupport_introspection_c.h
[6.745s] -- Up-to-date symlink: /home/cc/ros2_ws/install/interfaces_pkg/include/interfaces_pkg/interfaces_pkg/msg/detail/key_point2_d_array__rosidl_typesupport_introspection_c.h
[6.746s] -- Up-to-date symlink: /home/cc/ros2_ws/install/interfaces_pkg/include/interfaces_pkg/interfaces_pkg/msg/detail/key_point3_d__rosidl_typesupport_introspection_c.h
[6.749s] -- Up-to-date symlink: /home/cc/ros2_ws/install/interfaces_pkg/include/interfaces_pkg/interfaces_pkg/msg/detail/key_point3_d_array__rosidl_typesupport_introspection_c.h
[6.751s] -- Up-to-date symlink: /home/cc/ros2_ws/install/interfaces_pkg/include/interfaces_pkg/interfaces_pkg/msg/detail/lane_info__rosidl_typesupport_introspection_c.h
[6.752s] -- Up-to-date symlink: /home/cc/ros2_ws/install/interfaces_pkg/include/interfaces_pkg/interfaces_pkg/msg/detail/mask__rosidl_typesupport_introspection_c.h
[6.754s] -- Up-to-date symlink: /home/cc/ros2_ws/install/interfaces_pkg/include/interfaces_pkg/interfaces_pkg/msg/detail/motion_command__rosidl_typesupport_introspection_c.h
[6.756s] -- Up-to-date symlink: /home/cc/ros2_ws/install/interfaces_pkg/include/interfaces_pkg/interfaces_pkg/msg/detail/path_planning_result__rosidl_typesupport_introspection_c.h
[6.758s] -- Up-to-date symlink: /home/cc/ros2_ws/install/interfaces_pkg/include/interfaces_pkg/interfaces_pkg/msg/detail/point2_d__rosidl_typesupport_introspection_c.h
[6.760s] -- Up-to-date symlink: /home/cc/ros2_ws/install/interfaces_pkg/include/interfaces_pkg/interfaces_pkg/msg/detail/pose2_d__rosidl_typesupport_introspection_c.h
[6.762s] -- Up-to-date symlink: /home/cc/ros2_ws/install/interfaces_pkg/include/interfaces_pkg/interfaces_pkg/msg/detail/target_point__rosidl_typesupport_introspection_c.h
[6.764s] -- Up-to-date symlink: /home/cc/ros2_ws/install/interfaces_pkg/include/interfaces_pkg/interfaces_pkg/msg/detail/vector2__rosidl_typesupport_introspection_c.h
[6.766s] -- Up-to-date symlink: /home/cc/ros2_ws/install/interfaces_pkg/include/interfaces_pkg/interfaces_pkg/msg/rosidl_typesupport_introspection_c__visibility_control.h
[6.775s] -- Up-to-date symlink: /home/cc/ros2_ws/install/interfaces_pkg/include/interfaces_pkg/interfaces_pkg/msg/bounding_box2_d.hpp
[6.777s] -- Up-to-date symlink: /home/cc/ros2_ws/install/interfaces_pkg/include/interfaces_pkg/interfaces_pkg/msg/bounding_box3_d.hpp
[6.779s] -- Up-to-date symlink: /home/cc/ros2_ws/install/interfaces_pkg/include/interfaces_pkg/interfaces_pkg/msg/detail/bounding_box2_d__builder.hpp
[6.781s] -- Up-to-date symlink: /home/cc/ros2_ws/install/interfaces_pkg/include/interfaces_pkg/interfaces_pkg/msg/detail/bounding_box2_d__struct.hpp
[6.782s] -- Up-to-date symlink: /home/cc/ros2_ws/install/interfaces_pkg/include/interfaces_pkg/interfaces_pkg/msg/detail/bounding_box2_d__traits.hpp
[6.784s] -- Up-to-date symlink: /home/cc/ros2_ws/install/interfaces_pkg/include/interfaces_pkg/interfaces_pkg/msg/detail/bounding_box2_d__type_support.hpp
[6.785s] -- Up-to-date symlink: /home/cc/ros2_ws/install/interfaces_pkg/include/interfaces_pkg/interfaces_pkg/msg/detail/bounding_box3_d__builder.hpp
[6.787s] -- Up-to-date symlink: /home/cc/ros2_ws/install/interfaces_pkg/include/interfaces_pkg/interfaces_pkg/msg/detail/bounding_box3_d__struct.hpp
[6.790s] -- Up-to-date symlink: /home/cc/ros2_ws/install/interfaces_pkg/include/interfaces_pkg/interfaces_pkg/msg/detail/bounding_box3_d__traits.hpp
[6.791s] -- Up-to-date symlink: /home/cc/ros2_ws/install/interfaces_pkg/include/interfaces_pkg/interfaces_pkg/msg/detail/bounding_box3_d__type_support.hpp
[6.793s] -- Up-to-date symlink: /home/cc/ros2_ws/install/interfaces_pkg/include/interfaces_pkg/interfaces_pkg/msg/detail/detection__builder.hpp
[6.796s] -- Up-to-date symlink: /home/cc/ros2_ws/install/interfaces_pkg/include/interfaces_pkg/interfaces_pkg/msg/detail/detection__struct.hpp
[6.798s] -- Up-to-date symlink: /home/cc/ros2_ws/install/interfaces_pkg/include/interfaces_pkg/interfaces_pkg/msg/detail/detection__traits.hpp
[6.800s] -- Up-to-date symlink: /home/cc/ros2_ws/install/interfaces_pkg/include/interfaces_pkg/interfaces_pkg/msg/detail/detection__type_support.hpp
[6.801s] -- Up-to-date symlink: /home/cc/ros2_ws/install/interfaces_pkg/include/interfaces_pkg/interfaces_pkg/msg/detail/detection_array__builder.hpp
[6.805s] -- Up-to-date symlink: /home/cc/ros2_ws/install/interfaces_pkg/include/interfaces_pkg/interfaces_pkg/msg/detail/detection_array__struct.hpp
[6.807s] -- Up-to-date symlink: /home/cc/ros2_ws/install/interfaces_pkg/include/interfaces_pkg/interfaces_pkg/msg/detail/detection_array__traits.hpp
[6.808s] -- Up-to-date symlink: /home/cc/ros2_ws/install/interfaces_pkg/include/interfaces_pkg/interfaces_pkg/msg/detail/detection_array__type_support.hpp
[6.810s] -- Up-to-date symlink: /home/cc/ros2_ws/install/interfaces_pkg/include/interfaces_pkg/interfaces_pkg/msg/detail/key_point2_d__builder.hpp
[6.813s] -- Up-to-date symlink: /home/cc/ros2_ws/install/interfaces_pkg/include/interfaces_pkg/interfaces_pkg/msg/detail/key_point2_d__struct.hpp
[6.815s] -- Up-to-date symlink: /home/cc/ros2_ws/install/interfaces_pkg/include/interfaces_pkg/interfaces_pkg/msg/detail/key_point2_d__traits.hpp
[6.827s] -- Up-to-date symlink: /home/cc/ros2_ws/install/interfaces_pkg/include/interfaces_pkg/interfaces_pkg/msg/detail/key_point2_d__type_support.hpp
[6.831s] -- Up-to-date symlink: /home/cc/ros2_ws/install/interfaces_pkg/include/interfaces_pkg/interfaces_pkg/msg/detail/key_point2_d_array__builder.hpp
[6.836s] -- Up-to-date symlink: /home/cc/ros2_ws/install/interfaces_pkg/include/interfaces_pkg/interfaces_pkg/msg/detail/key_point2_d_array__struct.hpp
[6.839s] -- Up-to-date symlink: /home/cc/ros2_ws/install/interfaces_pkg/include/interfaces_pkg/interfaces_pkg/msg/detail/key_point2_d_array__traits.hpp
[6.839s] -- Up-to-date symlink: /home/cc/ros2_ws/install/interfaces_pkg/include/interfaces_pkg/interfaces_pkg/msg/detail/key_point2_d_array__type_support.hpp
[6.843s] -- Up-to-date symlink: /home/cc/ros2_ws/install/interfaces_pkg/include/interfaces_pkg/interfaces_pkg/msg/detail/key_point3_d__builder.hpp
[6.850s] -- Up-to-date symlink: /home/cc/ros2_ws/install/interfaces_pkg/include/interfaces_pkg/interfaces_pkg/msg/detail/key_point3_d__struct.hpp
[6.850s] -- Up-to-date symlink: /home/cc/ros2_ws/install/interfaces_pkg/include/interfaces_pkg/interfaces_pkg/msg/detail/key_point3_d__traits.hpp
[6.851s] -- Up-to-date symlink: /home/cc/ros2_ws/install/interfaces_pkg/include/interfaces_pkg/interfaces_pkg/msg/detail/key_point3_d__type_support.hpp
[6.852s] -- Up-to-date symlink: /home/cc/ros2_ws/install/interfaces_pkg/include/interfaces_pkg/interfaces_pkg/msg/detail/key_point3_d_array__builder.hpp
[6.855s] -- Up-to-date symlink: /home/cc/ros2_ws/install/interfaces_pkg/include/interfaces_pkg/interfaces_pkg/msg/detail/key_point3_d_array__struct.hpp
[6.856s] -- Up-to-date symlink: /home/cc/ros2_ws/install/interfaces_pkg/include/interfaces_pkg/interfaces_pkg/msg/detail/key_point3_d_array__traits.hpp
[6.856s] -- Up-to-date symlink: /home/cc/ros2_ws/install/interfaces_pkg/include/interfaces_pkg/interfaces_pkg/msg/detail/key_point3_d_array__type_support.hpp
[6.867s] -- Up-to-date symlink: /home/cc/ros2_ws/install/interfaces_pkg/include/interfaces_pkg/interfaces_pkg/msg/detail/lane_info__builder.hpp
[6.868s] -- Up-to-date symlink: /home/cc/ros2_ws/install/interfaces_pkg/include/interfaces_pkg/interfaces_pkg/msg/detail/lane_info__struct.hpp
[6.869s] -- Up-to-date symlink: /home/cc/ros2_ws/install/interfaces_pkg/include/interfaces_pkg/interfaces_pkg/msg/detail/lane_info__traits.hpp
[6.869s] -- Up-to-date symlink: /home/cc/ros2_ws/install/interfaces_pkg/include/interfaces_pkg/interfaces_pkg/msg/detail/lane_info__type_support.hpp
[6.870s] -- Up-to-date symlink: /home/cc/ros2_ws/install/interfaces_pkg/include/interfaces_pkg/interfaces_pkg/msg/detail/mask__builder.hpp
[6.871s] -- Up-to-date symlink: /home/cc/ros2_ws/install/interfaces_pkg/include/interfaces_pkg/interfaces_pkg/msg/detail/mask__struct.hpp
[6.871s] -- Up-to-date symlink: /home/cc/ros2_ws/install/interfaces_pkg/include/interfaces_pkg/interfaces_pkg/msg/detail/mask__traits.hpp
[6.872s] -- Up-to-date symlink: /home/cc/ros2_ws/install/interfaces_pkg/include/interfaces_pkg/interfaces_pkg/msg/detail/mask__type_support.hpp
[6.872s] -- Up-to-date symlink: /home/cc/ros2_ws/install/interfaces_pkg/include/interfaces_pkg/interfaces_pkg/msg/detail/motion_command__builder.hpp
[6.873s] -- Up-to-date symlink: /home/cc/ros2_ws/install/interfaces_pkg/include/interfaces_pkg/interfaces_pkg/msg/detail/motion_command__struct.hpp
[6.874s] -- Up-to-date symlink: /home/cc/ros2_ws/install/interfaces_pkg/include/interfaces_pkg/interfaces_pkg/msg/detail/motion_command__traits.hpp
[6.874s] -- Up-to-date symlink: /home/cc/ros2_ws/install/interfaces_pkg/include/interfaces_pkg/interfaces_pkg/msg/detail/motion_command__type_support.hpp
[6.875s] -- Up-to-date symlink: /home/cc/ros2_ws/install/interfaces_pkg/include/interfaces_pkg/interfaces_pkg/msg/detail/path_planning_result__builder.hpp
[6.875s] -- Up-to-date symlink: /home/cc/ros2_ws/install/interfaces_pkg/include/interfaces_pkg/interfaces_pkg/msg/detail/path_planning_result__struct.hpp
[6.884s] -- Up-to-date symlink: /home/cc/ros2_ws/install/interfaces_pkg/include/interfaces_pkg/interfaces_pkg/msg/detail/path_planning_result__traits.hpp
[6.884s] -- Up-to-date symlink: /home/cc/ros2_ws/install/interfaces_pkg/include/interfaces_pkg/interfaces_pkg/msg/detail/path_planning_result__type_support.hpp
[6.885s] -- Up-to-date symlink: /home/cc/ros2_ws/install/interfaces_pkg/include/interfaces_pkg/interfaces_pkg/msg/detail/point2_d__builder.hpp
[6.885s] -- Up-to-date symlink: /home/cc/ros2_ws/install/interfaces_pkg/include/interfaces_pkg/interfaces_pkg/msg/detail/point2_d__struct.hpp
[6.886s] -- Up-to-date symlink: /home/cc/ros2_ws/install/interfaces_pkg/include/interfaces_pkg/interfaces_pkg/msg/detail/point2_d__traits.hpp
[6.886s] -- Up-to-date symlink: /home/cc/ros2_ws/install/interfaces_pkg/include/interfaces_pkg/interfaces_pkg/msg/detail/point2_d__type_support.hpp
[6.887s] -- Up-to-date symlink: /home/cc/ros2_ws/install/interfaces_pkg/include/interfaces_pkg/interfaces_pkg/msg/detail/pose2_d__builder.hpp
[6.888s] -- Up-to-date symlink: /home/cc/ros2_ws/install/interfaces_pkg/include/interfaces_pkg/interfaces_pkg/msg/detail/pose2_d__struct.hpp
[6.888s] -- Up-to-date symlink: /home/cc/ros2_ws/install/interfaces_pkg/include/interfaces_pkg/interfaces_pkg/msg/detail/pose2_d__traits.hpp
[6.888s] -- Up-to-date symlink: /home/cc/ros2_ws/install/interfaces_pkg/include/interfaces_pkg/interfaces_pkg/msg/detail/pose2_d__type_support.hpp
[6.889s] -- Up-to-date symlink: /home/cc/ros2_ws/install/interfaces_pkg/include/interfaces_pkg/interfaces_pkg/msg/detail/target_point__builder.hpp
[6.890s] -- Up-to-date symlink: /home/cc/ros2_ws/install/interfaces_pkg/include/interfaces_pkg/interfaces_pkg/msg/detail/target_point__struct.hpp
[6.899s] -- Up-to-date symlink: /home/cc/ros2_ws/install/interfaces_pkg/include/interfaces_pkg/interfaces_pkg/msg/detail/target_point__traits.hpp
[6.899s] -- Up-to-date symlink: /home/cc/ros2_ws/install/interfaces_pkg/include/interfaces_pkg/interfaces_pkg/msg/detail/target_point__type_support.hpp
[6.900s] -- Up-to-date symlink: /home/cc/ros2_ws/install/interfaces_pkg/include/interfaces_pkg/interfaces_pkg/msg/detail/vector2__builder.hpp
[6.901s] -- Up-to-date symlink: /home/cc/ros2_ws/install/interfaces_pkg/include/interfaces_pkg/interfaces_pkg/msg/detail/vector2__struct.hpp
[6.902s] -- Up-to-date symlink: /home/cc/ros2_ws/install/interfaces_pkg/include/interfaces_pkg/interfaces_pkg/msg/detail/vector2__traits.hpp
[6.902s] -- Up-to-date symlink: /home/cc/ros2_ws/install/interfaces_pkg/include/interfaces_pkg/interfaces_pkg/msg/detail/vector2__type_support.hpp
[6.903s] -- Up-to-date symlink: /home/cc/ros2_ws/install/interfaces_pkg/include/interfaces_pkg/interfaces_pkg/msg/detection.hpp
[6.904s] -- Up-to-date symlink: /home/cc/ros2_ws/install/interfaces_pkg/include/interfaces_pkg/interfaces_pkg/msg/detection_array.hpp
[6.905s] -- Up-to-date symlink: /home/cc/ros2_ws/install/interfaces_pkg/include/interfaces_pkg/interfaces_pkg/msg/key_point2_d.hpp
[6.905s] -- Up-to-date symlink: /home/cc/ros2_ws/install/interfaces_pkg/include/interfaces_pkg/interfaces_pkg/msg/key_point2_d_array.hpp
[6.906s] -- Up-to-date symlink: /home/cc/ros2_ws/install/interfaces_pkg/include/interfaces_pkg/interfaces_pkg/msg/key_point3_d.hpp
[6.907s] -- Up-to-date symlink: /home/cc/ros2_ws/install/interfaces_pkg/include/interfaces_pkg/interfaces_pkg/msg/key_point3_d_array.hpp
[6.907s] -- Up-to-date symlink: /home/cc/ros2_ws/install/interfaces_pkg/include/interfaces_pkg/interfaces_pkg/msg/lane_info.hpp
[6.908s] -- Up-to-date symlink: /home/cc/ros2_ws/install/interfaces_pkg/include/interfaces_pkg/interfaces_pkg/msg/mask.hpp
[6.909s] -- Up-to-date symlink: /home/cc/ros2_ws/install/interfaces_pkg/include/interfaces_pkg/interfaces_pkg/msg/motion_command.hpp
[6.913s] -- Up-to-date symlink: /home/cc/ros2_ws/install/interfaces_pkg/include/interfaces_pkg/interfaces_pkg/msg/path_planning_result.hpp
[6.914s] -- Up-to-date symlink: /home/cc/ros2_ws/install/interfaces_pkg/include/interfaces_pkg/interfaces_pkg/msg/point2_d.hpp
[6.918s] -- Up-to-date symlink: /home/cc/ros2_ws/install/interfaces_pkg/include/interfaces_pkg/interfaces_pkg/msg/pose2_d.hpp
[6.936s] -- Up-to-date symlink: /home/cc/ros2_ws/install/interfaces_pkg/include/interfaces_pkg/interfaces_pkg/msg/rosidl_generator_cpp__visibility_control.hpp
[6.940s] -- Up-to-date symlink: /home/cc/ros2_ws/install/interfaces_pkg/include/interfaces_pkg/interfaces_pkg/msg/target_point.hpp
[6.946s] -- Up-to-date symlink: /home/cc/ros2_ws/install/interfaces_pkg/include/interfaces_pkg/interfaces_pkg/msg/vector2.hpp
[6.959s] -- Up-to-date symlink: /home/cc/ros2_ws/install/interfaces_pkg/include/interfaces_pkg/interfaces_pkg/msg/detail/bounding_box2_d__rosidl_typesupport_fastrtps_cpp.hpp
[6.961s] -- Up-to-date symlink: /home/cc/ros2_ws/install/interfaces_pkg/include/interfaces_pkg/interfaces_pkg/msg/detail/bounding_box3_d__rosidl_typesupport_fastrtps_cpp.hpp
[6.964s] -- Up-to-date symlink: /home/cc/ros2_ws/install/interfaces_pkg/include/interfaces_pkg/interfaces_pkg/msg/detail/detection__rosidl_typesupport_fastrtps_cpp.hpp
[6.967s] -- Up-to-date symlink: /home/cc/ros2_ws/install/interfaces_pkg/include/interfaces_pkg/interfaces_pkg/msg/detail/detection_array__rosidl_typesupport_fastrtps_cpp.hpp
[6.970s] -- Up-to-date symlink: /home/cc/ros2_ws/install/interfaces_pkg/include/interfaces_pkg/interfaces_pkg/msg/detail/key_point2_d__rosidl_typesupport_fastrtps_cpp.hpp
[6.973s] -- Up-to-date symlink: /home/cc/ros2_ws/install/interfaces_pkg/include/interfaces_pkg/interfaces_pkg/msg/detail/key_point2_d_array__rosidl_typesupport_fastrtps_cpp.hpp
[6.976s] -- Up-to-date symlink: /home/cc/ros2_ws/install/interfaces_pkg/include/interfaces_pkg/interfaces_pkg/msg/detail/key_point3_d__rosidl_typesupport_fastrtps_cpp.hpp
[6.980s] -- Up-to-date symlink: /home/cc/ros2_ws/install/interfaces_pkg/include/interfaces_pkg/interfaces_pkg/msg/detail/key_point3_d_array__rosidl_typesupport_fastrtps_cpp.hpp
[6.982s] -- Up-to-date symlink: /home/cc/ros2_ws/install/interfaces_pkg/include/interfaces_pkg/interfaces_pkg/msg/detail/lane_info__rosidl_typesupport_fastrtps_cpp.hpp
[6.996s] -- Up-to-date symlink: /home/cc/ros2_ws/install/interfaces_pkg/include/interfaces_pkg/interfaces_pkg/msg/detail/mask__rosidl_typesupport_fastrtps_cpp.hpp
[6.998s] -- Up-to-date symlink: /home/cc/ros2_ws/install/interfaces_pkg/include/interfaces_pkg/interfaces_pkg/msg/detail/motion_command__rosidl_typesupport_fastrtps_cpp.hpp
[7.001s] -- Up-to-date symlink: /home/cc/ros2_ws/install/interfaces_pkg/include/interfaces_pkg/interfaces_pkg/msg/detail/path_planning_result__rosidl_typesupport_fastrtps_cpp.hpp
[7.006s] -- Up-to-date symlink: /home/cc/ros2_ws/install/interfaces_pkg/include/interfaces_pkg/interfaces_pkg/msg/detail/point2_d__rosidl_typesupport_fastrtps_cpp.hpp
[7.012s] -- Up-to-date symlink: /home/cc/ros2_ws/install/interfaces_pkg/include/interfaces_pkg/interfaces_pkg/msg/detail/pose2_d__rosidl_typesupport_fastrtps_cpp.hpp
[7.017s] -- Up-to-date symlink: /home/cc/ros2_ws/install/interfaces_pkg/include/interfaces_pkg/interfaces_pkg/msg/detail/target_point__rosidl_typesupport_fastrtps_cpp.hpp
[7.021s] -- Up-to-date symlink: /home/cc/ros2_ws/install/interfaces_pkg/include/interfaces_pkg/interfaces_pkg/msg/detail/vector2__rosidl_typesupport_fastrtps_cpp.hpp
[7.024s] -- Up-to-date symlink: /home/cc/ros2_ws/install/interfaces_pkg/include/interfaces_pkg/interfaces_pkg/msg/rosidl_typesupport_fastrtps_cpp__visibility_control.h
[7.047s] -- Up-to-date symlink: /home/cc/ros2_ws/install/interfaces_pkg/include/interfaces_pkg/interfaces_pkg/msg/detail/bounding_box2_d__rosidl_typesupport_introspection_cpp.hpp
[7.053s] -- Up-to-date symlink: /home/cc/ros2_ws/install/interfaces_pkg/include/interfaces_pkg/interfaces_pkg/msg/detail/bounding_box3_d__rosidl_typesupport_introspection_cpp.hpp
[7.059s] -- Up-to-date symlink: /home/cc/ros2_ws/install/interfaces_pkg/include/interfaces_pkg/interfaces_pkg/msg/detail/detection__rosidl_typesupport_introspection_cpp.hpp
[7.065s] -- Up-to-date symlink: /home/cc/ros2_ws/install/interfaces_pkg/include/interfaces_pkg/interfaces_pkg/msg/detail/detection_array__rosidl_typesupport_introspection_cpp.hpp
[7.070s] -- Up-to-date symlink: /home/cc/ros2_ws/install/interfaces_pkg/include/interfaces_pkg/interfaces_pkg/msg/detail/key_point2_d__rosidl_typesupport_introspection_cpp.hpp
[7.073s] -- Up-to-date symlink: /home/cc/ros2_ws/install/interfaces_pkg/include/interfaces_pkg/interfaces_pkg/msg/detail/key_point2_d_array__rosidl_typesupport_introspection_cpp.hpp
[7.076s] -- Up-to-date symlink: /home/cc/ros2_ws/install/interfaces_pkg/include/interfaces_pkg/interfaces_pkg/msg/detail/key_point3_d__rosidl_typesupport_introspection_cpp.hpp
[7.080s] -- Up-to-date symlink: /home/cc/ros2_ws/install/interfaces_pkg/include/interfaces_pkg/interfaces_pkg/msg/detail/key_point3_d_array__rosidl_typesupport_introspection_cpp.hpp
[7.085s] -- Up-to-date symlink: /home/cc/ros2_ws/install/interfaces_pkg/include/interfaces_pkg/interfaces_pkg/msg/detail/lane_info__rosidl_typesupport_introspection_cpp.hpp
[7.088s] -- Up-to-date symlink: /home/cc/ros2_ws/install/interfaces_pkg/include/interfaces_pkg/interfaces_pkg/msg/detail/mask__rosidl_typesupport_introspection_cpp.hpp
[7.091s] -- Up-to-date symlink: /home/cc/ros2_ws/install/interfaces_pkg/include/interfaces_pkg/interfaces_pkg/msg/detail/motion_command__rosidl_typesupport_introspection_cpp.hpp
[7.093s] -- Up-to-date symlink: /home/cc/ros2_ws/install/interfaces_pkg/include/interfaces_pkg/interfaces_pkg/msg/detail/path_planning_result__rosidl_typesupport_introspection_cpp.hpp
[7.095s] -- Up-to-date symlink: /home/cc/ros2_ws/install/interfaces_pkg/include/interfaces_pkg/interfaces_pkg/msg/detail/point2_d__rosidl_typesupport_introspection_cpp.hpp
[7.098s] -- Up-to-date symlink: /home/cc/ros2_ws/install/interfaces_pkg/include/interfaces_pkg/interfaces_pkg/msg/detail/pose2_d__rosidl_typesupport_introspection_cpp.hpp
[7.100s] -- Up-to-date symlink: /home/cc/ros2_ws/install/interfaces_pkg/include/interfaces_pkg/interfaces_pkg/msg/detail/target_point__rosidl_typesupport_introspection_cpp.hpp
[7.103s] -- Up-to-date symlink: /home/cc/ros2_ws/install/interfaces_pkg/include/interfaces_pkg/interfaces_pkg/msg/detail/vector2__rosidl_typesupport_introspection_cpp.hpp
[7.107s] -- Up-to-date symlink: /home/cc/ros2_ws/install/interfaces_pkg/share/interfaces_pkg/environment/pythonpath.sh
[7.108s] -- Up-to-date symlink: /home/cc/ros2_ws/install/interfaces_pkg/share/interfaces_pkg/environment/pythonpath.dsv
[7.112s] -- Up-to-date symlink: /home/cc/ros2_ws/install/interfaces_pkg/local/lib/python3.10/dist-packages/interfaces_pkg-0.0.0-py3.10.egg-info/PKG-INFO
[7.116s] -- Up-to-date symlink: /home/cc/ros2_ws/install/interfaces_pkg/local/lib/python3.10/dist-packages/interfaces_pkg-0.0.0-py3.10.egg-info/SOURCES.txt
[7.127s] -- Up-to-date symlink: /home/cc/ros2_ws/install/interfaces_pkg/local/lib/python3.10/dist-packages/interfaces_pkg-0.0.0-py3.10.egg-info/dependency_links.txt
[7.133s] -- Up-to-date symlink: /home/cc/ros2_ws/install/interfaces_pkg/local/lib/python3.10/dist-packages/interfaces_pkg-0.0.0-py3.10.egg-info/top_level.txt
[7.151s] -- Up-to-date symlink: /home/cc/ros2_ws/install/interfaces_pkg/local/lib/python3.10/dist-packages/interfaces_pkg/__init__.py
[7.154s] -- Up-to-date symlink: /home/cc/ros2_ws/install/interfaces_pkg/local/lib/python3.10/dist-packages/interfaces_pkg/_interfaces_pkg_s.ep.rosidl_typesupport_c.c
[7.156s] -- Up-to-date symlink: /home/cc/ros2_ws/install/interfaces_pkg/local/lib/python3.10/dist-packages/interfaces_pkg/_interfaces_pkg_s.ep.rosidl_typesupport_fastrtps_c.c
[7.159s] -- Up-to-date symlink: /home/cc/ros2_ws/install/interfaces_pkg/local/lib/python3.10/dist-packages/interfaces_pkg/_interfaces_pkg_s.ep.rosidl_typesupport_introspection_c.c
[7.162s] -- Up-to-date symlink: /home/cc/ros2_ws/install/interfaces_pkg/local/lib/python3.10/dist-packages/interfaces_pkg/interfaces_pkg_s__rosidl_typesupport_c.cpython-310-aarch64-linux-gnu.so
[7.164s] -- Up-to-date symlink: /home/cc/ros2_ws/install/interfaces_pkg/local/lib/python3.10/dist-packages/interfaces_pkg/interfaces_pkg_s__rosidl_typesupport_fastrtps_c.cpython-310-aarch64-linux-gnu.so
[7.167s] -- Up-to-date symlink: /home/cc/ros2_ws/install/interfaces_pkg/local/lib/python3.10/dist-packages/interfaces_pkg/interfaces_pkg_s__rosidl_typesupport_introspection_c.cpython-310-aarch64-linux-gnu.so
[7.169s] -- Up-to-date symlink: /home/cc/ros2_ws/install/interfaces_pkg/local/lib/python3.10/dist-packages/interfaces_pkg/libinterfaces_pkg__rosidl_generator_py.so
[7.172s] -- Up-to-date symlink: /home/cc/ros2_ws/install/interfaces_pkg/local/lib/python3.10/dist-packages/interfaces_pkg/msg/__init__.py
[7.174s] -- Up-to-date symlink: /home/cc/ros2_ws/install/interfaces_pkg/local/lib/python3.10/dist-packages/interfaces_pkg/msg/_bounding_box2_d.py
[7.176s] -- Up-to-date symlink: /home/cc/ros2_ws/install/interfaces_pkg/local/lib/python3.10/dist-packages/interfaces_pkg/msg/_bounding_box2_d_s.c
[7.181s] -- Up-to-date symlink: /home/cc/ros2_ws/install/interfaces_pkg/local/lib/python3.10/dist-packages/interfaces_pkg/msg/_bounding_box3_d.py
[7.184s] -- Up-to-date symlink: /home/cc/ros2_ws/install/interfaces_pkg/local/lib/python3.10/dist-packages/interfaces_pkg/msg/_bounding_box3_d_s.c
[7.186s] -- Up-to-date symlink: /home/cc/ros2_ws/install/interfaces_pkg/local/lib/python3.10/dist-packages/interfaces_pkg/msg/_detection.py
[7.188s] -- Up-to-date symlink: /home/cc/ros2_ws/install/interfaces_pkg/local/lib/python3.10/dist-packages/interfaces_pkg/msg/_detection_array.py
[7.191s] -- Up-to-date symlink: /home/cc/ros2_ws/install/interfaces_pkg/local/lib/python3.10/dist-packages/interfaces_pkg/msg/_detection_array_s.c
[7.193s] -- Up-to-date symlink: /home/cc/ros2_ws/install/interfaces_pkg/local/lib/python3.10/dist-packages/interfaces_pkg/msg/_detection_s.c
[7.195s] -- Up-to-date symlink: /home/cc/ros2_ws/install/interfaces_pkg/local/lib/python3.10/dist-packages/interfaces_pkg/msg/_key_point2_d.py
[7.198s] -- Up-to-date symlink: /home/cc/ros2_ws/install/interfaces_pkg/local/lib/python3.10/dist-packages/interfaces_pkg/msg/_key_point2_d_array.py
[7.200s] -- Up-to-date symlink: /home/cc/ros2_ws/install/interfaces_pkg/local/lib/python3.10/dist-packages/interfaces_pkg/msg/_key_point2_d_array_s.c
[7.202s] -- Up-to-date symlink: /home/cc/ros2_ws/install/interfaces_pkg/local/lib/python3.10/dist-packages/interfaces_pkg/msg/_key_point2_d_s.c
[7.205s] -- Up-to-date symlink: /home/cc/ros2_ws/install/interfaces_pkg/local/lib/python3.10/dist-packages/interfaces_pkg/msg/_key_point3_d.py
[7.208s] -- Up-to-date symlink: /home/cc/ros2_ws/install/interfaces_pkg/local/lib/python3.10/dist-packages/interfaces_pkg/msg/_key_point3_d_array.py
[7.209s] -- Up-to-date symlink: /home/cc/ros2_ws/install/interfaces_pkg/local/lib/python3.10/dist-packages/interfaces_pkg/msg/_key_point3_d_array_s.c
[7.211s] -- Up-to-date symlink: /home/cc/ros2_ws/install/interfaces_pkg/local/lib/python3.10/dist-packages/interfaces_pkg/msg/_key_point3_d_s.c
[7.216s] -- Up-to-date symlink: /home/cc/ros2_ws/install/interfaces_pkg/local/lib/python3.10/dist-packages/interfaces_pkg/msg/_lane_info.py
[7.227s] -- Up-to-date symlink: /home/cc/ros2_ws/install/interfaces_pkg/local/lib/python3.10/dist-packages/interfaces_pkg/msg/_lane_info_s.c
[7.234s] -- Up-to-date symlink: /home/cc/ros2_ws/install/interfaces_pkg/local/lib/python3.10/dist-packages/interfaces_pkg/msg/_mask.py
[7.239s] -- Up-to-date symlink: /home/cc/ros2_ws/install/interfaces_pkg/local/lib/python3.10/dist-packages/interfaces_pkg/msg/_mask_s.c
[7.241s] -- Up-to-date symlink: /home/cc/ros2_ws/install/interfaces_pkg/local/lib/python3.10/dist-packages/interfaces_pkg/msg/_motion_command.py
[7.244s] -- Up-to-date symlink: /home/cc/ros2_ws/install/interfaces_pkg/local/lib/python3.10/dist-packages/interfaces_pkg/msg/_motion_command_s.c
[7.246s] -- Up-to-date symlink: /home/cc/ros2_ws/install/interfaces_pkg/local/lib/python3.10/dist-packages/interfaces_pkg/msg/_path_planning_result.py
[7.249s] -- Up-to-date symlink: /home/cc/ros2_ws/install/interfaces_pkg/local/lib/python3.10/dist-packages/interfaces_pkg/msg/_path_planning_result_s.c
[7.251s] -- Up-to-date symlink: /home/cc/ros2_ws/install/interfaces_pkg/local/lib/python3.10/dist-packages/interfaces_pkg/msg/_point2_d.py
[7.253s] -- Up-to-date symlink: /home/cc/ros2_ws/install/interfaces_pkg/local/lib/python3.10/dist-packages/interfaces_pkg/msg/_point2_d_s.c
[7.256s] -- Up-to-date symlink: /home/cc/ros2_ws/install/interfaces_pkg/local/lib/python3.10/dist-packages/interfaces_pkg/msg/_pose2_d.py
[7.258s] -- Up-to-date symlink: /home/cc/ros2_ws/install/interfaces_pkg/local/lib/python3.10/dist-packages/interfaces_pkg/msg/_pose2_d_s.c
[7.260s] -- Up-to-date symlink: /home/cc/ros2_ws/install/interfaces_pkg/local/lib/python3.10/dist-packages/interfaces_pkg/msg/_target_point.py
[7.263s] -- Up-to-date symlink: /home/cc/ros2_ws/install/interfaces_pkg/local/lib/python3.10/dist-packages/interfaces_pkg/msg/_target_point_s.c
[7.265s] -- Up-to-date symlink: /home/cc/ros2_ws/install/interfaces_pkg/local/lib/python3.10/dist-packages/interfaces_pkg/msg/_vector2.py
[7.267s] -- Up-to-date symlink: /home/cc/ros2_ws/install/interfaces_pkg/local/lib/python3.10/dist-packages/interfaces_pkg/msg/_vector2_s.c
[7.271s] -- Up-to-date symlink: /home/cc/ros2_ws/install/interfaces_pkg/local/lib/python3.10/dist-packages/interfaces_pkg/interfaces_pkg_s__rosidl_typesupport_fastrtps_c.cpython-310-aarch64-linux-gnu.so
[7.275s] -- Up-to-date symlink: /home/cc/ros2_ws/install/interfaces_pkg/local/lib/python3.10/dist-packages/interfaces_pkg/interfaces_pkg_s__rosidl_typesupport_introspection_c.cpython-310-aarch64-linux-gnu.so
[7.280s] -- Up-to-date symlink: /home/cc/ros2_ws/install/interfaces_pkg/local/lib/python3.10/dist-packages/interfaces_pkg/interfaces_pkg_s__rosidl_typesupport_c.cpython-310-aarch64-linux-gnu.so
[7.284s] -- Up-to-date symlink: /home/cc/ros2_ws/install/interfaces_pkg/share/interfaces_pkg/msg/Point2D.idl
[7.287s] -- Up-to-date symlink: /home/cc/ros2_ws/install/interfaces_pkg/share/interfaces_pkg/msg/Vector2.idl
[7.291s] -- Up-to-date symlink: /home/cc/ros2_ws/install/interfaces_pkg/share/interfaces_pkg/msg/Pose2D.idl
[7.294s] -- Up-to-date symlink: /home/cc/ros2_ws/install/interfaces_pkg/share/interfaces_pkg/msg/BoundingBox2D.idl
[7.299s] -- Up-to-date symlink: /home/cc/ros2_ws/install/interfaces_pkg/share/interfaces_pkg/msg/BoundingBox3D.idl
[7.303s] -- Up-to-date symlink: /home/cc/ros2_ws/install/interfaces_pkg/share/interfaces_pkg/msg/Mask.idl
[7.308s] -- Up-to-date symlink: /home/cc/ros2_ws/install/interfaces_pkg/share/interfaces_pkg/msg/KeyPoint2D.idl
[7.310s] -- Up-to-date symlink: /home/cc/ros2_ws/install/interfaces_pkg/share/interfaces_pkg/msg/KeyPoint2DArray.idl
[7.314s] -- Up-to-date symlink: /home/cc/ros2_ws/install/interfaces_pkg/share/interfaces_pkg/msg/KeyPoint3D.idl
[7.318s] -- Up-to-date symlink: /home/cc/ros2_ws/install/interfaces_pkg/share/interfaces_pkg/msg/KeyPoint3DArray.idl
[7.320s] -- Up-to-date symlink: /home/cc/ros2_ws/install/interfaces_pkg/share/interfaces_pkg/msg/Detection.idl
[7.332s] -- Up-to-date symlink: /home/cc/ros2_ws/install/interfaces_pkg/share/interfaces_pkg/msg/DetectionArray.idl
[7.334s] -- Up-to-date symlink: /home/cc/ros2_ws/install/interfaces_pkg/share/interfaces_pkg/msg/LaneInfo.idl
[7.336s] -- Up-to-date symlink: /home/cc/ros2_ws/install/interfaces_pkg/share/interfaces_pkg/msg/MotionCommand.idl
[7.339s] -- Up-to-date symlink: /home/cc/ros2_ws/install/interfaces_pkg/share/interfaces_pkg/msg/TargetPoint.idl
[7.344s] -- Up-to-date symlink: /home/cc/ros2_ws/install/interfaces_pkg/share/interfaces_pkg/msg/PathPlanningResult.idl
[7.347s] -- Up-to-date symlink: /home/cc/ros2_ws/install/interfaces_pkg/share/interfaces_pkg/msg/Point2D.msg
[7.350s] -- Up-to-date symlink: /home/cc/ros2_ws/install/interfaces_pkg/share/interfaces_pkg/msg/Vector2.msg
[7.353s] -- Up-to-date symlink: /home/cc/ros2_ws/install/interfaces_pkg/share/interfaces_pkg/msg/Pose2D.msg
[7.356s] -- Up-to-date symlink: /home/cc/ros2_ws/install/interfaces_pkg/share/interfaces_pkg/msg/BoundingBox2D.msg
[7.359s] -- Up-to-date symlink: /home/cc/ros2_ws/install/interfaces_pkg/share/interfaces_pkg/msg/BoundingBox3D.msg
[7.363s] -- Up-to-date symlink: /home/cc/ros2_ws/install/interfaces_pkg/share/interfaces_pkg/msg/Mask.msg
[7.365s] -- Up-to-date symlink: /home/cc/ros2_ws/install/interfaces_pkg/share/interfaces_pkg/msg/KeyPoint2D.msg
[7.369s] -- Up-to-date symlink: /home/cc/ros2_ws/install/interfaces_pkg/share/interfaces_pkg/msg/KeyPoint2DArray.msg
[7.372s] -- Up-to-date symlink: /home/cc/ros2_ws/install/interfaces_pkg/share/interfaces_pkg/msg/KeyPoint3D.msg
[7.375s] -- Up-to-date symlink: /home/cc/ros2_ws/install/interfaces_pkg/share/interfaces_pkg/msg/KeyPoint3DArray.msg
[7.377s] -- Up-to-date symlink: /home/cc/ros2_ws/install/interfaces_pkg/share/interfaces_pkg/msg/Detection.msg
[7.381s] -- Up-to-date symlink: /home/cc/ros2_ws/install/interfaces_pkg/share/interfaces_pkg/msg/DetectionArray.msg
[7.384s] -- Up-to-date symlink: /home/cc/ros2_ws/install/interfaces_pkg/share/interfaces_pkg/msg/LaneInfo.msg
[7.387s] -- Up-to-date symlink: /home/cc/ros2_ws/install/interfaces_pkg/share/interfaces_pkg/msg/MotionCommand.msg
[7.390s] -- Up-to-date symlink: /home/cc/ros2_ws/install/interfaces_pkg/share/interfaces_pkg/msg/TargetPoint.msg
[7.393s] -- Up-to-date symlink: /home/cc/ros2_ws/install/interfaces_pkg/share/interfaces_pkg/msg/PathPlanningResult.msg
[7.397s] -- Up-to-date symlink: /home/cc/ros2_ws/install/interfaces_pkg/share/ament_index/resource_index/package_run_dependencies/interfaces_pkg
[7.400s] -- Up-to-date symlink: /home/cc/ros2_ws/install/interfaces_pkg/share/ament_index/resource_index/parent_prefix_path/interfaces_pkg
[7.403s] -- Up-to-date symlink: /home/cc/ros2_ws/install/interfaces_pkg/share/interfaces_pkg/environment/ament_prefix_path.sh
[7.405s] -- Up-to-date symlink: /home/cc/ros2_ws/install/interfaces_pkg/share/interfaces_pkg/environment/ament_prefix_path.dsv
[7.409s] -- Up-to-date symlink: /home/cc/ros2_ws/install/interfaces_pkg/share/interfaces_pkg/environment/path.sh
[7.412s] -- Up-to-date symlink: /home/cc/ros2_ws/install/interfaces_pkg/share/interfaces_pkg/environment/path.dsv
[7.415s] -- Up-to-date symlink: /home/cc/ros2_ws/install/interfaces_pkg/share/interfaces_pkg/local_setup.bash
[7.418s] -- Up-to-date symlink: /home/cc/ros2_ws/install/interfaces_pkg/share/interfaces_pkg/local_setup.sh
[7.429s] -- Up-to-date symlink: /home/cc/ros2_ws/install/interfaces_pkg/share/interfaces_pkg/local_setup.zsh
[7.439s] -- Up-to-date symlink: /home/cc/ros2_ws/install/interfaces_pkg/share/interfaces_pkg/local_setup.dsv
[7.440s] -- Symlinking: /home/cc/ros2_ws/install/interfaces_pkg/share/interfaces_pkg/package.dsv
[7.498s] -- Up-to-date symlink: /home/cc/ros2_ws/install/interfaces_pkg/share/ament_index/resource_index/packages/interfaces_pkg
[7.501s] -- Up-to-date symlink: /home/cc/ros2_ws/install/interfaces_pkg/share/interfaces_pkg/cmake/rosidl_cmake-extras.cmake
[7.505s] -- Up-to-date symlink: /home/cc/ros2_ws/install/interfaces_pkg/share/interfaces_pkg/cmake/ament_cmake_export_dependencies-extras.cmake
[7.508s] -- Up-to-date symlink: /home/cc/ros2_ws/install/interfaces_pkg/share/interfaces_pkg/cmake/ament_cmake_export_include_directories-extras.cmake
[7.511s] -- Up-to-date symlink: /home/cc/ros2_ws/install/interfaces_pkg/share/interfaces_pkg/cmake/ament_cmake_export_libraries-extras.cmake
[7.514s] -- Up-to-date symlink: /home/cc/ros2_ws/install/interfaces_pkg/share/interfaces_pkg/cmake/ament_cmake_export_targets-extras.cmake
[7.517s] -- Up-to-date symlink: /home/cc/ros2_ws/install/interfaces_pkg/share/interfaces_pkg/cmake/rosidl_cmake_export_typesupport_targets-extras.cmake
[7.528s] -- Up-to-date symlink: /home/cc/ros2_ws/install/interfaces_pkg/share/interfaces_pkg/cmake/rosidl_cmake_export_typesupport_libraries-extras.cmake
[7.530s] -- Up-to-date symlink: /home/cc/ros2_ws/install/interfaces_pkg/share/interfaces_pkg/cmake/interfaces_pkgConfig.cmake
[7.531s] -- Up-to-date symlink: /home/cc/ros2_ws/install/interfaces_pkg/share/interfaces_pkg/cmake/interfaces_pkgConfig-version.cmake
[7.536s] -- Up-to-date symlink: /home/cc/ros2_ws/install/interfaces_pkg/share/interfaces_pkg/package.xml
[7.539s] -- Up-to-date: /home/cc/ros2_ws/install/interfaces_pkg/lib/libinterfaces_pkg__rosidl_generator_c.so
[7.545s] -- Up-to-date: /home/cc/ros2_ws/install/interfaces_pkg/lib/libinterfaces_pkg__rosidl_typesupport_fastrtps_c.so
[7.550s] -- Up-to-date: /home/cc/ros2_ws/install/interfaces_pkg/lib/libinterfaces_pkg__rosidl_typesupport_introspection_c.so
[7.554s] -- Up-to-date: /home/cc/ros2_ws/install/interfaces_pkg/lib/libinterfaces_pkg__rosidl_typesupport_c.so
[7.559s] -- Up-to-date: /home/cc/ros2_ws/install/interfaces_pkg/lib/libinterfaces_pkg__rosidl_typesupport_fastrtps_cpp.so
[7.564s] -- Up-to-date: /home/cc/ros2_ws/install/interfaces_pkg/lib/libinterfaces_pkg__rosidl_typesupport_introspection_cpp.so
[7.569s] -- Up-to-date: /home/cc/ros2_ws/install/interfaces_pkg/lib/libinterfaces_pkg__rosidl_typesupport_cpp.so
[7.879s] Listing '/home/cc/ros2_ws/install/interfaces_pkg/local/lib/python3.10/dist-packages/interfaces_pkg'...
[7.880s] Listing '/home/cc/ros2_ws/install/interfaces_pkg/local/lib/python3.10/dist-packages/interfaces_pkg/msg'...
[7.926s] -- Up-to-date: /home/cc/ros2_ws/install/interfaces_pkg/lib/libinterfaces_pkg__rosidl_generator_py.so
[7.933s] -- Up-to-date: /home/cc/ros2_ws/install/interfaces_pkg/share/interfaces_pkg/cmake/export_interfaces_pkg__rosidl_generator_cExport.cmake
[7.943s] -- Up-to-date: /home/cc/ros2_ws/install/interfaces_pkg/share/interfaces_pkg/cmake/export_interfaces_pkg__rosidl_generator_cExport-noconfig.cmake
[7.947s] -- Up-to-date: /home/cc/ros2_ws/install/interfaces_pkg/share/interfaces_pkg/cmake/export_interfaces_pkg__rosidl_typesupport_fastrtps_cExport.cmake
[7.948s] -- Up-to-date: /home/cc/ros2_ws/install/interfaces_pkg/share/interfaces_pkg/cmake/export_interfaces_pkg__rosidl_typesupport_fastrtps_cExport-noconfig.cmake
[7.955s] -- Up-to-date: /home/cc/ros2_ws/install/interfaces_pkg/share/interfaces_pkg/cmake/interfaces_pkg__rosidl_typesupport_introspection_cExport.cmake
[7.957s] -- Up-to-date: /home/cc/ros2_ws/install/interfaces_pkg/share/interfaces_pkg/cmake/interfaces_pkg__rosidl_typesupport_introspection_cExport-noconfig.cmake
[7.961s] -- Up-to-date: /home/cc/ros2_ws/install/interfaces_pkg/share/interfaces_pkg/cmake/interfaces_pkg__rosidl_typesupport_cExport.cmake
[7.963s] -- Up-to-date: /home/cc/ros2_ws/install/interfaces_pkg/share/interfaces_pkg/cmake/interfaces_pkg__rosidl_typesupport_cExport-noconfig.cmake
[7.968s] -- Up-to-date: /home/cc/ros2_ws/install/interfaces_pkg/share/interfaces_pkg/cmake/export_interfaces_pkg__rosidl_generator_cppExport.cmake
[7.970s] -- Up-to-date: /home/cc/ros2_ws/install/interfaces_pkg/share/interfaces_pkg/cmake/export_interfaces_pkg__rosidl_typesupport_fastrtps_cppExport.cmake
[7.971s] -- Up-to-date: /home/cc/ros2_ws/install/interfaces_pkg/share/interfaces_pkg/cmake/export_interfaces_pkg__rosidl_typesupport_fastrtps_cppExport-noconfig.cmake
[7.977s] -- Up-to-date: /home/cc/ros2_ws/install/interfaces_pkg/share/interfaces_pkg/cmake/interfaces_pkg__rosidl_typesupport_introspection_cppExport.cmake
[7.979s] -- Up-to-date: /home/cc/ros2_ws/install/interfaces_pkg/share/interfaces_pkg/cmake/interfaces_pkg__rosidl_typesupport_introspection_cppExport-noconfig.cmake
[7.983s] -- Up-to-date: /home/cc/ros2_ws/install/interfaces_pkg/share/interfaces_pkg/cmake/interfaces_pkg__rosidl_typesupport_cppExport.cmake
[7.985s] -- Up-to-date: /home/cc/ros2_ws/install/interfaces_pkg/share/interfaces_pkg/cmake/interfaces_pkg__rosidl_typesupport_cppExport-noconfig.cmake
[7.989s] -- Up-to-date: /home/cc/ros2_ws/install/interfaces_pkg/share/interfaces_pkg/cmake/export_interfaces_pkg__rosidl_generator_pyExport.cmake
[7.991s] -- Up-to-date: /home/cc/ros2_ws/install/interfaces_pkg/share/interfaces_pkg/cmake/export_interfaces_pkg__rosidl_generator_pyExport-noconfig.cmake
[8.007s] Invoked command in '/home/cc/ros2_ws/build/interfaces_pkg' returned '0': CMAKE_PREFIX_PATH=${CMAKE_PREFIX_PATH}:/home/cc/ros2_ws/install/serial_communication_pkg:/home/cc/ros2_ws/install/lidar_perception_pkg:/home/cc/ros2_ws/install/decision_making_pkg:/home/cc/ros2_ws/install/debug_pkg:/home/cc/ros2_ws/install/camera_perception_pkg:/opt/ros/humble /usr/bin/cmake --install /home/cc/ros2_ws/build/interfaces_pkg
