[0.179s] Invoking command in '/home/cc/ros2_ws/build/interfaces_pkg': CMAKE_PREFIX_PATH=${CMAKE_PREFIX_PATH}:/home/cc/ros2_ws/install/serial_communication_pkg:/home/cc/ros2_ws/install/lidar_perception_pkg:/home/cc/ros2_ws/install/decision_making_pkg:/home/cc/ros2_ws/install/debug_pkg:/home/cc/ros2_ws/install/camera_perception_pkg:/opt/ros/humble /usr/bin/cmake /home/cc/ros2_ws/src/interfaces_pkg -DAMENT_CMAKE_SYMLINK_INSTALL=1 -DCMAKE_INSTALL_PREFIX=/home/cc/ros2_ws/install/interfaces_pkg
[5.588s] -- The C compiler identification is GNU 11.4.0
[5.591s] -- The CXX compiler identification is GNU 11.4.0
[5.594s] -- Detecting C compiler ABI info
[5.595s] -- Detecting C compiler ABI info - done
[5.597s] -- Check for working C compiler: /usr/bin/cc - skipped
[5.598s] -- Detecting C compile features
[5.599s] -- Detecting C compile features - done
[5.600s] -- Detecting CXX compiler ABI info
[5.604s] -- Detecting CXX compiler ABI info - done
[5.604s] -- Check for working CXX compiler: /usr/bin/c++ - skipped
[5.604s] -- Detecting CXX compile features
[5.605s] -- Detecting CXX compile features - done
[5.605s] -- Found ament_cmake: 1.3.11 (/opt/ros/humble/share/ament_cmake/cmake)
[5.606s] -- Found Python3: /usr/bin/python3 (found version "3.10.12") found components: Interpreter 
[5.988s] -- Override CMake install command with custom implementation using symlinks instead of copying resources
[6.358s] -- Found rosidl_default_generators: 1.2.0 (/opt/ros/humble/share/rosidl_default_generators/cmake)
[6.403s] -- Using all available rosidl_typesupport_c: rosidl_typesupport_fastrtps_c;rosidl_typesupport_introspection_c
[6.493s] -- Found rosidl_adapter: 3.1.6 (/opt/ros/humble/share/rosidl_adapter/cmake)
[7.161s] -- Using all available rosidl_typesupport_cpp: rosidl_typesupport_fastrtps_cpp;rosidl_typesupport_introspection_cpp
[7.572s] -- Found std_msgs: 4.8.0 (/opt/ros/humble/share/std_msgs/cmake)
[7.907s] -- Found geometry_msgs: 4.8.0 (/opt/ros/humble/share/geometry_msgs/cmake)
[11.031s] -- Found ament_cmake_ros: 0.10.0 (/opt/ros/humble/share/ament_cmake_ros/cmake)
[13.312s] -- Using all available rosidl_typesupport_c: rosidl_typesupport_fastrtps_c;rosidl_typesupport_introspection_c
[16.178s] -- Using all available rosidl_typesupport_cpp: rosidl_typesupport_fastrtps_cpp;rosidl_typesupport_introspection_cpp
[16.328s] -- Found PythonInterp: /usr/bin/python3 (found suitable version "3.10.12", minimum required is "3.6") 
[16.432s] -- Found python_cmake_module: 0.10.0 (/opt/ros/humble/share/python_cmake_module/cmake)
[17.363s] -- Found PythonLibs: /usr/lib/aarch64-linux-gnu/libpython3.10.so (found suitable version "3.10.12", minimum required is "3.5") 
[17.368s] -- Using PYTHON_EXECUTABLE: /usr/bin/python3
[17.370s] -- Using PYTHON_INCLUDE_DIRS: /usr/include/python3.10
[17.371s] -- Using PYTHON_LIBRARIES: /usr/lib/aarch64-linux-gnu/libpython3.10.so
[17.513s] -- Found PythonExtra: .so  
[17.999s] -- Configuring done
[18.346s] -- Generating done
[18.427s] -- Build files have been written to: /home/cc/ros2_ws/build/interfaces_pkg
[18.469s] Invoked command in '/home/cc/ros2_ws/build/interfaces_pkg' returned '0': CMAKE_PREFIX_PATH=${CMAKE_PREFIX_PATH}:/home/cc/ros2_ws/install/serial_communication_pkg:/home/cc/ros2_ws/install/lidar_perception_pkg:/home/cc/ros2_ws/install/decision_making_pkg:/home/cc/ros2_ws/install/debug_pkg:/home/cc/ros2_ws/install/camera_perception_pkg:/opt/ros/humble /usr/bin/cmake /home/cc/ros2_ws/src/interfaces_pkg -DAMENT_CMAKE_SYMLINK_INSTALL=1 -DCMAKE_INSTALL_PREFIX=/home/cc/ros2_ws/install/interfaces_pkg
[18.472s] Invoking command in '/home/cc/ros2_ws/build/interfaces_pkg': CMAKE_PREFIX_PATH=${CMAKE_PREFIX_PATH}:/home/cc/ros2_ws/install/serial_communication_pkg:/home/cc/ros2_ws/install/lidar_perception_pkg:/home/cc/ros2_ws/install/decision_making_pkg:/home/cc/ros2_ws/install/debug_pkg:/home/cc/ros2_ws/install/camera_perception_pkg:/opt/ros/humble /usr/bin/cmake --build /home/cc/ros2_ws/build/interfaces_pkg -- -j4 -l4
[18.711s] [  0%] [34m[1mGenerating C code for ROS interfaces[0m
[18.820s] [  0%] [34m[1mGenerating C++ code for ROS interfaces[0m
[18.917s] [  0%] Built target ament_cmake_python_symlink_interfaces_pkg
[22.360s] running egg_info
[22.363s] creating interfaces_pkg.egg-info
[22.366s] writing interfaces_pkg.egg-info/PKG-INFO
[22.369s] writing dependency_links to interfaces_pkg.egg-info/dependency_links.txt
[22.372s] writing top-level names to interfaces_pkg.egg-info/top_level.txt
[22.376s] writing manifest file 'interfaces_pkg.egg-info/SOURCES.txt'
[22.381s] reading manifest file 'interfaces_pkg.egg-info/SOURCES.txt'
[22.393s] writing manifest file 'interfaces_pkg.egg-info/SOURCES.txt'
[22.595s] [  0%] Built target ament_cmake_python_build_interfaces_pkg_egg
[29.250s] [  1%] [32mBuilding C object CMakeFiles/interfaces_pkg__rosidl_generator_c.dir/rosidl_generator_c/interfaces_pkg/msg/detail/point2_d__functions.c.o[0m
[29.251s] [  2%] [32mBuilding C object CMakeFiles/interfaces_pkg__rosidl_generator_c.dir/rosidl_generator_c/interfaces_pkg/msg/detail/vector2__functions.c.o[0m
[29.280s] [  2%] [32mBuilding C object CMakeFiles/interfaces_pkg__rosidl_generator_c.dir/rosidl_generator_c/interfaces_pkg/msg/detail/pose2_d__functions.c.o[0m
[29.332s] [  2%] Built target interfaces_pkg__cpp
[29.390s] [  3%] [34m[1mGenerating C++ type support dispatch for ROS interfaces[0m
[29.659s] [  4%] [32mBuilding C object CMakeFiles/interfaces_pkg__rosidl_generator_c.dir/rosidl_generator_c/interfaces_pkg/msg/detail/bounding_box2_d__functions.c.o[0m
[29.687s] [  4%] [32mBuilding C object CMakeFiles/interfaces_pkg__rosidl_generator_c.dir/rosidl_generator_c/interfaces_pkg/msg/detail/mask__functions.c.o[0m
[29.702s] [  5%] [32mBuilding C object CMakeFiles/interfaces_pkg__rosidl_generator_c.dir/rosidl_generator_c/interfaces_pkg/msg/detail/bounding_box3_d__functions.c.o[0m
[30.005s] [  6%] [32mBuilding C object CMakeFiles/interfaces_pkg__rosidl_generator_c.dir/rosidl_generator_c/interfaces_pkg/msg/detail/key_point2_d__functions.c.o[0m
[30.019s] [  7%] [32mBuilding C object CMakeFiles/interfaces_pkg__rosidl_generator_c.dir/rosidl_generator_c/interfaces_pkg/msg/detail/key_point2_d_array__functions.c.o[0m
[30.063s] [  7%] [32mBuilding C object CMakeFiles/interfaces_pkg__rosidl_generator_c.dir/rosidl_generator_c/interfaces_pkg/msg/detail/key_point3_d__functions.c.o[0m
[30.317s] [  8%] [32mBuilding C object CMakeFiles/interfaces_pkg__rosidl_generator_c.dir/rosidl_generator_c/interfaces_pkg/msg/detail/key_point3_d_array__functions.c.o[0m
[30.332s] [  9%] [32mBuilding C object CMakeFiles/interfaces_pkg__rosidl_generator_c.dir/rosidl_generator_c/interfaces_pkg/msg/detail/detection__functions.c.o[0m
[30.403s] [  9%] [32mBuilding C object CMakeFiles/interfaces_pkg__rosidl_generator_c.dir/rosidl_generator_c/interfaces_pkg/msg/detail/detection_array__functions.c.o[0m
[30.637s] [ 10%] [32mBuilding C object CMakeFiles/interfaces_pkg__rosidl_generator_c.dir/rosidl_generator_c/interfaces_pkg/msg/detail/lane_info__functions.c.o[0m
[30.715s] [ 11%] [32mBuilding C object CMakeFiles/interfaces_pkg__rosidl_generator_c.dir/rosidl_generator_c/interfaces_pkg/msg/detail/motion_command__functions.c.o[0m
[30.755s] [ 11%] [32mBuilding C object CMakeFiles/interfaces_pkg__rosidl_generator_c.dir/rosidl_generator_c/interfaces_pkg/msg/detail/target_point__functions.c.o[0m
[31.246s] [ 12%] [32mBuilding C object CMakeFiles/interfaces_pkg__rosidl_generator_c.dir/rosidl_generator_c/interfaces_pkg/msg/detail/path_planning_result__functions.c.o[0m
[31.335s] [ 13%] [34m[1mGenerating C++ type support for eProsima Fast-RTPS[0m
[31.348s] [ 13%] [34m[1mGenerating C++ introspection for ROS interfaces[0m
[31.896s] [ 14%] [32m[1mLinking C shared library libinterfaces_pkg__rosidl_generator_c.so[0m
[32.320s] [ 14%] Built target interfaces_pkg__rosidl_generator_c
[32.387s] [ 15%] [34m[1mGenerating C type support for eProsima Fast-RTPS[0m
[36.504s] [ 16%] [32mBuilding CXX object CMakeFiles/interfaces_pkg__rosidl_typesupport_cpp.dir/rosidl_typesupport_cpp/interfaces_pkg/msg/point2_d__type_support.cpp.o[0m
[41.727s] [ 16%] [32mBuilding CXX object CMakeFiles/interfaces_pkg__rosidl_typesupport_cpp.dir/rosidl_typesupport_cpp/interfaces_pkg/msg/vector2__type_support.cpp.o[0m
[43.599s] [ 17%] [32mBuilding CXX object CMakeFiles/interfaces_pkg__rosidl_typesupport_introspection_cpp.dir/rosidl_typesupport_introspection_cpp/interfaces_pkg/msg/detail/point2_d__type_support.cpp.o[0m
[44.589s] [ 18%] [32mBuilding CXX object CMakeFiles/interfaces_pkg__rosidl_typesupport_fastrtps_cpp.dir/rosidl_typesupport_fastrtps_cpp/interfaces_pkg/msg/detail/dds_fastrtps/point2_d__type_support.cpp.o[0m
[45.831s] [ 19%] [32mBuilding CXX object CMakeFiles/interfaces_pkg__rosidl_typesupport_cpp.dir/rosidl_typesupport_cpp/interfaces_pkg/msg/pose2_d__type_support.cpp.o[0m
[45.904s] [ 19%] [32mBuilding CXX object CMakeFiles/interfaces_pkg__rosidl_typesupport_fastrtps_c.dir/rosidl_typesupport_fastrtps_c/interfaces_pkg/msg/detail/point2_d__type_support_c.cpp.o[0m
[50.148s] [ 20%] [32mBuilding CXX object CMakeFiles/interfaces_pkg__rosidl_typesupport_cpp.dir/rosidl_typesupport_cpp/interfaces_pkg/msg/bounding_box2_d__type_support.cpp.o[0m
[50.561s] [ 21%] [32mBuilding CXX object CMakeFiles/interfaces_pkg__rosidl_typesupport_introspection_cpp.dir/rosidl_typesupport_introspection_cpp/interfaces_pkg/msg/detail/vector2__type_support.cpp.o[0m
[50.688s] [ 21%] [32mBuilding CXX object CMakeFiles/interfaces_pkg__rosidl_typesupport_fastrtps_cpp.dir/rosidl_typesupport_fastrtps_cpp/interfaces_pkg/msg/detail/dds_fastrtps/vector2__type_support.cpp.o[0m
[50.701s] [ 22%] [32mBuilding CXX object CMakeFiles/interfaces_pkg__rosidl_typesupport_fastrtps_c.dir/rosidl_typesupport_fastrtps_c/interfaces_pkg/msg/detail/vector2__type_support_c.cpp.o[0m
[54.271s] [ 22%] [32mBuilding CXX object CMakeFiles/interfaces_pkg__rosidl_typesupport_cpp.dir/rosidl_typesupport_cpp/interfaces_pkg/msg/bounding_box3_d__type_support.cpp.o[0m
[55.549s] [ 23%] [32mBuilding CXX object CMakeFiles/interfaces_pkg__rosidl_typesupport_fastrtps_c.dir/rosidl_typesupport_fastrtps_c/interfaces_pkg/msg/detail/pose2_d__type_support_c.cpp.o[0m
[56.209s] [ 24%] [32mBuilding CXX object CMakeFiles/interfaces_pkg__rosidl_typesupport_fastrtps_cpp.dir/rosidl_typesupport_fastrtps_cpp/interfaces_pkg/msg/detail/dds_fastrtps/pose2_d__type_support.cpp.o[0m
[56.217s] [ 24%] [32mBuilding CXX object CMakeFiles/interfaces_pkg__rosidl_typesupport_introspection_cpp.dir/rosidl_typesupport_introspection_cpp/interfaces_pkg/msg/detail/pose2_d__type_support.cpp.o[0m
[57.896s] [ 25%] [32mBuilding CXX object CMakeFiles/interfaces_pkg__rosidl_typesupport_cpp.dir/rosidl_typesupport_cpp/interfaces_pkg/msg/mask__type_support.cpp.o[0m
[59.519s] [ 25%] [32mBuilding CXX object CMakeFiles/interfaces_pkg__rosidl_typesupport_fastrtps_c.dir/rosidl_typesupport_fastrtps_c/interfaces_pkg/msg/detail/bounding_box2_d__type_support_c.cpp.o[0m
[60.560s] [ 26%] [32mBuilding CXX object CMakeFiles/interfaces_pkg__rosidl_typesupport_introspection_cpp.dir/rosidl_typesupport_introspection_cpp/interfaces_pkg/msg/detail/bounding_box2_d__type_support.cpp.o[0m
[60.577s] [ 27%] [32mBuilding CXX object CMakeFiles/interfaces_pkg__rosidl_typesupport_cpp.dir/rosidl_typesupport_cpp/interfaces_pkg/msg/key_point2_d__type_support.cpp.o[0m
[60.631s] [ 28%] [32mBuilding CXX object CMakeFiles/interfaces_pkg__rosidl_typesupport_fastrtps_cpp.dir/rosidl_typesupport_fastrtps_cpp/interfaces_pkg/msg/detail/dds_fastrtps/bounding_box2_d__type_support.cpp.o[0m
[63.609s] [ 29%] [32mBuilding CXX object CMakeFiles/interfaces_pkg__rosidl_typesupport_fastrtps_c.dir/rosidl_typesupport_fastrtps_c/interfaces_pkg/msg/detail/bounding_box3_d__type_support_c.cpp.o[0m
[64.617s] [ 29%] [32mBuilding CXX object CMakeFiles/interfaces_pkg__rosidl_typesupport_cpp.dir/rosidl_typesupport_cpp/interfaces_pkg/msg/key_point2_d_array__type_support.cpp.o[0m
[66.212s] [ 30%] [32mBuilding CXX object CMakeFiles/interfaces_pkg__rosidl_typesupport_introspection_cpp.dir/rosidl_typesupport_introspection_cpp/interfaces_pkg/msg/detail/bounding_box3_d__type_support.cpp.o[0m
[66.615s] [ 30%] [32mBuilding CXX object CMakeFiles/interfaces_pkg__rosidl_typesupport_fastrtps_cpp.dir/rosidl_typesupport_fastrtps_cpp/interfaces_pkg/msg/detail/dds_fastrtps/bounding_box3_d__type_support.cpp.o[0m
[67.462s] [ 31%] [32mBuilding CXX object CMakeFiles/interfaces_pkg__rosidl_typesupport_fastrtps_c.dir/rosidl_typesupport_fastrtps_c/interfaces_pkg/msg/detail/mask__type_support_c.cpp.o[0m
[67.487s] [ 32%] [32mBuilding CXX object CMakeFiles/interfaces_pkg__rosidl_typesupport_cpp.dir/rosidl_typesupport_cpp/interfaces_pkg/msg/key_point3_d__type_support.cpp.o[0m
[69.573s] [ 32%] [32mBuilding CXX object CMakeFiles/interfaces_pkg__rosidl_typesupport_introspection_cpp.dir/rosidl_typesupport_introspection_cpp/interfaces_pkg/msg/detail/mask__type_support.cpp.o[0m
[69.699s] [ 33%] [32mBuilding CXX object CMakeFiles/interfaces_pkg__rosidl_typesupport_cpp.dir/rosidl_typesupport_cpp/interfaces_pkg/msg/key_point3_d_array__type_support.cpp.o[0m
[69.788s] [ 34%] [32mBuilding CXX object CMakeFiles/interfaces_pkg__rosidl_typesupport_fastrtps_cpp.dir/rosidl_typesupport_fastrtps_cpp/interfaces_pkg/msg/detail/dds_fastrtps/mask__type_support.cpp.o[0m
[70.330s] [ 34%] [32mBuilding CXX object CMakeFiles/interfaces_pkg__rosidl_typesupport_fastrtps_c.dir/rosidl_typesupport_fastrtps_c/interfaces_pkg/msg/detail/key_point2_d__type_support_c.cpp.o[0m
[71.743s] [ 34%] [32mBuilding CXX object CMakeFiles/interfaces_pkg__rosidl_typesupport_cpp.dir/rosidl_typesupport_cpp/interfaces_pkg/msg/detection__type_support.cpp.o[0m
[73.185s] [ 35%] [32mBuilding CXX object CMakeFiles/interfaces_pkg__rosidl_typesupport_introspection_cpp.dir/rosidl_typesupport_introspection_cpp/interfaces_pkg/msg/detail/key_point2_d__type_support.cpp.o[0m
[73.732s] [ 36%] [32mBuilding CXX object CMakeFiles/interfaces_pkg__rosidl_typesupport_fastrtps_cpp.dir/rosidl_typesupport_fastrtps_cpp/interfaces_pkg/msg/detail/dds_fastrtps/key_point2_d__type_support.cpp.o[0m
[74.095s] [ 37%] [32mBuilding CXX object CMakeFiles/interfaces_pkg__rosidl_typesupport_fastrtps_c.dir/rosidl_typesupport_fastrtps_c/interfaces_pkg/msg/detail/key_point2_d_array__type_support_c.cpp.o[0m
[74.709s] [ 38%] [32mBuilding CXX object CMakeFiles/interfaces_pkg__rosidl_typesupport_cpp.dir/rosidl_typesupport_cpp/interfaces_pkg/msg/detection_array__type_support.cpp.o[0m
[76.468s] [ 39%] [32mBuilding CXX object CMakeFiles/interfaces_pkg__rosidl_typesupport_introspection_cpp.dir/rosidl_typesupport_introspection_cpp/interfaces_pkg/msg/detail/key_point2_d_array__type_support.cpp.o[0m
[76.846s] [ 40%] [32mBuilding CXX object CMakeFiles/interfaces_pkg__rosidl_typesupport_fastrtps_c.dir/rosidl_typesupport_fastrtps_c/interfaces_pkg/msg/detail/key_point3_d__type_support_c.cpp.o[0m
[77.008s] [ 41%] [32mBuilding CXX object CMakeFiles/interfaces_pkg__rosidl_typesupport_cpp.dir/rosidl_typesupport_cpp/interfaces_pkg/msg/lane_info__type_support.cpp.o[0m
[77.074s] [ 41%] [32mBuilding CXX object CMakeFiles/interfaces_pkg__rosidl_typesupport_fastrtps_cpp.dir/rosidl_typesupport_fastrtps_cpp/interfaces_pkg/msg/detail/dds_fastrtps/key_point2_d_array__type_support.cpp.o[0m
[79.000s] [ 41%] [32mBuilding CXX object CMakeFiles/interfaces_pkg__rosidl_typesupport_cpp.dir/rosidl_typesupport_cpp/interfaces_pkg/msg/motion_command__type_support.cpp.o[0m
[79.435s] [ 41%] [32mBuilding CXX object CMakeFiles/interfaces_pkg__rosidl_typesupport_fastrtps_c.dir/rosidl_typesupport_fastrtps_c/interfaces_pkg/msg/detail/key_point3_d_array__type_support_c.cpp.o[0m
[79.847s] [ 41%] [32mBuilding CXX object CMakeFiles/interfaces_pkg__rosidl_typesupport_introspection_cpp.dir/rosidl_typesupport_introspection_cpp/interfaces_pkg/msg/detail/key_point3_d__type_support.cpp.o[0m
[80.337s] [ 42%] [32mBuilding CXX object CMakeFiles/interfaces_pkg__rosidl_typesupport_fastrtps_cpp.dir/rosidl_typesupport_fastrtps_cpp/interfaces_pkg/msg/detail/dds_fastrtps/key_point3_d__type_support.cpp.o[0m
[81.122s] [ 43%] [32mBuilding CXX object CMakeFiles/interfaces_pkg__rosidl_typesupport_cpp.dir/rosidl_typesupport_cpp/interfaces_pkg/msg/target_point__type_support.cpp.o[0m
[82.011s] [ 44%] [32mBuilding CXX object CMakeFiles/interfaces_pkg__rosidl_typesupport_fastrtps_c.dir/rosidl_typesupport_fastrtps_c/interfaces_pkg/msg/detail/detection__type_support_c.cpp.o[0m
[82.738s] [ 45%] [32mBuilding CXX object CMakeFiles/interfaces_pkg__rosidl_typesupport_introspection_cpp.dir/rosidl_typesupport_introspection_cpp/interfaces_pkg/msg/detail/key_point3_d_array__type_support.cpp.o[0m
[83.196s] [ 46%] [32mBuilding CXX object CMakeFiles/interfaces_pkg__rosidl_typesupport_cpp.dir/rosidl_typesupport_cpp/interfaces_pkg/msg/path_planning_result__type_support.cpp.o[0m
[83.282s] [ 47%] [32mBuilding CXX object CMakeFiles/interfaces_pkg__rosidl_typesupport_fastrtps_cpp.dir/rosidl_typesupport_fastrtps_cpp/interfaces_pkg/msg/detail/dds_fastrtps/key_point3_d_array__type_support.cpp.o[0m
[84.823s] [ 48%] [32mBuilding CXX object CMakeFiles/interfaces_pkg__rosidl_typesupport_fastrtps_c.dir/rosidl_typesupport_fastrtps_c/interfaces_pkg/msg/detail/detection_array__type_support_c.cpp.o[0m
[85.267s] [ 48%] [32m[1mLinking CXX shared library libinterfaces_pkg__rosidl_typesupport_cpp.so[0m
[85.557s] [ 48%] Built target interfaces_pkg__rosidl_typesupport_cpp
[85.758s] [ 49%] [32mBuilding CXX object CMakeFiles/interfaces_pkg__rosidl_typesupport_introspection_cpp.dir/rosidl_typesupport_introspection_cpp/interfaces_pkg/msg/detail/detection__type_support.cpp.o[0m
[86.528s] [ 49%] [32mBuilding CXX object CMakeFiles/interfaces_pkg__rosidl_typesupport_fastrtps_cpp.dir/rosidl_typesupport_fastrtps_cpp/interfaces_pkg/msg/detail/dds_fastrtps/detection__type_support.cpp.o[0m
[87.046s] [ 49%] [32mBuilding CXX object CMakeFiles/interfaces_pkg__rosidl_typesupport_fastrtps_c.dir/rosidl_typesupport_fastrtps_c/interfaces_pkg/msg/detail/lane_info__type_support_c.cpp.o[0m
[88.491s] [ 49%] [32mBuilding CXX object CMakeFiles/interfaces_pkg__rosidl_typesupport_introspection_cpp.dir/rosidl_typesupport_introspection_cpp/interfaces_pkg/msg/detail/detection_array__type_support.cpp.o[0m
[89.165s] [ 50%] [32mBuilding CXX object CMakeFiles/interfaces_pkg__rosidl_typesupport_fastrtps_cpp.dir/rosidl_typesupport_fastrtps_cpp/interfaces_pkg/msg/detail/dds_fastrtps/detection_array__type_support.cpp.o[0m
[89.210s] [ 51%] [32mBuilding CXX object CMakeFiles/interfaces_pkg__rosidl_typesupport_fastrtps_c.dir/rosidl_typesupport_fastrtps_c/interfaces_pkg/msg/detail/motion_command__type_support_c.cpp.o[0m
[91.451s] [ 52%] [32mBuilding CXX object CMakeFiles/interfaces_pkg__rosidl_typesupport_fastrtps_c.dir/rosidl_typesupport_fastrtps_c/interfaces_pkg/msg/detail/target_point__type_support_c.cpp.o[0m
[92.459s] [ 53%] [32mBuilding CXX object CMakeFiles/interfaces_pkg__rosidl_typesupport_fastrtps_cpp.dir/rosidl_typesupport_fastrtps_cpp/interfaces_pkg/msg/detail/dds_fastrtps/lane_info__type_support.cpp.o[0m
[92.513s] [ 54%] [32mBuilding CXX object CMakeFiles/interfaces_pkg__rosidl_typesupport_introspection_cpp.dir/rosidl_typesupport_introspection_cpp/interfaces_pkg/msg/detail/lane_info__type_support.cpp.o[0m
[93.803s] [ 54%] [32mBuilding CXX object CMakeFiles/interfaces_pkg__rosidl_typesupport_fastrtps_c.dir/rosidl_typesupport_fastrtps_c/interfaces_pkg/msg/detail/path_planning_result__type_support_c.cpp.o[0m
[95.078s] [ 55%] [32mBuilding CXX object CMakeFiles/interfaces_pkg__rosidl_typesupport_introspection_cpp.dir/rosidl_typesupport_introspection_cpp/interfaces_pkg/msg/detail/motion_command__type_support.cpp.o[0m
[95.152s] [ 55%] [32mBuilding CXX object CMakeFiles/interfaces_pkg__rosidl_typesupport_fastrtps_cpp.dir/rosidl_typesupport_fastrtps_cpp/interfaces_pkg/msg/detail/dds_fastrtps/motion_command__type_support.cpp.o[0m
[95.924s] [ 56%] [32m[1mLinking CXX shared library libinterfaces_pkg__rosidl_typesupport_fastrtps_c.so[0m
[96.413s] [ 56%] Built target interfaces_pkg__rosidl_typesupport_fastrtps_c
[97.340s] [ 56%] [32mBuilding CXX object CMakeFiles/interfaces_pkg__rosidl_typesupport_introspection_cpp.dir/rosidl_typesupport_introspection_cpp/interfaces_pkg/msg/detail/target_point__type_support.cpp.o[0m
[97.490s] [ 57%] [32mBuilding CXX object CMakeFiles/interfaces_pkg__rosidl_typesupport_fastrtps_cpp.dir/rosidl_typesupport_fastrtps_cpp/interfaces_pkg/msg/detail/dds_fastrtps/target_point__type_support.cpp.o[0m
[99.365s] [ 58%] [32mBuilding CXX object CMakeFiles/interfaces_pkg__rosidl_typesupport_introspection_cpp.dir/rosidl_typesupport_introspection_cpp/interfaces_pkg/msg/detail/path_planning_result__type_support.cpp.o[0m
[99.635s] [ 59%] [32mBuilding CXX object CMakeFiles/interfaces_pkg__rosidl_typesupport_fastrtps_cpp.dir/rosidl_typesupport_fastrtps_cpp/interfaces_pkg/msg/detail/dds_fastrtps/path_planning_result__type_support.cpp.o[0m
[101.536s] [ 60%] [32m[1mLinking CXX shared library libinterfaces_pkg__rosidl_typesupport_introspection_cpp.so[0m
[102.001s] [ 60%] Built target interfaces_pkg__rosidl_typesupport_introspection_cpp
[102.032s] [ 60%] [32m[1mLinking CXX shared library libinterfaces_pkg__rosidl_typesupport_fastrtps_cpp.so[0m
[102.460s] [ 60%] Built target interfaces_pkg__rosidl_typesupport_fastrtps_cpp
[102.517s] [ 61%] [34m[1mGenerating C type support dispatch for ROS interfaces[0m
[106.286s] [ 61%] [32mBuilding CXX object CMakeFiles/interfaces_pkg__rosidl_typesupport_c.dir/rosidl_typesupport_c/interfaces_pkg/msg/point2_d__type_support.cpp.o[0m
[106.452s] [ 62%] [32mBuilding CXX object CMakeFiles/interfaces_pkg__rosidl_typesupport_c.dir/rosidl_typesupport_c/interfaces_pkg/msg/pose2_d__type_support.cpp.o[0m
[106.613s] [ 62%] [32mBuilding CXX object CMakeFiles/interfaces_pkg__rosidl_typesupport_c.dir/rosidl_typesupport_c/interfaces_pkg/msg/bounding_box2_d__type_support.cpp.o[0m
[106.943s] [ 63%] [32mBuilding CXX object CMakeFiles/interfaces_pkg__rosidl_typesupport_c.dir/rosidl_typesupport_c/interfaces_pkg/msg/bounding_box3_d__type_support.cpp.o[0m
[107.115s] [ 64%] [32mBuilding CXX object CMakeFiles/interfaces_pkg__rosidl_typesupport_c.dir/rosidl_typesupport_c/interfaces_pkg/msg/mask__type_support.cpp.o[0m
[107.309s] [ 64%] [32mBuilding CXX object CMakeFiles/interfaces_pkg__rosidl_typesupport_c.dir/rosidl_typesupport_c/interfaces_pkg/msg/key_point2_d__type_support.cpp.o[0m
[107.467s] [ 65%] [32mBuilding CXX object CMakeFiles/interfaces_pkg__rosidl_typesupport_c.dir/rosidl_typesupport_c/interfaces_pkg/msg/key_point2_d_array__type_support.cpp.o[0m
[107.633s] [ 66%] [32mBuilding CXX object CMakeFiles/interfaces_pkg__rosidl_typesupport_c.dir/rosidl_typesupport_c/interfaces_pkg/msg/key_point3_d__type_support.cpp.o[0m
[107.797s] [ 66%] [32mBuilding CXX object CMakeFiles/interfaces_pkg__rosidl_typesupport_c.dir/rosidl_typesupport_c/interfaces_pkg/msg/key_point3_d_array__type_support.cpp.o[0m
[107.960s] [ 67%] [32mBuilding CXX object CMakeFiles/interfaces_pkg__rosidl_typesupport_c.dir/rosidl_typesupport_c/interfaces_pkg/msg/detection__type_support.cpp.o[0m
[108.137s] [ 68%] [32mBuilding CXX object CMakeFiles/interfaces_pkg__rosidl_typesupport_c.dir/rosidl_typesupport_c/interfaces_pkg/msg/detection_array__type_support.cpp.o[0m
[108.319s] [ 68%] [32mBuilding CXX object CMakeFiles/interfaces_pkg__rosidl_typesupport_c.dir/rosidl_typesupport_c/interfaces_pkg/msg/lane_info__type_support.cpp.o[0m
[108.484s] [ 69%] [32mBuilding CXX object CMakeFiles/interfaces_pkg__rosidl_typesupport_c.dir/rosidl_typesupport_c/interfaces_pkg/msg/motion_command__type_support.cpp.o[0m
[108.645s] [ 70%] [32mBuilding CXX object CMakeFiles/interfaces_pkg__rosidl_typesupport_c.dir/rosidl_typesupport_c/interfaces_pkg/msg/target_point__type_support.cpp.o[0m
[108.813s] [ 70%] [32mBuilding CXX object CMakeFiles/interfaces_pkg__rosidl_typesupport_c.dir/rosidl_typesupport_c/interfaces_pkg/msg/path_planning_result__type_support.cpp.o[0m
[108.979s] [ 71%] [32mBuilding CXX object CMakeFiles/interfaces_pkg__rosidl_typesupport_c.dir/rosidl_typesupport_c/interfaces_pkg/msg/vector2__type_support.cpp.o[0m
[109.142s] [ 72%] [32m[1mLinking CXX shared library libinterfaces_pkg__rosidl_typesupport_c.so[0m
[109.345s] [ 72%] Built target interfaces_pkg__rosidl_typesupport_c
[109.399s] [ 73%] [34m[1mGenerating C introspection for ROS interfaces[0m
[114.464s] [ 74%] [32mBuilding C object CMakeFiles/interfaces_pkg__rosidl_typesupport_introspection_c.dir/rosidl_typesupport_introspection_c/interfaces_pkg/msg/detail/point2_d__type_support.c.o[0m
[114.661s] [ 75%] [32mBuilding C object CMakeFiles/interfaces_pkg__rosidl_typesupport_introspection_c.dir/rosidl_typesupport_introspection_c/interfaces_pkg/msg/detail/bounding_box2_d__type_support.c.o[0m
[114.856s] [ 75%] [32mBuilding C object CMakeFiles/interfaces_pkg__rosidl_typesupport_introspection_c.dir/rosidl_typesupport_introspection_c/interfaces_pkg/msg/detail/bounding_box3_d__type_support.c.o[0m
[115.480s] [ 76%] [32mBuilding C object CMakeFiles/interfaces_pkg__rosidl_typesupport_introspection_c.dir/rosidl_typesupport_introspection_c/interfaces_pkg/msg/detail/mask__type_support.c.o[0m
[115.745s] [ 77%] [32mBuilding C object CMakeFiles/interfaces_pkg__rosidl_typesupport_introspection_c.dir/rosidl_typesupport_introspection_c/interfaces_pkg/msg/detail/key_point2_d__type_support.c.o[0m
[115.962s] [ 77%] [32mBuilding C object CMakeFiles/interfaces_pkg__rosidl_typesupport_introspection_c.dir/rosidl_typesupport_introspection_c/interfaces_pkg/msg/detail/key_point2_d_array__type_support.c.o[0m
[116.163s] [ 78%] [32mBuilding C object CMakeFiles/interfaces_pkg__rosidl_typesupport_introspection_c.dir/rosidl_typesupport_introspection_c/interfaces_pkg/msg/detail/key_point3_d__type_support.c.o[0m
[116.365s] [ 79%] [32mBuilding C object CMakeFiles/interfaces_pkg__rosidl_typesupport_introspection_c.dir/rosidl_typesupport_introspection_c/interfaces_pkg/msg/detail/key_point3_d_array__type_support.c.o[0m
[116.571s] [ 79%] [32mBuilding C object CMakeFiles/interfaces_pkg__rosidl_typesupport_introspection_c.dir/rosidl_typesupport_introspection_c/interfaces_pkg/msg/detail/detection__type_support.c.o[0m
[116.790s] [ 80%] [32mBuilding C object CMakeFiles/interfaces_pkg__rosidl_typesupport_introspection_c.dir/rosidl_typesupport_introspection_c/interfaces_pkg/msg/detail/detection_array__type_support.c.o[0m
[117.035s] [ 81%] [32mBuilding C object CMakeFiles/interfaces_pkg__rosidl_typesupport_introspection_c.dir/rosidl_typesupport_introspection_c/interfaces_pkg/msg/detail/lane_info__type_support.c.o[0m
[117.236s] [ 81%] [32mBuilding C object CMakeFiles/interfaces_pkg__rosidl_typesupport_introspection_c.dir/rosidl_typesupport_introspection_c/interfaces_pkg/msg/detail/motion_command__type_support.c.o[0m
[117.430s] [ 82%] [32mBuilding C object CMakeFiles/interfaces_pkg__rosidl_typesupport_introspection_c.dir/rosidl_typesupport_introspection_c/interfaces_pkg/msg/detail/target_point__type_support.c.o[0m
[117.617s] [ 83%] [32mBuilding C object CMakeFiles/interfaces_pkg__rosidl_typesupport_introspection_c.dir/rosidl_typesupport_introspection_c/interfaces_pkg/msg/detail/path_planning_result__type_support.c.o[0m
[117.831s] [ 84%] [32mBuilding C object CMakeFiles/interfaces_pkg__rosidl_typesupport_introspection_c.dir/rosidl_typesupport_introspection_c/interfaces_pkg/msg/detail/pose2_d__type_support.c.o[0m
[118.026s] [ 84%] [32mBuilding C object CMakeFiles/interfaces_pkg__rosidl_typesupport_introspection_c.dir/rosidl_typesupport_introspection_c/interfaces_pkg/msg/detail/vector2__type_support.c.o[0m
[118.215s] [ 84%] [32m[1mLinking C shared library libinterfaces_pkg__rosidl_typesupport_introspection_c.so[0m
[118.442s] [ 84%] Built target interfaces_pkg__rosidl_typesupport_introspection_c
[118.541s] [ 84%] Built target interfaces_pkg
[118.652s] [ 85%] [34m[1mGenerating Python code for ROS interfaces[0m
[128.041s] [ 85%] Built target interfaces_pkg__py
[128.142s] [ 85%] [32mBuilding C object CMakeFiles/interfaces_pkg__rosidl_generator_py.dir/rosidl_generator_py/interfaces_pkg/msg/_point2_d_s.c.o[0m
[128.147s] [ 86%] [32mBuilding C object CMakeFiles/interfaces_pkg__rosidl_generator_py.dir/rosidl_generator_py/interfaces_pkg/msg/_vector2_s.c.o[0m
[128.194s] [ 86%] [32mBuilding C object CMakeFiles/interfaces_pkg__rosidl_generator_py.dir/rosidl_generator_py/interfaces_pkg/msg/_bounding_box2_d_s.c.o[0m
[128.865s] [ 87%] [32mBuilding C object CMakeFiles/interfaces_pkg__rosidl_generator_py.dir/rosidl_generator_py/interfaces_pkg/msg/_pose2_d_s.c.o[0m
[128.867s] [ 88%] [32mBuilding C object CMakeFiles/interfaces_pkg__rosidl_generator_py.dir/rosidl_generator_py/interfaces_pkg/msg/_mask_s.c.o[0m
[129.379s] [ 89%] [32mBuilding C object CMakeFiles/interfaces_pkg__rosidl_generator_py.dir/rosidl_generator_py/interfaces_pkg/msg/_bounding_box3_d_s.c.o[0m
[129.384s] [ 89%] [32mBuilding C object CMakeFiles/interfaces_pkg__rosidl_generator_py.dir/rosidl_generator_py/interfaces_pkg/msg/_key_point2_d_s.c.o[0m
[129.413s] [ 90%] [32mBuilding C object CMakeFiles/interfaces_pkg__rosidl_generator_py.dir/rosidl_generator_py/interfaces_pkg/msg/_key_point2_d_array_s.c.o[0m
[129.933s] [ 91%] [32mBuilding C object CMakeFiles/interfaces_pkg__rosidl_generator_py.dir/rosidl_generator_py/interfaces_pkg/msg/_key_point3_d_s.c.o[0m
[129.963s] [ 91%] [32mBuilding C object CMakeFiles/interfaces_pkg__rosidl_generator_py.dir/rosidl_generator_py/interfaces_pkg/msg/_key_point3_d_array_s.c.o[0m
[130.006s] [ 92%] [32mBuilding C object CMakeFiles/interfaces_pkg__rosidl_generator_py.dir/rosidl_generator_py/interfaces_pkg/msg/_detection_s.c.o[0m
[130.495s] [ 93%] [32mBuilding C object CMakeFiles/interfaces_pkg__rosidl_generator_py.dir/rosidl_generator_py/interfaces_pkg/msg/_detection_array_s.c.o[0m
[130.552s] [ 93%] [32mBuilding C object CMakeFiles/interfaces_pkg__rosidl_generator_py.dir/rosidl_generator_py/interfaces_pkg/msg/_lane_info_s.c.o[0m
[130.631s] [ 94%] [32mBuilding C object CMakeFiles/interfaces_pkg__rosidl_generator_py.dir/rosidl_generator_py/interfaces_pkg/msg/_motion_command_s.c.o[0m
[131.075s] [ 95%] [32mBuilding C object CMakeFiles/interfaces_pkg__rosidl_generator_py.dir/rosidl_generator_py/interfaces_pkg/msg/_target_point_s.c.o[0m
[131.137s] [ 95%] [32mBuilding C object CMakeFiles/interfaces_pkg__rosidl_generator_py.dir/rosidl_generator_py/interfaces_pkg/msg/_path_planning_result_s.c.o[0m
[131.702s] [ 96%] [32m[1mLinking C shared library rosidl_generator_py/interfaces_pkg/libinterfaces_pkg__rosidl_generator_py.so[0m
[131.950s] [ 96%] Built target interfaces_pkg__rosidl_generator_py
[132.060s] [ 97%] [32mBuilding C object CMakeFiles/interfaces_pkg__rosidl_typesupport_fastrtps_c__pyext.dir/rosidl_generator_py/interfaces_pkg/_interfaces_pkg_s.ep.rosidl_typesupport_fastrtps_c.c.o[0m
[132.064s] [ 98%] [32mBuilding C object CMakeFiles/interfaces_pkg__rosidl_typesupport_c__pyext.dir/rosidl_generator_py/interfaces_pkg/_interfaces_pkg_s.ep.rosidl_typesupport_c.c.o[0m
[132.068s] [ 99%] [32mBuilding C object CMakeFiles/interfaces_pkg__rosidl_typesupport_introspection_c__pyext.dir/rosidl_generator_py/interfaces_pkg/_interfaces_pkg_s.ep.rosidl_typesupport_introspection_c.c.o[0m
[132.899s] [100%] [32m[1mLinking C shared library rosidl_generator_py/interfaces_pkg/interfaces_pkg_s__rosidl_typesupport_introspection_c.cpython-310-aarch64-linux-gnu.so[0m
[132.899s] [100%] [32m[1mLinking C shared library rosidl_generator_py/interfaces_pkg/interfaces_pkg_s__rosidl_typesupport_c.cpython-310-aarch64-linux-gnu.so[0m
[132.971s] [100%] [32m[1mLinking C shared library rosidl_generator_py/interfaces_pkg/interfaces_pkg_s__rosidl_typesupport_fastrtps_c.cpython-310-aarch64-linux-gnu.so[0m
[133.323s] [100%] Built target interfaces_pkg__rosidl_typesupport_introspection_c__pyext
[133.363s] [100%] Built target interfaces_pkg__rosidl_typesupport_c__pyext
[133.526s] [100%] Built target interfaces_pkg__rosidl_typesupport_fastrtps_c__pyext
[133.582s] Invoked command in '/home/cc/ros2_ws/build/interfaces_pkg' returned '0': CMAKE_PREFIX_PATH=${CMAKE_PREFIX_PATH}:/home/cc/ros2_ws/install/serial_communication_pkg:/home/cc/ros2_ws/install/lidar_perception_pkg:/home/cc/ros2_ws/install/decision_making_pkg:/home/cc/ros2_ws/install/debug_pkg:/home/cc/ros2_ws/install/camera_perception_pkg:/opt/ros/humble /usr/bin/cmake --build /home/cc/ros2_ws/build/interfaces_pkg -- -j4 -l4
[133.628s] Invoking command in '/home/cc/ros2_ws/build/interfaces_pkg': CMAKE_PREFIX_PATH=${CMAKE_PREFIX_PATH}:/home/cc/ros2_ws/install/serial_communication_pkg:/home/cc/ros2_ws/install/lidar_perception_pkg:/home/cc/ros2_ws/install/decision_making_pkg:/home/cc/ros2_ws/install/debug_pkg:/home/cc/ros2_ws/install/camera_perception_pkg:/opt/ros/humble /usr/bin/cmake --install /home/cc/ros2_ws/build/interfaces_pkg
[133.660s] -- Install configuration: ""
[133.662s] -- Execute custom install script
[133.663s] -- Symlinking: /home/cc/ros2_ws/install/interfaces_pkg/share/ament_index/resource_index/rosidl_interfaces/interfaces_pkg
[133.704s] -- Symlinking: /home/cc/ros2_ws/install/interfaces_pkg/include/interfaces_pkg/interfaces_pkg/msg/bounding_box2_d.h
[133.742s] -- Symlinking: /home/cc/ros2_ws/install/interfaces_pkg/include/interfaces_pkg/interfaces_pkg/msg/bounding_box3_d.h
[133.778s] -- Symlinking: /home/cc/ros2_ws/install/interfaces_pkg/include/interfaces_pkg/interfaces_pkg/msg/detail/bounding_box2_d__functions.h
[133.813s] -- Symlinking: /home/cc/ros2_ws/install/interfaces_pkg/include/interfaces_pkg/interfaces_pkg/msg/detail/bounding_box2_d__struct.h
[133.848s] -- Symlinking: /home/cc/ros2_ws/install/interfaces_pkg/include/interfaces_pkg/interfaces_pkg/msg/detail/bounding_box2_d__type_support.h
[133.881s] -- Symlinking: /home/cc/ros2_ws/install/interfaces_pkg/include/interfaces_pkg/interfaces_pkg/msg/detail/bounding_box3_d__functions.h
[133.915s] -- Symlinking: /home/cc/ros2_ws/install/interfaces_pkg/include/interfaces_pkg/interfaces_pkg/msg/detail/bounding_box3_d__struct.h
[133.951s] -- Symlinking: /home/cc/ros2_ws/install/interfaces_pkg/include/interfaces_pkg/interfaces_pkg/msg/detail/bounding_box3_d__type_support.h
[133.984s] -- Symlinking: /home/cc/ros2_ws/install/interfaces_pkg/include/interfaces_pkg/interfaces_pkg/msg/detail/detection__functions.h
[134.017s] -- Symlinking: /home/cc/ros2_ws/install/interfaces_pkg/include/interfaces_pkg/interfaces_pkg/msg/detail/detection__struct.h
[134.057s] -- Symlinking: /home/cc/ros2_ws/install/interfaces_pkg/include/interfaces_pkg/interfaces_pkg/msg/detail/detection__type_support.h
[134.092s] -- Symlinking: /home/cc/ros2_ws/install/interfaces_pkg/include/interfaces_pkg/interfaces_pkg/msg/detail/detection_array__functions.h
[134.125s] -- Symlinking: /home/cc/ros2_ws/install/interfaces_pkg/include/interfaces_pkg/interfaces_pkg/msg/detail/detection_array__struct.h
[134.159s] -- Symlinking: /home/cc/ros2_ws/install/interfaces_pkg/include/interfaces_pkg/interfaces_pkg/msg/detail/detection_array__type_support.h
[134.192s] -- Symlinking: /home/cc/ros2_ws/install/interfaces_pkg/include/interfaces_pkg/interfaces_pkg/msg/detail/key_point2_d__functions.h
[134.227s] -- Symlinking: /home/cc/ros2_ws/install/interfaces_pkg/include/interfaces_pkg/interfaces_pkg/msg/detail/key_point2_d__struct.h
[134.263s] -- Symlinking: /home/cc/ros2_ws/install/interfaces_pkg/include/interfaces_pkg/interfaces_pkg/msg/detail/key_point2_d__type_support.h
[134.300s] -- Symlinking: /home/cc/ros2_ws/install/interfaces_pkg/include/interfaces_pkg/interfaces_pkg/msg/detail/key_point2_d_array__functions.h
[134.338s] -- Symlinking: /home/cc/ros2_ws/install/interfaces_pkg/include/interfaces_pkg/interfaces_pkg/msg/detail/key_point2_d_array__struct.h
[134.371s] -- Symlinking: /home/cc/ros2_ws/install/interfaces_pkg/include/interfaces_pkg/interfaces_pkg/msg/detail/key_point2_d_array__type_support.h
[134.404s] -- Symlinking: /home/cc/ros2_ws/install/interfaces_pkg/include/interfaces_pkg/interfaces_pkg/msg/detail/key_point3_d__functions.h
[134.440s] -- Symlinking: /home/cc/ros2_ws/install/interfaces_pkg/include/interfaces_pkg/interfaces_pkg/msg/detail/key_point3_d__struct.h
[134.474s] -- Symlinking: /home/cc/ros2_ws/install/interfaces_pkg/include/interfaces_pkg/interfaces_pkg/msg/detail/key_point3_d__type_support.h
[134.506s] -- Symlinking: /home/cc/ros2_ws/install/interfaces_pkg/include/interfaces_pkg/interfaces_pkg/msg/detail/key_point3_d_array__functions.h
[134.545s] -- Symlinking: /home/cc/ros2_ws/install/interfaces_pkg/include/interfaces_pkg/interfaces_pkg/msg/detail/key_point3_d_array__struct.h
[134.588s] -- Symlinking: /home/cc/ros2_ws/install/interfaces_pkg/include/interfaces_pkg/interfaces_pkg/msg/detail/key_point3_d_array__type_support.h
[134.629s] -- Symlinking: /home/cc/ros2_ws/install/interfaces_pkg/include/interfaces_pkg/interfaces_pkg/msg/detail/lane_info__functions.h
[134.667s] -- Symlinking: /home/cc/ros2_ws/install/interfaces_pkg/include/interfaces_pkg/interfaces_pkg/msg/detail/lane_info__struct.h
[134.707s] -- Symlinking: /home/cc/ros2_ws/install/interfaces_pkg/include/interfaces_pkg/interfaces_pkg/msg/detail/lane_info__type_support.h
[134.753s] -- Symlinking: /home/cc/ros2_ws/install/interfaces_pkg/include/interfaces_pkg/interfaces_pkg/msg/detail/mask__functions.h
[134.810s] -- Symlinking: /home/cc/ros2_ws/install/interfaces_pkg/include/interfaces_pkg/interfaces_pkg/msg/detail/mask__struct.h
[134.874s] -- Symlinking: /home/cc/ros2_ws/install/interfaces_pkg/include/interfaces_pkg/interfaces_pkg/msg/detail/mask__type_support.h
[134.911s] -- Symlinking: /home/cc/ros2_ws/install/interfaces_pkg/include/interfaces_pkg/interfaces_pkg/msg/detail/motion_command__functions.h
[134.948s] -- Symlinking: /home/cc/ros2_ws/install/interfaces_pkg/include/interfaces_pkg/interfaces_pkg/msg/detail/motion_command__struct.h
[134.982s] -- Symlinking: /home/cc/ros2_ws/install/interfaces_pkg/include/interfaces_pkg/interfaces_pkg/msg/detail/motion_command__type_support.h
[135.017s] -- Symlinking: /home/cc/ros2_ws/install/interfaces_pkg/include/interfaces_pkg/interfaces_pkg/msg/detail/path_planning_result__functions.h
[135.054s] -- Symlinking: /home/cc/ros2_ws/install/interfaces_pkg/include/interfaces_pkg/interfaces_pkg/msg/detail/path_planning_result__struct.h
[135.087s] -- Symlinking: /home/cc/ros2_ws/install/interfaces_pkg/include/interfaces_pkg/interfaces_pkg/msg/detail/path_planning_result__type_support.h
[135.121s] -- Symlinking: /home/cc/ros2_ws/install/interfaces_pkg/include/interfaces_pkg/interfaces_pkg/msg/detail/point2_d__functions.h
[135.156s] -- Symlinking: /home/cc/ros2_ws/install/interfaces_pkg/include/interfaces_pkg/interfaces_pkg/msg/detail/point2_d__struct.h
[135.190s] -- Symlinking: /home/cc/ros2_ws/install/interfaces_pkg/include/interfaces_pkg/interfaces_pkg/msg/detail/point2_d__type_support.h
[135.224s] -- Symlinking: /home/cc/ros2_ws/install/interfaces_pkg/include/interfaces_pkg/interfaces_pkg/msg/detail/pose2_d__functions.h
[135.259s] -- Symlinking: /home/cc/ros2_ws/install/interfaces_pkg/include/interfaces_pkg/interfaces_pkg/msg/detail/pose2_d__struct.h
[135.292s] -- Symlinking: /home/cc/ros2_ws/install/interfaces_pkg/include/interfaces_pkg/interfaces_pkg/msg/detail/pose2_d__type_support.h
[135.327s] -- Symlinking: /home/cc/ros2_ws/install/interfaces_pkg/include/interfaces_pkg/interfaces_pkg/msg/detail/target_point__functions.h
[135.363s] -- Symlinking: /home/cc/ros2_ws/install/interfaces_pkg/include/interfaces_pkg/interfaces_pkg/msg/detail/target_point__struct.h
[135.398s] -- Symlinking: /home/cc/ros2_ws/install/interfaces_pkg/include/interfaces_pkg/interfaces_pkg/msg/detail/target_point__type_support.h
[135.432s] -- Symlinking: /home/cc/ros2_ws/install/interfaces_pkg/include/interfaces_pkg/interfaces_pkg/msg/detail/vector2__functions.h
[135.467s] -- Symlinking: /home/cc/ros2_ws/install/interfaces_pkg/include/interfaces_pkg/interfaces_pkg/msg/detail/vector2__struct.h
[135.500s] -- Symlinking: /home/cc/ros2_ws/install/interfaces_pkg/include/interfaces_pkg/interfaces_pkg/msg/detail/vector2__type_support.h
[135.535s] -- Symlinking: /home/cc/ros2_ws/install/interfaces_pkg/include/interfaces_pkg/interfaces_pkg/msg/detection.h
[135.570s] -- Symlinking: /home/cc/ros2_ws/install/interfaces_pkg/include/interfaces_pkg/interfaces_pkg/msg/detection_array.h
[135.605s] -- Symlinking: /home/cc/ros2_ws/install/interfaces_pkg/include/interfaces_pkg/interfaces_pkg/msg/key_point2_d.h
[135.640s] -- Symlinking: /home/cc/ros2_ws/install/interfaces_pkg/include/interfaces_pkg/interfaces_pkg/msg/key_point2_d_array.h
[135.674s] -- Symlinking: /home/cc/ros2_ws/install/interfaces_pkg/include/interfaces_pkg/interfaces_pkg/msg/key_point3_d.h
[135.707s] -- Symlinking: /home/cc/ros2_ws/install/interfaces_pkg/include/interfaces_pkg/interfaces_pkg/msg/key_point3_d_array.h
[135.743s] -- Symlinking: /home/cc/ros2_ws/install/interfaces_pkg/include/interfaces_pkg/interfaces_pkg/msg/lane_info.h
[135.776s] -- Symlinking: /home/cc/ros2_ws/install/interfaces_pkg/include/interfaces_pkg/interfaces_pkg/msg/mask.h
[135.809s] -- Symlinking: /home/cc/ros2_ws/install/interfaces_pkg/include/interfaces_pkg/interfaces_pkg/msg/motion_command.h
[135.846s] -- Symlinking: /home/cc/ros2_ws/install/interfaces_pkg/include/interfaces_pkg/interfaces_pkg/msg/path_planning_result.h
[135.879s] -- Symlinking: /home/cc/ros2_ws/install/interfaces_pkg/include/interfaces_pkg/interfaces_pkg/msg/point2_d.h
[135.912s] -- Symlinking: /home/cc/ros2_ws/install/interfaces_pkg/include/interfaces_pkg/interfaces_pkg/msg/pose2_d.h
[135.950s] -- Symlinking: /home/cc/ros2_ws/install/interfaces_pkg/include/interfaces_pkg/interfaces_pkg/msg/rosidl_generator_c__visibility_control.h
[135.984s] -- Symlinking: /home/cc/ros2_ws/install/interfaces_pkg/include/interfaces_pkg/interfaces_pkg/msg/target_point.h
[136.018s] -- Symlinking: /home/cc/ros2_ws/install/interfaces_pkg/include/interfaces_pkg/interfaces_pkg/msg/vector2.h
[136.054s] -- Symlinking: /home/cc/ros2_ws/install/interfaces_pkg/share/interfaces_pkg/environment/library_path.sh
[136.088s] -- Symlinking: /home/cc/ros2_ws/install/interfaces_pkg/share/interfaces_pkg/environment/library_path.dsv
[136.129s] -- Symlinking: /home/cc/ros2_ws/install/interfaces_pkg/include/interfaces_pkg/interfaces_pkg/msg/detail/bounding_box2_d__rosidl_typesupport_fastrtps_c.h
[136.166s] -- Symlinking: /home/cc/ros2_ws/install/interfaces_pkg/include/interfaces_pkg/interfaces_pkg/msg/detail/bounding_box3_d__rosidl_typesupport_fastrtps_c.h
[136.200s] -- Symlinking: /home/cc/ros2_ws/install/interfaces_pkg/include/interfaces_pkg/interfaces_pkg/msg/detail/detection__rosidl_typesupport_fastrtps_c.h
[136.236s] -- Symlinking: /home/cc/ros2_ws/install/interfaces_pkg/include/interfaces_pkg/interfaces_pkg/msg/detail/detection_array__rosidl_typesupport_fastrtps_c.h
[136.271s] -- Symlinking: /home/cc/ros2_ws/install/interfaces_pkg/include/interfaces_pkg/interfaces_pkg/msg/detail/key_point2_d__rosidl_typesupport_fastrtps_c.h
[136.308s] -- Symlinking: /home/cc/ros2_ws/install/interfaces_pkg/include/interfaces_pkg/interfaces_pkg/msg/detail/key_point2_d_array__rosidl_typesupport_fastrtps_c.h
[136.344s] -- Symlinking: /home/cc/ros2_ws/install/interfaces_pkg/include/interfaces_pkg/interfaces_pkg/msg/detail/key_point3_d__rosidl_typesupport_fastrtps_c.h
[136.377s] -- Symlinking: /home/cc/ros2_ws/install/interfaces_pkg/include/interfaces_pkg/interfaces_pkg/msg/detail/key_point3_d_array__rosidl_typesupport_fastrtps_c.h
[136.411s] -- Symlinking: /home/cc/ros2_ws/install/interfaces_pkg/include/interfaces_pkg/interfaces_pkg/msg/detail/lane_info__rosidl_typesupport_fastrtps_c.h
[136.447s] -- Symlinking: /home/cc/ros2_ws/install/interfaces_pkg/include/interfaces_pkg/interfaces_pkg/msg/detail/mask__rosidl_typesupport_fastrtps_c.h
[136.481s] -- Symlinking: /home/cc/ros2_ws/install/interfaces_pkg/include/interfaces_pkg/interfaces_pkg/msg/detail/motion_command__rosidl_typesupport_fastrtps_c.h
[136.514s] -- Symlinking: /home/cc/ros2_ws/install/interfaces_pkg/include/interfaces_pkg/interfaces_pkg/msg/detail/path_planning_result__rosidl_typesupport_fastrtps_c.h
[136.550s] -- Symlinking: /home/cc/ros2_ws/install/interfaces_pkg/include/interfaces_pkg/interfaces_pkg/msg/detail/point2_d__rosidl_typesupport_fastrtps_c.h
[136.583s] -- Symlinking: /home/cc/ros2_ws/install/interfaces_pkg/include/interfaces_pkg/interfaces_pkg/msg/detail/pose2_d__rosidl_typesupport_fastrtps_c.h
[136.616s] -- Symlinking: /home/cc/ros2_ws/install/interfaces_pkg/include/interfaces_pkg/interfaces_pkg/msg/detail/target_point__rosidl_typesupport_fastrtps_c.h
[136.652s] -- Symlinking: /home/cc/ros2_ws/install/interfaces_pkg/include/interfaces_pkg/interfaces_pkg/msg/detail/vector2__rosidl_typesupport_fastrtps_c.h
[136.686s] -- Symlinking: /home/cc/ros2_ws/install/interfaces_pkg/include/interfaces_pkg/interfaces_pkg/msg/rosidl_typesupport_fastrtps_c__visibility_control.h
[136.724s] -- Symlinking: /home/cc/ros2_ws/install/interfaces_pkg/include/interfaces_pkg/interfaces_pkg/msg/detail/bounding_box2_d__rosidl_typesupport_introspection_c.h
[136.760s] -- Symlinking: /home/cc/ros2_ws/install/interfaces_pkg/include/interfaces_pkg/interfaces_pkg/msg/detail/bounding_box3_d__rosidl_typesupport_introspection_c.h
[136.794s] -- Symlinking: /home/cc/ros2_ws/install/interfaces_pkg/include/interfaces_pkg/interfaces_pkg/msg/detail/detection__rosidl_typesupport_introspection_c.h
[136.827s] -- Symlinking: /home/cc/ros2_ws/install/interfaces_pkg/include/interfaces_pkg/interfaces_pkg/msg/detail/detection_array__rosidl_typesupport_introspection_c.h
[136.863s] -- Symlinking: /home/cc/ros2_ws/install/interfaces_pkg/include/interfaces_pkg/interfaces_pkg/msg/detail/key_point2_d__rosidl_typesupport_introspection_c.h
[136.897s] -- Symlinking: /home/cc/ros2_ws/install/interfaces_pkg/include/interfaces_pkg/interfaces_pkg/msg/detail/key_point2_d_array__rosidl_typesupport_introspection_c.h
[136.930s] -- Symlinking: /home/cc/ros2_ws/install/interfaces_pkg/include/interfaces_pkg/interfaces_pkg/msg/detail/key_point3_d__rosidl_typesupport_introspection_c.h
[137.002s] -- Symlinking: /home/cc/ros2_ws/install/interfaces_pkg/include/interfaces_pkg/interfaces_pkg/msg/detail/key_point3_d_array__rosidl_typesupport_introspection_c.h
[137.041s] -- Symlinking: /home/cc/ros2_ws/install/interfaces_pkg/include/interfaces_pkg/interfaces_pkg/msg/detail/lane_info__rosidl_typesupport_introspection_c.h
[137.076s] -- Symlinking: /home/cc/ros2_ws/install/interfaces_pkg/include/interfaces_pkg/interfaces_pkg/msg/detail/mask__rosidl_typesupport_introspection_c.h
[137.111s] -- Symlinking: /home/cc/ros2_ws/install/interfaces_pkg/include/interfaces_pkg/interfaces_pkg/msg/detail/motion_command__rosidl_typesupport_introspection_c.h
[137.147s] -- Symlinking: /home/cc/ros2_ws/install/interfaces_pkg/include/interfaces_pkg/interfaces_pkg/msg/detail/path_planning_result__rosidl_typesupport_introspection_c.h
[137.183s] -- Symlinking: /home/cc/ros2_ws/install/interfaces_pkg/include/interfaces_pkg/interfaces_pkg/msg/detail/point2_d__rosidl_typesupport_introspection_c.h
[137.217s] -- Symlinking: /home/cc/ros2_ws/install/interfaces_pkg/include/interfaces_pkg/interfaces_pkg/msg/detail/pose2_d__rosidl_typesupport_introspection_c.h
[137.254s] -- Symlinking: /home/cc/ros2_ws/install/interfaces_pkg/include/interfaces_pkg/interfaces_pkg/msg/detail/target_point__rosidl_typesupport_introspection_c.h
[137.288s] -- Symlinking: /home/cc/ros2_ws/install/interfaces_pkg/include/interfaces_pkg/interfaces_pkg/msg/detail/vector2__rosidl_typesupport_introspection_c.h
[137.322s] -- Symlinking: /home/cc/ros2_ws/install/interfaces_pkg/include/interfaces_pkg/interfaces_pkg/msg/rosidl_typesupport_introspection_c__visibility_control.h
[137.366s] -- Symlinking: /home/cc/ros2_ws/install/interfaces_pkg/include/interfaces_pkg/interfaces_pkg/msg/bounding_box2_d.hpp
[137.403s] -- Symlinking: /home/cc/ros2_ws/install/interfaces_pkg/include/interfaces_pkg/interfaces_pkg/msg/bounding_box3_d.hpp
[137.441s] -- Symlinking: /home/cc/ros2_ws/install/interfaces_pkg/include/interfaces_pkg/interfaces_pkg/msg/detail/bounding_box2_d__builder.hpp
[137.474s] -- Symlinking: /home/cc/ros2_ws/install/interfaces_pkg/include/interfaces_pkg/interfaces_pkg/msg/detail/bounding_box2_d__struct.hpp
[137.508s] -- Symlinking: /home/cc/ros2_ws/install/interfaces_pkg/include/interfaces_pkg/interfaces_pkg/msg/detail/bounding_box2_d__traits.hpp
[137.544s] -- Symlinking: /home/cc/ros2_ws/install/interfaces_pkg/include/interfaces_pkg/interfaces_pkg/msg/detail/bounding_box2_d__type_support.hpp
[137.577s] -- Symlinking: /home/cc/ros2_ws/install/interfaces_pkg/include/interfaces_pkg/interfaces_pkg/msg/detail/bounding_box3_d__builder.hpp
[137.612s] -- Symlinking: /home/cc/ros2_ws/install/interfaces_pkg/include/interfaces_pkg/interfaces_pkg/msg/detail/bounding_box3_d__struct.hpp
[137.647s] -- Symlinking: /home/cc/ros2_ws/install/interfaces_pkg/include/interfaces_pkg/interfaces_pkg/msg/detail/bounding_box3_d__traits.hpp
[137.680s] -- Symlinking: /home/cc/ros2_ws/install/interfaces_pkg/include/interfaces_pkg/interfaces_pkg/msg/detail/bounding_box3_d__type_support.hpp
[137.714s] -- Symlinking: /home/cc/ros2_ws/install/interfaces_pkg/include/interfaces_pkg/interfaces_pkg/msg/detail/detection__builder.hpp
[137.750s] -- Symlinking: /home/cc/ros2_ws/install/interfaces_pkg/include/interfaces_pkg/interfaces_pkg/msg/detail/detection__struct.hpp
[137.784s] -- Symlinking: /home/cc/ros2_ws/install/interfaces_pkg/include/interfaces_pkg/interfaces_pkg/msg/detail/detection__traits.hpp
[137.818s] -- Symlinking: /home/cc/ros2_ws/install/interfaces_pkg/include/interfaces_pkg/interfaces_pkg/msg/detail/detection__type_support.hpp
[137.854s] -- Symlinking: /home/cc/ros2_ws/install/interfaces_pkg/include/interfaces_pkg/interfaces_pkg/msg/detail/detection_array__builder.hpp
[137.887s] -- Symlinking: /home/cc/ros2_ws/install/interfaces_pkg/include/interfaces_pkg/interfaces_pkg/msg/detail/detection_array__struct.hpp
[137.922s] -- Symlinking: /home/cc/ros2_ws/install/interfaces_pkg/include/interfaces_pkg/interfaces_pkg/msg/detail/detection_array__traits.hpp
[137.958s] -- Symlinking: /home/cc/ros2_ws/install/interfaces_pkg/include/interfaces_pkg/interfaces_pkg/msg/detail/detection_array__type_support.hpp
[137.992s] -- Symlinking: /home/cc/ros2_ws/install/interfaces_pkg/include/interfaces_pkg/interfaces_pkg/msg/detail/key_point2_d__builder.hpp
[138.026s] -- Symlinking: /home/cc/ros2_ws/install/interfaces_pkg/include/interfaces_pkg/interfaces_pkg/msg/detail/key_point2_d__struct.hpp
[138.062s] -- Symlinking: /home/cc/ros2_ws/install/interfaces_pkg/include/interfaces_pkg/interfaces_pkg/msg/detail/key_point2_d__traits.hpp
[138.097s] -- Symlinking: /home/cc/ros2_ws/install/interfaces_pkg/include/interfaces_pkg/interfaces_pkg/msg/detail/key_point2_d__type_support.hpp
[138.131s] -- Symlinking: /home/cc/ros2_ws/install/interfaces_pkg/include/interfaces_pkg/interfaces_pkg/msg/detail/key_point2_d_array__builder.hpp
[138.166s] -- Symlinking: /home/cc/ros2_ws/install/interfaces_pkg/include/interfaces_pkg/interfaces_pkg/msg/detail/key_point2_d_array__struct.hpp
[138.201s] -- Symlinking: /home/cc/ros2_ws/install/interfaces_pkg/include/interfaces_pkg/interfaces_pkg/msg/detail/key_point2_d_array__traits.hpp
[138.234s] -- Symlinking: /home/cc/ros2_ws/install/interfaces_pkg/include/interfaces_pkg/interfaces_pkg/msg/detail/key_point2_d_array__type_support.hpp
[138.269s] -- Symlinking: /home/cc/ros2_ws/install/interfaces_pkg/include/interfaces_pkg/interfaces_pkg/msg/detail/key_point3_d__builder.hpp
[138.304s] -- Symlinking: /home/cc/ros2_ws/install/interfaces_pkg/include/interfaces_pkg/interfaces_pkg/msg/detail/key_point3_d__struct.hpp
[138.341s] -- Symlinking: /home/cc/ros2_ws/install/interfaces_pkg/include/interfaces_pkg/interfaces_pkg/msg/detail/key_point3_d__traits.hpp
[138.376s] -- Symlinking: /home/cc/ros2_ws/install/interfaces_pkg/include/interfaces_pkg/interfaces_pkg/msg/detail/key_point3_d__type_support.hpp
[138.413s] -- Symlinking: /home/cc/ros2_ws/install/interfaces_pkg/include/interfaces_pkg/interfaces_pkg/msg/detail/key_point3_d_array__builder.hpp
[138.451s] -- Symlinking: /home/cc/ros2_ws/install/interfaces_pkg/include/interfaces_pkg/interfaces_pkg/msg/detail/key_point3_d_array__struct.hpp
[138.483s] -- Symlinking: /home/cc/ros2_ws/install/interfaces_pkg/include/interfaces_pkg/interfaces_pkg/msg/detail/key_point3_d_array__traits.hpp
[138.518s] -- Symlinking: /home/cc/ros2_ws/install/interfaces_pkg/include/interfaces_pkg/interfaces_pkg/msg/detail/key_point3_d_array__type_support.hpp
[138.554s] -- Symlinking: /home/cc/ros2_ws/install/interfaces_pkg/include/interfaces_pkg/interfaces_pkg/msg/detail/lane_info__builder.hpp
[138.589s] -- Symlinking: /home/cc/ros2_ws/install/interfaces_pkg/include/interfaces_pkg/interfaces_pkg/msg/detail/lane_info__struct.hpp
[138.623s] -- Symlinking: /home/cc/ros2_ws/install/interfaces_pkg/include/interfaces_pkg/interfaces_pkg/msg/detail/lane_info__traits.hpp
[138.659s] -- Symlinking: /home/cc/ros2_ws/install/interfaces_pkg/include/interfaces_pkg/interfaces_pkg/msg/detail/lane_info__type_support.hpp
[138.693s] -- Symlinking: /home/cc/ros2_ws/install/interfaces_pkg/include/interfaces_pkg/interfaces_pkg/msg/detail/mask__builder.hpp
[138.727s] -- Symlinking: /home/cc/ros2_ws/install/interfaces_pkg/include/interfaces_pkg/interfaces_pkg/msg/detail/mask__struct.hpp
[138.762s] -- Symlinking: /home/cc/ros2_ws/install/interfaces_pkg/include/interfaces_pkg/interfaces_pkg/msg/detail/mask__traits.hpp
[138.797s] -- Symlinking: /home/cc/ros2_ws/install/interfaces_pkg/include/interfaces_pkg/interfaces_pkg/msg/detail/mask__type_support.hpp
[138.830s] -- Symlinking: /home/cc/ros2_ws/install/interfaces_pkg/include/interfaces_pkg/interfaces_pkg/msg/detail/motion_command__builder.hpp
[138.866s] -- Symlinking: /home/cc/ros2_ws/install/interfaces_pkg/include/interfaces_pkg/interfaces_pkg/msg/detail/motion_command__struct.hpp
[138.900s] -- Symlinking: /home/cc/ros2_ws/install/interfaces_pkg/include/interfaces_pkg/interfaces_pkg/msg/detail/motion_command__traits.hpp
[138.933s] -- Symlinking: /home/cc/ros2_ws/install/interfaces_pkg/include/interfaces_pkg/interfaces_pkg/msg/detail/motion_command__type_support.hpp
[138.969s] -- Symlinking: /home/cc/ros2_ws/install/interfaces_pkg/include/interfaces_pkg/interfaces_pkg/msg/detail/path_planning_result__builder.hpp
[139.003s] -- Symlinking: /home/cc/ros2_ws/install/interfaces_pkg/include/interfaces_pkg/interfaces_pkg/msg/detail/path_planning_result__struct.hpp
[139.039s] -- Symlinking: /home/cc/ros2_ws/install/interfaces_pkg/include/interfaces_pkg/interfaces_pkg/msg/detail/path_planning_result__traits.hpp
[139.073s] -- Symlinking: /home/cc/ros2_ws/install/interfaces_pkg/include/interfaces_pkg/interfaces_pkg/msg/detail/path_planning_result__type_support.hpp
[139.107s] -- Symlinking: /home/cc/ros2_ws/install/interfaces_pkg/include/interfaces_pkg/interfaces_pkg/msg/detail/point2_d__builder.hpp
[139.142s] -- Symlinking: /home/cc/ros2_ws/install/interfaces_pkg/include/interfaces_pkg/interfaces_pkg/msg/detail/point2_d__struct.hpp
[139.175s] -- Symlinking: /home/cc/ros2_ws/install/interfaces_pkg/include/interfaces_pkg/interfaces_pkg/msg/detail/point2_d__traits.hpp
[139.208s] -- Symlinking: /home/cc/ros2_ws/install/interfaces_pkg/include/interfaces_pkg/interfaces_pkg/msg/detail/point2_d__type_support.hpp
[139.243s] -- Symlinking: /home/cc/ros2_ws/install/interfaces_pkg/include/interfaces_pkg/interfaces_pkg/msg/detail/pose2_d__builder.hpp
[139.277s] -- Symlinking: /home/cc/ros2_ws/install/interfaces_pkg/include/interfaces_pkg/interfaces_pkg/msg/detail/pose2_d__struct.hpp
[139.310s] -- Symlinking: /home/cc/ros2_ws/install/interfaces_pkg/include/interfaces_pkg/interfaces_pkg/msg/detail/pose2_d__traits.hpp
[139.346s] -- Symlinking: /home/cc/ros2_ws/install/interfaces_pkg/include/interfaces_pkg/interfaces_pkg/msg/detail/pose2_d__type_support.hpp
[139.379s] -- Symlinking: /home/cc/ros2_ws/install/interfaces_pkg/include/interfaces_pkg/interfaces_pkg/msg/detail/target_point__builder.hpp
[139.413s] -- Symlinking: /home/cc/ros2_ws/install/interfaces_pkg/include/interfaces_pkg/interfaces_pkg/msg/detail/target_point__struct.hpp
[139.449s] -- Symlinking: /home/cc/ros2_ws/install/interfaces_pkg/include/interfaces_pkg/interfaces_pkg/msg/detail/target_point__traits.hpp
[139.484s] -- Symlinking: /home/cc/ros2_ws/install/interfaces_pkg/include/interfaces_pkg/interfaces_pkg/msg/detail/target_point__type_support.hpp
[139.518s] -- Symlinking: /home/cc/ros2_ws/install/interfaces_pkg/include/interfaces_pkg/interfaces_pkg/msg/detail/vector2__builder.hpp
[139.553s] -- Symlinking: /home/cc/ros2_ws/install/interfaces_pkg/include/interfaces_pkg/interfaces_pkg/msg/detail/vector2__struct.hpp
[139.590s] -- Symlinking: /home/cc/ros2_ws/install/interfaces_pkg/include/interfaces_pkg/interfaces_pkg/msg/detail/vector2__traits.hpp
[139.625s] -- Symlinking: /home/cc/ros2_ws/install/interfaces_pkg/include/interfaces_pkg/interfaces_pkg/msg/detail/vector2__type_support.hpp
[139.661s] -- Symlinking: /home/cc/ros2_ws/install/interfaces_pkg/include/interfaces_pkg/interfaces_pkg/msg/detection.hpp
[139.695s] -- Symlinking: /home/cc/ros2_ws/install/interfaces_pkg/include/interfaces_pkg/interfaces_pkg/msg/detection_array.hpp
[139.730s] -- Symlinking: /home/cc/ros2_ws/install/interfaces_pkg/include/interfaces_pkg/interfaces_pkg/msg/key_point2_d.hpp
[139.764s] -- Symlinking: /home/cc/ros2_ws/install/interfaces_pkg/include/interfaces_pkg/interfaces_pkg/msg/key_point2_d_array.hpp
[139.798s] -- Symlinking: /home/cc/ros2_ws/install/interfaces_pkg/include/interfaces_pkg/interfaces_pkg/msg/key_point3_d.hpp
[139.832s] -- Symlinking: /home/cc/ros2_ws/install/interfaces_pkg/include/interfaces_pkg/interfaces_pkg/msg/key_point3_d_array.hpp
[139.867s] -- Symlinking: /home/cc/ros2_ws/install/interfaces_pkg/include/interfaces_pkg/interfaces_pkg/msg/lane_info.hpp
[139.900s] -- Symlinking: /home/cc/ros2_ws/install/interfaces_pkg/include/interfaces_pkg/interfaces_pkg/msg/mask.hpp
[139.933s] -- Symlinking: /home/cc/ros2_ws/install/interfaces_pkg/include/interfaces_pkg/interfaces_pkg/msg/motion_command.hpp
[139.968s] -- Symlinking: /home/cc/ros2_ws/install/interfaces_pkg/include/interfaces_pkg/interfaces_pkg/msg/path_planning_result.hpp
[140.001s] -- Symlinking: /home/cc/ros2_ws/install/interfaces_pkg/include/interfaces_pkg/interfaces_pkg/msg/point2_d.hpp
[140.035s] -- Symlinking: /home/cc/ros2_ws/install/interfaces_pkg/include/interfaces_pkg/interfaces_pkg/msg/pose2_d.hpp
[140.070s] -- Symlinking: /home/cc/ros2_ws/install/interfaces_pkg/include/interfaces_pkg/interfaces_pkg/msg/rosidl_generator_cpp__visibility_control.hpp
[140.104s] -- Symlinking: /home/cc/ros2_ws/install/interfaces_pkg/include/interfaces_pkg/interfaces_pkg/msg/target_point.hpp
[140.138s] -- Symlinking: /home/cc/ros2_ws/install/interfaces_pkg/include/interfaces_pkg/interfaces_pkg/msg/vector2.hpp
[140.183s] -- Symlinking: /home/cc/ros2_ws/install/interfaces_pkg/include/interfaces_pkg/interfaces_pkg/msg/detail/bounding_box2_d__rosidl_typesupport_fastrtps_cpp.hpp
[140.218s] -- Symlinking: /home/cc/ros2_ws/install/interfaces_pkg/include/interfaces_pkg/interfaces_pkg/msg/detail/bounding_box3_d__rosidl_typesupport_fastrtps_cpp.hpp
[140.255s] -- Symlinking: /home/cc/ros2_ws/install/interfaces_pkg/include/interfaces_pkg/interfaces_pkg/msg/detail/detection__rosidl_typesupport_fastrtps_cpp.hpp
[140.288s] -- Symlinking: /home/cc/ros2_ws/install/interfaces_pkg/include/interfaces_pkg/interfaces_pkg/msg/detail/detection_array__rosidl_typesupport_fastrtps_cpp.hpp
[140.321s] -- Symlinking: /home/cc/ros2_ws/install/interfaces_pkg/include/interfaces_pkg/interfaces_pkg/msg/detail/key_point2_d__rosidl_typesupport_fastrtps_cpp.hpp
[140.357s] -- Symlinking: /home/cc/ros2_ws/install/interfaces_pkg/include/interfaces_pkg/interfaces_pkg/msg/detail/key_point2_d_array__rosidl_typesupport_fastrtps_cpp.hpp
[140.391s] -- Symlinking: /home/cc/ros2_ws/install/interfaces_pkg/include/interfaces_pkg/interfaces_pkg/msg/detail/key_point3_d__rosidl_typesupport_fastrtps_cpp.hpp
[140.425s] -- Symlinking: /home/cc/ros2_ws/install/interfaces_pkg/include/interfaces_pkg/interfaces_pkg/msg/detail/key_point3_d_array__rosidl_typesupport_fastrtps_cpp.hpp
[140.459s] -- Symlinking: /home/cc/ros2_ws/install/interfaces_pkg/include/interfaces_pkg/interfaces_pkg/msg/detail/lane_info__rosidl_typesupport_fastrtps_cpp.hpp
[140.493s] -- Symlinking: /home/cc/ros2_ws/install/interfaces_pkg/include/interfaces_pkg/interfaces_pkg/msg/detail/mask__rosidl_typesupport_fastrtps_cpp.hpp
[140.527s] -- Symlinking: /home/cc/ros2_ws/install/interfaces_pkg/include/interfaces_pkg/interfaces_pkg/msg/detail/motion_command__rosidl_typesupport_fastrtps_cpp.hpp
[140.563s] -- Symlinking: /home/cc/ros2_ws/install/interfaces_pkg/include/interfaces_pkg/interfaces_pkg/msg/detail/path_planning_result__rosidl_typesupport_fastrtps_cpp.hpp
[140.598s] -- Symlinking: /home/cc/ros2_ws/install/interfaces_pkg/include/interfaces_pkg/interfaces_pkg/msg/detail/point2_d__rosidl_typesupport_fastrtps_cpp.hpp
[140.632s] -- Symlinking: /home/cc/ros2_ws/install/interfaces_pkg/include/interfaces_pkg/interfaces_pkg/msg/detail/pose2_d__rosidl_typesupport_fastrtps_cpp.hpp
[140.668s] -- Symlinking: /home/cc/ros2_ws/install/interfaces_pkg/include/interfaces_pkg/interfaces_pkg/msg/detail/target_point__rosidl_typesupport_fastrtps_cpp.hpp
[140.702s] -- Symlinking: /home/cc/ros2_ws/install/interfaces_pkg/include/interfaces_pkg/interfaces_pkg/msg/detail/vector2__rosidl_typesupport_fastrtps_cpp.hpp
[140.735s] -- Symlinking: /home/cc/ros2_ws/install/interfaces_pkg/include/interfaces_pkg/interfaces_pkg/msg/rosidl_typesupport_fastrtps_cpp__visibility_control.h
[140.773s] -- Symlinking: /home/cc/ros2_ws/install/interfaces_pkg/include/interfaces_pkg/interfaces_pkg/msg/detail/bounding_box2_d__rosidl_typesupport_introspection_cpp.hpp
[140.808s] -- Symlinking: /home/cc/ros2_ws/install/interfaces_pkg/include/interfaces_pkg/interfaces_pkg/msg/detail/bounding_box3_d__rosidl_typesupport_introspection_cpp.hpp
[140.843s] -- Symlinking: /home/cc/ros2_ws/install/interfaces_pkg/include/interfaces_pkg/interfaces_pkg/msg/detail/detection__rosidl_typesupport_introspection_cpp.hpp
[140.877s] -- Symlinking: /home/cc/ros2_ws/install/interfaces_pkg/include/interfaces_pkg/interfaces_pkg/msg/detail/detection_array__rosidl_typesupport_introspection_cpp.hpp
[140.913s] -- Symlinking: /home/cc/ros2_ws/install/interfaces_pkg/include/interfaces_pkg/interfaces_pkg/msg/detail/key_point2_d__rosidl_typesupport_introspection_cpp.hpp
[140.948s] -- Symlinking: /home/cc/ros2_ws/install/interfaces_pkg/include/interfaces_pkg/interfaces_pkg/msg/detail/key_point2_d_array__rosidl_typesupport_introspection_cpp.hpp
[140.982s] -- Symlinking: /home/cc/ros2_ws/install/interfaces_pkg/include/interfaces_pkg/interfaces_pkg/msg/detail/key_point3_d__rosidl_typesupport_introspection_cpp.hpp
[141.016s] -- Symlinking: /home/cc/ros2_ws/install/interfaces_pkg/include/interfaces_pkg/interfaces_pkg/msg/detail/key_point3_d_array__rosidl_typesupport_introspection_cpp.hpp
[141.050s] -- Symlinking: /home/cc/ros2_ws/install/interfaces_pkg/include/interfaces_pkg/interfaces_pkg/msg/detail/lane_info__rosidl_typesupport_introspection_cpp.hpp
[141.085s] -- Symlinking: /home/cc/ros2_ws/install/interfaces_pkg/include/interfaces_pkg/interfaces_pkg/msg/detail/mask__rosidl_typesupport_introspection_cpp.hpp
[141.121s] -- Symlinking: /home/cc/ros2_ws/install/interfaces_pkg/include/interfaces_pkg/interfaces_pkg/msg/detail/motion_command__rosidl_typesupport_introspection_cpp.hpp
[141.157s] -- Symlinking: /home/cc/ros2_ws/install/interfaces_pkg/include/interfaces_pkg/interfaces_pkg/msg/detail/path_planning_result__rosidl_typesupport_introspection_cpp.hpp
[141.191s] -- Symlinking: /home/cc/ros2_ws/install/interfaces_pkg/include/interfaces_pkg/interfaces_pkg/msg/detail/point2_d__rosidl_typesupport_introspection_cpp.hpp
[141.226s] -- Symlinking: /home/cc/ros2_ws/install/interfaces_pkg/include/interfaces_pkg/interfaces_pkg/msg/detail/pose2_d__rosidl_typesupport_introspection_cpp.hpp
[141.261s] -- Symlinking: /home/cc/ros2_ws/install/interfaces_pkg/include/interfaces_pkg/interfaces_pkg/msg/detail/target_point__rosidl_typesupport_introspection_cpp.hpp
[141.296s] -- Symlinking: /home/cc/ros2_ws/install/interfaces_pkg/include/interfaces_pkg/interfaces_pkg/msg/detail/vector2__rosidl_typesupport_introspection_cpp.hpp
[141.333s] -- Symlinking: /home/cc/ros2_ws/install/interfaces_pkg/share/interfaces_pkg/environment/pythonpath.sh
[141.371s] -- Symlinking: /home/cc/ros2_ws/install/interfaces_pkg/share/interfaces_pkg/environment/pythonpath.dsv
[141.406s] -- Symlinking: /home/cc/ros2_ws/install/interfaces_pkg/local/lib/python3.10/dist-packages/interfaces_pkg-0.0.0-py3.10.egg-info/PKG-INFO
[141.442s] -- Symlinking: /home/cc/ros2_ws/install/interfaces_pkg/local/lib/python3.10/dist-packages/interfaces_pkg-0.0.0-py3.10.egg-info/SOURCES.txt
[141.476s] -- Symlinking: /home/cc/ros2_ws/install/interfaces_pkg/local/lib/python3.10/dist-packages/interfaces_pkg-0.0.0-py3.10.egg-info/dependency_links.txt
[141.510s] -- Symlinking: /home/cc/ros2_ws/install/interfaces_pkg/local/lib/python3.10/dist-packages/interfaces_pkg-0.0.0-py3.10.egg-info/top_level.txt
[141.555s] -- Symlinking: /home/cc/ros2_ws/install/interfaces_pkg/local/lib/python3.10/dist-packages/interfaces_pkg/__init__.py
[141.588s] -- Symlinking: /home/cc/ros2_ws/install/interfaces_pkg/local/lib/python3.10/dist-packages/interfaces_pkg/_interfaces_pkg_s.ep.rosidl_typesupport_c.c
[141.624s] -- Symlinking: /home/cc/ros2_ws/install/interfaces_pkg/local/lib/python3.10/dist-packages/interfaces_pkg/_interfaces_pkg_s.ep.rosidl_typesupport_fastrtps_c.c
[141.660s] -- Symlinking: /home/cc/ros2_ws/install/interfaces_pkg/local/lib/python3.10/dist-packages/interfaces_pkg/_interfaces_pkg_s.ep.rosidl_typesupport_introspection_c.c
[141.694s] -- Symlinking: /home/cc/ros2_ws/install/interfaces_pkg/local/lib/python3.10/dist-packages/interfaces_pkg/interfaces_pkg_s__rosidl_typesupport_c.cpython-310-aarch64-linux-gnu.so
[141.728s] -- Symlinking: /home/cc/ros2_ws/install/interfaces_pkg/local/lib/python3.10/dist-packages/interfaces_pkg/interfaces_pkg_s__rosidl_typesupport_fastrtps_c.cpython-310-aarch64-linux-gnu.so
[141.764s] -- Symlinking: /home/cc/ros2_ws/install/interfaces_pkg/local/lib/python3.10/dist-packages/interfaces_pkg/interfaces_pkg_s__rosidl_typesupport_introspection_c.cpython-310-aarch64-linux-gnu.so
[141.798s] -- Symlinking: /home/cc/ros2_ws/install/interfaces_pkg/local/lib/python3.10/dist-packages/interfaces_pkg/libinterfaces_pkg__rosidl_generator_py.so
[141.833s] -- Symlinking: /home/cc/ros2_ws/install/interfaces_pkg/local/lib/python3.10/dist-packages/interfaces_pkg/msg/__init__.py
[141.868s] -- Symlinking: /home/cc/ros2_ws/install/interfaces_pkg/local/lib/python3.10/dist-packages/interfaces_pkg/msg/_bounding_box2_d.py
[141.902s] -- Symlinking: /home/cc/ros2_ws/install/interfaces_pkg/local/lib/python3.10/dist-packages/interfaces_pkg/msg/_bounding_box2_d_s.c
[141.935s] -- Symlinking: /home/cc/ros2_ws/install/interfaces_pkg/local/lib/python3.10/dist-packages/interfaces_pkg/msg/_bounding_box3_d.py
[142.045s] -- Symlinking: /home/cc/ros2_ws/install/interfaces_pkg/local/lib/python3.10/dist-packages/interfaces_pkg/msg/_bounding_box3_d_s.c
[142.084s] -- Symlinking: /home/cc/ros2_ws/install/interfaces_pkg/local/lib/python3.10/dist-packages/interfaces_pkg/msg/_detection.py
[142.120s] -- Symlinking: /home/cc/ros2_ws/install/interfaces_pkg/local/lib/python3.10/dist-packages/interfaces_pkg/msg/_detection_array.py
[142.157s] -- Symlinking: /home/cc/ros2_ws/install/interfaces_pkg/local/lib/python3.10/dist-packages/interfaces_pkg/msg/_detection_array_s.c
[142.190s] -- Symlinking: /home/cc/ros2_ws/install/interfaces_pkg/local/lib/python3.10/dist-packages/interfaces_pkg/msg/_detection_s.c
[142.224s] -- Symlinking: /home/cc/ros2_ws/install/interfaces_pkg/local/lib/python3.10/dist-packages/interfaces_pkg/msg/_key_point2_d.py
[142.260s] -- Symlinking: /home/cc/ros2_ws/install/interfaces_pkg/local/lib/python3.10/dist-packages/interfaces_pkg/msg/_key_point2_d_array.py
[142.293s] -- Symlinking: /home/cc/ros2_ws/install/interfaces_pkg/local/lib/python3.10/dist-packages/interfaces_pkg/msg/_key_point2_d_array_s.c
[142.328s] -- Symlinking: /home/cc/ros2_ws/install/interfaces_pkg/local/lib/python3.10/dist-packages/interfaces_pkg/msg/_key_point2_d_s.c
[142.361s] -- Symlinking: /home/cc/ros2_ws/install/interfaces_pkg/local/lib/python3.10/dist-packages/interfaces_pkg/msg/_key_point3_d.py
[142.395s] -- Symlinking: /home/cc/ros2_ws/install/interfaces_pkg/local/lib/python3.10/dist-packages/interfaces_pkg/msg/_key_point3_d_array.py
[142.429s] -- Symlinking: /home/cc/ros2_ws/install/interfaces_pkg/local/lib/python3.10/dist-packages/interfaces_pkg/msg/_key_point3_d_array_s.c
[142.464s] -- Symlinking: /home/cc/ros2_ws/install/interfaces_pkg/local/lib/python3.10/dist-packages/interfaces_pkg/msg/_key_point3_d_s.c
[142.497s] -- Symlinking: /home/cc/ros2_ws/install/interfaces_pkg/local/lib/python3.10/dist-packages/interfaces_pkg/msg/_lane_info.py
[142.530s] -- Symlinking: /home/cc/ros2_ws/install/interfaces_pkg/local/lib/python3.10/dist-packages/interfaces_pkg/msg/_lane_info_s.c
[142.566s] -- Symlinking: /home/cc/ros2_ws/install/interfaces_pkg/local/lib/python3.10/dist-packages/interfaces_pkg/msg/_mask.py
[142.600s] -- Symlinking: /home/cc/ros2_ws/install/interfaces_pkg/local/lib/python3.10/dist-packages/interfaces_pkg/msg/_mask_s.c
[142.634s] -- Symlinking: /home/cc/ros2_ws/install/interfaces_pkg/local/lib/python3.10/dist-packages/interfaces_pkg/msg/_motion_command.py
[142.669s] -- Symlinking: /home/cc/ros2_ws/install/interfaces_pkg/local/lib/python3.10/dist-packages/interfaces_pkg/msg/_motion_command_s.c
[142.702s] -- Symlinking: /home/cc/ros2_ws/install/interfaces_pkg/local/lib/python3.10/dist-packages/interfaces_pkg/msg/_path_planning_result.py
[142.737s] -- Symlinking: /home/cc/ros2_ws/install/interfaces_pkg/local/lib/python3.10/dist-packages/interfaces_pkg/msg/_path_planning_result_s.c
[142.772s] -- Symlinking: /home/cc/ros2_ws/install/interfaces_pkg/local/lib/python3.10/dist-packages/interfaces_pkg/msg/_point2_d.py
[142.806s] -- Symlinking: /home/cc/ros2_ws/install/interfaces_pkg/local/lib/python3.10/dist-packages/interfaces_pkg/msg/_point2_d_s.c
[142.839s] -- Symlinking: /home/cc/ros2_ws/install/interfaces_pkg/local/lib/python3.10/dist-packages/interfaces_pkg/msg/_pose2_d.py
[142.874s] -- Symlinking: /home/cc/ros2_ws/install/interfaces_pkg/local/lib/python3.10/dist-packages/interfaces_pkg/msg/_pose2_d_s.c
[142.908s] -- Symlinking: /home/cc/ros2_ws/install/interfaces_pkg/local/lib/python3.10/dist-packages/interfaces_pkg/msg/_target_point.py
[142.942s] -- Symlinking: /home/cc/ros2_ws/install/interfaces_pkg/local/lib/python3.10/dist-packages/interfaces_pkg/msg/_target_point_s.c
[142.977s] -- Symlinking: /home/cc/ros2_ws/install/interfaces_pkg/local/lib/python3.10/dist-packages/interfaces_pkg/msg/_vector2.py
[143.012s] -- Symlinking: /home/cc/ros2_ws/install/interfaces_pkg/local/lib/python3.10/dist-packages/interfaces_pkg/msg/_vector2_s.c
[143.046s] -- Up-to-date symlink: /home/cc/ros2_ws/install/interfaces_pkg/local/lib/python3.10/dist-packages/interfaces_pkg/interfaces_pkg_s__rosidl_typesupport_fastrtps_c.cpython-310-aarch64-linux-gnu.so
[143.049s] -- Up-to-date symlink: /home/cc/ros2_ws/install/interfaces_pkg/local/lib/python3.10/dist-packages/interfaces_pkg/interfaces_pkg_s__rosidl_typesupport_introspection_c.cpython-310-aarch64-linux-gnu.so
[143.050s] -- Up-to-date symlink: /home/cc/ros2_ws/install/interfaces_pkg/local/lib/python3.10/dist-packages/interfaces_pkg/interfaces_pkg_s__rosidl_typesupport_c.cpython-310-aarch64-linux-gnu.so
[143.052s] -- Symlinking: /home/cc/ros2_ws/install/interfaces_pkg/share/interfaces_pkg/msg/Point2D.idl
[143.085s] -- Symlinking: /home/cc/ros2_ws/install/interfaces_pkg/share/interfaces_pkg/msg/Vector2.idl
[143.121s] -- Symlinking: /home/cc/ros2_ws/install/interfaces_pkg/share/interfaces_pkg/msg/Pose2D.idl
[143.157s] -- Symlinking: /home/cc/ros2_ws/install/interfaces_pkg/share/interfaces_pkg/msg/BoundingBox2D.idl
[143.191s] -- Symlinking: /home/cc/ros2_ws/install/interfaces_pkg/share/interfaces_pkg/msg/BoundingBox3D.idl
[143.225s] -- Symlinking: /home/cc/ros2_ws/install/interfaces_pkg/share/interfaces_pkg/msg/Mask.idl
[143.262s] -- Symlinking: /home/cc/ros2_ws/install/interfaces_pkg/share/interfaces_pkg/msg/KeyPoint2D.idl
[143.295s] -- Symlinking: /home/cc/ros2_ws/install/interfaces_pkg/share/interfaces_pkg/msg/KeyPoint2DArray.idl
[143.329s] -- Symlinking: /home/cc/ros2_ws/install/interfaces_pkg/share/interfaces_pkg/msg/KeyPoint3D.idl
[143.365s] -- Symlinking: /home/cc/ros2_ws/install/interfaces_pkg/share/interfaces_pkg/msg/KeyPoint3DArray.idl
[143.399s] -- Symlinking: /home/cc/ros2_ws/install/interfaces_pkg/share/interfaces_pkg/msg/Detection.idl
[143.431s] -- Symlinking: /home/cc/ros2_ws/install/interfaces_pkg/share/interfaces_pkg/msg/DetectionArray.idl
[143.466s] -- Symlinking: /home/cc/ros2_ws/install/interfaces_pkg/share/interfaces_pkg/msg/LaneInfo.idl
[143.500s] -- Symlinking: /home/cc/ros2_ws/install/interfaces_pkg/share/interfaces_pkg/msg/MotionCommand.idl
[143.534s] -- Symlinking: /home/cc/ros2_ws/install/interfaces_pkg/share/interfaces_pkg/msg/TargetPoint.idl
[143.570s] -- Symlinking: /home/cc/ros2_ws/install/interfaces_pkg/share/interfaces_pkg/msg/PathPlanningResult.idl
[143.605s] -- Symlinking: /home/cc/ros2_ws/install/interfaces_pkg/share/interfaces_pkg/msg/Point2D.msg
[143.640s] -- Symlinking: /home/cc/ros2_ws/install/interfaces_pkg/share/interfaces_pkg/msg/Vector2.msg
[143.676s] -- Symlinking: /home/cc/ros2_ws/install/interfaces_pkg/share/interfaces_pkg/msg/Pose2D.msg
[143.709s] -- Symlinking: /home/cc/ros2_ws/install/interfaces_pkg/share/interfaces_pkg/msg/BoundingBox2D.msg
[143.742s] -- Symlinking: /home/cc/ros2_ws/install/interfaces_pkg/share/interfaces_pkg/msg/BoundingBox3D.msg
[143.779s] -- Symlinking: /home/cc/ros2_ws/install/interfaces_pkg/share/interfaces_pkg/msg/Mask.msg
[143.812s] -- Symlinking: /home/cc/ros2_ws/install/interfaces_pkg/share/interfaces_pkg/msg/KeyPoint2D.msg
[143.847s] -- Symlinking: /home/cc/ros2_ws/install/interfaces_pkg/share/interfaces_pkg/msg/KeyPoint2DArray.msg
[143.881s] -- Symlinking: /home/cc/ros2_ws/install/interfaces_pkg/share/interfaces_pkg/msg/KeyPoint3D.msg
[143.915s] -- Symlinking: /home/cc/ros2_ws/install/interfaces_pkg/share/interfaces_pkg/msg/KeyPoint3DArray.msg
[143.952s] -- Symlinking: /home/cc/ros2_ws/install/interfaces_pkg/share/interfaces_pkg/msg/Detection.msg
[143.986s] -- Symlinking: /home/cc/ros2_ws/install/interfaces_pkg/share/interfaces_pkg/msg/DetectionArray.msg
[144.020s] -- Symlinking: /home/cc/ros2_ws/install/interfaces_pkg/share/interfaces_pkg/msg/LaneInfo.msg
[144.056s] -- Symlinking: /home/cc/ros2_ws/install/interfaces_pkg/share/interfaces_pkg/msg/MotionCommand.msg
[144.092s] -- Symlinking: /home/cc/ros2_ws/install/interfaces_pkg/share/interfaces_pkg/msg/TargetPoint.msg
[144.129s] -- Symlinking: /home/cc/ros2_ws/install/interfaces_pkg/share/interfaces_pkg/msg/PathPlanningResult.msg
[144.166s] -- Symlinking: /home/cc/ros2_ws/install/interfaces_pkg/share/ament_index/resource_index/package_run_dependencies/interfaces_pkg
[144.200s] -- Symlinking: /home/cc/ros2_ws/install/interfaces_pkg/share/ament_index/resource_index/parent_prefix_path/interfaces_pkg
[144.236s] -- Symlinking: /home/cc/ros2_ws/install/interfaces_pkg/share/interfaces_pkg/environment/ament_prefix_path.sh
[144.273s] -- Symlinking: /home/cc/ros2_ws/install/interfaces_pkg/share/interfaces_pkg/environment/ament_prefix_path.dsv
[144.307s] -- Symlinking: /home/cc/ros2_ws/install/interfaces_pkg/share/interfaces_pkg/environment/path.sh
[144.341s] -- Symlinking: /home/cc/ros2_ws/install/interfaces_pkg/share/interfaces_pkg/environment/path.dsv
[144.377s] -- Symlinking: /home/cc/ros2_ws/install/interfaces_pkg/share/interfaces_pkg/local_setup.bash
[144.410s] -- Symlinking: /home/cc/ros2_ws/install/interfaces_pkg/share/interfaces_pkg/local_setup.sh
[144.444s] -- Symlinking: /home/cc/ros2_ws/install/interfaces_pkg/share/interfaces_pkg/local_setup.zsh
[144.480s] -- Symlinking: /home/cc/ros2_ws/install/interfaces_pkg/share/interfaces_pkg/local_setup.dsv
[144.514s] -- Symlinking: /home/cc/ros2_ws/install/interfaces_pkg/share/interfaces_pkg/package.dsv
[144.551s] -- Symlinking: /home/cc/ros2_ws/install/interfaces_pkg/share/ament_index/resource_index/packages/interfaces_pkg
[144.588s] -- Symlinking: /home/cc/ros2_ws/install/interfaces_pkg/share/interfaces_pkg/cmake/rosidl_cmake-extras.cmake
[144.623s] -- Symlinking: /home/cc/ros2_ws/install/interfaces_pkg/share/interfaces_pkg/cmake/ament_cmake_export_dependencies-extras.cmake
[144.659s] -- Symlinking: /home/cc/ros2_ws/install/interfaces_pkg/share/interfaces_pkg/cmake/ament_cmake_export_include_directories-extras.cmake
[144.694s] -- Symlinking: /home/cc/ros2_ws/install/interfaces_pkg/share/interfaces_pkg/cmake/ament_cmake_export_libraries-extras.cmake
[144.728s] -- Symlinking: /home/cc/ros2_ws/install/interfaces_pkg/share/interfaces_pkg/cmake/ament_cmake_export_targets-extras.cmake
[144.764s] -- Symlinking: /home/cc/ros2_ws/install/interfaces_pkg/share/interfaces_pkg/cmake/rosidl_cmake_export_typesupport_targets-extras.cmake
[144.797s] -- Symlinking: /home/cc/ros2_ws/install/interfaces_pkg/share/interfaces_pkg/cmake/rosidl_cmake_export_typesupport_libraries-extras.cmake
[144.831s] -- Symlinking: /home/cc/ros2_ws/install/interfaces_pkg/share/interfaces_pkg/cmake/interfaces_pkgConfig.cmake
[144.866s] -- Symlinking: /home/cc/ros2_ws/install/interfaces_pkg/share/interfaces_pkg/cmake/interfaces_pkgConfig-version.cmake
[144.900s] -- Symlinking: /home/cc/ros2_ws/install/interfaces_pkg/share/interfaces_pkg/package.xml
[144.933s] -- Installing: /home/cc/ros2_ws/install/interfaces_pkg/lib/libinterfaces_pkg__rosidl_generator_c.so
[144.938s] -- Set runtime path of "/home/cc/ros2_ws/install/interfaces_pkg/lib/libinterfaces_pkg__rosidl_generator_c.so" to ""
[144.938s] -- Installing: /home/cc/ros2_ws/install/interfaces_pkg/lib/libinterfaces_pkg__rosidl_typesupport_fastrtps_c.so
[144.942s] -- Set runtime path of "/home/cc/ros2_ws/install/interfaces_pkg/lib/libinterfaces_pkg__rosidl_typesupport_fastrtps_c.so" to ""
[144.942s] -- Installing: /home/cc/ros2_ws/install/interfaces_pkg/lib/libinterfaces_pkg__rosidl_typesupport_introspection_c.so
[144.946s] -- Set runtime path of "/home/cc/ros2_ws/install/interfaces_pkg/lib/libinterfaces_pkg__rosidl_typesupport_introspection_c.so" to ""
[144.947s] -- Installing: /home/cc/ros2_ws/install/interfaces_pkg/lib/libinterfaces_pkg__rosidl_typesupport_c.so
[144.950s] -- Set runtime path of "/home/cc/ros2_ws/install/interfaces_pkg/lib/libinterfaces_pkg__rosidl_typesupport_c.so" to ""
[144.951s] -- Installing: /home/cc/ros2_ws/install/interfaces_pkg/lib/libinterfaces_pkg__rosidl_typesupport_fastrtps_cpp.so
[144.957s] -- Set runtime path of "/home/cc/ros2_ws/install/interfaces_pkg/lib/libinterfaces_pkg__rosidl_typesupport_fastrtps_cpp.so" to ""
[144.958s] -- Installing: /home/cc/ros2_ws/install/interfaces_pkg/lib/libinterfaces_pkg__rosidl_typesupport_introspection_cpp.so
[144.964s] -- Set runtime path of "/home/cc/ros2_ws/install/interfaces_pkg/lib/libinterfaces_pkg__rosidl_typesupport_introspection_cpp.so" to ""
[144.964s] -- Installing: /home/cc/ros2_ws/install/interfaces_pkg/lib/libinterfaces_pkg__rosidl_typesupport_cpp.so
[144.967s] -- Set runtime path of "/home/cc/ros2_ws/install/interfaces_pkg/lib/libinterfaces_pkg__rosidl_typesupport_cpp.so" to ""
[145.228s] Listing '/home/cc/ros2_ws/install/interfaces_pkg/local/lib/python3.10/dist-packages/interfaces_pkg'...
[145.229s] Compiling '/home/cc/ros2_ws/install/interfaces_pkg/local/lib/python3.10/dist-packages/interfaces_pkg/__init__.py'...
[145.230s] Listing '/home/cc/ros2_ws/install/interfaces_pkg/local/lib/python3.10/dist-packages/interfaces_pkg/msg'...
[145.232s] Compiling '/home/cc/ros2_ws/install/interfaces_pkg/local/lib/python3.10/dist-packages/interfaces_pkg/msg/__init__.py'...
[145.233s] Compiling '/home/cc/ros2_ws/install/interfaces_pkg/local/lib/python3.10/dist-packages/interfaces_pkg/msg/_bounding_box2_d.py'...
[145.234s] Compiling '/home/cc/ros2_ws/install/interfaces_pkg/local/lib/python3.10/dist-packages/interfaces_pkg/msg/_bounding_box3_d.py'...
[145.235s] Compiling '/home/cc/ros2_ws/install/interfaces_pkg/local/lib/python3.10/dist-packages/interfaces_pkg/msg/_detection.py'...
[145.237s] Compiling '/home/cc/ros2_ws/install/interfaces_pkg/local/lib/python3.10/dist-packages/interfaces_pkg/msg/_detection_array.py'...
[145.238s] Compiling '/home/cc/ros2_ws/install/interfaces_pkg/local/lib/python3.10/dist-packages/interfaces_pkg/msg/_key_point2_d.py'...
[145.240s] Compiling '/home/cc/ros2_ws/install/interfaces_pkg/local/lib/python3.10/dist-packages/interfaces_pkg/msg/_key_point2_d_array.py'...
[145.241s] Compiling '/home/cc/ros2_ws/install/interfaces_pkg/local/lib/python3.10/dist-packages/interfaces_pkg/msg/_key_point3_d.py'...
[145.242s] Compiling '/home/cc/ros2_ws/install/interfaces_pkg/local/lib/python3.10/dist-packages/interfaces_pkg/msg/_key_point3_d_array.py'...
[145.243s] Compiling '/home/cc/ros2_ws/install/interfaces_pkg/local/lib/python3.10/dist-packages/interfaces_pkg/msg/_lane_info.py'...
[145.244s] Compiling '/home/cc/ros2_ws/install/interfaces_pkg/local/lib/python3.10/dist-packages/interfaces_pkg/msg/_mask.py'...
[145.244s] Compiling '/home/cc/ros2_ws/install/interfaces_pkg/local/lib/python3.10/dist-packages/interfaces_pkg/msg/_motion_command.py'...
[145.246s] Compiling '/home/cc/ros2_ws/install/interfaces_pkg/local/lib/python3.10/dist-packages/interfaces_pkg/msg/_path_planning_result.py'...
[145.246s] Compiling '/home/cc/ros2_ws/install/interfaces_pkg/local/lib/python3.10/dist-packages/interfaces_pkg/msg/_point2_d.py'...
[145.247s] Compiling '/home/cc/ros2_ws/install/interfaces_pkg/local/lib/python3.10/dist-packages/interfaces_pkg/msg/_pose2_d.py'...
[145.247s] Compiling '/home/cc/ros2_ws/install/interfaces_pkg/local/lib/python3.10/dist-packages/interfaces_pkg/msg/_target_point.py'...
[145.248s] Compiling '/home/cc/ros2_ws/install/interfaces_pkg/local/lib/python3.10/dist-packages/interfaces_pkg/msg/_vector2.py'...
[145.261s] -- Installing: /home/cc/ros2_ws/install/interfaces_pkg/lib/libinterfaces_pkg__rosidl_generator_py.so
[145.265s] -- Set runtime path of "/home/cc/ros2_ws/install/interfaces_pkg/lib/libinterfaces_pkg__rosidl_generator_py.so" to ""
[145.265s] -- Installing: /home/cc/ros2_ws/install/interfaces_pkg/share/interfaces_pkg/cmake/export_interfaces_pkg__rosidl_generator_cExport.cmake
[145.267s] -- Installing: /home/cc/ros2_ws/install/interfaces_pkg/share/interfaces_pkg/cmake/export_interfaces_pkg__rosidl_generator_cExport-noconfig.cmake
[145.269s] -- Installing: /home/cc/ros2_ws/install/interfaces_pkg/share/interfaces_pkg/cmake/export_interfaces_pkg__rosidl_typesupport_fastrtps_cExport.cmake
[145.271s] -- Installing: /home/cc/ros2_ws/install/interfaces_pkg/share/interfaces_pkg/cmake/export_interfaces_pkg__rosidl_typesupport_fastrtps_cExport-noconfig.cmake
[145.274s] -- Installing: /home/cc/ros2_ws/install/interfaces_pkg/share/interfaces_pkg/cmake/interfaces_pkg__rosidl_typesupport_introspection_cExport.cmake
[145.275s] -- Installing: /home/cc/ros2_ws/install/interfaces_pkg/share/interfaces_pkg/cmake/interfaces_pkg__rosidl_typesupport_introspection_cExport-noconfig.cmake
[145.277s] -- Installing: /home/cc/ros2_ws/install/interfaces_pkg/share/interfaces_pkg/cmake/interfaces_pkg__rosidl_typesupport_cExport.cmake
[145.279s] -- Installing: /home/cc/ros2_ws/install/interfaces_pkg/share/interfaces_pkg/cmake/interfaces_pkg__rosidl_typesupport_cExport-noconfig.cmake
[145.280s] -- Installing: /home/cc/ros2_ws/install/interfaces_pkg/share/interfaces_pkg/cmake/export_interfaces_pkg__rosidl_generator_cppExport.cmake
[145.282s] -- Installing: /home/cc/ros2_ws/install/interfaces_pkg/share/interfaces_pkg/cmake/export_interfaces_pkg__rosidl_typesupport_fastrtps_cppExport.cmake
[145.283s] -- Installing: /home/cc/ros2_ws/install/interfaces_pkg/share/interfaces_pkg/cmake/export_interfaces_pkg__rosidl_typesupport_fastrtps_cppExport-noconfig.cmake
[145.285s] -- Installing: /home/cc/ros2_ws/install/interfaces_pkg/share/interfaces_pkg/cmake/interfaces_pkg__rosidl_typesupport_introspection_cppExport.cmake
[145.286s] -- Installing: /home/cc/ros2_ws/install/interfaces_pkg/share/interfaces_pkg/cmake/interfaces_pkg__rosidl_typesupport_introspection_cppExport-noconfig.cmake
[145.288s] -- Installing: /home/cc/ros2_ws/install/interfaces_pkg/share/interfaces_pkg/cmake/interfaces_pkg__rosidl_typesupport_cppExport.cmake
[145.289s] -- Installing: /home/cc/ros2_ws/install/interfaces_pkg/share/interfaces_pkg/cmake/interfaces_pkg__rosidl_typesupport_cppExport-noconfig.cmake
[145.291s] -- Installing: /home/cc/ros2_ws/install/interfaces_pkg/share/interfaces_pkg/cmake/export_interfaces_pkg__rosidl_generator_pyExport.cmake
[145.292s] -- Installing: /home/cc/ros2_ws/install/interfaces_pkg/share/interfaces_pkg/cmake/export_interfaces_pkg__rosidl_generator_pyExport-noconfig.cmake
[145.302s] Invoked command in '/home/cc/ros2_ws/build/interfaces_pkg' returned '0': CMAKE_PREFIX_PATH=${CMAKE_PREFIX_PATH}:/home/cc/ros2_ws/install/serial_communication_pkg:/home/cc/ros2_ws/install/lidar_perception_pkg:/home/cc/ros2_ws/install/decision_making_pkg:/home/cc/ros2_ws/install/debug_pkg:/home/cc/ros2_ws/install/camera_perception_pkg:/opt/ros/humble /usr/bin/cmake --install /home/cc/ros2_ws/build/interfaces_pkg
