[0.559s] Invoking command in '/home/cc/ros2_ws/build/interfaces_pkg': CMAKE_PREFIX_PATH=${CMAKE_PREFIX_PATH}:/home/cc/ros2_ws/install/serial_communication_pkg:/home/cc/ros2_ws/install/lidar_perception_pkg:/home/cc/ros2_ws/install/decision_making_pkg:/home/cc/ros2_ws/install/debug_pkg:/home/cc/ros2_ws/install/camera_perception_pkg:/opt/ros/humble /usr/bin/cmake --build /home/cc/ros2_ws/build/interfaces_pkg -- -j4 -l4
[12.008s] [  0%] Built target interfaces_pkg__cpp
[12.010s] [  0%] Built target ament_cmake_python_symlink_interfaces_pkg
[12.013s] [35m[1mConsolidate compiler generated dependencies of target interfaces_pkg__rosidl_typesupport_fastrtps_cpp[0m
[12.014s] [ 12%] Built target interfaces_pkg__rosidl_typesupport_fastrtps_cpp
[12.015s] [35m[1mConsolidate compiler generated dependencies of target interfaces_pkg__rosidl_typesupport_introspection_cpp[0m
[12.016s] [ 24%] Built target interfaces_pkg__rosidl_typesupport_introspection_cpp
[12.017s] running egg_info
[12.019s] writing interfaces_pkg.egg-info/PKG-INFO
[12.033s] writing dependency_links to interfaces_pkg.egg-info/dependency_links.txt
[12.034s] writing top-level names to interfaces_pkg.egg-info/top_level.txt
[12.036s] reading manifest file 'interfaces_pkg.egg-info/SOURCES.txt'
[12.037s] writing manifest file 'interfaces_pkg.egg-info/SOURCES.txt'
[12.037s] [ 24%] Built target ament_cmake_python_build_interfaces_pkg_egg
[12.038s] [35m[1mConsolidate compiler generated dependencies of target interfaces_pkg__rosidl_typesupport_cpp[0m
[12.039s] [ 36%] Built target interfaces_pkg__rosidl_typesupport_cpp
[12.041s] [35m[1mConsolidate compiler generated dependencies of target interfaces_pkg__rosidl_generator_c[0m
[12.042s] [ 48%] Built target interfaces_pkg__rosidl_generator_c
[12.053s] [35m[1mConsolidate compiler generated dependencies of target interfaces_pkg__rosidl_typesupport_fastrtps_c[0m
[12.060s] [ 60%] Built target interfaces_pkg__rosidl_typesupport_fastrtps_c
[12.061s] [35m[1mConsolidate compiler generated dependencies of target interfaces_pkg__rosidl_typesupport_c[0m
[12.062s] [ 72%] Built target interfaces_pkg__rosidl_typesupport_c
[12.063s] [35m[1mConsolidate compiler generated dependencies of target interfaces_pkg__rosidl_typesupport_introspection_c[0m
[12.063s] [ 84%] Built target interfaces_pkg__rosidl_typesupport_introspection_c
[12.064s] [ 84%] Built target interfaces_pkg
[12.065s] [ 85%] Built target interfaces_pkg__py
[12.065s] [35m[1mConsolidate compiler generated dependencies of target interfaces_pkg__rosidl_generator_py[0m
[12.066s] [ 96%] Built target interfaces_pkg__rosidl_generator_py
[12.067s] [35m[1mConsolidate compiler generated dependencies of target interfaces_pkg__rosidl_typesupport_fastrtps_c__pyext[0m
[12.067s] [ 97%] Built target interfaces_pkg__rosidl_typesupport_fastrtps_c__pyext
[12.068s] [35m[1mConsolidate compiler generated dependencies of target interfaces_pkg__rosidl_typesupport_c__pyext[0m
[12.069s] [ 98%] Built target interfaces_pkg__rosidl_typesupport_c__pyext
[12.069s] [35m[1mConsolidate compiler generated dependencies of target interfaces_pkg__rosidl_typesupport_introspection_c__pyext[0m
[12.070s] [100%] Built target interfaces_pkg__rosidl_typesupport_introspection_c__pyext
[12.071s] Invoked command in '/home/cc/ros2_ws/build/interfaces_pkg' returned '0': CMAKE_PREFIX_PATH=${CMAKE_PREFIX_PATH}:/home/cc/ros2_ws/install/serial_communication_pkg:/home/cc/ros2_ws/install/lidar_perception_pkg:/home/cc/ros2_ws/install/decision_making_pkg:/home/cc/ros2_ws/install/debug_pkg:/home/cc/ros2_ws/install/camera_perception_pkg:/opt/ros/humble /usr/bin/cmake --build /home/cc/ros2_ws/build/interfaces_pkg -- -j4 -l4
[12.121s] Invoking command in '/home/cc/ros2_ws/build/interfaces_pkg': CMAKE_PREFIX_PATH=${CMAKE_PREFIX_PATH}:/home/cc/ros2_ws/install/serial_communication_pkg:/home/cc/ros2_ws/install/lidar_perception_pkg:/home/cc/ros2_ws/install/decision_making_pkg:/home/cc/ros2_ws/install/debug_pkg:/home/cc/ros2_ws/install/camera_perception_pkg:/opt/ros/humble /usr/bin/cmake --install /home/cc/ros2_ws/build/interfaces_pkg
[12.212s] -- Install configuration: ""
[12.226s] -- Execute custom install script
[12.229s] -- Up-to-date symlink: /home/cc/ros2_ws/install/interfaces_pkg/share/ament_index/resource_index/rosidl_interfaces/interfaces_pkg
[12.250s] -- Up-to-date symlink: /home/cc/ros2_ws/install/interfaces_pkg/include/interfaces_pkg/interfaces_pkg/msg/bounding_box2_d.h
[12.254s] -- Up-to-date symlink: /home/cc/ros2_ws/install/interfaces_pkg/include/interfaces_pkg/interfaces_pkg/msg/bounding_box3_d.h
[12.261s] -- Up-to-date symlink: /home/cc/ros2_ws/install/interfaces_pkg/include/interfaces_pkg/interfaces_pkg/msg/detail/bounding_box2_d__functions.h
[12.277s] -- Up-to-date symlink: /home/cc/ros2_ws/install/interfaces_pkg/include/interfaces_pkg/interfaces_pkg/msg/detail/bounding_box2_d__struct.h
[12.281s] -- Up-to-date symlink: /home/cc/ros2_ws/install/interfaces_pkg/include/interfaces_pkg/interfaces_pkg/msg/detail/bounding_box2_d__type_support.h
[12.284s] -- Up-to-date symlink: /home/cc/ros2_ws/install/interfaces_pkg/include/interfaces_pkg/interfaces_pkg/msg/detail/bounding_box3_d__functions.h
[12.291s] -- Up-to-date symlink: /home/cc/ros2_ws/install/interfaces_pkg/include/interfaces_pkg/interfaces_pkg/msg/detail/bounding_box3_d__struct.h
[12.306s] -- Up-to-date symlink: /home/cc/ros2_ws/install/interfaces_pkg/include/interfaces_pkg/interfaces_pkg/msg/detail/bounding_box3_d__type_support.h
[12.312s] -- Up-to-date symlink: /home/cc/ros2_ws/install/interfaces_pkg/include/interfaces_pkg/interfaces_pkg/msg/detail/detection__functions.h
[12.318s] -- Up-to-date symlink: /home/cc/ros2_ws/install/interfaces_pkg/include/interfaces_pkg/interfaces_pkg/msg/detail/detection__struct.h
[12.324s] -- Up-to-date symlink: /home/cc/ros2_ws/install/interfaces_pkg/include/interfaces_pkg/interfaces_pkg/msg/detail/detection__type_support.h
[12.335s] -- Up-to-date symlink: /home/cc/ros2_ws/install/interfaces_pkg/include/interfaces_pkg/interfaces_pkg/msg/detail/detection_array__functions.h
[12.342s] -- Up-to-date symlink: /home/cc/ros2_ws/install/interfaces_pkg/include/interfaces_pkg/interfaces_pkg/msg/detail/detection_array__struct.h
[12.347s] -- Up-to-date symlink: /home/cc/ros2_ws/install/interfaces_pkg/include/interfaces_pkg/interfaces_pkg/msg/detail/detection_array__type_support.h
[12.354s] -- Up-to-date symlink: /home/cc/ros2_ws/install/interfaces_pkg/include/interfaces_pkg/interfaces_pkg/msg/detail/key_point2_d__functions.h
[12.360s] -- Up-to-date symlink: /home/cc/ros2_ws/install/interfaces_pkg/include/interfaces_pkg/interfaces_pkg/msg/detail/key_point2_d__struct.h
[12.363s] -- Up-to-date symlink: /home/cc/ros2_ws/install/interfaces_pkg/include/interfaces_pkg/interfaces_pkg/msg/detail/key_point2_d__type_support.h
[12.367s] -- Up-to-date symlink: /home/cc/ros2_ws/install/interfaces_pkg/include/interfaces_pkg/interfaces_pkg/msg/detail/key_point2_d_array__functions.h
[12.370s] -- Up-to-date symlink: /home/cc/ros2_ws/install/interfaces_pkg/include/interfaces_pkg/interfaces_pkg/msg/detail/key_point2_d_array__struct.h
[12.376s] -- Up-to-date symlink: /home/cc/ros2_ws/install/interfaces_pkg/include/interfaces_pkg/interfaces_pkg/msg/detail/key_point2_d_array__type_support.h
[12.379s] -- Up-to-date symlink: /home/cc/ros2_ws/install/interfaces_pkg/include/interfaces_pkg/interfaces_pkg/msg/detail/key_point3_d__functions.h
[12.384s] -- Up-to-date symlink: /home/cc/ros2_ws/install/interfaces_pkg/include/interfaces_pkg/interfaces_pkg/msg/detail/key_point3_d__struct.h
[12.387s] -- Up-to-date symlink: /home/cc/ros2_ws/install/interfaces_pkg/include/interfaces_pkg/interfaces_pkg/msg/detail/key_point3_d__type_support.h
[12.391s] -- Up-to-date symlink: /home/cc/ros2_ws/install/interfaces_pkg/include/interfaces_pkg/interfaces_pkg/msg/detail/key_point3_d_array__functions.h
[12.395s] -- Up-to-date symlink: /home/cc/ros2_ws/install/interfaces_pkg/include/interfaces_pkg/interfaces_pkg/msg/detail/key_point3_d_array__struct.h
[12.426s] -- Up-to-date symlink: /home/cc/ros2_ws/install/interfaces_pkg/include/interfaces_pkg/interfaces_pkg/msg/detail/key_point3_d_array__type_support.h
[12.430s] -- Up-to-date symlink: /home/cc/ros2_ws/install/interfaces_pkg/include/interfaces_pkg/interfaces_pkg/msg/detail/lane_info__functions.h
[12.433s] -- Up-to-date symlink: /home/cc/ros2_ws/install/interfaces_pkg/include/interfaces_pkg/interfaces_pkg/msg/detail/lane_info__struct.h
[12.438s] -- Up-to-date symlink: /home/cc/ros2_ws/install/interfaces_pkg/include/interfaces_pkg/interfaces_pkg/msg/detail/lane_info__type_support.h
[12.441s] -- Up-to-date symlink: /home/cc/ros2_ws/install/interfaces_pkg/include/interfaces_pkg/interfaces_pkg/msg/detail/mask__functions.h
[12.445s] -- Up-to-date symlink: /home/cc/ros2_ws/install/interfaces_pkg/include/interfaces_pkg/interfaces_pkg/msg/detail/mask__struct.h
[12.450s] -- Up-to-date symlink: /home/cc/ros2_ws/install/interfaces_pkg/include/interfaces_pkg/interfaces_pkg/msg/detail/mask__type_support.h
[12.459s] -- Up-to-date symlink: /home/cc/ros2_ws/install/interfaces_pkg/include/interfaces_pkg/interfaces_pkg/msg/detail/motion_command__functions.h
[12.469s] -- Up-to-date symlink: /home/cc/ros2_ws/install/interfaces_pkg/include/interfaces_pkg/interfaces_pkg/msg/detail/motion_command__struct.h
[12.473s] -- Up-to-date symlink: /home/cc/ros2_ws/install/interfaces_pkg/include/interfaces_pkg/interfaces_pkg/msg/detail/motion_command__type_support.h
[12.478s] -- Up-to-date symlink: /home/cc/ros2_ws/install/interfaces_pkg/include/interfaces_pkg/interfaces_pkg/msg/detail/path_planning_result__functions.h
[12.483s] -- Up-to-date symlink: /home/cc/ros2_ws/install/interfaces_pkg/include/interfaces_pkg/interfaces_pkg/msg/detail/path_planning_result__struct.h
[12.497s] -- Up-to-date symlink: /home/cc/ros2_ws/install/interfaces_pkg/include/interfaces_pkg/interfaces_pkg/msg/detail/path_planning_result__type_support.h
[12.501s] -- Up-to-date symlink: /home/cc/ros2_ws/install/interfaces_pkg/include/interfaces_pkg/interfaces_pkg/msg/detail/point2_d__functions.h
[12.509s] -- Up-to-date symlink: /home/cc/ros2_ws/install/interfaces_pkg/include/interfaces_pkg/interfaces_pkg/msg/detail/point2_d__struct.h
[12.516s] -- Up-to-date symlink: /home/cc/ros2_ws/install/interfaces_pkg/include/interfaces_pkg/interfaces_pkg/msg/detail/point2_d__type_support.h
[12.517s] -- Up-to-date symlink: /home/cc/ros2_ws/install/interfaces_pkg/include/interfaces_pkg/interfaces_pkg/msg/detail/pose2_d__functions.h
[12.517s] -- Up-to-date symlink: /home/cc/ros2_ws/install/interfaces_pkg/include/interfaces_pkg/interfaces_pkg/msg/detail/pose2_d__struct.h
[12.518s] -- Up-to-date symlink: /home/cc/ros2_ws/install/interfaces_pkg/include/interfaces_pkg/interfaces_pkg/msg/detail/pose2_d__type_support.h
[12.519s] -- Up-to-date symlink: /home/cc/ros2_ws/install/interfaces_pkg/include/interfaces_pkg/interfaces_pkg/msg/detail/target_point__functions.h
[12.520s] -- Up-to-date symlink: /home/cc/ros2_ws/install/interfaces_pkg/include/interfaces_pkg/interfaces_pkg/msg/detail/target_point__struct.h
[12.523s] -- Up-to-date symlink: /home/cc/ros2_ws/install/interfaces_pkg/include/interfaces_pkg/interfaces_pkg/msg/detail/target_point__type_support.h
[12.528s] -- Up-to-date symlink: /home/cc/ros2_ws/install/interfaces_pkg/include/interfaces_pkg/interfaces_pkg/msg/detail/vector2__functions.h
[12.529s] -- Up-to-date symlink: /home/cc/ros2_ws/install/interfaces_pkg/include/interfaces_pkg/interfaces_pkg/msg/detail/vector2__struct.h
[12.529s] -- Up-to-date symlink: /home/cc/ros2_ws/install/interfaces_pkg/include/interfaces_pkg/interfaces_pkg/msg/detail/vector2__type_support.h
[12.530s] -- Up-to-date symlink: /home/cc/ros2_ws/install/interfaces_pkg/include/interfaces_pkg/interfaces_pkg/msg/detection.h
[12.531s] -- Up-to-date symlink: /home/cc/ros2_ws/install/interfaces_pkg/include/interfaces_pkg/interfaces_pkg/msg/detection_array.h
[12.533s] -- Up-to-date symlink: /home/cc/ros2_ws/install/interfaces_pkg/include/interfaces_pkg/interfaces_pkg/msg/key_point2_d.h
[12.534s] -- Up-to-date symlink: /home/cc/ros2_ws/install/interfaces_pkg/include/interfaces_pkg/interfaces_pkg/msg/key_point2_d_array.h
[12.558s] -- Up-to-date symlink: /home/cc/ros2_ws/install/interfaces_pkg/include/interfaces_pkg/interfaces_pkg/msg/key_point3_d.h
[12.561s] -- Up-to-date symlink: /home/cc/ros2_ws/install/interfaces_pkg/include/interfaces_pkg/interfaces_pkg/msg/key_point3_d_array.h
[12.563s] -- Up-to-date symlink: /home/cc/ros2_ws/install/interfaces_pkg/include/interfaces_pkg/interfaces_pkg/msg/lane_info.h
[12.573s] -- Up-to-date symlink: /home/cc/ros2_ws/install/interfaces_pkg/include/interfaces_pkg/interfaces_pkg/msg/mask.h
[12.589s] -- Up-to-date symlink: /home/cc/ros2_ws/install/interfaces_pkg/include/interfaces_pkg/interfaces_pkg/msg/motion_command.h
[12.592s] -- Up-to-date symlink: /home/cc/ros2_ws/install/interfaces_pkg/include/interfaces_pkg/interfaces_pkg/msg/path_planning_result.h
[12.596s] -- Up-to-date symlink: /home/cc/ros2_ws/install/interfaces_pkg/include/interfaces_pkg/interfaces_pkg/msg/point2_d.h
[12.604s] -- Up-to-date symlink: /home/cc/ros2_ws/install/interfaces_pkg/include/interfaces_pkg/interfaces_pkg/msg/pose2_d.h
[12.611s] -- Up-to-date symlink: /home/cc/ros2_ws/install/interfaces_pkg/include/interfaces_pkg/interfaces_pkg/msg/rosidl_generator_c__visibility_control.h
[12.619s] -- Up-to-date symlink: /home/cc/ros2_ws/install/interfaces_pkg/include/interfaces_pkg/interfaces_pkg/msg/target_point.h
[12.622s] -- Up-to-date symlink: /home/cc/ros2_ws/install/interfaces_pkg/include/interfaces_pkg/interfaces_pkg/msg/vector2.h
[12.632s] -- Up-to-date symlink: /home/cc/ros2_ws/install/interfaces_pkg/share/interfaces_pkg/environment/library_path.sh
[12.639s] -- Up-to-date symlink: /home/cc/ros2_ws/install/interfaces_pkg/share/interfaces_pkg/environment/library_path.dsv
[12.667s] -- Up-to-date symlink: /home/cc/ros2_ws/install/interfaces_pkg/include/interfaces_pkg/interfaces_pkg/msg/detail/bounding_box2_d__rosidl_typesupport_fastrtps_c.h
[12.671s] -- Up-to-date symlink: /home/cc/ros2_ws/install/interfaces_pkg/include/interfaces_pkg/interfaces_pkg/msg/detail/bounding_box3_d__rosidl_typesupport_fastrtps_c.h
[12.675s] -- Up-to-date symlink: /home/cc/ros2_ws/install/interfaces_pkg/include/interfaces_pkg/interfaces_pkg/msg/detail/detection__rosidl_typesupport_fastrtps_c.h
[12.690s] -- Up-to-date symlink: /home/cc/ros2_ws/install/interfaces_pkg/include/interfaces_pkg/interfaces_pkg/msg/detail/detection_array__rosidl_typesupport_fastrtps_c.h
[12.694s] -- Up-to-date symlink: /home/cc/ros2_ws/install/interfaces_pkg/include/interfaces_pkg/interfaces_pkg/msg/detail/key_point2_d__rosidl_typesupport_fastrtps_c.h
[12.696s] -- Up-to-date symlink: /home/cc/ros2_ws/install/interfaces_pkg/include/interfaces_pkg/interfaces_pkg/msg/detail/key_point2_d_array__rosidl_typesupport_fastrtps_c.h
[12.701s] -- Up-to-date symlink: /home/cc/ros2_ws/install/interfaces_pkg/include/interfaces_pkg/interfaces_pkg/msg/detail/key_point3_d__rosidl_typesupport_fastrtps_c.h
[12.710s] -- Up-to-date symlink: /home/cc/ros2_ws/install/interfaces_pkg/include/interfaces_pkg/interfaces_pkg/msg/detail/key_point3_d_array__rosidl_typesupport_fastrtps_c.h
[12.718s] -- Up-to-date symlink: /home/cc/ros2_ws/install/interfaces_pkg/include/interfaces_pkg/interfaces_pkg/msg/detail/lane_info__rosidl_typesupport_fastrtps_c.h
[12.733s] -- Up-to-date symlink: /home/cc/ros2_ws/install/interfaces_pkg/include/interfaces_pkg/interfaces_pkg/msg/detail/mask__rosidl_typesupport_fastrtps_c.h
[12.742s] -- Up-to-date symlink: /home/cc/ros2_ws/install/interfaces_pkg/include/interfaces_pkg/interfaces_pkg/msg/detail/motion_command__rosidl_typesupport_fastrtps_c.h
[12.749s] -- Up-to-date symlink: /home/cc/ros2_ws/install/interfaces_pkg/include/interfaces_pkg/interfaces_pkg/msg/detail/path_planning_result__rosidl_typesupport_fastrtps_c.h
[12.758s] -- Up-to-date symlink: /home/cc/ros2_ws/install/interfaces_pkg/include/interfaces_pkg/interfaces_pkg/msg/detail/point2_d__rosidl_typesupport_fastrtps_c.h
[12.763s] -- Up-to-date symlink: /home/cc/ros2_ws/install/interfaces_pkg/include/interfaces_pkg/interfaces_pkg/msg/detail/pose2_d__rosidl_typesupport_fastrtps_c.h
[12.771s] -- Up-to-date symlink: /home/cc/ros2_ws/install/interfaces_pkg/include/interfaces_pkg/interfaces_pkg/msg/detail/target_point__rosidl_typesupport_fastrtps_c.h
[12.776s] -- Up-to-date symlink: /home/cc/ros2_ws/install/interfaces_pkg/include/interfaces_pkg/interfaces_pkg/msg/detail/vector2__rosidl_typesupport_fastrtps_c.h
[12.784s] -- Up-to-date symlink: /home/cc/ros2_ws/install/interfaces_pkg/include/interfaces_pkg/interfaces_pkg/msg/rosidl_typesupport_fastrtps_c__visibility_control.h
[12.803s] -- Up-to-date symlink: /home/cc/ros2_ws/install/interfaces_pkg/include/interfaces_pkg/interfaces_pkg/msg/detail/bounding_box2_d__rosidl_typesupport_introspection_c.h
[12.839s] -- Up-to-date symlink: /home/cc/ros2_ws/install/interfaces_pkg/include/interfaces_pkg/interfaces_pkg/msg/detail/bounding_box3_d__rosidl_typesupport_introspection_c.h
[12.841s] -- Up-to-date symlink: /home/cc/ros2_ws/install/interfaces_pkg/include/interfaces_pkg/interfaces_pkg/msg/detail/detection__rosidl_typesupport_introspection_c.h
[12.842s] -- Up-to-date symlink: /home/cc/ros2_ws/install/interfaces_pkg/include/interfaces_pkg/interfaces_pkg/msg/detail/detection_array__rosidl_typesupport_introspection_c.h
[12.842s] -- Up-to-date symlink: /home/cc/ros2_ws/install/interfaces_pkg/include/interfaces_pkg/interfaces_pkg/msg/detail/key_point2_d__rosidl_typesupport_introspection_c.h
[12.843s] -- Up-to-date symlink: /home/cc/ros2_ws/install/interfaces_pkg/include/interfaces_pkg/interfaces_pkg/msg/detail/key_point2_d_array__rosidl_typesupport_introspection_c.h
[12.844s] -- Up-to-date symlink: /home/cc/ros2_ws/install/interfaces_pkg/include/interfaces_pkg/interfaces_pkg/msg/detail/key_point3_d__rosidl_typesupport_introspection_c.h
[12.852s] -- Up-to-date symlink: /home/cc/ros2_ws/install/interfaces_pkg/include/interfaces_pkg/interfaces_pkg/msg/detail/key_point3_d_array__rosidl_typesupport_introspection_c.h
[12.853s] -- Up-to-date symlink: /home/cc/ros2_ws/install/interfaces_pkg/include/interfaces_pkg/interfaces_pkg/msg/detail/lane_info__rosidl_typesupport_introspection_c.h
[12.858s] -- Up-to-date symlink: /home/cc/ros2_ws/install/interfaces_pkg/include/interfaces_pkg/interfaces_pkg/msg/detail/mask__rosidl_typesupport_introspection_c.h
[12.859s] -- Up-to-date symlink: /home/cc/ros2_ws/install/interfaces_pkg/include/interfaces_pkg/interfaces_pkg/msg/detail/motion_command__rosidl_typesupport_introspection_c.h
[12.860s] -- Up-to-date symlink: /home/cc/ros2_ws/install/interfaces_pkg/include/interfaces_pkg/interfaces_pkg/msg/detail/path_planning_result__rosidl_typesupport_introspection_c.h
[12.860s] -- Up-to-date symlink: /home/cc/ros2_ws/install/interfaces_pkg/include/interfaces_pkg/interfaces_pkg/msg/detail/point2_d__rosidl_typesupport_introspection_c.h
[12.861s] -- Up-to-date symlink: /home/cc/ros2_ws/install/interfaces_pkg/include/interfaces_pkg/interfaces_pkg/msg/detail/pose2_d__rosidl_typesupport_introspection_c.h
[12.869s] -- Up-to-date symlink: /home/cc/ros2_ws/install/interfaces_pkg/include/interfaces_pkg/interfaces_pkg/msg/detail/target_point__rosidl_typesupport_introspection_c.h
[12.870s] -- Up-to-date symlink: /home/cc/ros2_ws/install/interfaces_pkg/include/interfaces_pkg/interfaces_pkg/msg/detail/vector2__rosidl_typesupport_introspection_c.h
[12.870s] -- Up-to-date symlink: /home/cc/ros2_ws/install/interfaces_pkg/include/interfaces_pkg/interfaces_pkg/msg/rosidl_typesupport_introspection_c__visibility_control.h
[12.887s] -- Up-to-date symlink: /home/cc/ros2_ws/install/interfaces_pkg/include/interfaces_pkg/interfaces_pkg/msg/bounding_box2_d.hpp
[12.894s] -- Up-to-date symlink: /home/cc/ros2_ws/install/interfaces_pkg/include/interfaces_pkg/interfaces_pkg/msg/bounding_box3_d.hpp
[12.904s] -- Up-to-date symlink: /home/cc/ros2_ws/install/interfaces_pkg/include/interfaces_pkg/interfaces_pkg/msg/detail/bounding_box2_d__builder.hpp
[12.907s] -- Up-to-date symlink: /home/cc/ros2_ws/install/interfaces_pkg/include/interfaces_pkg/interfaces_pkg/msg/detail/bounding_box2_d__struct.hpp
[12.924s] -- Up-to-date symlink: /home/cc/ros2_ws/install/interfaces_pkg/include/interfaces_pkg/interfaces_pkg/msg/detail/bounding_box2_d__traits.hpp
[12.926s] -- Up-to-date symlink: /home/cc/ros2_ws/install/interfaces_pkg/include/interfaces_pkg/interfaces_pkg/msg/detail/bounding_box2_d__type_support.hpp
[12.937s] -- Up-to-date symlink: /home/cc/ros2_ws/install/interfaces_pkg/include/interfaces_pkg/interfaces_pkg/msg/detail/bounding_box3_d__builder.hpp
[12.940s] -- Up-to-date symlink: /home/cc/ros2_ws/install/interfaces_pkg/include/interfaces_pkg/interfaces_pkg/msg/detail/bounding_box3_d__struct.hpp
[12.962s] -- Up-to-date symlink: /home/cc/ros2_ws/install/interfaces_pkg/include/interfaces_pkg/interfaces_pkg/msg/detail/bounding_box3_d__traits.hpp
[12.963s] -- Up-to-date symlink: /home/cc/ros2_ws/install/interfaces_pkg/include/interfaces_pkg/interfaces_pkg/msg/detail/bounding_box3_d__type_support.hpp
[12.963s] -- Up-to-date symlink: /home/cc/ros2_ws/install/interfaces_pkg/include/interfaces_pkg/interfaces_pkg/msg/detail/detection__builder.hpp
[12.971s] -- Up-to-date symlink: /home/cc/ros2_ws/install/interfaces_pkg/include/interfaces_pkg/interfaces_pkg/msg/detail/detection__struct.hpp
[12.973s] -- Up-to-date symlink: /home/cc/ros2_ws/install/interfaces_pkg/include/interfaces_pkg/interfaces_pkg/msg/detail/detection__traits.hpp
[12.977s] -- Up-to-date symlink: /home/cc/ros2_ws/install/interfaces_pkg/include/interfaces_pkg/interfaces_pkg/msg/detail/detection__type_support.hpp
[12.982s] -- Up-to-date symlink: /home/cc/ros2_ws/install/interfaces_pkg/include/interfaces_pkg/interfaces_pkg/msg/detail/detection_array__builder.hpp
[13.019s] -- Up-to-date symlink: /home/cc/ros2_ws/install/interfaces_pkg/include/interfaces_pkg/interfaces_pkg/msg/detail/detection_array__struct.hpp
[13.020s] -- Up-to-date symlink: /home/cc/ros2_ws/install/interfaces_pkg/include/interfaces_pkg/interfaces_pkg/msg/detail/detection_array__traits.hpp
[13.021s] -- Up-to-date symlink: /home/cc/ros2_ws/install/interfaces_pkg/include/interfaces_pkg/interfaces_pkg/msg/detail/detection_array__type_support.hpp
[13.037s] -- Up-to-date symlink: /home/cc/ros2_ws/install/interfaces_pkg/include/interfaces_pkg/interfaces_pkg/msg/detail/key_point2_d__builder.hpp
[13.046s] -- Up-to-date symlink: /home/cc/ros2_ws/install/interfaces_pkg/include/interfaces_pkg/interfaces_pkg/msg/detail/key_point2_d__struct.hpp
[13.050s] -- Up-to-date symlink: /home/cc/ros2_ws/install/interfaces_pkg/include/interfaces_pkg/interfaces_pkg/msg/detail/key_point2_d__traits.hpp
[13.060s] -- Up-to-date symlink: /home/cc/ros2_ws/install/interfaces_pkg/include/interfaces_pkg/interfaces_pkg/msg/detail/key_point2_d__type_support.hpp
[13.064s] -- Up-to-date symlink: /home/cc/ros2_ws/install/interfaces_pkg/include/interfaces_pkg/interfaces_pkg/msg/detail/key_point2_d_array__builder.hpp
[13.075s] -- Up-to-date symlink: /home/cc/ros2_ws/install/interfaces_pkg/include/interfaces_pkg/interfaces_pkg/msg/detail/key_point2_d_array__struct.hpp
[13.079s] -- Up-to-date symlink: /home/cc/ros2_ws/install/interfaces_pkg/include/interfaces_pkg/interfaces_pkg/msg/detail/key_point2_d_array__traits.hpp
[13.085s] -- Up-to-date symlink: /home/cc/ros2_ws/install/interfaces_pkg/include/interfaces_pkg/interfaces_pkg/msg/detail/key_point2_d_array__type_support.hpp
[13.092s] -- Up-to-date symlink: /home/cc/ros2_ws/install/interfaces_pkg/include/interfaces_pkg/interfaces_pkg/msg/detail/key_point3_d__builder.hpp
[13.100s] -- Up-to-date symlink: /home/cc/ros2_ws/install/interfaces_pkg/include/interfaces_pkg/interfaces_pkg/msg/detail/key_point3_d__struct.hpp
[13.103s] -- Up-to-date symlink: /home/cc/ros2_ws/install/interfaces_pkg/include/interfaces_pkg/interfaces_pkg/msg/detail/key_point3_d__traits.hpp
[13.111s] -- Up-to-date symlink: /home/cc/ros2_ws/install/interfaces_pkg/include/interfaces_pkg/interfaces_pkg/msg/detail/key_point3_d__type_support.hpp
[13.114s] -- Up-to-date symlink: /home/cc/ros2_ws/install/interfaces_pkg/include/interfaces_pkg/interfaces_pkg/msg/detail/key_point3_d_array__builder.hpp
[13.120s] -- Up-to-date symlink: /home/cc/ros2_ws/install/interfaces_pkg/include/interfaces_pkg/interfaces_pkg/msg/detail/key_point3_d_array__struct.hpp
[13.133s] -- Up-to-date symlink: /home/cc/ros2_ws/install/interfaces_pkg/include/interfaces_pkg/interfaces_pkg/msg/detail/key_point3_d_array__traits.hpp
[13.136s] -- Up-to-date symlink: /home/cc/ros2_ws/install/interfaces_pkg/include/interfaces_pkg/interfaces_pkg/msg/detail/key_point3_d_array__type_support.hpp
[13.140s] -- Up-to-date symlink: /home/cc/ros2_ws/install/interfaces_pkg/include/interfaces_pkg/interfaces_pkg/msg/detail/lane_info__builder.hpp
[13.148s] -- Up-to-date symlink: /home/cc/ros2_ws/install/interfaces_pkg/include/interfaces_pkg/interfaces_pkg/msg/detail/lane_info__struct.hpp
[13.151s] -- Up-to-date symlink: /home/cc/ros2_ws/install/interfaces_pkg/include/interfaces_pkg/interfaces_pkg/msg/detail/lane_info__traits.hpp
[13.167s] -- Up-to-date symlink: /home/cc/ros2_ws/install/interfaces_pkg/include/interfaces_pkg/interfaces_pkg/msg/detail/lane_info__type_support.hpp
[13.175s] -- Up-to-date symlink: /home/cc/ros2_ws/install/interfaces_pkg/include/interfaces_pkg/interfaces_pkg/msg/detail/mask__builder.hpp
[13.183s] -- Up-to-date symlink: /home/cc/ros2_ws/install/interfaces_pkg/include/interfaces_pkg/interfaces_pkg/msg/detail/mask__struct.hpp
[13.192s] -- Up-to-date symlink: /home/cc/ros2_ws/install/interfaces_pkg/include/interfaces_pkg/interfaces_pkg/msg/detail/mask__traits.hpp
[13.199s] -- Up-to-date symlink: /home/cc/ros2_ws/install/interfaces_pkg/include/interfaces_pkg/interfaces_pkg/msg/detail/mask__type_support.hpp
[13.205s] -- Up-to-date symlink: /home/cc/ros2_ws/install/interfaces_pkg/include/interfaces_pkg/interfaces_pkg/msg/detail/motion_command__builder.hpp
[13.232s] -- Up-to-date symlink: /home/cc/ros2_ws/install/interfaces_pkg/include/interfaces_pkg/interfaces_pkg/msg/detail/motion_command__struct.hpp
[13.238s] -- Up-to-date symlink: /home/cc/ros2_ws/install/interfaces_pkg/include/interfaces_pkg/interfaces_pkg/msg/detail/motion_command__traits.hpp
[13.246s] -- Up-to-date symlink: /home/cc/ros2_ws/install/interfaces_pkg/include/interfaces_pkg/interfaces_pkg/msg/detail/motion_command__type_support.hpp
[13.246s] -- Up-to-date symlink: /home/cc/ros2_ws/install/interfaces_pkg/include/interfaces_pkg/interfaces_pkg/msg/detail/path_planning_result__builder.hpp
[13.287s] -- Up-to-date symlink: /home/cc/ros2_ws/install/interfaces_pkg/include/interfaces_pkg/interfaces_pkg/msg/detail/path_planning_result__struct.hpp
[13.384s] -- Up-to-date symlink: /home/cc/ros2_ws/install/interfaces_pkg/include/interfaces_pkg/interfaces_pkg/msg/detail/path_planning_result__traits.hpp
[13.436s] -- Up-to-date symlink: /home/cc/ros2_ws/install/interfaces_pkg/include/interfaces_pkg/interfaces_pkg/msg/detail/path_planning_result__type_support.hpp
[13.446s] -- Up-to-date symlink: /home/cc/ros2_ws/install/interfaces_pkg/include/interfaces_pkg/interfaces_pkg/msg/detail/point2_d__builder.hpp
[13.458s] -- Up-to-date symlink: /home/cc/ros2_ws/install/interfaces_pkg/include/interfaces_pkg/interfaces_pkg/msg/detail/point2_d__struct.hpp
[13.480s] -- Up-to-date symlink: /home/cc/ros2_ws/install/interfaces_pkg/include/interfaces_pkg/interfaces_pkg/msg/detail/point2_d__traits.hpp
[13.489s] -- Up-to-date symlink: /home/cc/ros2_ws/install/interfaces_pkg/include/interfaces_pkg/interfaces_pkg/msg/detail/point2_d__type_support.hpp
[13.507s] -- Up-to-date symlink: /home/cc/ros2_ws/install/interfaces_pkg/include/interfaces_pkg/interfaces_pkg/msg/detail/pose2_d__builder.hpp
[13.519s] -- Up-to-date symlink: /home/cc/ros2_ws/install/interfaces_pkg/include/interfaces_pkg/interfaces_pkg/msg/detail/pose2_d__struct.hpp
[13.529s] -- Up-to-date symlink: /home/cc/ros2_ws/install/interfaces_pkg/include/interfaces_pkg/interfaces_pkg/msg/detail/pose2_d__traits.hpp
[13.538s] -- Up-to-date symlink: /home/cc/ros2_ws/install/interfaces_pkg/include/interfaces_pkg/interfaces_pkg/msg/detail/pose2_d__type_support.hpp
[13.542s] -- Up-to-date symlink: /home/cc/ros2_ws/install/interfaces_pkg/include/interfaces_pkg/interfaces_pkg/msg/detail/target_point__builder.hpp
[13.547s] -- Up-to-date symlink: /home/cc/ros2_ws/install/interfaces_pkg/include/interfaces_pkg/interfaces_pkg/msg/detail/target_point__struct.hpp
[13.549s] -- Up-to-date symlink: /home/cc/ros2_ws/install/interfaces_pkg/include/interfaces_pkg/interfaces_pkg/msg/detail/target_point__traits.hpp
[13.550s] -- Up-to-date symlink: /home/cc/ros2_ws/install/interfaces_pkg/include/interfaces_pkg/interfaces_pkg/msg/detail/target_point__type_support.hpp
[13.550s] -- Up-to-date symlink: /home/cc/ros2_ws/install/interfaces_pkg/include/interfaces_pkg/interfaces_pkg/msg/detail/vector2__builder.hpp
[13.551s] -- Up-to-date symlink: /home/cc/ros2_ws/install/interfaces_pkg/include/interfaces_pkg/interfaces_pkg/msg/detail/vector2__struct.hpp
[13.556s] -- Up-to-date symlink: /home/cc/ros2_ws/install/interfaces_pkg/include/interfaces_pkg/interfaces_pkg/msg/detail/vector2__traits.hpp
[13.561s] -- Up-to-date symlink: /home/cc/ros2_ws/install/interfaces_pkg/include/interfaces_pkg/interfaces_pkg/msg/detail/vector2__type_support.hpp
[13.564s] -- Up-to-date symlink: /home/cc/ros2_ws/install/interfaces_pkg/include/interfaces_pkg/interfaces_pkg/msg/detection.hpp
[13.570s] -- Up-to-date symlink: /home/cc/ros2_ws/install/interfaces_pkg/include/interfaces_pkg/interfaces_pkg/msg/detection_array.hpp
[13.571s] -- Up-to-date symlink: /home/cc/ros2_ws/install/interfaces_pkg/include/interfaces_pkg/interfaces_pkg/msg/key_point2_d.hpp
[13.573s] -- Up-to-date symlink: /home/cc/ros2_ws/install/interfaces_pkg/include/interfaces_pkg/interfaces_pkg/msg/key_point2_d_array.hpp
[13.580s] -- Up-to-date symlink: /home/cc/ros2_ws/install/interfaces_pkg/include/interfaces_pkg/interfaces_pkg/msg/key_point3_d.hpp
[13.586s] -- Up-to-date symlink: /home/cc/ros2_ws/install/interfaces_pkg/include/interfaces_pkg/interfaces_pkg/msg/key_point3_d_array.hpp
[13.606s] -- Up-to-date symlink: /home/cc/ros2_ws/install/interfaces_pkg/include/interfaces_pkg/interfaces_pkg/msg/lane_info.hpp
[13.614s] -- Up-to-date symlink: /home/cc/ros2_ws/install/interfaces_pkg/include/interfaces_pkg/interfaces_pkg/msg/mask.hpp
[13.640s] -- Up-to-date symlink: /home/cc/ros2_ws/install/interfaces_pkg/include/interfaces_pkg/interfaces_pkg/msg/motion_command.hpp
[13.651s] -- Up-to-date symlink: /home/cc/ros2_ws/install/interfaces_pkg/include/interfaces_pkg/interfaces_pkg/msg/path_planning_result.hpp
[13.657s] -- Up-to-date symlink: /home/cc/ros2_ws/install/interfaces_pkg/include/interfaces_pkg/interfaces_pkg/msg/point2_d.hpp
[13.658s] -- Up-to-date symlink: /home/cc/ros2_ws/install/interfaces_pkg/include/interfaces_pkg/interfaces_pkg/msg/pose2_d.hpp
[13.658s] -- Up-to-date symlink: /home/cc/ros2_ws/install/interfaces_pkg/include/interfaces_pkg/interfaces_pkg/msg/rosidl_generator_cpp__visibility_control.hpp
[13.660s] -- Up-to-date symlink: /home/cc/ros2_ws/install/interfaces_pkg/include/interfaces_pkg/interfaces_pkg/msg/target_point.hpp
[13.663s] -- Up-to-date symlink: /home/cc/ros2_ws/install/interfaces_pkg/include/interfaces_pkg/interfaces_pkg/msg/vector2.hpp
[13.669s] -- Up-to-date symlink: /home/cc/ros2_ws/install/interfaces_pkg/include/interfaces_pkg/interfaces_pkg/msg/detail/bounding_box2_d__rosidl_typesupport_fastrtps_cpp.hpp
[13.680s] -- Up-to-date symlink: /home/cc/ros2_ws/install/interfaces_pkg/include/interfaces_pkg/interfaces_pkg/msg/detail/bounding_box3_d__rosidl_typesupport_fastrtps_cpp.hpp
[13.685s] -- Up-to-date symlink: /home/cc/ros2_ws/install/interfaces_pkg/include/interfaces_pkg/interfaces_pkg/msg/detail/detection__rosidl_typesupport_fastrtps_cpp.hpp
[13.696s] -- Up-to-date symlink: /home/cc/ros2_ws/install/interfaces_pkg/include/interfaces_pkg/interfaces_pkg/msg/detail/detection_array__rosidl_typesupport_fastrtps_cpp.hpp
[13.703s] -- Up-to-date symlink: /home/cc/ros2_ws/install/interfaces_pkg/include/interfaces_pkg/interfaces_pkg/msg/detail/key_point2_d__rosidl_typesupport_fastrtps_cpp.hpp
[13.720s] -- Up-to-date symlink: /home/cc/ros2_ws/install/interfaces_pkg/include/interfaces_pkg/interfaces_pkg/msg/detail/key_point2_d_array__rosidl_typesupport_fastrtps_cpp.hpp
[13.724s] -- Up-to-date symlink: /home/cc/ros2_ws/install/interfaces_pkg/include/interfaces_pkg/interfaces_pkg/msg/detail/key_point3_d__rosidl_typesupport_fastrtps_cpp.hpp
[13.730s] -- Up-to-date symlink: /home/cc/ros2_ws/install/interfaces_pkg/include/interfaces_pkg/interfaces_pkg/msg/detail/key_point3_d_array__rosidl_typesupport_fastrtps_cpp.hpp
[13.738s] -- Up-to-date symlink: /home/cc/ros2_ws/install/interfaces_pkg/include/interfaces_pkg/interfaces_pkg/msg/detail/lane_info__rosidl_typesupport_fastrtps_cpp.hpp
[13.750s] -- Up-to-date symlink: /home/cc/ros2_ws/install/interfaces_pkg/include/interfaces_pkg/interfaces_pkg/msg/detail/mask__rosidl_typesupport_fastrtps_cpp.hpp
[13.773s] -- Up-to-date symlink: /home/cc/ros2_ws/install/interfaces_pkg/include/interfaces_pkg/interfaces_pkg/msg/detail/motion_command__rosidl_typesupport_fastrtps_cpp.hpp
[13.774s] -- Up-to-date symlink: /home/cc/ros2_ws/install/interfaces_pkg/include/interfaces_pkg/interfaces_pkg/msg/detail/path_planning_result__rosidl_typesupport_fastrtps_cpp.hpp
[13.774s] -- Up-to-date symlink: /home/cc/ros2_ws/install/interfaces_pkg/include/interfaces_pkg/interfaces_pkg/msg/detail/point2_d__rosidl_typesupport_fastrtps_cpp.hpp
[13.775s] -- Up-to-date symlink: /home/cc/ros2_ws/install/interfaces_pkg/include/interfaces_pkg/interfaces_pkg/msg/detail/pose2_d__rosidl_typesupport_fastrtps_cpp.hpp
[13.787s] -- Up-to-date symlink: /home/cc/ros2_ws/install/interfaces_pkg/include/interfaces_pkg/interfaces_pkg/msg/detail/target_point__rosidl_typesupport_fastrtps_cpp.hpp
[13.793s] -- Up-to-date symlink: /home/cc/ros2_ws/install/interfaces_pkg/include/interfaces_pkg/interfaces_pkg/msg/detail/vector2__rosidl_typesupport_fastrtps_cpp.hpp
[13.802s] -- Up-to-date symlink: /home/cc/ros2_ws/install/interfaces_pkg/include/interfaces_pkg/interfaces_pkg/msg/rosidl_typesupport_fastrtps_cpp__visibility_control.h
[13.820s] -- Up-to-date symlink: /home/cc/ros2_ws/install/interfaces_pkg/include/interfaces_pkg/interfaces_pkg/msg/detail/bounding_box2_d__rosidl_typesupport_introspection_cpp.hpp
[13.824s] -- Up-to-date symlink: /home/cc/ros2_ws/install/interfaces_pkg/include/interfaces_pkg/interfaces_pkg/msg/detail/bounding_box3_d__rosidl_typesupport_introspection_cpp.hpp
[13.850s] -- Up-to-date symlink: /home/cc/ros2_ws/install/interfaces_pkg/include/interfaces_pkg/interfaces_pkg/msg/detail/detection__rosidl_typesupport_introspection_cpp.hpp
[13.852s] -- Up-to-date symlink: /home/cc/ros2_ws/install/interfaces_pkg/include/interfaces_pkg/interfaces_pkg/msg/detail/detection_array__rosidl_typesupport_introspection_cpp.hpp
[13.852s] -- Up-to-date symlink: /home/cc/ros2_ws/install/interfaces_pkg/include/interfaces_pkg/interfaces_pkg/msg/detail/key_point2_d__rosidl_typesupport_introspection_cpp.hpp
[13.853s] -- Up-to-date symlink: /home/cc/ros2_ws/install/interfaces_pkg/include/interfaces_pkg/interfaces_pkg/msg/detail/key_point2_d_array__rosidl_typesupport_introspection_cpp.hpp
[13.856s] -- Up-to-date symlink: /home/cc/ros2_ws/install/interfaces_pkg/include/interfaces_pkg/interfaces_pkg/msg/detail/key_point3_d__rosidl_typesupport_introspection_cpp.hpp
[13.857s] -- Up-to-date symlink: /home/cc/ros2_ws/install/interfaces_pkg/include/interfaces_pkg/interfaces_pkg/msg/detail/key_point3_d_array__rosidl_typesupport_introspection_cpp.hpp
[13.860s] -- Up-to-date symlink: /home/cc/ros2_ws/install/interfaces_pkg/include/interfaces_pkg/interfaces_pkg/msg/detail/lane_info__rosidl_typesupport_introspection_cpp.hpp
[13.868s] -- Up-to-date symlink: /home/cc/ros2_ws/install/interfaces_pkg/include/interfaces_pkg/interfaces_pkg/msg/detail/mask__rosidl_typesupport_introspection_cpp.hpp
[13.872s] -- Up-to-date symlink: /home/cc/ros2_ws/install/interfaces_pkg/include/interfaces_pkg/interfaces_pkg/msg/detail/motion_command__rosidl_typesupport_introspection_cpp.hpp
[13.874s] -- Up-to-date symlink: /home/cc/ros2_ws/install/interfaces_pkg/include/interfaces_pkg/interfaces_pkg/msg/detail/path_planning_result__rosidl_typesupport_introspection_cpp.hpp
[13.876s] -- Up-to-date symlink: /home/cc/ros2_ws/install/interfaces_pkg/include/interfaces_pkg/interfaces_pkg/msg/detail/point2_d__rosidl_typesupport_introspection_cpp.hpp
[13.878s] -- Up-to-date symlink: /home/cc/ros2_ws/install/interfaces_pkg/include/interfaces_pkg/interfaces_pkg/msg/detail/pose2_d__rosidl_typesupport_introspection_cpp.hpp
[13.883s] -- Up-to-date symlink: /home/cc/ros2_ws/install/interfaces_pkg/include/interfaces_pkg/interfaces_pkg/msg/detail/target_point__rosidl_typesupport_introspection_cpp.hpp
[13.905s] -- Up-to-date symlink: /home/cc/ros2_ws/install/interfaces_pkg/include/interfaces_pkg/interfaces_pkg/msg/detail/vector2__rosidl_typesupport_introspection_cpp.hpp
[13.913s] -- Up-to-date symlink: /home/cc/ros2_ws/install/interfaces_pkg/share/interfaces_pkg/environment/pythonpath.sh
[13.914s] -- Up-to-date symlink: /home/cc/ros2_ws/install/interfaces_pkg/share/interfaces_pkg/environment/pythonpath.dsv
[13.915s] -- Up-to-date symlink: /home/cc/ros2_ws/install/interfaces_pkg/local/lib/python3.10/dist-packages/interfaces_pkg-0.0.0-py3.10.egg-info/PKG-INFO
[13.915s] -- Up-to-date symlink: /home/cc/ros2_ws/install/interfaces_pkg/local/lib/python3.10/dist-packages/interfaces_pkg-0.0.0-py3.10.egg-info/SOURCES.txt
[13.915s] -- Up-to-date symlink: /home/cc/ros2_ws/install/interfaces_pkg/local/lib/python3.10/dist-packages/interfaces_pkg-0.0.0-py3.10.egg-info/dependency_links.txt
[13.916s] -- Up-to-date symlink: /home/cc/ros2_ws/install/interfaces_pkg/local/lib/python3.10/dist-packages/interfaces_pkg-0.0.0-py3.10.egg-info/top_level.txt
[13.950s] -- Up-to-date symlink: /home/cc/ros2_ws/install/interfaces_pkg/local/lib/python3.10/dist-packages/interfaces_pkg/__init__.py
[13.951s] -- Up-to-date symlink: /home/cc/ros2_ws/install/interfaces_pkg/local/lib/python3.10/dist-packages/interfaces_pkg/_interfaces_pkg_s.ep.rosidl_typesupport_c.c
[13.951s] -- Up-to-date symlink: /home/cc/ros2_ws/install/interfaces_pkg/local/lib/python3.10/dist-packages/interfaces_pkg/_interfaces_pkg_s.ep.rosidl_typesupport_fastrtps_c.c
[13.959s] -- Up-to-date symlink: /home/cc/ros2_ws/install/interfaces_pkg/local/lib/python3.10/dist-packages/interfaces_pkg/_interfaces_pkg_s.ep.rosidl_typesupport_introspection_c.c
[13.959s] -- Up-to-date symlink: /home/cc/ros2_ws/install/interfaces_pkg/local/lib/python3.10/dist-packages/interfaces_pkg/interfaces_pkg_s__rosidl_typesupport_c.cpython-310-aarch64-linux-gnu.so
[13.961s] -- Up-to-date symlink: /home/cc/ros2_ws/install/interfaces_pkg/local/lib/python3.10/dist-packages/interfaces_pkg/interfaces_pkg_s__rosidl_typesupport_fastrtps_c.cpython-310-aarch64-linux-gnu.so
[13.962s] -- Up-to-date symlink: /home/cc/ros2_ws/install/interfaces_pkg/local/lib/python3.10/dist-packages/interfaces_pkg/interfaces_pkg_s__rosidl_typesupport_introspection_c.cpython-310-aarch64-linux-gnu.so
[13.976s] -- Up-to-date symlink: /home/cc/ros2_ws/install/interfaces_pkg/local/lib/python3.10/dist-packages/interfaces_pkg/libinterfaces_pkg__rosidl_generator_py.so
[13.983s] -- Up-to-date symlink: /home/cc/ros2_ws/install/interfaces_pkg/local/lib/python3.10/dist-packages/interfaces_pkg/msg/__init__.py
[13.985s] -- Up-to-date symlink: /home/cc/ros2_ws/install/interfaces_pkg/local/lib/python3.10/dist-packages/interfaces_pkg/msg/_bounding_box2_d.py
[13.990s] -- Up-to-date symlink: /home/cc/ros2_ws/install/interfaces_pkg/local/lib/python3.10/dist-packages/interfaces_pkg/msg/_bounding_box2_d_s.c
[13.993s] -- Up-to-date symlink: /home/cc/ros2_ws/install/interfaces_pkg/local/lib/python3.10/dist-packages/interfaces_pkg/msg/_bounding_box3_d.py
[14.003s] -- Up-to-date symlink: /home/cc/ros2_ws/install/interfaces_pkg/local/lib/python3.10/dist-packages/interfaces_pkg/msg/_bounding_box3_d_s.c
[14.005s] -- Up-to-date symlink: /home/cc/ros2_ws/install/interfaces_pkg/local/lib/python3.10/dist-packages/interfaces_pkg/msg/_detection.py
[14.008s] -- Up-to-date symlink: /home/cc/ros2_ws/install/interfaces_pkg/local/lib/python3.10/dist-packages/interfaces_pkg/msg/_detection_array.py
[14.012s] -- Up-to-date symlink: /home/cc/ros2_ws/install/interfaces_pkg/local/lib/python3.10/dist-packages/interfaces_pkg/msg/_detection_array_s.c
[14.015s] -- Up-to-date symlink: /home/cc/ros2_ws/install/interfaces_pkg/local/lib/python3.10/dist-packages/interfaces_pkg/msg/_detection_s.c
[14.019s] -- Up-to-date symlink: /home/cc/ros2_ws/install/interfaces_pkg/local/lib/python3.10/dist-packages/interfaces_pkg/msg/_key_point2_d.py
[14.022s] -- Up-to-date symlink: /home/cc/ros2_ws/install/interfaces_pkg/local/lib/python3.10/dist-packages/interfaces_pkg/msg/_key_point2_d_array.py
[14.038s] -- Up-to-date symlink: /home/cc/ros2_ws/install/interfaces_pkg/local/lib/python3.10/dist-packages/interfaces_pkg/msg/_key_point2_d_array_s.c
[14.050s] -- Up-to-date symlink: /home/cc/ros2_ws/install/interfaces_pkg/local/lib/python3.10/dist-packages/interfaces_pkg/msg/_key_point2_d_s.c
[14.051s] -- Up-to-date symlink: /home/cc/ros2_ws/install/interfaces_pkg/local/lib/python3.10/dist-packages/interfaces_pkg/msg/_key_point3_d.py
[14.052s] -- Up-to-date symlink: /home/cc/ros2_ws/install/interfaces_pkg/local/lib/python3.10/dist-packages/interfaces_pkg/msg/_key_point3_d_array.py
[14.070s] -- Up-to-date symlink: /home/cc/ros2_ws/install/interfaces_pkg/local/lib/python3.10/dist-packages/interfaces_pkg/msg/_key_point3_d_array_s.c
[14.075s] -- Up-to-date symlink: /home/cc/ros2_ws/install/interfaces_pkg/local/lib/python3.10/dist-packages/interfaces_pkg/msg/_key_point3_d_s.c
[14.090s] -- Up-to-date symlink: /home/cc/ros2_ws/install/interfaces_pkg/local/lib/python3.10/dist-packages/interfaces_pkg/msg/_lane_info.py
[14.104s] -- Up-to-date symlink: /home/cc/ros2_ws/install/interfaces_pkg/local/lib/python3.10/dist-packages/interfaces_pkg/msg/_lane_info_s.c
[14.107s] -- Up-to-date symlink: /home/cc/ros2_ws/install/interfaces_pkg/local/lib/python3.10/dist-packages/interfaces_pkg/msg/_mask.py
[14.116s] -- Up-to-date symlink: /home/cc/ros2_ws/install/interfaces_pkg/local/lib/python3.10/dist-packages/interfaces_pkg/msg/_mask_s.c
[14.125s] -- Up-to-date symlink: /home/cc/ros2_ws/install/interfaces_pkg/local/lib/python3.10/dist-packages/interfaces_pkg/msg/_motion_command.py
[14.132s] -- Up-to-date symlink: /home/cc/ros2_ws/install/interfaces_pkg/local/lib/python3.10/dist-packages/interfaces_pkg/msg/_motion_command_s.c
[14.145s] -- Up-to-date symlink: /home/cc/ros2_ws/install/interfaces_pkg/local/lib/python3.10/dist-packages/interfaces_pkg/msg/_path_planning_result.py
[14.148s] -- Up-to-date symlink: /home/cc/ros2_ws/install/interfaces_pkg/local/lib/python3.10/dist-packages/interfaces_pkg/msg/_path_planning_result_s.c
[14.156s] -- Up-to-date symlink: /home/cc/ros2_ws/install/interfaces_pkg/local/lib/python3.10/dist-packages/interfaces_pkg/msg/_point2_d.py
[14.160s] -- Up-to-date symlink: /home/cc/ros2_ws/install/interfaces_pkg/local/lib/python3.10/dist-packages/interfaces_pkg/msg/_point2_d_s.c
[14.178s] -- Up-to-date symlink: /home/cc/ros2_ws/install/interfaces_pkg/local/lib/python3.10/dist-packages/interfaces_pkg/msg/_pose2_d.py
[14.191s] -- Up-to-date symlink: /home/cc/ros2_ws/install/interfaces_pkg/local/lib/python3.10/dist-packages/interfaces_pkg/msg/_pose2_d_s.c
[14.197s] -- Up-to-date symlink: /home/cc/ros2_ws/install/interfaces_pkg/local/lib/python3.10/dist-packages/interfaces_pkg/msg/_target_point.py
[14.204s] -- Up-to-date symlink: /home/cc/ros2_ws/install/interfaces_pkg/local/lib/python3.10/dist-packages/interfaces_pkg/msg/_target_point_s.c
[14.214s] -- Up-to-date symlink: /home/cc/ros2_ws/install/interfaces_pkg/local/lib/python3.10/dist-packages/interfaces_pkg/msg/_vector2.py
[14.226s] -- Up-to-date symlink: /home/cc/ros2_ws/install/interfaces_pkg/local/lib/python3.10/dist-packages/interfaces_pkg/msg/_vector2_s.c
[14.234s] -- Up-to-date symlink: /home/cc/ros2_ws/install/interfaces_pkg/local/lib/python3.10/dist-packages/interfaces_pkg/interfaces_pkg_s__rosidl_typesupport_fastrtps_c.cpython-310-aarch64-linux-gnu.so
[14.241s] -- Up-to-date symlink: /home/cc/ros2_ws/install/interfaces_pkg/local/lib/python3.10/dist-packages/interfaces_pkg/interfaces_pkg_s__rosidl_typesupport_introspection_c.cpython-310-aarch64-linux-gnu.so
[14.250s] -- Up-to-date symlink: /home/cc/ros2_ws/install/interfaces_pkg/local/lib/python3.10/dist-packages/interfaces_pkg/interfaces_pkg_s__rosidl_typesupport_c.cpython-310-aarch64-linux-gnu.so
[14.258s] -- Up-to-date symlink: /home/cc/ros2_ws/install/interfaces_pkg/share/interfaces_pkg/msg/Point2D.idl
[14.265s] -- Up-to-date symlink: /home/cc/ros2_ws/install/interfaces_pkg/share/interfaces_pkg/msg/Vector2.idl
[14.272s] -- Up-to-date symlink: /home/cc/ros2_ws/install/interfaces_pkg/share/interfaces_pkg/msg/Pose2D.idl
[14.281s] -- Up-to-date symlink: /home/cc/ros2_ws/install/interfaces_pkg/share/interfaces_pkg/msg/BoundingBox2D.idl
[14.294s] -- Up-to-date symlink: /home/cc/ros2_ws/install/interfaces_pkg/share/interfaces_pkg/msg/BoundingBox3D.idl
[14.310s] -- Up-to-date symlink: /home/cc/ros2_ws/install/interfaces_pkg/share/interfaces_pkg/msg/Mask.idl
[14.316s] -- Up-to-date symlink: /home/cc/ros2_ws/install/interfaces_pkg/share/interfaces_pkg/msg/KeyPoint2D.idl
[14.320s] -- Up-to-date symlink: /home/cc/ros2_ws/install/interfaces_pkg/share/interfaces_pkg/msg/KeyPoint2DArray.idl
[14.333s] -- Up-to-date symlink: /home/cc/ros2_ws/install/interfaces_pkg/share/interfaces_pkg/msg/KeyPoint3D.idl
[14.336s] -- Up-to-date symlink: /home/cc/ros2_ws/install/interfaces_pkg/share/interfaces_pkg/msg/KeyPoint3DArray.idl
[14.342s] -- Up-to-date symlink: /home/cc/ros2_ws/install/interfaces_pkg/share/interfaces_pkg/msg/Detection.idl
[14.345s] -- Up-to-date symlink: /home/cc/ros2_ws/install/interfaces_pkg/share/interfaces_pkg/msg/DetectionArray.idl
[14.349s] -- Up-to-date symlink: /home/cc/ros2_ws/install/interfaces_pkg/share/interfaces_pkg/msg/LaneInfo.idl
[14.354s] -- Up-to-date symlink: /home/cc/ros2_ws/install/interfaces_pkg/share/interfaces_pkg/msg/MotionCommand.idl
[14.357s] -- Up-to-date symlink: /home/cc/ros2_ws/install/interfaces_pkg/share/interfaces_pkg/msg/TargetPoint.idl
[14.358s] -- Up-to-date symlink: /home/cc/ros2_ws/install/interfaces_pkg/share/interfaces_pkg/msg/PathPlanningResult.idl
[14.362s] -- Up-to-date symlink: /home/cc/ros2_ws/install/interfaces_pkg/share/interfaces_pkg/msg/Point2D.msg
[14.362s] -- Up-to-date symlink: /home/cc/ros2_ws/install/interfaces_pkg/share/interfaces_pkg/msg/Vector2.msg
[14.370s] -- Up-to-date symlink: /home/cc/ros2_ws/install/interfaces_pkg/share/interfaces_pkg/msg/Pose2D.msg
[14.371s] -- Up-to-date symlink: /home/cc/ros2_ws/install/interfaces_pkg/share/interfaces_pkg/msg/BoundingBox2D.msg
[14.371s] -- Up-to-date symlink: /home/cc/ros2_ws/install/interfaces_pkg/share/interfaces_pkg/msg/BoundingBox3D.msg
[14.372s] -- Up-to-date symlink: /home/cc/ros2_ws/install/interfaces_pkg/share/interfaces_pkg/msg/Mask.msg
[14.373s] -- Up-to-date symlink: /home/cc/ros2_ws/install/interfaces_pkg/share/interfaces_pkg/msg/KeyPoint2D.msg
[14.373s] -- Up-to-date symlink: /home/cc/ros2_ws/install/interfaces_pkg/share/interfaces_pkg/msg/KeyPoint2DArray.msg
[14.375s] -- Up-to-date symlink: /home/cc/ros2_ws/install/interfaces_pkg/share/interfaces_pkg/msg/KeyPoint3D.msg
[14.376s] -- Up-to-date symlink: /home/cc/ros2_ws/install/interfaces_pkg/share/interfaces_pkg/msg/KeyPoint3DArray.msg
[14.377s] -- Up-to-date symlink: /home/cc/ros2_ws/install/interfaces_pkg/share/interfaces_pkg/msg/Detection.msg
[14.381s] -- Up-to-date symlink: /home/cc/ros2_ws/install/interfaces_pkg/share/interfaces_pkg/msg/DetectionArray.msg
[14.382s] -- Up-to-date symlink: /home/cc/ros2_ws/install/interfaces_pkg/share/interfaces_pkg/msg/LaneInfo.msg
[14.383s] -- Up-to-date symlink: /home/cc/ros2_ws/install/interfaces_pkg/share/interfaces_pkg/msg/MotionCommand.msg
[14.384s] -- Up-to-date symlink: /home/cc/ros2_ws/install/interfaces_pkg/share/interfaces_pkg/msg/TargetPoint.msg
[14.409s] -- Up-to-date symlink: /home/cc/ros2_ws/install/interfaces_pkg/share/interfaces_pkg/msg/PathPlanningResult.msg
[14.412s] -- Up-to-date symlink: /home/cc/ros2_ws/install/interfaces_pkg/share/ament_index/resource_index/package_run_dependencies/interfaces_pkg
[14.415s] -- Up-to-date symlink: /home/cc/ros2_ws/install/interfaces_pkg/share/ament_index/resource_index/parent_prefix_path/interfaces_pkg
[14.418s] -- Up-to-date symlink: /home/cc/ros2_ws/install/interfaces_pkg/share/interfaces_pkg/environment/ament_prefix_path.sh
[14.422s] -- Up-to-date symlink: /home/cc/ros2_ws/install/interfaces_pkg/share/interfaces_pkg/environment/ament_prefix_path.dsv
[14.425s] -- Up-to-date symlink: /home/cc/ros2_ws/install/interfaces_pkg/share/interfaces_pkg/environment/path.sh
[14.458s] -- Up-to-date symlink: /home/cc/ros2_ws/install/interfaces_pkg/share/interfaces_pkg/environment/path.dsv
[14.459s] -- Up-to-date symlink: /home/cc/ros2_ws/install/interfaces_pkg/share/interfaces_pkg/local_setup.bash
[14.463s] -- Up-to-date symlink: /home/cc/ros2_ws/install/interfaces_pkg/share/interfaces_pkg/local_setup.sh
[14.467s] -- Up-to-date symlink: /home/cc/ros2_ws/install/interfaces_pkg/share/interfaces_pkg/local_setup.zsh
[14.473s] -- Up-to-date symlink: /home/cc/ros2_ws/install/interfaces_pkg/share/interfaces_pkg/local_setup.dsv
[14.492s] -- Symlinking: /home/cc/ros2_ws/install/interfaces_pkg/share/interfaces_pkg/package.dsv
[14.667s] -- Up-to-date symlink: /home/cc/ros2_ws/install/interfaces_pkg/share/ament_index/resource_index/packages/interfaces_pkg
[14.672s] -- Up-to-date symlink: /home/cc/ros2_ws/install/interfaces_pkg/share/interfaces_pkg/cmake/rosidl_cmake-extras.cmake
[14.676s] -- Up-to-date symlink: /home/cc/ros2_ws/install/interfaces_pkg/share/interfaces_pkg/cmake/ament_cmake_export_dependencies-extras.cmake
[14.680s] -- Up-to-date symlink: /home/cc/ros2_ws/install/interfaces_pkg/share/interfaces_pkg/cmake/ament_cmake_export_include_directories-extras.cmake
[14.693s] -- Up-to-date symlink: /home/cc/ros2_ws/install/interfaces_pkg/share/interfaces_pkg/cmake/ament_cmake_export_libraries-extras.cmake
[14.697s] -- Up-to-date symlink: /home/cc/ros2_ws/install/interfaces_pkg/share/interfaces_pkg/cmake/ament_cmake_export_targets-extras.cmake
[14.703s] -- Up-to-date symlink: /home/cc/ros2_ws/install/interfaces_pkg/share/interfaces_pkg/cmake/rosidl_cmake_export_typesupport_targets-extras.cmake
[14.734s] -- Up-to-date symlink: /home/cc/ros2_ws/install/interfaces_pkg/share/interfaces_pkg/cmake/rosidl_cmake_export_typesupport_libraries-extras.cmake
[14.743s] -- Up-to-date symlink: /home/cc/ros2_ws/install/interfaces_pkg/share/interfaces_pkg/cmake/interfaces_pkgConfig.cmake
[14.752s] -- Up-to-date symlink: /home/cc/ros2_ws/install/interfaces_pkg/share/interfaces_pkg/cmake/interfaces_pkgConfig-version.cmake
[14.755s] -- Up-to-date symlink: /home/cc/ros2_ws/install/interfaces_pkg/share/interfaces_pkg/package.xml
[14.760s] -- Up-to-date: /home/cc/ros2_ws/install/interfaces_pkg/lib/libinterfaces_pkg__rosidl_generator_c.so
[14.767s] -- Up-to-date: /home/cc/ros2_ws/install/interfaces_pkg/lib/libinterfaces_pkg__rosidl_typesupport_fastrtps_c.so
[14.773s] -- Up-to-date: /home/cc/ros2_ws/install/interfaces_pkg/lib/libinterfaces_pkg__rosidl_typesupport_introspection_c.so
[14.780s] -- Up-to-date: /home/cc/ros2_ws/install/interfaces_pkg/lib/libinterfaces_pkg__rosidl_typesupport_c.so
[14.793s] -- Up-to-date: /home/cc/ros2_ws/install/interfaces_pkg/lib/libinterfaces_pkg__rosidl_typesupport_fastrtps_cpp.so
[14.796s] -- Up-to-date: /home/cc/ros2_ws/install/interfaces_pkg/lib/libinterfaces_pkg__rosidl_typesupport_introspection_cpp.so
[14.799s] -- Up-to-date: /home/cc/ros2_ws/install/interfaces_pkg/lib/libinterfaces_pkg__rosidl_typesupport_cpp.so
[15.315s] Listing '/home/cc/ros2_ws/install/interfaces_pkg/local/lib/python3.10/dist-packages/interfaces_pkg'...
[15.321s] Listing '/home/cc/ros2_ws/install/interfaces_pkg/local/lib/python3.10/dist-packages/interfaces_pkg/msg'...
[15.374s] -- Up-to-date: /home/cc/ros2_ws/install/interfaces_pkg/lib/libinterfaces_pkg__rosidl_generator_py.so
[15.383s] -- Up-to-date: /home/cc/ros2_ws/install/interfaces_pkg/share/interfaces_pkg/cmake/export_interfaces_pkg__rosidl_generator_cExport.cmake
[15.411s] -- Up-to-date: /home/cc/ros2_ws/install/interfaces_pkg/share/interfaces_pkg/cmake/export_interfaces_pkg__rosidl_generator_cExport-noconfig.cmake
[15.434s] -- Up-to-date: /home/cc/ros2_ws/install/interfaces_pkg/share/interfaces_pkg/cmake/export_interfaces_pkg__rosidl_typesupport_fastrtps_cExport.cmake
[15.437s] -- Up-to-date: /home/cc/ros2_ws/install/interfaces_pkg/share/interfaces_pkg/cmake/export_interfaces_pkg__rosidl_typesupport_fastrtps_cExport-noconfig.cmake
[15.457s] -- Up-to-date: /home/cc/ros2_ws/install/interfaces_pkg/share/interfaces_pkg/cmake/interfaces_pkg__rosidl_typesupport_introspection_cExport.cmake
[15.460s] -- Up-to-date: /home/cc/ros2_ws/install/interfaces_pkg/share/interfaces_pkg/cmake/interfaces_pkg__rosidl_typesupport_introspection_cExport-noconfig.cmake
[15.479s] -- Up-to-date: /home/cc/ros2_ws/install/interfaces_pkg/share/interfaces_pkg/cmake/interfaces_pkg__rosidl_typesupport_cExport.cmake
[15.483s] -- Up-to-date: /home/cc/ros2_ws/install/interfaces_pkg/share/interfaces_pkg/cmake/interfaces_pkg__rosidl_typesupport_cExport-noconfig.cmake
[15.496s] -- Up-to-date: /home/cc/ros2_ws/install/interfaces_pkg/share/interfaces_pkg/cmake/export_interfaces_pkg__rosidl_generator_cppExport.cmake
[15.514s] -- Up-to-date: /home/cc/ros2_ws/install/interfaces_pkg/share/interfaces_pkg/cmake/export_interfaces_pkg__rosidl_typesupport_fastrtps_cppExport.cmake
[15.518s] -- Up-to-date: /home/cc/ros2_ws/install/interfaces_pkg/share/interfaces_pkg/cmake/export_interfaces_pkg__rosidl_typesupport_fastrtps_cppExport-noconfig.cmake
[15.540s] -- Up-to-date: /home/cc/ros2_ws/install/interfaces_pkg/share/interfaces_pkg/cmake/interfaces_pkg__rosidl_typesupport_introspection_cppExport.cmake
[15.549s] -- Up-to-date: /home/cc/ros2_ws/install/interfaces_pkg/share/interfaces_pkg/cmake/interfaces_pkg__rosidl_typesupport_introspection_cppExport-noconfig.cmake
[15.553s] -- Up-to-date: /home/cc/ros2_ws/install/interfaces_pkg/share/interfaces_pkg/cmake/interfaces_pkg__rosidl_typesupport_cppExport.cmake
[15.559s] -- Up-to-date: /home/cc/ros2_ws/install/interfaces_pkg/share/interfaces_pkg/cmake/interfaces_pkg__rosidl_typesupport_cppExport-noconfig.cmake
[15.563s] -- Up-to-date: /home/cc/ros2_ws/install/interfaces_pkg/share/interfaces_pkg/cmake/export_interfaces_pkg__rosidl_generator_pyExport.cmake
[15.573s] -- Up-to-date: /home/cc/ros2_ws/install/interfaces_pkg/share/interfaces_pkg/cmake/export_interfaces_pkg__rosidl_generator_pyExport-noconfig.cmake
[15.593s] Invoked command in '/home/cc/ros2_ws/build/interfaces_pkg' returned '0': CMAKE_PREFIX_PATH=${CMAKE_PREFIX_PATH}:/home/cc/ros2_ws/install/serial_communication_pkg:/home/cc/ros2_ws/install/lidar_perception_pkg:/home/cc/ros2_ws/install/decision_making_pkg:/home/cc/ros2_ws/install/debug_pkg:/home/cc/ros2_ws/install/camera_perception_pkg:/opt/ros/humble /usr/bin/cmake --install /home/cc/ros2_ws/build/interfaces_pkg
