[12.932s] Invoking command in '/home/cc/ros2_ws/build/camera_perception_pkg': PYTHONPATH=/home/cc/ros2_ws/build/camera_perception_pkg/prefix_override:/usr/lib/python3/dist-packages/colcon_core/task/python/colcon_distutils_commands:/home/cc/ros2_ws/install/camera_perception_pkg/lib/python3.10/site-packages:${PYTHONPATH} /usr/bin/python3 -W ignore:setup.py install is deprecated -W ignore:easy_install command is deprecated setup.py develop --editable --build-directory /home/cc/ros2_ws/build/camera_perception_pkg/build --no-deps symlink_data
[19.214s] running develop
[23.550s] running egg_info
[23.553s] writing camera_perception_pkg.egg-info/PKG-INFO
[23.555s] writing dependency_links to camera_perception_pkg.egg-info/dependency_links.txt
[23.557s] writing entry points to camera_perception_pkg.egg-info/entry_points.txt
[23.564s] writing requirements to camera_perception_pkg.egg-info/requires.txt
[23.565s] writing top-level names to camera_perception_pkg.egg-info/top_level.txt
[23.568s] reading manifest file 'camera_perception_pkg.egg-info/SOURCES.txt'
[23.599s] writing manifest file 'camera_perception_pkg.egg-info/SOURCES.txt'
[23.631s] running build_ext
[23.637s] Creating /home/cc/ros2_ws/install/camera_perception_pkg/lib/python3.10/site-packages/camera-perception-pkg.egg-link (link to .)
[23.657s] Installing image_publisher_node script to /home/cc/ros2_ws/install/camera_perception_pkg/lib/camera_perception_pkg
[23.663s] Installing lane_info_extractor_node script to /home/cc/ros2_ws/install/camera_perception_pkg/lib/camera_perception_pkg
[23.676s] Installing traffic_light_detector_node script to /home/cc/ros2_ws/install/camera_perception_pkg/lib/camera_perception_pkg
[23.684s] Installing yolov8_node script to /home/cc/ros2_ws/install/camera_perception_pkg/lib/camera_perception_pkg
[23.693s] 
[23.694s] Installed /home/cc/ros2_ws/build/camera_perception_pkg
[23.704s] running symlink_data
[29.612s] Invoked command in '/home/cc/ros2_ws/build/camera_perception_pkg' returned '0': PYTHONPATH=/home/cc/ros2_ws/build/camera_perception_pkg/prefix_override:/usr/lib/python3/dist-packages/colcon_core/task/python/colcon_distutils_commands:/home/cc/ros2_ws/install/camera_perception_pkg/lib/python3.10/site-packages:${PYTHONPATH} /usr/bin/python3 -W ignore:setup.py install is deprecated -W ignore:easy_install command is deprecated setup.py develop --editable --build-directory /home/cc/ros2_ws/build/camera_perception_pkg/build --no-deps symlink_data
