[0.842s] DEBUG:colcon:Command line arguments: ['/usr/bin/colcon', 'build', '--symlink-install']
[0.843s] DEBUG:colcon:Parsed command line arguments: Namespace(log_base=None, log_level=None, verb_name='build', build_base='build', install_base='install', merge_install=False, symlink_install=True, test_result_base=None, continue_on_error=False, executor='parallel', parallel_workers=4, event_handlers=None, ignore_user_meta=False, metas=['./colcon.meta'], base_paths=['.'], packages_ignore=None, packages_ignore_regex=None, paths=None, packages_up_to=None, packages_up_to_regex=None, packages_above=None, packages_above_and_dependencies=None, packages_above_depth=None, packages_select_by_dep=None, packages_skip_by_dep=None, packages_skip_up_to=None, packages_select_build_failed=False, packages_skip_build_finished=False, packages_select_test_failures=False, packages_skip_test_passed=False, packages_select=None, packages_skip=None, packages_select_regex=None, packages_skip_regex=None, packages_start=None, packages_end=None, allow_overriding=[], cmake_args=None, cmake_target=None, cmake_target_skip_unavailable=False, cmake_clean_cache=False, cmake_clean_first=False, cmake_force_configure=False, ament_cmake_args=None, catkin_cmake_args=None, catkin_skip_building_tests=False, mixin_files=None, mixin=None, verb_parser=<colcon_mixin.mixin.mixin_argument.MixinArgumentDecorator object at 0xffffad9ac220>, verb_extension=<colcon_core.verb.build.BuildVerb object at 0xffffadb69120>, main=<bound method BuildVerb.main of <colcon_core.verb.build.BuildVerb object at 0xffffadb69120>>, mixin_verb=('build',))
[3.535s] Level 1:colcon.colcon_core.package_discovery:discover_packages(colcon_meta) check parameters
[3.536s] Level 1:colcon.colcon_core.package_discovery:discover_packages(recursive) check parameters
[3.537s] Level 1:colcon.colcon_core.package_discovery:discover_packages(ignore) check parameters
[3.538s] Level 1:colcon.colcon_core.package_discovery:discover_packages(path) check parameters
[3.538s] Level 1:colcon.colcon_core.package_discovery:discover_packages(colcon_meta) discover
[3.539s] Level 1:colcon.colcon_core.package_discovery:discover_packages(recursive) discover
[3.539s] INFO:colcon.colcon_core.package_discovery:Crawling recursively for packages in '/home/cc/ros2_ws'
[3.540s] Level 1:colcon.colcon_core.package_identification:_identify(.) by extensions ['ignore', 'ignore_ament_install']
[3.541s] Level 1:colcon.colcon_core.package_identification:_identify(.) by extension 'ignore'
[3.542s] Level 1:colcon.colcon_core.package_identification:_identify(.) by extension 'ignore_ament_install'
[3.543s] Level 1:colcon.colcon_core.package_identification:_identify(.) by extensions ['colcon_pkg']
[3.543s] Level 1:colcon.colcon_core.package_identification:_identify(.) by extension 'colcon_pkg'
[3.543s] Level 1:colcon.colcon_core.package_identification:_identify(.) by extensions ['colcon_meta']
[3.544s] Level 1:colcon.colcon_core.package_identification:_identify(.) by extension 'colcon_meta'
[3.544s] Level 1:colcon.colcon_core.package_identification:_identify(.) by extensions ['ros']
[3.544s] Level 1:colcon.colcon_core.package_identification:_identify(.) by extension 'ros'
[3.669s] Level 1:colcon.colcon_core.package_identification:_identify(.) by extensions ['cmake', 'python']
[3.669s] Level 1:colcon.colcon_core.package_identification:_identify(.) by extension 'cmake'
[3.670s] Level 1:colcon.colcon_core.package_identification:_identify(.) by extension 'python'
[3.670s] Level 1:colcon.colcon_core.package_identification:_identify(.) by extensions ['python_setup_py']
[3.671s] Level 1:colcon.colcon_core.package_identification:_identify(.) by extension 'python_setup_py'
[3.671s] Level 1:colcon.colcon_core.package_identification:_identify(build) by extensions ['ignore', 'ignore_ament_install']
[3.672s] Level 1:colcon.colcon_core.package_identification:_identify(build) by extension 'ignore'
[3.673s] Level 1:colcon.colcon_core.package_identification:_identify(build) ignored
[3.674s] Level 1:colcon.colcon_core.package_identification:_identify(install) by extensions ['ignore', 'ignore_ament_install']
[3.674s] Level 1:colcon.colcon_core.package_identification:_identify(install) by extension 'ignore'
[3.675s] Level 1:colcon.colcon_core.package_identification:_identify(install) ignored
[3.676s] Level 1:colcon.colcon_core.package_identification:_identify(log) by extensions ['ignore', 'ignore_ament_install']
[3.676s] Level 1:colcon.colcon_core.package_identification:_identify(log) by extension 'ignore'
[3.677s] Level 1:colcon.colcon_core.package_identification:_identify(log) ignored
[3.678s] Level 1:colcon.colcon_core.package_identification:_identify(src) by extensions ['ignore', 'ignore_ament_install']
[3.679s] Level 1:colcon.colcon_core.package_identification:_identify(src) by extension 'ignore'
[3.679s] Level 1:colcon.colcon_core.package_identification:_identify(src) by extension 'ignore_ament_install'
[3.679s] Level 1:colcon.colcon_core.package_identification:_identify(src) by extensions ['colcon_pkg']
[3.680s] Level 1:colcon.colcon_core.package_identification:_identify(src) by extension 'colcon_pkg'
[3.680s] Level 1:colcon.colcon_core.package_identification:_identify(src) by extensions ['colcon_meta']
[3.680s] Level 1:colcon.colcon_core.package_identification:_identify(src) by extension 'colcon_meta'
[3.680s] Level 1:colcon.colcon_core.package_identification:_identify(src) by extensions ['ros']
[3.680s] Level 1:colcon.colcon_core.package_identification:_identify(src) by extension 'ros'
[3.681s] Level 1:colcon.colcon_core.package_identification:_identify(src) by extensions ['cmake', 'python']
[3.681s] Level 1:colcon.colcon_core.package_identification:_identify(src) by extension 'cmake'
[3.681s] Level 1:colcon.colcon_core.package_identification:_identify(src) by extension 'python'
[3.682s] Level 1:colcon.colcon_core.package_identification:_identify(src) by extensions ['python_setup_py']
[3.682s] Level 1:colcon.colcon_core.package_identification:_identify(src) by extension 'python_setup_py'
[3.683s] Level 1:colcon.colcon_core.package_identification:_identify(src/camera_perception_pkg) by extensions ['ignore', 'ignore_ament_install']
[3.684s] Level 1:colcon.colcon_core.package_identification:_identify(src/camera_perception_pkg) by extension 'ignore'
[3.685s] Level 1:colcon.colcon_core.package_identification:_identify(src/camera_perception_pkg) by extension 'ignore_ament_install'
[3.686s] Level 1:colcon.colcon_core.package_identification:_identify(src/camera_perception_pkg) by extensions ['colcon_pkg']
[3.686s] Level 1:colcon.colcon_core.package_identification:_identify(src/camera_perception_pkg) by extension 'colcon_pkg'
[3.687s] Level 1:colcon.colcon_core.package_identification:_identify(src/camera_perception_pkg) by extensions ['colcon_meta']
[3.687s] Level 1:colcon.colcon_core.package_identification:_identify(src/camera_perception_pkg) by extension 'colcon_meta'
[3.687s] Level 1:colcon.colcon_core.package_identification:_identify(src/camera_perception_pkg) by extensions ['ros']
[3.687s] Level 1:colcon.colcon_core.package_identification:_identify(src/camera_perception_pkg) by extension 'ros'
[3.701s] DEBUG:colcon.colcon_core.package_identification:Package 'src/camera_perception_pkg' with type 'ros.ament_python' and name 'camera_perception_pkg'
[3.702s] Level 1:colcon.colcon_core.package_identification:_identify(src/control) by extensions ['ignore', 'ignore_ament_install']
[3.702s] Level 1:colcon.colcon_core.package_identification:_identify(src/control) by extension 'ignore'
[3.703s] Level 1:colcon.colcon_core.package_identification:_identify(src/control) by extension 'ignore_ament_install'
[3.703s] Level 1:colcon.colcon_core.package_identification:_identify(src/control) by extensions ['colcon_pkg']
[3.703s] Level 1:colcon.colcon_core.package_identification:_identify(src/control) by extension 'colcon_pkg'
[3.704s] Level 1:colcon.colcon_core.package_identification:_identify(src/control) by extensions ['colcon_meta']
[3.704s] Level 1:colcon.colcon_core.package_identification:_identify(src/control) by extension 'colcon_meta'
[3.704s] Level 1:colcon.colcon_core.package_identification:_identify(src/control) by extensions ['ros']
[3.704s] Level 1:colcon.colcon_core.package_identification:_identify(src/control) by extension 'ros'
[3.705s] Level 1:colcon.colcon_core.package_identification:_identify(src/control) by extensions ['cmake', 'python']
[3.705s] Level 1:colcon.colcon_core.package_identification:_identify(src/control) by extension 'cmake'
[3.706s] Level 1:colcon.colcon_core.package_identification:_identify(src/control) by extension 'python'
[3.706s] Level 1:colcon.colcon_core.package_identification:_identify(src/control) by extensions ['python_setup_py']
[3.706s] Level 1:colcon.colcon_core.package_identification:_identify(src/control) by extension 'python_setup_py'
[3.707s] Level 1:colcon.colcon_core.package_identification:_identify(src/control/check_variable_resistor) by extensions ['ignore', 'ignore_ament_install']
[3.708s] Level 1:colcon.colcon_core.package_identification:_identify(src/control/check_variable_resistor) by extension 'ignore'
[3.708s] Level 1:colcon.colcon_core.package_identification:_identify(src/control/check_variable_resistor) by extension 'ignore_ament_install'
[3.709s] Level 1:colcon.colcon_core.package_identification:_identify(src/control/check_variable_resistor) by extensions ['colcon_pkg']
[3.709s] Level 1:colcon.colcon_core.package_identification:_identify(src/control/check_variable_resistor) by extension 'colcon_pkg'
[3.709s] Level 1:colcon.colcon_core.package_identification:_identify(src/control/check_variable_resistor) by extensions ['colcon_meta']
[3.710s] Level 1:colcon.colcon_core.package_identification:_identify(src/control/check_variable_resistor) by extension 'colcon_meta'
[3.710s] Level 1:colcon.colcon_core.package_identification:_identify(src/control/check_variable_resistor) by extensions ['ros']
[3.711s] Level 1:colcon.colcon_core.package_identification:_identify(src/control/check_variable_resistor) by extension 'ros'
[3.711s] Level 1:colcon.colcon_core.package_identification:_identify(src/control/check_variable_resistor) by extensions ['cmake', 'python']
[3.711s] Level 1:colcon.colcon_core.package_identification:_identify(src/control/check_variable_resistor) by extension 'cmake'
[3.711s] Level 1:colcon.colcon_core.package_identification:_identify(src/control/check_variable_resistor) by extension 'python'
[3.712s] Level 1:colcon.colcon_core.package_identification:_identify(src/control/check_variable_resistor) by extensions ['python_setup_py']
[3.712s] Level 1:colcon.colcon_core.package_identification:_identify(src/control/check_variable_resistor) by extension 'python_setup_py'
[3.712s] Level 1:colcon.colcon_core.package_identification:_identify(src/control/driving) by extensions ['ignore', 'ignore_ament_install']
[3.713s] Level 1:colcon.colcon_core.package_identification:_identify(src/control/driving) by extension 'ignore'
[3.713s] Level 1:colcon.colcon_core.package_identification:_identify(src/control/driving) by extension 'ignore_ament_install'
[3.714s] Level 1:colcon.colcon_core.package_identification:_identify(src/control/driving) by extensions ['colcon_pkg']
[3.714s] Level 1:colcon.colcon_core.package_identification:_identify(src/control/driving) by extension 'colcon_pkg'
[3.714s] Level 1:colcon.colcon_core.package_identification:_identify(src/control/driving) by extensions ['colcon_meta']
[3.714s] Level 1:colcon.colcon_core.package_identification:_identify(src/control/driving) by extension 'colcon_meta'
[3.714s] Level 1:colcon.colcon_core.package_identification:_identify(src/control/driving) by extensions ['ros']
[3.714s] Level 1:colcon.colcon_core.package_identification:_identify(src/control/driving) by extension 'ros'
[3.715s] Level 1:colcon.colcon_core.package_identification:_identify(src/control/driving) by extensions ['cmake', 'python']
[3.715s] Level 1:colcon.colcon_core.package_identification:_identify(src/control/driving) by extension 'cmake'
[3.715s] Level 1:colcon.colcon_core.package_identification:_identify(src/control/driving) by extension 'python'
[3.716s] Level 1:colcon.colcon_core.package_identification:_identify(src/control/driving) by extensions ['python_setup_py']
[3.716s] Level 1:colcon.colcon_core.package_identification:_identify(src/control/driving) by extension 'python_setup_py'
[3.716s] Level 1:colcon.colcon_core.package_identification:_identify(src/control/motor_test) by extensions ['ignore', 'ignore_ament_install']
[3.717s] Level 1:colcon.colcon_core.package_identification:_identify(src/control/motor_test) by extension 'ignore'
[3.717s] Level 1:colcon.colcon_core.package_identification:_identify(src/control/motor_test) by extension 'ignore_ament_install'
[3.717s] Level 1:colcon.colcon_core.package_identification:_identify(src/control/motor_test) by extensions ['colcon_pkg']
[3.718s] Level 1:colcon.colcon_core.package_identification:_identify(src/control/motor_test) by extension 'colcon_pkg'
[3.718s] Level 1:colcon.colcon_core.package_identification:_identify(src/control/motor_test) by extensions ['colcon_meta']
[3.718s] Level 1:colcon.colcon_core.package_identification:_identify(src/control/motor_test) by extension 'colcon_meta'
[3.718s] Level 1:colcon.colcon_core.package_identification:_identify(src/control/motor_test) by extensions ['ros']
[3.718s] Level 1:colcon.colcon_core.package_identification:_identify(src/control/motor_test) by extension 'ros'
[3.719s] Level 1:colcon.colcon_core.package_identification:_identify(src/control/motor_test) by extensions ['cmake', 'python']
[3.719s] Level 1:colcon.colcon_core.package_identification:_identify(src/control/motor_test) by extension 'cmake'
[3.719s] Level 1:colcon.colcon_core.package_identification:_identify(src/control/motor_test) by extension 'python'
[3.720s] Level 1:colcon.colcon_core.package_identification:_identify(src/control/motor_test) by extensions ['python_setup_py']
[3.720s] Level 1:colcon.colcon_core.package_identification:_identify(src/control/motor_test) by extension 'python_setup_py'
[3.721s] Level 1:colcon.colcon_core.package_identification:_identify(src/control/ultrasonic) by extensions ['ignore', 'ignore_ament_install']
[3.721s] Level 1:colcon.colcon_core.package_identification:_identify(src/control/ultrasonic) by extension 'ignore'
[3.721s] Level 1:colcon.colcon_core.package_identification:_identify(src/control/ultrasonic) by extension 'ignore_ament_install'
[3.722s] Level 1:colcon.colcon_core.package_identification:_identify(src/control/ultrasonic) by extensions ['colcon_pkg']
[3.722s] Level 1:colcon.colcon_core.package_identification:_identify(src/control/ultrasonic) by extension 'colcon_pkg'
[3.722s] Level 1:colcon.colcon_core.package_identification:_identify(src/control/ultrasonic) by extensions ['colcon_meta']
[3.722s] Level 1:colcon.colcon_core.package_identification:_identify(src/control/ultrasonic) by extension 'colcon_meta'
[3.722s] Level 1:colcon.colcon_core.package_identification:_identify(src/control/ultrasonic) by extensions ['ros']
[3.723s] Level 1:colcon.colcon_core.package_identification:_identify(src/control/ultrasonic) by extension 'ros'
[3.723s] Level 1:colcon.colcon_core.package_identification:_identify(src/control/ultrasonic) by extensions ['cmake', 'python']
[3.723s] Level 1:colcon.colcon_core.package_identification:_identify(src/control/ultrasonic) by extension 'cmake'
[3.723s] Level 1:colcon.colcon_core.package_identification:_identify(src/control/ultrasonic) by extension 'python'
[3.724s] Level 1:colcon.colcon_core.package_identification:_identify(src/control/ultrasonic) by extensions ['python_setup_py']
[3.724s] Level 1:colcon.colcon_core.package_identification:_identify(src/control/ultrasonic) by extension 'python_setup_py'
[3.725s] Level 1:colcon.colcon_core.package_identification:_identify(src/data_collection) by extensions ['ignore', 'ignore_ament_install']
[3.725s] Level 1:colcon.colcon_core.package_identification:_identify(src/data_collection) by extension 'ignore'
[3.725s] Level 1:colcon.colcon_core.package_identification:_identify(src/data_collection) by extension 'ignore_ament_install'
[3.726s] Level 1:colcon.colcon_core.package_identification:_identify(src/data_collection) by extensions ['colcon_pkg']
[3.726s] Level 1:colcon.colcon_core.package_identification:_identify(src/data_collection) by extension 'colcon_pkg'
[3.726s] Level 1:colcon.colcon_core.package_identification:_identify(src/data_collection) by extensions ['colcon_meta']
[3.726s] Level 1:colcon.colcon_core.package_identification:_identify(src/data_collection) by extension 'colcon_meta'
[3.727s] Level 1:colcon.colcon_core.package_identification:_identify(src/data_collection) by extensions ['ros']
[3.727s] Level 1:colcon.colcon_core.package_identification:_identify(src/data_collection) by extension 'ros'
[3.727s] Level 1:colcon.colcon_core.package_identification:_identify(src/data_collection) by extensions ['cmake', 'python']
[3.727s] Level 1:colcon.colcon_core.package_identification:_identify(src/data_collection) by extension 'cmake'
[3.727s] Level 1:colcon.colcon_core.package_identification:_identify(src/data_collection) by extension 'python'
[3.728s] Level 1:colcon.colcon_core.package_identification:_identify(src/data_collection) by extensions ['python_setup_py']
[3.728s] Level 1:colcon.colcon_core.package_identification:_identify(src/data_collection) by extension 'python_setup_py'
[3.728s] Level 1:colcon.colcon_core.package_identification:_identify(src/debug_pkg) by extensions ['ignore', 'ignore_ament_install']
[3.729s] Level 1:colcon.colcon_core.package_identification:_identify(src/debug_pkg) by extension 'ignore'
[3.729s] Level 1:colcon.colcon_core.package_identification:_identify(src/debug_pkg) by extension 'ignore_ament_install'
[3.730s] Level 1:colcon.colcon_core.package_identification:_identify(src/debug_pkg) by extensions ['colcon_pkg']
[3.730s] Level 1:colcon.colcon_core.package_identification:_identify(src/debug_pkg) by extension 'colcon_pkg'
[3.730s] Level 1:colcon.colcon_core.package_identification:_identify(src/debug_pkg) by extensions ['colcon_meta']
[3.730s] Level 1:colcon.colcon_core.package_identification:_identify(src/debug_pkg) by extension 'colcon_meta'
[3.731s] Level 1:colcon.colcon_core.package_identification:_identify(src/debug_pkg) by extensions ['ros']
[3.731s] Level 1:colcon.colcon_core.package_identification:_identify(src/debug_pkg) by extension 'ros'
[3.733s] DEBUG:colcon.colcon_core.package_identification:Package 'src/debug_pkg' with type 'ros.ament_python' and name 'debug_pkg'
[3.734s] Level 1:colcon.colcon_core.package_identification:_identify(src/decision_making_pkg) by extensions ['ignore', 'ignore_ament_install']
[3.734s] Level 1:colcon.colcon_core.package_identification:_identify(src/decision_making_pkg) by extension 'ignore'
[3.735s] Level 1:colcon.colcon_core.package_identification:_identify(src/decision_making_pkg) by extension 'ignore_ament_install'
[3.735s] Level 1:colcon.colcon_core.package_identification:_identify(src/decision_making_pkg) by extensions ['colcon_pkg']
[3.735s] Level 1:colcon.colcon_core.package_identification:_identify(src/decision_making_pkg) by extension 'colcon_pkg'
[3.735s] Level 1:colcon.colcon_core.package_identification:_identify(src/decision_making_pkg) by extensions ['colcon_meta']
[3.736s] Level 1:colcon.colcon_core.package_identification:_identify(src/decision_making_pkg) by extension 'colcon_meta'
[3.736s] Level 1:colcon.colcon_core.package_identification:_identify(src/decision_making_pkg) by extensions ['ros']
[3.736s] Level 1:colcon.colcon_core.package_identification:_identify(src/decision_making_pkg) by extension 'ros'
[3.742s] DEBUG:colcon.colcon_core.package_identification:Package 'src/decision_making_pkg' with type 'ros.ament_python' and name 'decision_making_pkg'
[3.743s] Level 1:colcon.colcon_core.package_identification:_identify(src/interfaces_pkg) by extensions ['ignore', 'ignore_ament_install']
[3.743s] Level 1:colcon.colcon_core.package_identification:_identify(src/interfaces_pkg) by extension 'ignore'
[3.743s] Level 1:colcon.colcon_core.package_identification:_identify(src/interfaces_pkg) by extension 'ignore_ament_install'
[3.744s] Level 1:colcon.colcon_core.package_identification:_identify(src/interfaces_pkg) by extensions ['colcon_pkg']
[3.744s] Level 1:colcon.colcon_core.package_identification:_identify(src/interfaces_pkg) by extension 'colcon_pkg'
[3.744s] Level 1:colcon.colcon_core.package_identification:_identify(src/interfaces_pkg) by extensions ['colcon_meta']
[3.745s] Level 1:colcon.colcon_core.package_identification:_identify(src/interfaces_pkg) by extension 'colcon_meta'
[3.745s] Level 1:colcon.colcon_core.package_identification:_identify(src/interfaces_pkg) by extensions ['ros']
[3.745s] Level 1:colcon.colcon_core.package_identification:_identify(src/interfaces_pkg) by extension 'ros'
[3.749s] DEBUG:colcon.colcon_core.package_identification:Package 'src/interfaces_pkg' with type 'ros.ament_cmake' and name 'interfaces_pkg'
[3.751s] Level 1:colcon.colcon_core.package_identification:_identify(src/lidar_perception_pkg) by extensions ['ignore', 'ignore_ament_install']
[3.752s] Level 1:colcon.colcon_core.package_identification:_identify(src/lidar_perception_pkg) by extension 'ignore'
[3.752s] Level 1:colcon.colcon_core.package_identification:_identify(src/lidar_perception_pkg) by extension 'ignore_ament_install'
[3.753s] Level 1:colcon.colcon_core.package_identification:_identify(src/lidar_perception_pkg) by extensions ['colcon_pkg']
[3.753s] Level 1:colcon.colcon_core.package_identification:_identify(src/lidar_perception_pkg) by extension 'colcon_pkg'
[3.753s] Level 1:colcon.colcon_core.package_identification:_identify(src/lidar_perception_pkg) by extensions ['colcon_meta']
[3.753s] Level 1:colcon.colcon_core.package_identification:_identify(src/lidar_perception_pkg) by extension 'colcon_meta'
[3.754s] Level 1:colcon.colcon_core.package_identification:_identify(src/lidar_perception_pkg) by extensions ['ros']
[3.754s] Level 1:colcon.colcon_core.package_identification:_identify(src/lidar_perception_pkg) by extension 'ros'
[3.756s] DEBUG:colcon.colcon_core.package_identification:Package 'src/lidar_perception_pkg' with type 'ros.ament_python' and name 'lidar_perception_pkg'
[3.757s] Level 1:colcon.colcon_core.package_identification:_identify(src/serial_communication_pkg) by extensions ['ignore', 'ignore_ament_install']
[3.758s] Level 1:colcon.colcon_core.package_identification:_identify(src/serial_communication_pkg) by extension 'ignore'
[3.758s] Level 1:colcon.colcon_core.package_identification:_identify(src/serial_communication_pkg) by extension 'ignore_ament_install'
[3.758s] Level 1:colcon.colcon_core.package_identification:_identify(src/serial_communication_pkg) by extensions ['colcon_pkg']
[3.759s] Level 1:colcon.colcon_core.package_identification:_identify(src/serial_communication_pkg) by extension 'colcon_pkg'
[3.759s] Level 1:colcon.colcon_core.package_identification:_identify(src/serial_communication_pkg) by extensions ['colcon_meta']
[3.759s] Level 1:colcon.colcon_core.package_identification:_identify(src/serial_communication_pkg) by extension 'colcon_meta'
[3.759s] Level 1:colcon.colcon_core.package_identification:_identify(src/serial_communication_pkg) by extensions ['ros']
[3.759s] Level 1:colcon.colcon_core.package_identification:_identify(src/serial_communication_pkg) by extension 'ros'
[3.762s] DEBUG:colcon.colcon_core.package_identification:Package 'src/serial_communication_pkg' with type 'ros.ament_python' and name 'serial_communication_pkg'
[3.762s] Level 1:colcon.colcon_core.package_discovery:discover_packages(recursive) using defaults
[3.763s] Level 1:colcon.colcon_core.package_discovery:discover_packages(ignore) discover
[3.763s] Level 1:colcon.colcon_core.package_discovery:discover_packages(ignore) using defaults
[3.763s] Level 1:colcon.colcon_core.package_discovery:discover_packages(path) discover
[3.763s] Level 1:colcon.colcon_core.package_discovery:discover_packages(path) using defaults
[3.882s] Level 1:colcon.colcon_core.package_discovery:discover_packages(prefix_path) check parameters
[3.882s] Level 1:colcon.colcon_core.package_discovery:discover_packages(prefix_path) discover
[3.889s] WARNING:colcon.colcon_ros.prefix_path.ament:The path '/home/cc/ros2_ws/install/serial_communication_pkg' in the environment variable AMENT_PREFIX_PATH doesn't exist
[3.889s] WARNING:colcon.colcon_ros.prefix_path.ament:The path '/home/cc/ros2_ws/install/lidar_perception_pkg' in the environment variable AMENT_PREFIX_PATH doesn't exist
[3.890s] WARNING:colcon.colcon_ros.prefix_path.ament:The path '/home/cc/ros2_ws/install/decision_making_pkg' in the environment variable AMENT_PREFIX_PATH doesn't exist
[3.890s] WARNING:colcon.colcon_ros.prefix_path.ament:The path '/home/cc/ros2_ws/install/interfaces_pkg' in the environment variable AMENT_PREFIX_PATH doesn't exist
[3.890s] WARNING:colcon.colcon_ros.prefix_path.ament:The path '/home/cc/ros2_ws/install/debug_pkg' in the environment variable AMENT_PREFIX_PATH doesn't exist
[3.891s] WARNING:colcon.colcon_ros.prefix_path.ament:The path '/home/cc/ros2_ws/install/camera_perception_pkg' in the environment variable AMENT_PREFIX_PATH doesn't exist
[3.893s] WARNING:colcon.colcon_ros.prefix_path.catkin:The path '/home/cc/ros2_ws/install/interfaces_pkg' in the environment variable CMAKE_PREFIX_PATH doesn't exist
[3.897s] DEBUG:colcon.colcon_installed_package_information.package_discovery:Found 0 installed packages in /home/cc/ros2_ws/install
[3.910s] DEBUG:colcon.colcon_installed_package_information.package_discovery:Found 271 installed packages in /opt/ros/humble
[3.925s] Level 1:colcon.colcon_core.package_discovery:discover_packages(prefix_path) using defaults
[4.312s] Level 5:colcon.colcon_core.verb:set package 'camera_perception_pkg' build argument 'cmake_args' from command line to 'None'
[4.312s] Level 5:colcon.colcon_core.verb:set package 'camera_perception_pkg' build argument 'cmake_target' from command line to 'None'
[4.312s] Level 5:colcon.colcon_core.verb:set package 'camera_perception_pkg' build argument 'cmake_target_skip_unavailable' from command line to 'False'
[4.312s] Level 5:colcon.colcon_core.verb:set package 'camera_perception_pkg' build argument 'cmake_clean_cache' from command line to 'False'
[4.313s] Level 5:colcon.colcon_core.verb:set package 'camera_perception_pkg' build argument 'cmake_clean_first' from command line to 'False'
[4.313s] Level 5:colcon.colcon_core.verb:set package 'camera_perception_pkg' build argument 'cmake_force_configure' from command line to 'False'
[4.313s] Level 5:colcon.colcon_core.verb:set package 'camera_perception_pkg' build argument 'ament_cmake_args' from command line to 'None'
[4.313s] Level 5:colcon.colcon_core.verb:set package 'camera_perception_pkg' build argument 'catkin_cmake_args' from command line to 'None'
[4.313s] Level 5:colcon.colcon_core.verb:set package 'camera_perception_pkg' build argument 'catkin_skip_building_tests' from command line to 'False'
[4.313s] DEBUG:colcon.colcon_core.verb:Building package 'camera_perception_pkg' with the following arguments: {'ament_cmake_args': None, 'build_base': '/home/cc/ros2_ws/build/camera_perception_pkg', 'catkin_cmake_args': None, 'catkin_skip_building_tests': False, 'cmake_args': None, 'cmake_clean_cache': False, 'cmake_clean_first': False, 'cmake_force_configure': False, 'cmake_target': None, 'cmake_target_skip_unavailable': False, 'install_base': '/home/cc/ros2_ws/install/camera_perception_pkg', 'merge_install': False, 'path': '/home/cc/ros2_ws/src/camera_perception_pkg', 'symlink_install': True, 'test_result_base': None}
[4.315s] Level 5:colcon.colcon_core.verb:set package 'debug_pkg' build argument 'cmake_args' from command line to 'None'
[4.315s] Level 5:colcon.colcon_core.verb:set package 'debug_pkg' build argument 'cmake_target' from command line to 'None'
[4.315s] Level 5:colcon.colcon_core.verb:set package 'debug_pkg' build argument 'cmake_target_skip_unavailable' from command line to 'False'
[4.315s] Level 5:colcon.colcon_core.verb:set package 'debug_pkg' build argument 'cmake_clean_cache' from command line to 'False'
[4.316s] Level 5:colcon.colcon_core.verb:set package 'debug_pkg' build argument 'cmake_clean_first' from command line to 'False'
[4.316s] Level 5:colcon.colcon_core.verb:set package 'debug_pkg' build argument 'cmake_force_configure' from command line to 'False'
[4.316s] Level 5:colcon.colcon_core.verb:set package 'debug_pkg' build argument 'ament_cmake_args' from command line to 'None'
[4.316s] Level 5:colcon.colcon_core.verb:set package 'debug_pkg' build argument 'catkin_cmake_args' from command line to 'None'
[4.316s] Level 5:colcon.colcon_core.verb:set package 'debug_pkg' build argument 'catkin_skip_building_tests' from command line to 'False'
[4.316s] DEBUG:colcon.colcon_core.verb:Building package 'debug_pkg' with the following arguments: {'ament_cmake_args': None, 'build_base': '/home/cc/ros2_ws/build/debug_pkg', 'catkin_cmake_args': None, 'catkin_skip_building_tests': False, 'cmake_args': None, 'cmake_clean_cache': False, 'cmake_clean_first': False, 'cmake_force_configure': False, 'cmake_target': None, 'cmake_target_skip_unavailable': False, 'install_base': '/home/cc/ros2_ws/install/debug_pkg', 'merge_install': False, 'path': '/home/cc/ros2_ws/src/debug_pkg', 'symlink_install': True, 'test_result_base': None}
[4.318s] Level 5:colcon.colcon_core.verb:set package 'interfaces_pkg' build argument 'cmake_args' from command line to 'None'
[4.318s] Level 5:colcon.colcon_core.verb:set package 'interfaces_pkg' build argument 'cmake_target' from command line to 'None'
[4.318s] Level 5:colcon.colcon_core.verb:set package 'interfaces_pkg' build argument 'cmake_target_skip_unavailable' from command line to 'False'
[4.318s] Level 5:colcon.colcon_core.verb:set package 'interfaces_pkg' build argument 'cmake_clean_cache' from command line to 'False'
[4.318s] Level 5:colcon.colcon_core.verb:set package 'interfaces_pkg' build argument 'cmake_clean_first' from command line to 'False'
[4.319s] Level 5:colcon.colcon_core.verb:set package 'interfaces_pkg' build argument 'cmake_force_configure' from command line to 'False'
[4.319s] Level 5:colcon.colcon_core.verb:set package 'interfaces_pkg' build argument 'ament_cmake_args' from command line to 'None'
[4.319s] Level 5:colcon.colcon_core.verb:set package 'interfaces_pkg' build argument 'catkin_cmake_args' from command line to 'None'
[4.319s] Level 5:colcon.colcon_core.verb:set package 'interfaces_pkg' build argument 'catkin_skip_building_tests' from command line to 'False'
[4.319s] DEBUG:colcon.colcon_core.verb:Building package 'interfaces_pkg' with the following arguments: {'ament_cmake_args': None, 'build_base': '/home/cc/ros2_ws/build/interfaces_pkg', 'catkin_cmake_args': None, 'catkin_skip_building_tests': False, 'cmake_args': None, 'cmake_clean_cache': False, 'cmake_clean_first': False, 'cmake_force_configure': False, 'cmake_target': None, 'cmake_target_skip_unavailable': False, 'install_base': '/home/cc/ros2_ws/install/interfaces_pkg', 'merge_install': False, 'path': '/home/cc/ros2_ws/src/interfaces_pkg', 'symlink_install': True, 'test_result_base': None}
[4.321s] Level 5:colcon.colcon_core.verb:set package 'lidar_perception_pkg' build argument 'cmake_args' from command line to 'None'
[4.321s] Level 5:colcon.colcon_core.verb:set package 'lidar_perception_pkg' build argument 'cmake_target' from command line to 'None'
[4.321s] Level 5:colcon.colcon_core.verb:set package 'lidar_perception_pkg' build argument 'cmake_target_skip_unavailable' from command line to 'False'
[4.321s] Level 5:colcon.colcon_core.verb:set package 'lidar_perception_pkg' build argument 'cmake_clean_cache' from command line to 'False'
[4.321s] Level 5:colcon.colcon_core.verb:set package 'lidar_perception_pkg' build argument 'cmake_clean_first' from command line to 'False'
[4.321s] Level 5:colcon.colcon_core.verb:set package 'lidar_perception_pkg' build argument 'cmake_force_configure' from command line to 'False'
[4.322s] Level 5:colcon.colcon_core.verb:set package 'lidar_perception_pkg' build argument 'ament_cmake_args' from command line to 'None'
[4.322s] Level 5:colcon.colcon_core.verb:set package 'lidar_perception_pkg' build argument 'catkin_cmake_args' from command line to 'None'
[4.322s] Level 5:colcon.colcon_core.verb:set package 'lidar_perception_pkg' build argument 'catkin_skip_building_tests' from command line to 'False'
[4.322s] DEBUG:colcon.colcon_core.verb:Building package 'lidar_perception_pkg' with the following arguments: {'ament_cmake_args': None, 'build_base': '/home/cc/ros2_ws/build/lidar_perception_pkg', 'catkin_cmake_args': None, 'catkin_skip_building_tests': False, 'cmake_args': None, 'cmake_clean_cache': False, 'cmake_clean_first': False, 'cmake_force_configure': False, 'cmake_target': None, 'cmake_target_skip_unavailable': False, 'install_base': '/home/cc/ros2_ws/install/lidar_perception_pkg', 'merge_install': False, 'path': '/home/cc/ros2_ws/src/lidar_perception_pkg', 'symlink_install': True, 'test_result_base': None}
[4.324s] Level 5:colcon.colcon_core.verb:set package 'serial_communication_pkg' build argument 'cmake_args' from command line to 'None'
[4.324s] Level 5:colcon.colcon_core.verb:set package 'serial_communication_pkg' build argument 'cmake_target' from command line to 'None'
[4.324s] Level 5:colcon.colcon_core.verb:set package 'serial_communication_pkg' build argument 'cmake_target_skip_unavailable' from command line to 'False'
[4.325s] Level 5:colcon.colcon_core.verb:set package 'serial_communication_pkg' build argument 'cmake_clean_cache' from command line to 'False'
[4.325s] Level 5:colcon.colcon_core.verb:set package 'serial_communication_pkg' build argument 'cmake_clean_first' from command line to 'False'
[4.325s] Level 5:colcon.colcon_core.verb:set package 'serial_communication_pkg' build argument 'cmake_force_configure' from command line to 'False'
[4.325s] Level 5:colcon.colcon_core.verb:set package 'serial_communication_pkg' build argument 'ament_cmake_args' from command line to 'None'
[4.326s] Level 5:colcon.colcon_core.verb:set package 'serial_communication_pkg' build argument 'catkin_cmake_args' from command line to 'None'
[4.326s] Level 5:colcon.colcon_core.verb:set package 'serial_communication_pkg' build argument 'catkin_skip_building_tests' from command line to 'False'
[4.326s] DEBUG:colcon.colcon_core.verb:Building package 'serial_communication_pkg' with the following arguments: {'ament_cmake_args': None, 'build_base': '/home/cc/ros2_ws/build/serial_communication_pkg', 'catkin_cmake_args': None, 'catkin_skip_building_tests': False, 'cmake_args': None, 'cmake_clean_cache': False, 'cmake_clean_first': False, 'cmake_force_configure': False, 'cmake_target': None, 'cmake_target_skip_unavailable': False, 'install_base': '/home/cc/ros2_ws/install/serial_communication_pkg', 'merge_install': False, 'path': '/home/cc/ros2_ws/src/serial_communication_pkg', 'symlink_install': True, 'test_result_base': None}
[4.328s] Level 5:colcon.colcon_core.verb:set package 'decision_making_pkg' build argument 'cmake_args' from command line to 'None'
[4.328s] Level 5:colcon.colcon_core.verb:set package 'decision_making_pkg' build argument 'cmake_target' from command line to 'None'
[4.328s] Level 5:colcon.colcon_core.verb:set package 'decision_making_pkg' build argument 'cmake_target_skip_unavailable' from command line to 'False'
[4.329s] Level 5:colcon.colcon_core.verb:set package 'decision_making_pkg' build argument 'cmake_clean_cache' from command line to 'False'
[4.329s] Level 5:colcon.colcon_core.verb:set package 'decision_making_pkg' build argument 'cmake_clean_first' from command line to 'False'
[4.329s] Level 5:colcon.colcon_core.verb:set package 'decision_making_pkg' build argument 'cmake_force_configure' from command line to 'False'
[4.329s] Level 5:colcon.colcon_core.verb:set package 'decision_making_pkg' build argument 'ament_cmake_args' from command line to 'None'
[4.330s] Level 5:colcon.colcon_core.verb:set package 'decision_making_pkg' build argument 'catkin_cmake_args' from command line to 'None'
[4.330s] Level 5:colcon.colcon_core.verb:set package 'decision_making_pkg' build argument 'catkin_skip_building_tests' from command line to 'False'
[4.330s] DEBUG:colcon.colcon_core.verb:Building package 'decision_making_pkg' with the following arguments: {'ament_cmake_args': None, 'build_base': '/home/cc/ros2_ws/build/decision_making_pkg', 'catkin_cmake_args': None, 'catkin_skip_building_tests': False, 'cmake_args': None, 'cmake_clean_cache': False, 'cmake_clean_first': False, 'cmake_force_configure': False, 'cmake_target': None, 'cmake_target_skip_unavailable': False, 'install_base': '/home/cc/ros2_ws/install/decision_making_pkg', 'merge_install': False, 'path': '/home/cc/ros2_ws/src/decision_making_pkg', 'symlink_install': True, 'test_result_base': None}
[4.331s] INFO:colcon.colcon_core.executor:Executing jobs using 'parallel' executor
[4.338s] DEBUG:colcon.colcon_parallel_executor.executor.parallel:run_until_complete
[4.340s] INFO:colcon.colcon_ros.task.ament_cmake.build:Building ROS package in '/home/cc/ros2_ws/src/interfaces_pkg' with build type 'ament_cmake'
[4.342s] INFO:colcon.colcon_cmake.task.cmake.build:Building CMake package in '/home/cc/ros2_ws/src/interfaces_pkg'
[4.365s] INFO:colcon.colcon_core.plugin_system:Skipping extension 'colcon_core.shell.bat': Not used on non-Windows systems
[4.366s] INFO:colcon.colcon_core.shell:Skip shell extension 'powershell' for command environment: Not usable outside of PowerShell
[4.367s] DEBUG:colcon.colcon_core.shell:Skip shell extension 'dsv' for command environment
[4.390s] INFO:colcon.colcon_ros.task.ament_python.build:Building ROS package in '/home/cc/ros2_ws/src/camera_perception_pkg' with build type 'ament_python'
[4.392s] Level 1:colcon.colcon_core.shell:create_environment_hook('camera_perception_pkg', 'ament_prefix_path')
[4.394s] INFO:colcon.colcon_core.shell:Creating environment hook '/home/cc/ros2_ws/install/camera_perception_pkg/share/camera_perception_pkg/hook/ament_prefix_path.ps1'
[4.398s] INFO:colcon.colcon_core.shell:Creating environment descriptor '/home/cc/ros2_ws/install/camera_perception_pkg/share/camera_perception_pkg/hook/ament_prefix_path.dsv'
[4.402s] INFO:colcon.colcon_core.shell:Creating environment hook '/home/cc/ros2_ws/install/camera_perception_pkg/share/camera_perception_pkg/hook/ament_prefix_path.sh'
[4.408s] INFO:colcon.colcon_core.shell:Skip shell extension 'powershell' for command environment: Not usable outside of PowerShell
[4.408s] DEBUG:colcon.colcon_core.shell:Skip shell extension 'dsv' for command environment
[4.430s] INFO:colcon.colcon_ros.task.ament_python.build:Building ROS package in '/home/cc/ros2_ws/src/debug_pkg' with build type 'ament_python'
[4.432s] Level 1:colcon.colcon_core.shell:create_environment_hook('debug_pkg', 'ament_prefix_path')
[4.433s] INFO:colcon.colcon_core.shell:Creating environment hook '/home/cc/ros2_ws/install/debug_pkg/share/debug_pkg/hook/ament_prefix_path.ps1'
[4.439s] INFO:colcon.colcon_core.shell:Creating environment descriptor '/home/cc/ros2_ws/install/debug_pkg/share/debug_pkg/hook/ament_prefix_path.dsv'
[4.442s] INFO:colcon.colcon_core.shell:Creating environment hook '/home/cc/ros2_ws/install/debug_pkg/share/debug_pkg/hook/ament_prefix_path.sh'
[4.445s] INFO:colcon.colcon_core.shell:Skip shell extension 'powershell' for command environment: Not usable outside of PowerShell
[4.446s] DEBUG:colcon.colcon_core.shell:Skip shell extension 'dsv' for command environment
[4.470s] INFO:colcon.colcon_ros.task.ament_python.build:Building ROS package in '/home/cc/ros2_ws/src/lidar_perception_pkg' with build type 'ament_python'
[4.471s] Level 1:colcon.colcon_core.shell:create_environment_hook('lidar_perception_pkg', 'ament_prefix_path')
[4.473s] INFO:colcon.colcon_core.shell:Creating environment hook '/home/cc/ros2_ws/install/lidar_perception_pkg/share/lidar_perception_pkg/hook/ament_prefix_path.ps1'
[4.478s] INFO:colcon.colcon_core.shell:Creating environment descriptor '/home/cc/ros2_ws/install/lidar_perception_pkg/share/lidar_perception_pkg/hook/ament_prefix_path.dsv'
[4.480s] INFO:colcon.colcon_core.shell:Creating environment hook '/home/cc/ros2_ws/install/lidar_perception_pkg/share/lidar_perception_pkg/hook/ament_prefix_path.sh'
[4.485s] INFO:colcon.colcon_core.shell:Skip shell extension 'powershell' for command environment: Not usable outside of PowerShell
[4.486s] DEBUG:colcon.colcon_core.shell:Skip shell extension 'dsv' for command environment
[4.523s] DEBUG:colcon.colcon_core.event_handler.log_command:Invoking command in '/home/cc/ros2_ws/build/interfaces_pkg': CMAKE_PREFIX_PATH=${CMAKE_PREFIX_PATH}:/home/cc/ros2_ws/install/serial_communication_pkg:/home/cc/ros2_ws/install/lidar_perception_pkg:/home/cc/ros2_ws/install/decision_making_pkg:/home/cc/ros2_ws/install/debug_pkg:/home/cc/ros2_ws/install/camera_perception_pkg:/opt/ros/humble /usr/bin/cmake /home/cc/ros2_ws/src/interfaces_pkg -DAMENT_CMAKE_SYMLINK_INSTALL=1 -DCMAKE_INSTALL_PREFIX=/home/cc/ros2_ws/install/interfaces_pkg
[7.511s] INFO:colcon.colcon_core.task.python.build:Building Python package in '/home/cc/ros2_ws/src/camera_perception_pkg'
[7.513s] INFO:colcon.colcon_core.shell:Skip shell extension 'powershell' for command environment: Not usable outside of PowerShell
[7.513s] DEBUG:colcon.colcon_core.shell:Skip shell extension 'dsv' for command environment
[9.898s] INFO:colcon.colcon_core.task.python.build:Building Python package in '/home/cc/ros2_ws/src/debug_pkg'
[9.899s] INFO:colcon.colcon_core.shell:Skip shell extension 'powershell' for command environment: Not usable outside of PowerShell
[9.900s] DEBUG:colcon.colcon_core.shell:Skip shell extension 'dsv' for command environment
[11.727s] INFO:colcon.colcon_core.task.python.build:Building Python package in '/home/cc/ros2_ws/src/lidar_perception_pkg'
[11.729s] INFO:colcon.colcon_core.shell:Skip shell extension 'powershell' for command environment: Not usable outside of PowerShell
[11.729s] DEBUG:colcon.colcon_core.shell:Skip shell extension 'dsv' for command environment
[14.784s] DEBUG:colcon.colcon_core.event_handler.log_command:Invoking command in '/home/cc/ros2_ws/build/camera_perception_pkg': PYTHONPATH=/home/cc/ros2_ws/build/camera_perception_pkg/prefix_override:/usr/lib/python3/dist-packages/colcon_core/task/python/colcon_distutils_commands:/home/cc/ros2_ws/install/camera_perception_pkg/lib/python3.10/site-packages:${PYTHONPATH} /usr/bin/python3 -W ignore:setup.py install is deprecated -W ignore:easy_install command is deprecated setup.py develop --editable --build-directory /home/cc/ros2_ws/build/camera_perception_pkg/build --no-deps symlink_data
[14.839s] DEBUG:colcon.colcon_core.event_handler.log_command:Invoking command in '/home/cc/ros2_ws/build/debug_pkg': PYTHONPATH=/home/cc/ros2_ws/build/debug_pkg/prefix_override:/usr/lib/python3/dist-packages/colcon_core/task/python/colcon_distutils_commands:/home/cc/ros2_ws/install/debug_pkg/lib/python3.10/site-packages:${PYTHONPATH} /usr/bin/python3 -W ignore:setup.py install is deprecated -W ignore:easy_install command is deprecated setup.py develop --editable --build-directory /home/cc/ros2_ws/build/debug_pkg/build --no-deps symlink_data
[14.932s] DEBUG:colcon.colcon_core.event_handler.log_command:Invoking command in '/home/cc/ros2_ws/build/lidar_perception_pkg': PYTHONPATH=/home/cc/ros2_ws/build/lidar_perception_pkg/prefix_override:/usr/lib/python3/dist-packages/colcon_core/task/python/colcon_distutils_commands:/home/cc/ros2_ws/install/lidar_perception_pkg/lib/python3.10/site-packages:${PYTHONPATH} /usr/bin/python3 -W ignore:setup.py install is deprecated -W ignore:easy_install command is deprecated setup.py develop --editable --build-directory /home/cc/ros2_ws/build/lidar_perception_pkg/build --no-deps symlink_data
[18.942s] Level 1:colcon.colcon_core.shell:create_environment_hook('camera_perception_pkg', 'pythonpath_develop')
[18.945s] INFO:colcon.colcon_core.shell:Creating environment hook '/home/cc/ros2_ws/build/camera_perception_pkg/share/camera_perception_pkg/hook/pythonpath_develop.ps1'
[18.948s] DEBUG:colcon.colcon_core.event_handler.log_command:Invoked command in '/home/cc/ros2_ws/build/camera_perception_pkg' returned '0': PYTHONPATH=/home/cc/ros2_ws/build/camera_perception_pkg/prefix_override:/usr/lib/python3/dist-packages/colcon_core/task/python/colcon_distutils_commands:/home/cc/ros2_ws/install/camera_perception_pkg/lib/python3.10/site-packages:${PYTHONPATH} /usr/bin/python3 -W ignore:setup.py install is deprecated -W ignore:easy_install command is deprecated setup.py develop --editable --build-directory /home/cc/ros2_ws/build/camera_perception_pkg/build --no-deps symlink_data
[18.960s] INFO:colcon.colcon_core.shell:Creating environment descriptor '/home/cc/ros2_ws/build/camera_perception_pkg/share/camera_perception_pkg/hook/pythonpath_develop.dsv'
[18.964s] INFO:colcon.colcon_core.shell:Creating environment hook '/home/cc/ros2_ws/build/camera_perception_pkg/share/camera_perception_pkg/hook/pythonpath_develop.sh'
[19.030s] Level 1:colcon.colcon_core.environment:checking '/home/cc/ros2_ws/install/camera_perception_pkg' for CMake module files
[19.035s] Level 1:colcon.colcon_core.environment:checking '/home/cc/ros2_ws/install/camera_perception_pkg' for CMake config files
[19.075s] Level 1:colcon.colcon_core.environment:checking '/home/cc/ros2_ws/install/camera_perception_pkg/lib'
[19.097s] Level 1:colcon.colcon_core.environment:checking '/home/cc/ros2_ws/install/camera_perception_pkg/bin'
[19.108s] Level 1:colcon.colcon_core.environment:checking '/home/cc/ros2_ws/install/camera_perception_pkg/lib/pkgconfig/camera_perception_pkg.pc'
[19.127s] Level 1:colcon.colcon_core.environment:checking '/home/cc/ros2_ws/install/camera_perception_pkg/lib/python3.10/site-packages'
[19.137s] Level 1:colcon.colcon_core.shell:create_environment_hook('camera_perception_pkg', 'pythonpath')
[19.145s] INFO:colcon.colcon_core.shell:Creating environment hook '/home/cc/ros2_ws/install/camera_perception_pkg/share/camera_perception_pkg/hook/pythonpath.ps1'
[19.163s] INFO:colcon.colcon_core.shell:Creating environment descriptor '/home/cc/ros2_ws/install/camera_perception_pkg/share/camera_perception_pkg/hook/pythonpath.dsv'
[19.186s] INFO:colcon.colcon_core.shell:Creating environment hook '/home/cc/ros2_ws/install/camera_perception_pkg/share/camera_perception_pkg/hook/pythonpath.sh'
[19.213s] Level 1:colcon.colcon_core.environment:checking '/home/cc/ros2_ws/install/camera_perception_pkg/bin'
[19.214s] Level 1:colcon.colcon_core.environment:create_environment_scripts_only(camera_perception_pkg)
[19.219s] INFO:colcon.colcon_core.shell:Creating package script '/home/cc/ros2_ws/install/camera_perception_pkg/share/camera_perception_pkg/package.ps1'
[19.256s] INFO:colcon.colcon_core.shell:Creating package descriptor '/home/cc/ros2_ws/install/camera_perception_pkg/share/camera_perception_pkg/package.dsv'
[19.266s] INFO:colcon.colcon_core.shell:Creating package script '/home/cc/ros2_ws/install/camera_perception_pkg/share/camera_perception_pkg/package.sh'
[19.273s] INFO:colcon.colcon_core.shell:Creating package script '/home/cc/ros2_ws/install/camera_perception_pkg/share/camera_perception_pkg/package.bash'
[19.279s] INFO:colcon.colcon_core.shell:Creating package script '/home/cc/ros2_ws/install/camera_perception_pkg/share/camera_perception_pkg/package.zsh'
[19.291s] Level 1:colcon.colcon_core.environment:create_file_with_runtime_dependencies(/home/cc/ros2_ws/install/camera_perception_pkg/share/colcon-core/packages/camera_perception_pkg)
[19.299s] INFO:colcon.colcon_ros.task.ament_python.build:Building ROS package in '/home/cc/ros2_ws/src/serial_communication_pkg' with build type 'ament_python'
[19.302s] Level 1:colcon.colcon_core.shell:create_environment_hook('serial_communication_pkg', 'ament_prefix_path')
[19.303s] INFO:colcon.colcon_core.shell:Creating environment hook '/home/cc/ros2_ws/install/serial_communication_pkg/share/serial_communication_pkg/hook/ament_prefix_path.ps1'
[19.319s] INFO:colcon.colcon_core.shell:Creating environment descriptor '/home/cc/ros2_ws/install/serial_communication_pkg/share/serial_communication_pkg/hook/ament_prefix_path.dsv'
[19.337s] INFO:colcon.colcon_core.shell:Creating environment hook '/home/cc/ros2_ws/install/serial_communication_pkg/share/serial_communication_pkg/hook/ament_prefix_path.sh'
[19.345s] INFO:colcon.colcon_core.shell:Skip shell extension 'powershell' for command environment: Not usable outside of PowerShell
[19.347s] DEBUG:colcon.colcon_core.shell:Skip shell extension 'dsv' for command environment
[19.396s] Level 1:colcon.colcon_core.shell:create_environment_hook('debug_pkg', 'pythonpath_develop')
[19.398s] INFO:colcon.colcon_core.shell:Creating environment hook '/home/cc/ros2_ws/build/debug_pkg/share/debug_pkg/hook/pythonpath_develop.ps1'
[19.401s] DEBUG:colcon.colcon_core.event_handler.log_command:Invoked command in '/home/cc/ros2_ws/build/debug_pkg' returned '0': PYTHONPATH=/home/cc/ros2_ws/build/debug_pkg/prefix_override:/usr/lib/python3/dist-packages/colcon_core/task/python/colcon_distutils_commands:/home/cc/ros2_ws/install/debug_pkg/lib/python3.10/site-packages:${PYTHONPATH} /usr/bin/python3 -W ignore:setup.py install is deprecated -W ignore:easy_install command is deprecated setup.py develop --editable --build-directory /home/cc/ros2_ws/build/debug_pkg/build --no-deps symlink_data
[19.406s] INFO:colcon.colcon_core.shell:Creating environment descriptor '/home/cc/ros2_ws/build/debug_pkg/share/debug_pkg/hook/pythonpath_develop.dsv'
[19.411s] INFO:colcon.colcon_core.shell:Creating environment hook '/home/cc/ros2_ws/build/debug_pkg/share/debug_pkg/hook/pythonpath_develop.sh'
[19.417s] Level 1:colcon.colcon_core.environment:checking '/home/cc/ros2_ws/install/debug_pkg' for CMake module files
[19.419s] Level 1:colcon.colcon_core.environment:checking '/home/cc/ros2_ws/install/debug_pkg' for CMake config files
[19.422s] Level 1:colcon.colcon_core.environment:checking '/home/cc/ros2_ws/install/debug_pkg/lib'
[19.423s] Level 1:colcon.colcon_core.environment:checking '/home/cc/ros2_ws/install/debug_pkg/bin'
[19.423s] Level 1:colcon.colcon_core.environment:checking '/home/cc/ros2_ws/install/debug_pkg/lib/pkgconfig/debug_pkg.pc'
[19.424s] Level 1:colcon.colcon_core.environment:checking '/home/cc/ros2_ws/install/debug_pkg/lib/python3.10/site-packages'
[19.425s] Level 1:colcon.colcon_core.shell:create_environment_hook('debug_pkg', 'pythonpath')
[19.426s] INFO:colcon.colcon_core.shell:Creating environment hook '/home/cc/ros2_ws/install/debug_pkg/share/debug_pkg/hook/pythonpath.ps1'
[19.428s] INFO:colcon.colcon_core.shell:Creating environment descriptor '/home/cc/ros2_ws/install/debug_pkg/share/debug_pkg/hook/pythonpath.dsv'
[19.430s] INFO:colcon.colcon_core.shell:Creating environment hook '/home/cc/ros2_ws/install/debug_pkg/share/debug_pkg/hook/pythonpath.sh'
[19.434s] Level 1:colcon.colcon_core.environment:checking '/home/cc/ros2_ws/install/debug_pkg/bin'
[19.435s] Level 1:colcon.colcon_core.environment:create_environment_scripts_only(debug_pkg)
[19.438s] INFO:colcon.colcon_core.shell:Creating package script '/home/cc/ros2_ws/install/debug_pkg/share/debug_pkg/package.ps1'
[19.441s] INFO:colcon.colcon_core.shell:Creating package descriptor '/home/cc/ros2_ws/install/debug_pkg/share/debug_pkg/package.dsv'
[19.444s] INFO:colcon.colcon_core.shell:Creating package script '/home/cc/ros2_ws/install/debug_pkg/share/debug_pkg/package.sh'
[19.446s] INFO:colcon.colcon_core.shell:Creating package script '/home/cc/ros2_ws/install/debug_pkg/share/debug_pkg/package.bash'
[19.449s] INFO:colcon.colcon_core.shell:Creating package script '/home/cc/ros2_ws/install/debug_pkg/share/debug_pkg/package.zsh'
[19.453s] Level 1:colcon.colcon_core.environment:create_file_with_runtime_dependencies(/home/cc/ros2_ws/install/debug_pkg/share/colcon-core/packages/debug_pkg)
[21.263s] INFO:colcon.colcon_core.task.python.build:Building Python package in '/home/cc/ros2_ws/src/serial_communication_pkg'
[21.648s] INFO:colcon.colcon_core.shell:Skip shell extension 'powershell' for command environment: Not usable outside of PowerShell
[21.649s] DEBUG:colcon.colcon_core.shell:Skip shell extension 'dsv' for command environment
[21.673s] Level 1:colcon.colcon_core.shell:create_environment_hook('lidar_perception_pkg', 'pythonpath_develop')
[21.676s] INFO:colcon.colcon_core.shell:Creating environment hook '/home/cc/ros2_ws/build/lidar_perception_pkg/share/lidar_perception_pkg/hook/pythonpath_develop.ps1'
[21.678s] DEBUG:colcon.colcon_core.event_handler.log_command:Invoked command in '/home/cc/ros2_ws/build/lidar_perception_pkg' returned '0': PYTHONPATH=/home/cc/ros2_ws/build/lidar_perception_pkg/prefix_override:/usr/lib/python3/dist-packages/colcon_core/task/python/colcon_distutils_commands:/home/cc/ros2_ws/install/lidar_perception_pkg/lib/python3.10/site-packages:${PYTHONPATH} /usr/bin/python3 -W ignore:setup.py install is deprecated -W ignore:easy_install command is deprecated setup.py develop --editable --build-directory /home/cc/ros2_ws/build/lidar_perception_pkg/build --no-deps symlink_data
[21.681s] INFO:colcon.colcon_core.shell:Creating environment descriptor '/home/cc/ros2_ws/build/lidar_perception_pkg/share/lidar_perception_pkg/hook/pythonpath_develop.dsv'
[21.684s] INFO:colcon.colcon_core.shell:Creating environment hook '/home/cc/ros2_ws/build/lidar_perception_pkg/share/lidar_perception_pkg/hook/pythonpath_develop.sh'
[21.689s] Level 1:colcon.colcon_core.environment:checking '/home/cc/ros2_ws/install/lidar_perception_pkg' for CMake module files
[21.692s] Level 1:colcon.colcon_core.environment:checking '/home/cc/ros2_ws/install/lidar_perception_pkg' for CMake config files
[21.695s] Level 1:colcon.colcon_core.environment:checking '/home/cc/ros2_ws/install/lidar_perception_pkg/lib'
[21.695s] Level 1:colcon.colcon_core.environment:checking '/home/cc/ros2_ws/install/lidar_perception_pkg/bin'
[21.696s] Level 1:colcon.colcon_core.environment:checking '/home/cc/ros2_ws/install/lidar_perception_pkg/lib/pkgconfig/lidar_perception_pkg.pc'
[21.697s] Level 1:colcon.colcon_core.environment:checking '/home/cc/ros2_ws/install/lidar_perception_pkg/lib/python3.10/site-packages'
[21.697s] Level 1:colcon.colcon_core.shell:create_environment_hook('lidar_perception_pkg', 'pythonpath')
[21.698s] INFO:colcon.colcon_core.shell:Creating environment hook '/home/cc/ros2_ws/install/lidar_perception_pkg/share/lidar_perception_pkg/hook/pythonpath.ps1'
[21.700s] INFO:colcon.colcon_core.shell:Creating environment descriptor '/home/cc/ros2_ws/install/lidar_perception_pkg/share/lidar_perception_pkg/hook/pythonpath.dsv'
[21.702s] INFO:colcon.colcon_core.shell:Creating environment hook '/home/cc/ros2_ws/install/lidar_perception_pkg/share/lidar_perception_pkg/hook/pythonpath.sh'
[21.706s] Level 1:colcon.colcon_core.environment:checking '/home/cc/ros2_ws/install/lidar_perception_pkg/bin'
[21.708s] Level 1:colcon.colcon_core.environment:create_environment_scripts_only(lidar_perception_pkg)
[21.710s] INFO:colcon.colcon_core.shell:Creating package script '/home/cc/ros2_ws/install/lidar_perception_pkg/share/lidar_perception_pkg/package.ps1'
[21.717s] INFO:colcon.colcon_core.shell:Creating package descriptor '/home/cc/ros2_ws/install/lidar_perception_pkg/share/lidar_perception_pkg/package.dsv'
[21.722s] INFO:colcon.colcon_core.shell:Creating package script '/home/cc/ros2_ws/install/lidar_perception_pkg/share/lidar_perception_pkg/package.sh'
[21.727s] INFO:colcon.colcon_core.shell:Creating package script '/home/cc/ros2_ws/install/lidar_perception_pkg/share/lidar_perception_pkg/package.bash'
[21.730s] INFO:colcon.colcon_core.shell:Creating package script '/home/cc/ros2_ws/install/lidar_perception_pkg/share/lidar_perception_pkg/package.zsh'
[21.733s] Level 1:colcon.colcon_core.environment:create_file_with_runtime_dependencies(/home/cc/ros2_ws/install/lidar_perception_pkg/share/colcon-core/packages/lidar_perception_pkg)
[22.814s] DEBUG:colcon.colcon_core.event_handler.log_command:Invoked command in '/home/cc/ros2_ws/build/interfaces_pkg' returned '0': CMAKE_PREFIX_PATH=${CMAKE_PREFIX_PATH}:/home/cc/ros2_ws/install/serial_communication_pkg:/home/cc/ros2_ws/install/lidar_perception_pkg:/home/cc/ros2_ws/install/decision_making_pkg:/home/cc/ros2_ws/install/debug_pkg:/home/cc/ros2_ws/install/camera_perception_pkg:/opt/ros/humble /usr/bin/cmake /home/cc/ros2_ws/src/interfaces_pkg -DAMENT_CMAKE_SYMLINK_INSTALL=1 -DCMAKE_INSTALL_PREFIX=/home/cc/ros2_ws/install/interfaces_pkg
[22.816s] DEBUG:colcon.colcon_core.event_handler.log_command:Invoking command in '/home/cc/ros2_ws/build/interfaces_pkg': CMAKE_PREFIX_PATH=${CMAKE_PREFIX_PATH}:/home/cc/ros2_ws/install/serial_communication_pkg:/home/cc/ros2_ws/install/lidar_perception_pkg:/home/cc/ros2_ws/install/decision_making_pkg:/home/cc/ros2_ws/install/debug_pkg:/home/cc/ros2_ws/install/camera_perception_pkg:/opt/ros/humble /usr/bin/cmake --build /home/cc/ros2_ws/build/interfaces_pkg -- -j4 -l4
[25.043s] DEBUG:colcon.colcon_core.event_handler.log_command:Invoking command in '/home/cc/ros2_ws/build/serial_communication_pkg': PYTHONPATH=/home/cc/ros2_ws/build/serial_communication_pkg/prefix_override:/usr/lib/python3/dist-packages/colcon_core/task/python/colcon_distutils_commands:/home/cc/ros2_ws/install/serial_communication_pkg/lib/python3.10/site-packages:${PYTHONPATH} /usr/bin/python3 -W ignore:setup.py install is deprecated -W ignore:easy_install command is deprecated setup.py develop --editable --build-directory /home/cc/ros2_ws/build/serial_communication_pkg/build --no-deps symlink_data
[30.107s] Level 1:colcon.colcon_core.shell:create_environment_hook('serial_communication_pkg', 'pythonpath_develop')
[30.110s] INFO:colcon.colcon_core.shell:Creating environment hook '/home/cc/ros2_ws/build/serial_communication_pkg/share/serial_communication_pkg/hook/pythonpath_develop.ps1'
[30.111s] DEBUG:colcon.colcon_core.event_handler.log_command:Invoked command in '/home/cc/ros2_ws/build/serial_communication_pkg' returned '0': PYTHONPATH=/home/cc/ros2_ws/build/serial_communication_pkg/prefix_override:/usr/lib/python3/dist-packages/colcon_core/task/python/colcon_distutils_commands:/home/cc/ros2_ws/install/serial_communication_pkg/lib/python3.10/site-packages:${PYTHONPATH} /usr/bin/python3 -W ignore:setup.py install is deprecated -W ignore:easy_install command is deprecated setup.py develop --editable --build-directory /home/cc/ros2_ws/build/serial_communication_pkg/build --no-deps symlink_data
[30.117s] INFO:colcon.colcon_core.shell:Creating environment descriptor '/home/cc/ros2_ws/build/serial_communication_pkg/share/serial_communication_pkg/hook/pythonpath_develop.dsv'
[30.121s] INFO:colcon.colcon_core.shell:Creating environment hook '/home/cc/ros2_ws/build/serial_communication_pkg/share/serial_communication_pkg/hook/pythonpath_develop.sh'
[30.128s] Level 1:colcon.colcon_core.environment:checking '/home/cc/ros2_ws/install/serial_communication_pkg' for CMake module files
[30.132s] Level 1:colcon.colcon_core.environment:checking '/home/cc/ros2_ws/install/serial_communication_pkg' for CMake config files
[30.137s] Level 1:colcon.colcon_core.environment:checking '/home/cc/ros2_ws/install/serial_communication_pkg/lib'
[30.139s] Level 1:colcon.colcon_core.environment:checking '/home/cc/ros2_ws/install/serial_communication_pkg/bin'
[30.140s] Level 1:colcon.colcon_core.environment:checking '/home/cc/ros2_ws/install/serial_communication_pkg/lib/pkgconfig/serial_communication_pkg.pc'
[30.141s] Level 1:colcon.colcon_core.environment:checking '/home/cc/ros2_ws/install/serial_communication_pkg/lib/python3.10/site-packages'
[30.142s] Level 1:colcon.colcon_core.shell:create_environment_hook('serial_communication_pkg', 'pythonpath')
[30.144s] INFO:colcon.colcon_core.shell:Creating environment hook '/home/cc/ros2_ws/install/serial_communication_pkg/share/serial_communication_pkg/hook/pythonpath.ps1'
[30.149s] INFO:colcon.colcon_core.shell:Creating environment descriptor '/home/cc/ros2_ws/install/serial_communication_pkg/share/serial_communication_pkg/hook/pythonpath.dsv'
[30.153s] INFO:colcon.colcon_core.shell:Creating environment hook '/home/cc/ros2_ws/install/serial_communication_pkg/share/serial_communication_pkg/hook/pythonpath.sh'
[30.158s] Level 1:colcon.colcon_core.environment:checking '/home/cc/ros2_ws/install/serial_communication_pkg/bin'
[30.159s] Level 1:colcon.colcon_core.environment:create_environment_scripts_only(serial_communication_pkg)
[30.161s] INFO:colcon.colcon_core.shell:Creating package script '/home/cc/ros2_ws/install/serial_communication_pkg/share/serial_communication_pkg/package.ps1'
[30.166s] INFO:colcon.colcon_core.shell:Creating package descriptor '/home/cc/ros2_ws/install/serial_communication_pkg/share/serial_communication_pkg/package.dsv'
[30.170s] INFO:colcon.colcon_core.shell:Creating package script '/home/cc/ros2_ws/install/serial_communication_pkg/share/serial_communication_pkg/package.sh'
[30.174s] INFO:colcon.colcon_core.shell:Creating package script '/home/cc/ros2_ws/install/serial_communication_pkg/share/serial_communication_pkg/package.bash'
[30.178s] INFO:colcon.colcon_core.shell:Creating package script '/home/cc/ros2_ws/install/serial_communication_pkg/share/serial_communication_pkg/package.zsh'
[30.182s] Level 1:colcon.colcon_core.environment:create_file_with_runtime_dependencies(/home/cc/ros2_ws/install/serial_communication_pkg/share/colcon-core/packages/serial_communication_pkg)
[137.926s] DEBUG:colcon.colcon_core.event_handler.log_command:Invoked command in '/home/cc/ros2_ws/build/interfaces_pkg' returned '0': CMAKE_PREFIX_PATH=${CMAKE_PREFIX_PATH}:/home/cc/ros2_ws/install/serial_communication_pkg:/home/cc/ros2_ws/install/lidar_perception_pkg:/home/cc/ros2_ws/install/decision_making_pkg:/home/cc/ros2_ws/install/debug_pkg:/home/cc/ros2_ws/install/camera_perception_pkg:/opt/ros/humble /usr/bin/cmake --build /home/cc/ros2_ws/build/interfaces_pkg -- -j4 -l4
[137.974s] DEBUG:colcon.colcon_core.event_handler.log_command:Invoking command in '/home/cc/ros2_ws/build/interfaces_pkg': CMAKE_PREFIX_PATH=${CMAKE_PREFIX_PATH}:/home/cc/ros2_ws/install/serial_communication_pkg:/home/cc/ros2_ws/install/lidar_perception_pkg:/home/cc/ros2_ws/install/decision_making_pkg:/home/cc/ros2_ws/install/debug_pkg:/home/cc/ros2_ws/install/camera_perception_pkg:/opt/ros/humble /usr/bin/cmake --install /home/cc/ros2_ws/build/interfaces_pkg
[149.643s] Level 1:colcon.colcon_core.environment:create_environment_scripts_only(interfaces_pkg)
[149.645s] Level 1:colcon.colcon_core.environment:checking '/home/cc/ros2_ws/install/interfaces_pkg' for CMake module files
[149.646s] DEBUG:colcon.colcon_core.event_handler.log_command:Invoked command in '/home/cc/ros2_ws/build/interfaces_pkg' returned '0': CMAKE_PREFIX_PATH=${CMAKE_PREFIX_PATH}:/home/cc/ros2_ws/install/serial_communication_pkg:/home/cc/ros2_ws/install/lidar_perception_pkg:/home/cc/ros2_ws/install/decision_making_pkg:/home/cc/ros2_ws/install/debug_pkg:/home/cc/ros2_ws/install/camera_perception_pkg:/opt/ros/humble /usr/bin/cmake --install /home/cc/ros2_ws/build/interfaces_pkg
[149.650s] Level 1:colcon.colcon_core.environment:checking '/home/cc/ros2_ws/install/interfaces_pkg' for CMake config files
[149.672s] Level 1:colcon.colcon_core.shell:create_environment_hook('interfaces_pkg', 'cmake_prefix_path')
[149.673s] INFO:colcon.colcon_core.shell:Creating environment hook '/home/cc/ros2_ws/install/interfaces_pkg/share/interfaces_pkg/hook/cmake_prefix_path.ps1'
[149.675s] INFO:colcon.colcon_core.shell:Creating environment descriptor '/home/cc/ros2_ws/install/interfaces_pkg/share/interfaces_pkg/hook/cmake_prefix_path.dsv'
[149.677s] INFO:colcon.colcon_core.shell:Creating environment hook '/home/cc/ros2_ws/install/interfaces_pkg/share/interfaces_pkg/hook/cmake_prefix_path.sh'
[149.680s] Level 1:colcon.colcon_core.environment:checking '/home/cc/ros2_ws/install/interfaces_pkg/lib'
[149.681s] Level 1:colcon.colcon_core.shell:create_environment_hook('interfaces_pkg', 'ld_library_path_lib')
[149.682s] INFO:colcon.colcon_core.shell:Creating environment hook '/home/cc/ros2_ws/install/interfaces_pkg/share/interfaces_pkg/hook/ld_library_path_lib.ps1'
[149.684s] INFO:colcon.colcon_core.shell:Creating environment descriptor '/home/cc/ros2_ws/install/interfaces_pkg/share/interfaces_pkg/hook/ld_library_path_lib.dsv'
[149.686s] INFO:colcon.colcon_core.shell:Creating environment hook '/home/cc/ros2_ws/install/interfaces_pkg/share/interfaces_pkg/hook/ld_library_path_lib.sh'
[149.688s] Level 1:colcon.colcon_core.environment:checking '/home/cc/ros2_ws/install/interfaces_pkg/bin'
[149.689s] Level 1:colcon.colcon_core.environment:checking '/home/cc/ros2_ws/install/interfaces_pkg/lib/pkgconfig/interfaces_pkg.pc'
[149.690s] Level 1:colcon.colcon_core.environment:checking '/home/cc/ros2_ws/install/interfaces_pkg/lib/python3.10/site-packages'
[149.691s] Level 1:colcon.colcon_core.environment:checking '/home/cc/ros2_ws/install/interfaces_pkg/bin'
[149.692s] INFO:colcon.colcon_core.shell:Creating package script '/home/cc/ros2_ws/install/interfaces_pkg/share/interfaces_pkg/package.ps1'
[149.695s] INFO:colcon.colcon_core.shell:Creating package descriptor '/home/cc/ros2_ws/install/interfaces_pkg/share/interfaces_pkg/package.dsv'
[149.697s] INFO:colcon.colcon_core.shell:Creating package script '/home/cc/ros2_ws/install/interfaces_pkg/share/interfaces_pkg/package.sh'
[149.701s] INFO:colcon.colcon_core.shell:Creating package script '/home/cc/ros2_ws/install/interfaces_pkg/share/interfaces_pkg/package.bash'
[149.704s] INFO:colcon.colcon_core.shell:Creating package script '/home/cc/ros2_ws/install/interfaces_pkg/share/interfaces_pkg/package.zsh'
[149.706s] Level 1:colcon.colcon_core.environment:create_file_with_runtime_dependencies(/home/cc/ros2_ws/install/interfaces_pkg/share/colcon-core/packages/interfaces_pkg)
[149.708s] Level 1:colcon.colcon_core.environment:create_environment_scripts_only(interfaces_pkg)
[149.710s] Level 1:colcon.colcon_core.environment:checking '/home/cc/ros2_ws/install/interfaces_pkg' for CMake module files
[149.714s] Level 1:colcon.colcon_core.environment:checking '/home/cc/ros2_ws/install/interfaces_pkg' for CMake config files
[149.733s] Level 1:colcon.colcon_core.shell:create_environment_hook('interfaces_pkg', 'cmake_prefix_path')
[149.734s] INFO:colcon.colcon_core.shell:Creating environment hook '/home/cc/ros2_ws/install/interfaces_pkg/share/interfaces_pkg/hook/cmake_prefix_path.ps1'
[149.736s] INFO:colcon.colcon_core.shell:Creating environment descriptor '/home/cc/ros2_ws/install/interfaces_pkg/share/interfaces_pkg/hook/cmake_prefix_path.dsv'
[149.738s] INFO:colcon.colcon_core.shell:Creating environment hook '/home/cc/ros2_ws/install/interfaces_pkg/share/interfaces_pkg/hook/cmake_prefix_path.sh'
[149.740s] Level 1:colcon.colcon_core.environment:checking '/home/cc/ros2_ws/install/interfaces_pkg/lib'
[149.741s] Level 1:colcon.colcon_core.shell:create_environment_hook('interfaces_pkg', 'ld_library_path_lib')
[149.742s] INFO:colcon.colcon_core.shell:Creating environment hook '/home/cc/ros2_ws/install/interfaces_pkg/share/interfaces_pkg/hook/ld_library_path_lib.ps1'
[149.744s] INFO:colcon.colcon_core.shell:Creating environment descriptor '/home/cc/ros2_ws/install/interfaces_pkg/share/interfaces_pkg/hook/ld_library_path_lib.dsv'
[149.746s] INFO:colcon.colcon_core.shell:Creating environment hook '/home/cc/ros2_ws/install/interfaces_pkg/share/interfaces_pkg/hook/ld_library_path_lib.sh'
[149.748s] Level 1:colcon.colcon_core.environment:checking '/home/cc/ros2_ws/install/interfaces_pkg/bin'
[149.748s] Level 1:colcon.colcon_core.environment:checking '/home/cc/ros2_ws/install/interfaces_pkg/lib/pkgconfig/interfaces_pkg.pc'
[149.749s] Level 1:colcon.colcon_core.environment:checking '/home/cc/ros2_ws/install/interfaces_pkg/lib/python3.10/site-packages'
[149.750s] Level 1:colcon.colcon_core.environment:checking '/home/cc/ros2_ws/install/interfaces_pkg/bin'
[149.752s] INFO:colcon.colcon_core.shell:Creating package script '/home/cc/ros2_ws/install/interfaces_pkg/share/interfaces_pkg/package.ps1'
[149.755s] INFO:colcon.colcon_core.shell:Creating package descriptor '/home/cc/ros2_ws/install/interfaces_pkg/share/interfaces_pkg/package.dsv'
[149.757s] INFO:colcon.colcon_core.shell:Creating package script '/home/cc/ros2_ws/install/interfaces_pkg/share/interfaces_pkg/package.sh'
[149.760s] INFO:colcon.colcon_core.shell:Creating package script '/home/cc/ros2_ws/install/interfaces_pkg/share/interfaces_pkg/package.bash'
[149.762s] INFO:colcon.colcon_core.shell:Creating package script '/home/cc/ros2_ws/install/interfaces_pkg/share/interfaces_pkg/package.zsh'
[149.764s] Level 1:colcon.colcon_core.environment:create_file_with_runtime_dependencies(/home/cc/ros2_ws/install/interfaces_pkg/share/colcon-core/packages/interfaces_pkg)
[149.766s] INFO:colcon.colcon_ros.task.ament_python.build:Building ROS package in '/home/cc/ros2_ws/src/decision_making_pkg' with build type 'ament_python'
[149.766s] Level 1:colcon.colcon_core.shell:create_environment_hook('decision_making_pkg', 'ament_prefix_path')
[149.768s] INFO:colcon.colcon_core.shell:Creating environment hook '/home/cc/ros2_ws/install/decision_making_pkg/share/decision_making_pkg/hook/ament_prefix_path.ps1'
[149.772s] INFO:colcon.colcon_core.shell:Creating environment descriptor '/home/cc/ros2_ws/install/decision_making_pkg/share/decision_making_pkg/hook/ament_prefix_path.dsv'
[149.775s] INFO:colcon.colcon_core.shell:Creating environment hook '/home/cc/ros2_ws/install/decision_making_pkg/share/decision_making_pkg/hook/ament_prefix_path.sh'
[149.777s] INFO:colcon.colcon_core.shell:Skip shell extension 'powershell' for command environment: Not usable outside of PowerShell
[149.778s] DEBUG:colcon.colcon_core.shell:Skip shell extension 'dsv' for command environment
[151.400s] INFO:colcon.colcon_core.task.python.build:Building Python package in '/home/cc/ros2_ws/src/decision_making_pkg'
[151.419s] INFO:colcon.colcon_core.shell:Skip shell extension 'powershell' for command environment: Not usable outside of PowerShell
[151.421s] DEBUG:colcon.colcon_core.shell:Skip shell extension 'dsv' for command environment
[153.240s] DEBUG:colcon.colcon_core.event_handler.log_command:Invoking command in '/home/cc/ros2_ws/build/decision_making_pkg': LD_LIBRARY_PATH=/home/cc/ros2_ws/install/interfaces_pkg/lib:/opt/ros/humble/opt/rviz_ogre_vendor/lib:/opt/ros/humble/lib/aarch64-linux-gnu:/opt/ros/humble/lib:/opt/ros/humble/opt/rviz_ogre_vendor/lib:/opt/ros/humble/lib/aarch64-linux-gnu:/opt/ros/humble/lib:/opt/ros/humble/opt/rviz_ogre_vendor/lib:/opt/ros/humble/lib/aarch64-linux-gnu:/opt/ros/humble/lib PYTHONPATH=/home/cc/ros2_ws/build/decision_making_pkg/prefix_override:/usr/lib/python3/dist-packages/colcon_core/task/python/colcon_distutils_commands:/home/cc/ros2_ws/install/decision_making_pkg/lib/python3.10/site-packages:${PYTHONPATH} /usr/bin/python3 -W ignore:setup.py install is deprecated -W ignore:easy_install command is deprecated setup.py develop --editable --build-directory /home/cc/ros2_ws/build/decision_making_pkg/build --no-deps symlink_data
[155.747s] Level 1:colcon.colcon_core.shell:create_environment_hook('decision_making_pkg', 'pythonpath_develop')
[155.750s] INFO:colcon.colcon_core.shell:Creating environment hook '/home/cc/ros2_ws/build/decision_making_pkg/share/decision_making_pkg/hook/pythonpath_develop.ps1'
[155.753s] DEBUG:colcon.colcon_core.event_handler.log_command:Invoked command in '/home/cc/ros2_ws/build/decision_making_pkg' returned '0': LD_LIBRARY_PATH=/home/cc/ros2_ws/install/interfaces_pkg/lib:/opt/ros/humble/opt/rviz_ogre_vendor/lib:/opt/ros/humble/lib/aarch64-linux-gnu:/opt/ros/humble/lib:/opt/ros/humble/opt/rviz_ogre_vendor/lib:/opt/ros/humble/lib/aarch64-linux-gnu:/opt/ros/humble/lib:/opt/ros/humble/opt/rviz_ogre_vendor/lib:/opt/ros/humble/lib/aarch64-linux-gnu:/opt/ros/humble/lib PYTHONPATH=/home/cc/ros2_ws/build/decision_making_pkg/prefix_override:/usr/lib/python3/dist-packages/colcon_core/task/python/colcon_distutils_commands:/home/cc/ros2_ws/install/decision_making_pkg/lib/python3.10/site-packages:${PYTHONPATH} /usr/bin/python3 -W ignore:setup.py install is deprecated -W ignore:easy_install command is deprecated setup.py develop --editable --build-directory /home/cc/ros2_ws/build/decision_making_pkg/build --no-deps symlink_data
[155.757s] INFO:colcon.colcon_core.shell:Creating environment descriptor '/home/cc/ros2_ws/build/decision_making_pkg/share/decision_making_pkg/hook/pythonpath_develop.dsv'
[155.759s] INFO:colcon.colcon_core.shell:Creating environment hook '/home/cc/ros2_ws/build/decision_making_pkg/share/decision_making_pkg/hook/pythonpath_develop.sh'
[155.762s] Level 1:colcon.colcon_core.environment:checking '/home/cc/ros2_ws/install/decision_making_pkg' for CMake module files
[155.764s] Level 1:colcon.colcon_core.environment:checking '/home/cc/ros2_ws/install/decision_making_pkg' for CMake config files
[155.767s] Level 1:colcon.colcon_core.environment:checking '/home/cc/ros2_ws/install/decision_making_pkg/lib'
[155.767s] Level 1:colcon.colcon_core.environment:checking '/home/cc/ros2_ws/install/decision_making_pkg/bin'
[155.768s] Level 1:colcon.colcon_core.environment:checking '/home/cc/ros2_ws/install/decision_making_pkg/lib/pkgconfig/decision_making_pkg.pc'
[155.769s] Level 1:colcon.colcon_core.environment:checking '/home/cc/ros2_ws/install/decision_making_pkg/lib/python3.10/site-packages'
[155.769s] Level 1:colcon.colcon_core.shell:create_environment_hook('decision_making_pkg', 'pythonpath')
[155.770s] INFO:colcon.colcon_core.shell:Creating environment hook '/home/cc/ros2_ws/install/decision_making_pkg/share/decision_making_pkg/hook/pythonpath.ps1'
[155.772s] INFO:colcon.colcon_core.shell:Creating environment descriptor '/home/cc/ros2_ws/install/decision_making_pkg/share/decision_making_pkg/hook/pythonpath.dsv'
[155.775s] INFO:colcon.colcon_core.shell:Creating environment hook '/home/cc/ros2_ws/install/decision_making_pkg/share/decision_making_pkg/hook/pythonpath.sh'
[155.778s] Level 1:colcon.colcon_core.environment:checking '/home/cc/ros2_ws/install/decision_making_pkg/bin'
[155.778s] Level 1:colcon.colcon_core.environment:create_environment_scripts_only(decision_making_pkg)
[155.779s] INFO:colcon.colcon_core.shell:Creating package script '/home/cc/ros2_ws/install/decision_making_pkg/share/decision_making_pkg/package.ps1'
[155.782s] INFO:colcon.colcon_core.shell:Creating package descriptor '/home/cc/ros2_ws/install/decision_making_pkg/share/decision_making_pkg/package.dsv'
[155.784s] INFO:colcon.colcon_core.shell:Creating package script '/home/cc/ros2_ws/install/decision_making_pkg/share/decision_making_pkg/package.sh'
[155.786s] INFO:colcon.colcon_core.shell:Creating package script '/home/cc/ros2_ws/install/decision_making_pkg/share/decision_making_pkg/package.bash'
[155.788s] INFO:colcon.colcon_core.shell:Creating package script '/home/cc/ros2_ws/install/decision_making_pkg/share/decision_making_pkg/package.zsh'
[155.790s] Level 1:colcon.colcon_core.environment:create_file_with_runtime_dependencies(/home/cc/ros2_ws/install/decision_making_pkg/share/colcon-core/packages/decision_making_pkg)
[155.791s] DEBUG:colcon.colcon_parallel_executor.executor.parallel:closing loop
[155.792s] DEBUG:colcon.colcon_parallel_executor.executor.parallel:loop closed
[155.793s] DEBUG:colcon.colcon_parallel_executor.executor.parallel:run_until_complete finished with '0'
[155.793s] DEBUG:colcon.colcon_core.event_reactor:joining thread
[155.839s] INFO:colcon.colcon_core.plugin_system:Skipping extension 'colcon_notification.desktop_notification.terminal_notifier': Not used on non-Darwin systems
[155.841s] INFO:colcon.colcon_core.plugin_system:Skipping extension 'colcon_notification.desktop_notification.win32': Not used on non-Windows systems
[155.841s] INFO:colcon.colcon_notification.desktop_notification:Sending desktop notification using 'notify2'
[155.917s] DEBUG:colcon.colcon_core.event_reactor:joined thread
[155.918s] INFO:colcon.colcon_core.shell:Creating prefix script '/home/cc/ros2_ws/install/local_setup.ps1'
[155.924s] INFO:colcon.colcon_core.shell:Creating prefix util module '/home/cc/ros2_ws/install/_local_setup_util_ps1.py'
[155.934s] INFO:colcon.colcon_core.shell:Creating prefix chain script '/home/cc/ros2_ws/install/setup.ps1'
[155.943s] INFO:colcon.colcon_core.shell:Creating prefix script '/home/cc/ros2_ws/install/local_setup.sh'
[155.947s] INFO:colcon.colcon_core.shell:Creating prefix util module '/home/cc/ros2_ws/install/_local_setup_util_sh.py'
[155.951s] INFO:colcon.colcon_core.shell:Creating prefix chain script '/home/cc/ros2_ws/install/setup.sh'
[155.960s] INFO:colcon.colcon_core.shell:Creating prefix script '/home/cc/ros2_ws/install/local_setup.bash'
[155.963s] INFO:colcon.colcon_core.shell:Creating prefix chain script '/home/cc/ros2_ws/install/setup.bash'
[155.977s] INFO:colcon.colcon_core.shell:Creating prefix script '/home/cc/ros2_ws/install/local_setup.zsh'
[155.982s] INFO:colcon.colcon_core.shell:Creating prefix chain script '/home/cc/ros2_ws/install/setup.zsh'
