[3.469s] Invoking command in '/home/cc/ros2_ws/build/decision_making_pkg': LD_LIBRARY_PATH=/home/cc/ros2_ws/install/interfaces_pkg/lib:/opt/ros/humble/opt/rviz_ogre_vendor/lib:/opt/ros/humble/lib/aarch64-linux-gnu:/opt/ros/humble/lib:/opt/ros/humble/opt/rviz_ogre_vendor/lib:/opt/ros/humble/lib/aarch64-linux-gnu:/opt/ros/humble/lib:/opt/ros/humble/opt/rviz_ogre_vendor/lib:/opt/ros/humble/lib/aarch64-linux-gnu:/opt/ros/humble/lib PYTHONPATH=/home/cc/ros2_ws/build/decision_making_pkg/prefix_override:/usr/lib/python3/dist-packages/colcon_core/task/python/colcon_distutils_commands:/home/cc/ros2_ws/install/decision_making_pkg/lib/python3.10/site-packages:${PYTHONPATH} /usr/bin/python3 -W ignore:setup.py install is deprecated -W ignore:easy_install command is deprecated setup.py develop --editable --build-directory /home/cc/ros2_ws/build/decision_making_pkg/build --no-deps symlink_data
[4.860s] running develop
[5.768s] running egg_info
[5.768s] creating decision_making_pkg.egg-info
[5.769s] writing decision_making_pkg.egg-info/PKG-INFO
[5.770s] writing dependency_links to decision_making_pkg.egg-info/dependency_links.txt
[5.771s] writing entry points to decision_making_pkg.egg-info/entry_points.txt
[5.772s] writing requirements to decision_making_pkg.egg-info/requires.txt
[5.773s] writing top-level names to decision_making_pkg.egg-info/top_level.txt
[5.774s] writing manifest file 'decision_making_pkg.egg-info/SOURCES.txt'
[5.785s] reading manifest file 'decision_making_pkg.egg-info/SOURCES.txt'
[5.788s] writing manifest file 'decision_making_pkg.egg-info/SOURCES.txt'
[5.796s] running build_ext
[5.796s] Creating /home/cc/ros2_ws/install/decision_making_pkg/lib/python3.10/site-packages/decision-making-pkg.egg-link (link to .)
[5.800s] Installing eth0_node script to /home/cc/ros2_ws/install/decision_making_pkg/lib/decision_making_pkg
[5.800s] Installing motion_planner_node script to /home/cc/ros2_ws/install/decision_making_pkg/lib/decision_making_pkg
[5.801s] Installing path_planner_node script to /home/cc/ros2_ws/install/decision_making_pkg/lib/decision_making_pkg
[5.803s] 
[5.804s] Installed /home/cc/ros2_ws/build/decision_making_pkg
[5.805s] running symlink_data
[5.806s] creating /home/cc/ros2_ws/install/decision_making_pkg/share/ament_index
[5.807s] creating /home/cc/ros2_ws/install/decision_making_pkg/share/ament_index/resource_index
[5.808s] creating /home/cc/ros2_ws/install/decision_making_pkg/share/ament_index/resource_index/packages
[5.809s] symbolically linking /home/cc/ros2_ws/build/decision_making_pkg/resource/decision_making_pkg -> /home/cc/ros2_ws/install/decision_making_pkg/share/ament_index/resource_index/packages
[5.811s] symbolically linking /home/cc/ros2_ws/build/decision_making_pkg/package.xml -> /home/cc/ros2_ws/install/decision_making_pkg/share/decision_making_pkg
[5.982s] Invoked command in '/home/cc/ros2_ws/build/decision_making_pkg' returned '0': LD_LIBRARY_PATH=/home/cc/ros2_ws/install/interfaces_pkg/lib:/opt/ros/humble/opt/rviz_ogre_vendor/lib:/opt/ros/humble/lib/aarch64-linux-gnu:/opt/ros/humble/lib:/opt/ros/humble/opt/rviz_ogre_vendor/lib:/opt/ros/humble/lib/aarch64-linux-gnu:/opt/ros/humble/lib:/opt/ros/humble/opt/rviz_ogre_vendor/lib:/opt/ros/humble/lib/aarch64-linux-gnu:/opt/ros/humble/lib PYTHONPATH=/home/cc/ros2_ws/build/decision_making_pkg/prefix_override:/usr/lib/python3/dist-packages/colcon_core/task/python/colcon_distutils_commands:/home/cc/ros2_ws/install/decision_making_pkg/lib/python3.10/site-packages:${PYTHONPATH} /usr/bin/python3 -W ignore:setup.py install is deprecated -W ignore:easy_install command is deprecated setup.py develop --editable --build-directory /home/cc/ros2_ws/build/decision_making_pkg/build --no-deps symlink_data
