[4.246s] DEBUG:colcon:Command line arguments: ['/usr/bin/colcon', 'build', '--symlink-install']
[4.248s] DEBUG:colcon:Parsed command line arguments: Namespace(log_base=None, log_level=None, verb_name='build', build_base='build', install_base='install', merge_install=False, symlink_install=True, test_result_base=None, continue_on_error=False, executor='parallel', parallel_workers=4, event_handlers=None, ignore_user_meta=False, metas=['./colcon.meta'], base_paths=['.'], packages_ignore=None, packages_ignore_regex=None, paths=None, packages_up_to=None, packages_up_to_regex=None, packages_above=None, packages_above_and_dependencies=None, packages_above_depth=None, packages_select_by_dep=None, packages_skip_by_dep=None, packages_skip_up_to=None, packages_select_build_failed=False, packages_skip_build_finished=False, packages_select_test_failures=False, packages_skip_test_passed=False, packages_select=None, packages_skip=None, packages_select_regex=None, packages_skip_regex=None, packages_start=None, packages_end=None, allow_overriding=[], cmake_args=None, cmake_target=None, cmake_target_skip_unavailable=False, cmake_clean_cache=False, cmake_clean_first=False, cmake_force_configure=False, ament_cmake_args=None, catkin_cmake_args=None, catkin_skip_building_tests=False, mixin_files=None, mixin=None, verb_parser=<colcon_mixin.mixin.mixin_argument.MixinArgumentDecorator object at 0xffffb81a8460>, verb_extension=<colcon_core.verb.build.BuildVerb object at 0xffffb834d360>, main=<bound method BuildVerb.main of <colcon_core.verb.build.BuildVerb object at 0xffffb834d360>>, mixin_verb=('build',))
[9.446s] Level 1:colcon.colcon_core.package_discovery:discover_packages(colcon_meta) check parameters
[9.448s] Level 1:colcon.colcon_core.package_discovery:discover_packages(recursive) check parameters
[9.449s] Level 1:colcon.colcon_core.package_discovery:discover_packages(ignore) check parameters
[9.449s] Level 1:colcon.colcon_core.package_discovery:discover_packages(path) check parameters
[9.449s] Level 1:colcon.colcon_core.package_discovery:discover_packages(colcon_meta) discover
[9.450s] Level 1:colcon.colcon_core.package_discovery:discover_packages(recursive) discover
[9.452s] INFO:colcon.colcon_core.package_discovery:Crawling recursively for packages in '/home/cc/ros2_ws'
[9.457s] Level 1:colcon.colcon_core.package_identification:_identify(.) by extensions ['ignore', 'ignore_ament_install']
[9.459s] Level 1:colcon.colcon_core.package_identification:_identify(.) by extension 'ignore'
[9.461s] Level 1:colcon.colcon_core.package_identification:_identify(.) by extension 'ignore_ament_install'
[9.463s] Level 1:colcon.colcon_core.package_identification:_identify(.) by extensions ['colcon_pkg']
[9.465s] Level 1:colcon.colcon_core.package_identification:_identify(.) by extension 'colcon_pkg'
[9.467s] Level 1:colcon.colcon_core.package_identification:_identify(.) by extensions ['colcon_meta']
[9.471s] Level 1:colcon.colcon_core.package_identification:_identify(.) by extension 'colcon_meta'
[9.472s] Level 1:colcon.colcon_core.package_identification:_identify(.) by extensions ['ros']
[9.473s] Level 1:colcon.colcon_core.package_identification:_identify(.) by extension 'ros'
[9.712s] Level 1:colcon.colcon_core.package_identification:_identify(.) by extensions ['cmake', 'python']
[9.713s] Level 1:colcon.colcon_core.package_identification:_identify(.) by extension 'cmake'
[9.714s] Level 1:colcon.colcon_core.package_identification:_identify(.) by extension 'python'
[9.715s] Level 1:colcon.colcon_core.package_identification:_identify(.) by extensions ['python_setup_py']
[9.716s] Level 1:colcon.colcon_core.package_identification:_identify(.) by extension 'python_setup_py'
[9.719s] Level 1:colcon.colcon_core.package_identification:_identify(build) by extensions ['ignore', 'ignore_ament_install']
[9.721s] Level 1:colcon.colcon_core.package_identification:_identify(build) by extension 'ignore'
[9.723s] Level 1:colcon.colcon_core.package_identification:_identify(build) ignored
[9.725s] Level 1:colcon.colcon_core.package_identification:_identify(install) by extensions ['ignore', 'ignore_ament_install']
[9.727s] Level 1:colcon.colcon_core.package_identification:_identify(install) by extension 'ignore'
[9.730s] Level 1:colcon.colcon_core.package_identification:_identify(install) ignored
[9.734s] Level 1:colcon.colcon_core.package_identification:_identify(log) by extensions ['ignore', 'ignore_ament_install']
[9.737s] Level 1:colcon.colcon_core.package_identification:_identify(log) by extension 'ignore'
[9.740s] Level 1:colcon.colcon_core.package_identification:_identify(log) ignored
[9.744s] Level 1:colcon.colcon_core.package_identification:_identify(src) by extensions ['ignore', 'ignore_ament_install']
[9.747s] Level 1:colcon.colcon_core.package_identification:_identify(src) by extension 'ignore'
[9.749s] Level 1:colcon.colcon_core.package_identification:_identify(src) by extension 'ignore_ament_install'
[9.752s] Level 1:colcon.colcon_core.package_identification:_identify(src) by extensions ['colcon_pkg']
[9.754s] Level 1:colcon.colcon_core.package_identification:_identify(src) by extension 'colcon_pkg'
[9.757s] Level 1:colcon.colcon_core.package_identification:_identify(src) by extensions ['colcon_meta']
[9.759s] Level 1:colcon.colcon_core.package_identification:_identify(src) by extension 'colcon_meta'
[9.762s] Level 1:colcon.colcon_core.package_identification:_identify(src) by extensions ['ros']
[9.763s] Level 1:colcon.colcon_core.package_identification:_identify(src) by extension 'ros'
[9.765s] Level 1:colcon.colcon_core.package_identification:_identify(src) by extensions ['cmake', 'python']
[9.766s] Level 1:colcon.colcon_core.package_identification:_identify(src) by extension 'cmake'
[9.767s] Level 1:colcon.colcon_core.package_identification:_identify(src) by extension 'python'
[9.771s] Level 1:colcon.colcon_core.package_identification:_identify(src) by extensions ['python_setup_py']
[9.772s] Level 1:colcon.colcon_core.package_identification:_identify(src) by extension 'python_setup_py'
[9.779s] Level 1:colcon.colcon_core.package_identification:_identify(src/camera_perception_pkg) by extensions ['ignore', 'ignore_ament_install']
[9.782s] Level 1:colcon.colcon_core.package_identification:_identify(src/camera_perception_pkg) by extension 'ignore'
[9.784s] Level 1:colcon.colcon_core.package_identification:_identify(src/camera_perception_pkg) by extension 'ignore_ament_install'
[9.786s] Level 1:colcon.colcon_core.package_identification:_identify(src/camera_perception_pkg) by extensions ['colcon_pkg']
[9.787s] Level 1:colcon.colcon_core.package_identification:_identify(src/camera_perception_pkg) by extension 'colcon_pkg'
[9.788s] Level 1:colcon.colcon_core.package_identification:_identify(src/camera_perception_pkg) by extensions ['colcon_meta']
[9.789s] Level 1:colcon.colcon_core.package_identification:_identify(src/camera_perception_pkg) by extension 'colcon_meta'
[9.791s] Level 1:colcon.colcon_core.package_identification:_identify(src/camera_perception_pkg) by extensions ['ros']
[9.792s] Level 1:colcon.colcon_core.package_identification:_identify(src/camera_perception_pkg) by extension 'ros'
[9.830s] DEBUG:colcon.colcon_core.package_identification:Package 'src/camera_perception_pkg' with type 'ros.ament_python' and name 'camera_perception_pkg'
[9.836s] Level 1:colcon.colcon_core.package_identification:_identify(src/control) by extensions ['ignore', 'ignore_ament_install']
[9.839s] Level 1:colcon.colcon_core.package_identification:_identify(src/control) by extension 'ignore'
[9.841s] Level 1:colcon.colcon_core.package_identification:_identify(src/control) by extension 'ignore_ament_install'
[9.842s] Level 1:colcon.colcon_core.package_identification:_identify(src/control) by extensions ['colcon_pkg']
[9.844s] Level 1:colcon.colcon_core.package_identification:_identify(src/control) by extension 'colcon_pkg'
[9.847s] Level 1:colcon.colcon_core.package_identification:_identify(src/control) by extensions ['colcon_meta']
[9.849s] Level 1:colcon.colcon_core.package_identification:_identify(src/control) by extension 'colcon_meta'
[9.852s] Level 1:colcon.colcon_core.package_identification:_identify(src/control) by extensions ['ros']
[9.854s] Level 1:colcon.colcon_core.package_identification:_identify(src/control) by extension 'ros'
[9.858s] Level 1:colcon.colcon_core.package_identification:_identify(src/control) by extensions ['cmake', 'python']
[9.860s] Level 1:colcon.colcon_core.package_identification:_identify(src/control) by extension 'cmake'
[9.862s] Level 1:colcon.colcon_core.package_identification:_identify(src/control) by extension 'python'
[9.865s] Level 1:colcon.colcon_core.package_identification:_identify(src/control) by extensions ['python_setup_py']
[9.868s] Level 1:colcon.colcon_core.package_identification:_identify(src/control) by extension 'python_setup_py'
[9.873s] Level 1:colcon.colcon_core.package_identification:_identify(src/control/check_variable_resistor) by extensions ['ignore', 'ignore_ament_install']
[9.876s] Level 1:colcon.colcon_core.package_identification:_identify(src/control/check_variable_resistor) by extension 'ignore'
[9.878s] Level 1:colcon.colcon_core.package_identification:_identify(src/control/check_variable_resistor) by extension 'ignore_ament_install'
[9.881s] Level 1:colcon.colcon_core.package_identification:_identify(src/control/check_variable_resistor) by extensions ['colcon_pkg']
[9.883s] Level 1:colcon.colcon_core.package_identification:_identify(src/control/check_variable_resistor) by extension 'colcon_pkg'
[9.886s] Level 1:colcon.colcon_core.package_identification:_identify(src/control/check_variable_resistor) by extensions ['colcon_meta']
[9.888s] Level 1:colcon.colcon_core.package_identification:_identify(src/control/check_variable_resistor) by extension 'colcon_meta'
[9.892s] Level 1:colcon.colcon_core.package_identification:_identify(src/control/check_variable_resistor) by extensions ['ros']
[9.894s] Level 1:colcon.colcon_core.package_identification:_identify(src/control/check_variable_resistor) by extension 'ros'
[9.896s] Level 1:colcon.colcon_core.package_identification:_identify(src/control/check_variable_resistor) by extensions ['cmake', 'python']
[9.898s] Level 1:colcon.colcon_core.package_identification:_identify(src/control/check_variable_resistor) by extension 'cmake'
[9.901s] Level 1:colcon.colcon_core.package_identification:_identify(src/control/check_variable_resistor) by extension 'python'
[9.904s] Level 1:colcon.colcon_core.package_identification:_identify(src/control/check_variable_resistor) by extensions ['python_setup_py']
[9.906s] Level 1:colcon.colcon_core.package_identification:_identify(src/control/check_variable_resistor) by extension 'python_setup_py'
[9.912s] Level 1:colcon.colcon_core.package_identification:_identify(src/control/driving) by extensions ['ignore', 'ignore_ament_install']
[9.914s] Level 1:colcon.colcon_core.package_identification:_identify(src/control/driving) by extension 'ignore'
[9.917s] Level 1:colcon.colcon_core.package_identification:_identify(src/control/driving) by extension 'ignore_ament_install'
[9.920s] Level 1:colcon.colcon_core.package_identification:_identify(src/control/driving) by extensions ['colcon_pkg']
[9.922s] Level 1:colcon.colcon_core.package_identification:_identify(src/control/driving) by extension 'colcon_pkg'
[9.925s] Level 1:colcon.colcon_core.package_identification:_identify(src/control/driving) by extensions ['colcon_meta']
[9.928s] Level 1:colcon.colcon_core.package_identification:_identify(src/control/driving) by extension 'colcon_meta'
[9.930s] Level 1:colcon.colcon_core.package_identification:_identify(src/control/driving) by extensions ['ros']
[9.932s] Level 1:colcon.colcon_core.package_identification:_identify(src/control/driving) by extension 'ros'
[9.936s] Level 1:colcon.colcon_core.package_identification:_identify(src/control/driving) by extensions ['cmake', 'python']
[9.938s] Level 1:colcon.colcon_core.package_identification:_identify(src/control/driving) by extension 'cmake'
[9.941s] Level 1:colcon.colcon_core.package_identification:_identify(src/control/driving) by extension 'python'
[9.944s] Level 1:colcon.colcon_core.package_identification:_identify(src/control/driving) by extensions ['python_setup_py']
[9.946s] Level 1:colcon.colcon_core.package_identification:_identify(src/control/driving) by extension 'python_setup_py'
[9.950s] Level 1:colcon.colcon_core.package_identification:_identify(src/control/motor_test) by extensions ['ignore', 'ignore_ament_install']
[9.953s] Level 1:colcon.colcon_core.package_identification:_identify(src/control/motor_test) by extension 'ignore'
[9.956s] Level 1:colcon.colcon_core.package_identification:_identify(src/control/motor_test) by extension 'ignore_ament_install'
[9.960s] Level 1:colcon.colcon_core.package_identification:_identify(src/control/motor_test) by extensions ['colcon_pkg']
[9.963s] Level 1:colcon.colcon_core.package_identification:_identify(src/control/motor_test) by extension 'colcon_pkg'
[9.966s] Level 1:colcon.colcon_core.package_identification:_identify(src/control/motor_test) by extensions ['colcon_meta']
[9.967s] Level 1:colcon.colcon_core.package_identification:_identify(src/control/motor_test) by extension 'colcon_meta'
[9.969s] Level 1:colcon.colcon_core.package_identification:_identify(src/control/motor_test) by extensions ['ros']
[9.971s] Level 1:colcon.colcon_core.package_identification:_identify(src/control/motor_test) by extension 'ros'
[9.976s] Level 1:colcon.colcon_core.package_identification:_identify(src/control/motor_test) by extensions ['cmake', 'python']
[9.978s] Level 1:colcon.colcon_core.package_identification:_identify(src/control/motor_test) by extension 'cmake'
[9.981s] Level 1:colcon.colcon_core.package_identification:_identify(src/control/motor_test) by extension 'python'
[9.984s] Level 1:colcon.colcon_core.package_identification:_identify(src/control/motor_test) by extensions ['python_setup_py']
[9.985s] Level 1:colcon.colcon_core.package_identification:_identify(src/control/motor_test) by extension 'python_setup_py'
[9.989s] Level 1:colcon.colcon_core.package_identification:_identify(src/control/ultrasonic) by extensions ['ignore', 'ignore_ament_install']
[9.992s] Level 1:colcon.colcon_core.package_identification:_identify(src/control/ultrasonic) by extension 'ignore'
[9.995s] Level 1:colcon.colcon_core.package_identification:_identify(src/control/ultrasonic) by extension 'ignore_ament_install'
[9.998s] Level 1:colcon.colcon_core.package_identification:_identify(src/control/ultrasonic) by extensions ['colcon_pkg']
[10.001s] Level 1:colcon.colcon_core.package_identification:_identify(src/control/ultrasonic) by extension 'colcon_pkg'
[10.003s] Level 1:colcon.colcon_core.package_identification:_identify(src/control/ultrasonic) by extensions ['colcon_meta']
[10.004s] Level 1:colcon.colcon_core.package_identification:_identify(src/control/ultrasonic) by extension 'colcon_meta'
[10.006s] Level 1:colcon.colcon_core.package_identification:_identify(src/control/ultrasonic) by extensions ['ros']
[10.008s] Level 1:colcon.colcon_core.package_identification:_identify(src/control/ultrasonic) by extension 'ros'
[10.012s] Level 1:colcon.colcon_core.package_identification:_identify(src/control/ultrasonic) by extensions ['cmake', 'python']
[10.014s] Level 1:colcon.colcon_core.package_identification:_identify(src/control/ultrasonic) by extension 'cmake'
[10.017s] Level 1:colcon.colcon_core.package_identification:_identify(src/control/ultrasonic) by extension 'python'
[10.021s] Level 1:colcon.colcon_core.package_identification:_identify(src/control/ultrasonic) by extensions ['python_setup_py']
[10.022s] Level 1:colcon.colcon_core.package_identification:_identify(src/control/ultrasonic) by extension 'python_setup_py'
[10.025s] Level 1:colcon.colcon_core.package_identification:_identify(src/data_collection) by extensions ['ignore', 'ignore_ament_install']
[10.027s] Level 1:colcon.colcon_core.package_identification:_identify(src/data_collection) by extension 'ignore'
[10.030s] Level 1:colcon.colcon_core.package_identification:_identify(src/data_collection) by extension 'ignore_ament_install'
[10.035s] Level 1:colcon.colcon_core.package_identification:_identify(src/data_collection) by extensions ['colcon_pkg']
[10.037s] Level 1:colcon.colcon_core.package_identification:_identify(src/data_collection) by extension 'colcon_pkg'
[10.041s] Level 1:colcon.colcon_core.package_identification:_identify(src/data_collection) by extensions ['colcon_meta']
[10.043s] Level 1:colcon.colcon_core.package_identification:_identify(src/data_collection) by extension 'colcon_meta'
[10.047s] Level 1:colcon.colcon_core.package_identification:_identify(src/data_collection) by extensions ['ros']
[10.049s] Level 1:colcon.colcon_core.package_identification:_identify(src/data_collection) by extension 'ros'
[10.053s] Level 1:colcon.colcon_core.package_identification:_identify(src/data_collection) by extensions ['cmake', 'python']
[10.055s] Level 1:colcon.colcon_core.package_identification:_identify(src/data_collection) by extension 'cmake'
[10.057s] Level 1:colcon.colcon_core.package_identification:_identify(src/data_collection) by extension 'python'
[10.059s] Level 1:colcon.colcon_core.package_identification:_identify(src/data_collection) by extensions ['python_setup_py']
[10.061s] Level 1:colcon.colcon_core.package_identification:_identify(src/data_collection) by extension 'python_setup_py'
[10.067s] Level 1:colcon.colcon_core.package_identification:_identify(src/debug_pkg) by extensions ['ignore', 'ignore_ament_install']
[10.071s] Level 1:colcon.colcon_core.package_identification:_identify(src/debug_pkg) by extension 'ignore'
[10.076s] Level 1:colcon.colcon_core.package_identification:_identify(src/debug_pkg) by extension 'ignore_ament_install'
[10.078s] Level 1:colcon.colcon_core.package_identification:_identify(src/debug_pkg) by extensions ['colcon_pkg']
[10.079s] Level 1:colcon.colcon_core.package_identification:_identify(src/debug_pkg) by extension 'colcon_pkg'
[10.081s] Level 1:colcon.colcon_core.package_identification:_identify(src/debug_pkg) by extensions ['colcon_meta']
[10.083s] Level 1:colcon.colcon_core.package_identification:_identify(src/debug_pkg) by extension 'colcon_meta'
[10.086s] Level 1:colcon.colcon_core.package_identification:_identify(src/debug_pkg) by extensions ['ros']
[10.088s] Level 1:colcon.colcon_core.package_identification:_identify(src/debug_pkg) by extension 'ros'
[10.110s] DEBUG:colcon.colcon_core.package_identification:Package 'src/debug_pkg' with type 'ros.ament_python' and name 'debug_pkg'
[10.113s] Level 1:colcon.colcon_core.package_identification:_identify(src/decision_making_pkg) by extensions ['ignore', 'ignore_ament_install']
[10.115s] Level 1:colcon.colcon_core.package_identification:_identify(src/decision_making_pkg) by extension 'ignore'
[10.116s] Level 1:colcon.colcon_core.package_identification:_identify(src/decision_making_pkg) by extension 'ignore_ament_install'
[10.118s] Level 1:colcon.colcon_core.package_identification:_identify(src/decision_making_pkg) by extensions ['colcon_pkg']
[10.119s] Level 1:colcon.colcon_core.package_identification:_identify(src/decision_making_pkg) by extension 'colcon_pkg'
[10.120s] Level 1:colcon.colcon_core.package_identification:_identify(src/decision_making_pkg) by extensions ['colcon_meta']
[10.120s] Level 1:colcon.colcon_core.package_identification:_identify(src/decision_making_pkg) by extension 'colcon_meta'
[10.121s] Level 1:colcon.colcon_core.package_identification:_identify(src/decision_making_pkg) by extensions ['ros']
[10.121s] Level 1:colcon.colcon_core.package_identification:_identify(src/decision_making_pkg) by extension 'ros'
[10.133s] DEBUG:colcon.colcon_core.package_identification:Package 'src/decision_making_pkg' with type 'ros.ament_python' and name 'decision_making_pkg'
[10.137s] Level 1:colcon.colcon_core.package_identification:_identify(src/interfaces_pkg) by extensions ['ignore', 'ignore_ament_install']
[10.140s] Level 1:colcon.colcon_core.package_identification:_identify(src/interfaces_pkg) by extension 'ignore'
[10.142s] Level 1:colcon.colcon_core.package_identification:_identify(src/interfaces_pkg) by extension 'ignore_ament_install'
[10.144s] Level 1:colcon.colcon_core.package_identification:_identify(src/interfaces_pkg) by extensions ['colcon_pkg']
[10.145s] Level 1:colcon.colcon_core.package_identification:_identify(src/interfaces_pkg) by extension 'colcon_pkg'
[10.146s] Level 1:colcon.colcon_core.package_identification:_identify(src/interfaces_pkg) by extensions ['colcon_meta']
[10.147s] Level 1:colcon.colcon_core.package_identification:_identify(src/interfaces_pkg) by extension 'colcon_meta'
[10.149s] Level 1:colcon.colcon_core.package_identification:_identify(src/interfaces_pkg) by extensions ['ros']
[10.150s] Level 1:colcon.colcon_core.package_identification:_identify(src/interfaces_pkg) by extension 'ros'
[10.159s] DEBUG:colcon.colcon_core.package_identification:Package 'src/interfaces_pkg' with type 'ros.ament_cmake' and name 'interfaces_pkg'
[10.161s] Level 1:colcon.colcon_core.package_identification:_identify(src/lidar_perception_pkg) by extensions ['ignore', 'ignore_ament_install']
[10.164s] Level 1:colcon.colcon_core.package_identification:_identify(src/lidar_perception_pkg) by extension 'ignore'
[10.166s] Level 1:colcon.colcon_core.package_identification:_identify(src/lidar_perception_pkg) by extension 'ignore_ament_install'
[10.168s] Level 1:colcon.colcon_core.package_identification:_identify(src/lidar_perception_pkg) by extensions ['colcon_pkg']
[10.170s] Level 1:colcon.colcon_core.package_identification:_identify(src/lidar_perception_pkg) by extension 'colcon_pkg'
[10.171s] Level 1:colcon.colcon_core.package_identification:_identify(src/lidar_perception_pkg) by extensions ['colcon_meta']
[10.173s] Level 1:colcon.colcon_core.package_identification:_identify(src/lidar_perception_pkg) by extension 'colcon_meta'
[10.174s] Level 1:colcon.colcon_core.package_identification:_identify(src/lidar_perception_pkg) by extensions ['ros']
[10.175s] Level 1:colcon.colcon_core.package_identification:_identify(src/lidar_perception_pkg) by extension 'ros'
[10.200s] DEBUG:colcon.colcon_core.package_identification:Package 'src/lidar_perception_pkg' with type 'ros.ament_python' and name 'lidar_perception_pkg'
[10.202s] Level 1:colcon.colcon_core.package_identification:_identify(src/serial_communication_pkg) by extensions ['ignore', 'ignore_ament_install']
[10.203s] Level 1:colcon.colcon_core.package_identification:_identify(src/serial_communication_pkg) by extension 'ignore'
[10.205s] Level 1:colcon.colcon_core.package_identification:_identify(src/serial_communication_pkg) by extension 'ignore_ament_install'
[10.207s] Level 1:colcon.colcon_core.package_identification:_identify(src/serial_communication_pkg) by extensions ['colcon_pkg']
[10.208s] Level 1:colcon.colcon_core.package_identification:_identify(src/serial_communication_pkg) by extension 'colcon_pkg'
[10.209s] Level 1:colcon.colcon_core.package_identification:_identify(src/serial_communication_pkg) by extensions ['colcon_meta']
[10.210s] Level 1:colcon.colcon_core.package_identification:_identify(src/serial_communication_pkg) by extension 'colcon_meta'
[10.212s] Level 1:colcon.colcon_core.package_identification:_identify(src/serial_communication_pkg) by extensions ['ros']
[10.214s] Level 1:colcon.colcon_core.package_identification:_identify(src/serial_communication_pkg) by extension 'ros'
[10.226s] DEBUG:colcon.colcon_core.package_identification:Package 'src/serial_communication_pkg' with type 'ros.ament_python' and name 'serial_communication_pkg'
[10.227s] Level 1:colcon.colcon_core.package_discovery:discover_packages(recursive) using defaults
[10.231s] Level 1:colcon.colcon_core.package_discovery:discover_packages(ignore) discover
[10.232s] Level 1:colcon.colcon_core.package_discovery:discover_packages(ignore) using defaults
[10.236s] Level 1:colcon.colcon_core.package_discovery:discover_packages(path) discover
[10.241s] Level 1:colcon.colcon_core.package_discovery:discover_packages(path) using defaults
[10.581s] Level 1:colcon.colcon_core.package_discovery:discover_packages(prefix_path) check parameters
[10.583s] Level 1:colcon.colcon_core.package_discovery:discover_packages(prefix_path) discover
[10.652s] DEBUG:colcon.colcon_installed_package_information.package_discovery:Found 6 installed packages in /home/cc/ros2_ws/install
[10.679s] DEBUG:colcon.colcon_installed_package_information.package_discovery:Found 271 installed packages in /opt/ros/humble
[10.717s] Level 1:colcon.colcon_core.package_discovery:discover_packages(prefix_path) using defaults
[11.972s] Level 5:colcon.colcon_core.verb:set package 'camera_perception_pkg' build argument 'cmake_args' from command line to 'None'
[11.975s] Level 5:colcon.colcon_core.verb:set package 'camera_perception_pkg' build argument 'cmake_target' from command line to 'None'
[11.976s] Level 5:colcon.colcon_core.verb:set package 'camera_perception_pkg' build argument 'cmake_target_skip_unavailable' from command line to 'False'
[11.978s] Level 5:colcon.colcon_core.verb:set package 'camera_perception_pkg' build argument 'cmake_clean_cache' from command line to 'False'
[11.979s] Level 5:colcon.colcon_core.verb:set package 'camera_perception_pkg' build argument 'cmake_clean_first' from command line to 'False'
[11.980s] Level 5:colcon.colcon_core.verb:set package 'camera_perception_pkg' build argument 'cmake_force_configure' from command line to 'False'
[11.981s] Level 5:colcon.colcon_core.verb:set package 'camera_perception_pkg' build argument 'ament_cmake_args' from command line to 'None'
[11.982s] Level 5:colcon.colcon_core.verb:set package 'camera_perception_pkg' build argument 'catkin_cmake_args' from command line to 'None'
[11.982s] Level 5:colcon.colcon_core.verb:set package 'camera_perception_pkg' build argument 'catkin_skip_building_tests' from command line to 'False'
[11.984s] DEBUG:colcon.colcon_core.verb:Building package 'camera_perception_pkg' with the following arguments: {'ament_cmake_args': None, 'build_base': '/home/cc/ros2_ws/build/camera_perception_pkg', 'catkin_cmake_args': None, 'catkin_skip_building_tests': False, 'cmake_args': None, 'cmake_clean_cache': False, 'cmake_clean_first': False, 'cmake_force_configure': False, 'cmake_target': None, 'cmake_target_skip_unavailable': False, 'install_base': '/home/cc/ros2_ws/install/camera_perception_pkg', 'merge_install': False, 'path': '/home/cc/ros2_ws/src/camera_perception_pkg', 'symlink_install': True, 'test_result_base': None}
[11.991s] Level 5:colcon.colcon_core.verb:set package 'debug_pkg' build argument 'cmake_args' from command line to 'None'
[11.992s] Level 5:colcon.colcon_core.verb:set package 'debug_pkg' build argument 'cmake_target' from command line to 'None'
[11.992s] Level 5:colcon.colcon_core.verb:set package 'debug_pkg' build argument 'cmake_target_skip_unavailable' from command line to 'False'
[11.992s] Level 5:colcon.colcon_core.verb:set package 'debug_pkg' build argument 'cmake_clean_cache' from command line to 'False'
[11.993s] Level 5:colcon.colcon_core.verb:set package 'debug_pkg' build argument 'cmake_clean_first' from command line to 'False'
[11.993s] Level 5:colcon.colcon_core.verb:set package 'debug_pkg' build argument 'cmake_force_configure' from command line to 'False'
[11.993s] Level 5:colcon.colcon_core.verb:set package 'debug_pkg' build argument 'ament_cmake_args' from command line to 'None'
[11.994s] Level 5:colcon.colcon_core.verb:set package 'debug_pkg' build argument 'catkin_cmake_args' from command line to 'None'
[11.994s] Level 5:colcon.colcon_core.verb:set package 'debug_pkg' build argument 'catkin_skip_building_tests' from command line to 'False'
[11.994s] DEBUG:colcon.colcon_core.verb:Building package 'debug_pkg' with the following arguments: {'ament_cmake_args': None, 'build_base': '/home/cc/ros2_ws/build/debug_pkg', 'catkin_cmake_args': None, 'catkin_skip_building_tests': False, 'cmake_args': None, 'cmake_clean_cache': False, 'cmake_clean_first': False, 'cmake_force_configure': False, 'cmake_target': None, 'cmake_target_skip_unavailable': False, 'install_base': '/home/cc/ros2_ws/install/debug_pkg', 'merge_install': False, 'path': '/home/cc/ros2_ws/src/debug_pkg', 'symlink_install': True, 'test_result_base': None}
[11.997s] Level 5:colcon.colcon_core.verb:set package 'interfaces_pkg' build argument 'cmake_args' from command line to 'None'
[11.997s] Level 5:colcon.colcon_core.verb:set package 'interfaces_pkg' build argument 'cmake_target' from command line to 'None'
[11.998s] Level 5:colcon.colcon_core.verb:set package 'interfaces_pkg' build argument 'cmake_target_skip_unavailable' from command line to 'False'
[11.998s] Level 5:colcon.colcon_core.verb:set package 'interfaces_pkg' build argument 'cmake_clean_cache' from command line to 'False'
[11.999s] Level 5:colcon.colcon_core.verb:set package 'interfaces_pkg' build argument 'cmake_clean_first' from command line to 'False'
[11.999s] Level 5:colcon.colcon_core.verb:set package 'interfaces_pkg' build argument 'cmake_force_configure' from command line to 'False'
[11.999s] Level 5:colcon.colcon_core.verb:set package 'interfaces_pkg' build argument 'ament_cmake_args' from command line to 'None'
[12.000s] Level 5:colcon.colcon_core.verb:set package 'interfaces_pkg' build argument 'catkin_cmake_args' from command line to 'None'
[12.000s] Level 5:colcon.colcon_core.verb:set package 'interfaces_pkg' build argument 'catkin_skip_building_tests' from command line to 'False'
[12.000s] DEBUG:colcon.colcon_core.verb:Building package 'interfaces_pkg' with the following arguments: {'ament_cmake_args': None, 'build_base': '/home/cc/ros2_ws/build/interfaces_pkg', 'catkin_cmake_args': None, 'catkin_skip_building_tests': False, 'cmake_args': None, 'cmake_clean_cache': False, 'cmake_clean_first': False, 'cmake_force_configure': False, 'cmake_target': None, 'cmake_target_skip_unavailable': False, 'install_base': '/home/cc/ros2_ws/install/interfaces_pkg', 'merge_install': False, 'path': '/home/cc/ros2_ws/src/interfaces_pkg', 'symlink_install': True, 'test_result_base': None}
[12.004s] Level 5:colcon.colcon_core.verb:set package 'lidar_perception_pkg' build argument 'cmake_args' from command line to 'None'
[12.006s] Level 5:colcon.colcon_core.verb:set package 'lidar_perception_pkg' build argument 'cmake_target' from command line to 'None'
[12.007s] Level 5:colcon.colcon_core.verb:set package 'lidar_perception_pkg' build argument 'cmake_target_skip_unavailable' from command line to 'False'
[12.008s] Level 5:colcon.colcon_core.verb:set package 'lidar_perception_pkg' build argument 'cmake_clean_cache' from command line to 'False'
[12.009s] Level 5:colcon.colcon_core.verb:set package 'lidar_perception_pkg' build argument 'cmake_clean_first' from command line to 'False'
[12.010s] Level 5:colcon.colcon_core.verb:set package 'lidar_perception_pkg' build argument 'cmake_force_configure' from command line to 'False'
[12.010s] Level 5:colcon.colcon_core.verb:set package 'lidar_perception_pkg' build argument 'ament_cmake_args' from command line to 'None'
[12.011s] Level 5:colcon.colcon_core.verb:set package 'lidar_perception_pkg' build argument 'catkin_cmake_args' from command line to 'None'
[12.012s] Level 5:colcon.colcon_core.verb:set package 'lidar_perception_pkg' build argument 'catkin_skip_building_tests' from command line to 'False'
[12.013s] DEBUG:colcon.colcon_core.verb:Building package 'lidar_perception_pkg' with the following arguments: {'ament_cmake_args': None, 'build_base': '/home/cc/ros2_ws/build/lidar_perception_pkg', 'catkin_cmake_args': None, 'catkin_skip_building_tests': False, 'cmake_args': None, 'cmake_clean_cache': False, 'cmake_clean_first': False, 'cmake_force_configure': False, 'cmake_target': None, 'cmake_target_skip_unavailable': False, 'install_base': '/home/cc/ros2_ws/install/lidar_perception_pkg', 'merge_install': False, 'path': '/home/cc/ros2_ws/src/lidar_perception_pkg', 'symlink_install': True, 'test_result_base': None}
[12.019s] Level 5:colcon.colcon_core.verb:set package 'serial_communication_pkg' build argument 'cmake_args' from command line to 'None'
[12.020s] Level 5:colcon.colcon_core.verb:set package 'serial_communication_pkg' build argument 'cmake_target' from command line to 'None'
[12.021s] Level 5:colcon.colcon_core.verb:set package 'serial_communication_pkg' build argument 'cmake_target_skip_unavailable' from command line to 'False'
[12.023s] Level 5:colcon.colcon_core.verb:set package 'serial_communication_pkg' build argument 'cmake_clean_cache' from command line to 'False'
[12.024s] Level 5:colcon.colcon_core.verb:set package 'serial_communication_pkg' build argument 'cmake_clean_first' from command line to 'False'
[12.025s] Level 5:colcon.colcon_core.verb:set package 'serial_communication_pkg' build argument 'cmake_force_configure' from command line to 'False'
[12.027s] Level 5:colcon.colcon_core.verb:set package 'serial_communication_pkg' build argument 'ament_cmake_args' from command line to 'None'
[12.028s] Level 5:colcon.colcon_core.verb:set package 'serial_communication_pkg' build argument 'catkin_cmake_args' from command line to 'None'
[12.030s] Level 5:colcon.colcon_core.verb:set package 'serial_communication_pkg' build argument 'catkin_skip_building_tests' from command line to 'False'
[12.031s] DEBUG:colcon.colcon_core.verb:Building package 'serial_communication_pkg' with the following arguments: {'ament_cmake_args': None, 'build_base': '/home/cc/ros2_ws/build/serial_communication_pkg', 'catkin_cmake_args': None, 'catkin_skip_building_tests': False, 'cmake_args': None, 'cmake_clean_cache': False, 'cmake_clean_first': False, 'cmake_force_configure': False, 'cmake_target': None, 'cmake_target_skip_unavailable': False, 'install_base': '/home/cc/ros2_ws/install/serial_communication_pkg', 'merge_install': False, 'path': '/home/cc/ros2_ws/src/serial_communication_pkg', 'symlink_install': True, 'test_result_base': None}
[12.034s] Level 5:colcon.colcon_core.verb:set package 'decision_making_pkg' build argument 'cmake_args' from command line to 'None'
[12.034s] Level 5:colcon.colcon_core.verb:set package 'decision_making_pkg' build argument 'cmake_target' from command line to 'None'
[12.035s] Level 5:colcon.colcon_core.verb:set package 'decision_making_pkg' build argument 'cmake_target_skip_unavailable' from command line to 'False'
[12.035s] Level 5:colcon.colcon_core.verb:set package 'decision_making_pkg' build argument 'cmake_clean_cache' from command line to 'False'
[12.036s] Level 5:colcon.colcon_core.verb:set package 'decision_making_pkg' build argument 'cmake_clean_first' from command line to 'False'
[12.037s] Level 5:colcon.colcon_core.verb:set package 'decision_making_pkg' build argument 'cmake_force_configure' from command line to 'False'
[12.038s] Level 5:colcon.colcon_core.verb:set package 'decision_making_pkg' build argument 'ament_cmake_args' from command line to 'None'
[12.038s] Level 5:colcon.colcon_core.verb:set package 'decision_making_pkg' build argument 'catkin_cmake_args' from command line to 'None'
[12.039s] Level 5:colcon.colcon_core.verb:set package 'decision_making_pkg' build argument 'catkin_skip_building_tests' from command line to 'False'
[12.039s] DEBUG:colcon.colcon_core.verb:Building package 'decision_making_pkg' with the following arguments: {'ament_cmake_args': None, 'build_base': '/home/cc/ros2_ws/build/decision_making_pkg', 'catkin_cmake_args': None, 'catkin_skip_building_tests': False, 'cmake_args': None, 'cmake_clean_cache': False, 'cmake_clean_first': False, 'cmake_force_configure': False, 'cmake_target': None, 'cmake_target_skip_unavailable': False, 'install_base': '/home/cc/ros2_ws/install/decision_making_pkg', 'merge_install': False, 'path': '/home/cc/ros2_ws/src/decision_making_pkg', 'symlink_install': True, 'test_result_base': None}
[12.042s] INFO:colcon.colcon_core.executor:Executing jobs using 'parallel' executor
[12.065s] DEBUG:colcon.colcon_parallel_executor.executor.parallel:run_until_complete
[12.074s] INFO:colcon.colcon_ros.task.ament_cmake.build:Building ROS package in '/home/cc/ros2_ws/src/interfaces_pkg' with build type 'ament_cmake'
[12.080s] INFO:colcon.colcon_cmake.task.cmake.build:Building CMake package in '/home/cc/ros2_ws/src/interfaces_pkg'
[12.159s] INFO:colcon.colcon_core.plugin_system:Skipping extension 'colcon_core.shell.bat': Not used on non-Windows systems
[12.164s] INFO:colcon.colcon_core.shell:Skip shell extension 'powershell' for command environment: Not usable outside of PowerShell
[12.166s] DEBUG:colcon.colcon_core.shell:Skip shell extension 'dsv' for command environment
[12.231s] INFO:colcon.colcon_ros.task.ament_python.build:Building ROS package in '/home/cc/ros2_ws/src/camera_perception_pkg' with build type 'ament_python'
[12.232s] Level 1:colcon.colcon_core.shell:create_environment_hook('camera_perception_pkg', 'ament_prefix_path')
[12.233s] INFO:colcon.colcon_core.shell:Creating environment hook '/home/cc/ros2_ws/install/camera_perception_pkg/share/camera_perception_pkg/hook/ament_prefix_path.ps1'
[12.259s] INFO:colcon.colcon_core.shell:Creating environment descriptor '/home/cc/ros2_ws/install/camera_perception_pkg/share/camera_perception_pkg/hook/ament_prefix_path.dsv'
[12.268s] INFO:colcon.colcon_core.shell:Creating environment hook '/home/cc/ros2_ws/install/camera_perception_pkg/share/camera_perception_pkg/hook/ament_prefix_path.sh'
[12.282s] INFO:colcon.colcon_core.shell:Skip shell extension 'powershell' for command environment: Not usable outside of PowerShell
[12.283s] DEBUG:colcon.colcon_core.shell:Skip shell extension 'dsv' for command environment
[12.324s] INFO:colcon.colcon_ros.task.ament_python.build:Building ROS package in '/home/cc/ros2_ws/src/debug_pkg' with build type 'ament_python'
[12.330s] Level 1:colcon.colcon_core.shell:create_environment_hook('debug_pkg', 'ament_prefix_path')
[12.335s] INFO:colcon.colcon_core.shell:Creating environment hook '/home/cc/ros2_ws/install/debug_pkg/share/debug_pkg/hook/ament_prefix_path.ps1'
[12.360s] INFO:colcon.colcon_core.shell:Creating environment descriptor '/home/cc/ros2_ws/install/debug_pkg/share/debug_pkg/hook/ament_prefix_path.dsv'
[12.364s] INFO:colcon.colcon_core.shell:Creating environment hook '/home/cc/ros2_ws/install/debug_pkg/share/debug_pkg/hook/ament_prefix_path.sh'
[12.377s] INFO:colcon.colcon_core.shell:Skip shell extension 'powershell' for command environment: Not usable outside of PowerShell
[12.378s] DEBUG:colcon.colcon_core.shell:Skip shell extension 'dsv' for command environment
[12.432s] INFO:colcon.colcon_ros.task.ament_python.build:Building ROS package in '/home/cc/ros2_ws/src/lidar_perception_pkg' with build type 'ament_python'
[12.440s] Level 1:colcon.colcon_core.shell:create_environment_hook('lidar_perception_pkg', 'ament_prefix_path')
[12.442s] INFO:colcon.colcon_core.shell:Creating environment hook '/home/cc/ros2_ws/install/lidar_perception_pkg/share/lidar_perception_pkg/hook/ament_prefix_path.ps1'
[12.454s] INFO:colcon.colcon_core.shell:Creating environment descriptor '/home/cc/ros2_ws/install/lidar_perception_pkg/share/lidar_perception_pkg/hook/ament_prefix_path.dsv'
[12.466s] INFO:colcon.colcon_core.shell:Creating environment hook '/home/cc/ros2_ws/install/lidar_perception_pkg/share/lidar_perception_pkg/hook/ament_prefix_path.sh'
[12.473s] INFO:colcon.colcon_core.shell:Skip shell extension 'powershell' for command environment: Not usable outside of PowerShell
[12.474s] DEBUG:colcon.colcon_core.shell:Skip shell extension 'dsv' for command environment
[12.595s] DEBUG:colcon.colcon_core.event_handler.log_command:Invoking command in '/home/cc/ros2_ws/build/interfaces_pkg': CMAKE_PREFIX_PATH=${CMAKE_PREFIX_PATH}:/home/cc/ros2_ws/install/serial_communication_pkg:/home/cc/ros2_ws/install/lidar_perception_pkg:/home/cc/ros2_ws/install/decision_making_pkg:/home/cc/ros2_ws/install/debug_pkg:/home/cc/ros2_ws/install/camera_perception_pkg:/opt/ros/humble /usr/bin/cmake --build /home/cc/ros2_ws/build/interfaces_pkg -- -j4 -l4
[19.095s] INFO:colcon.colcon_core.task.python.build:Building Python package in '/home/cc/ros2_ws/src/camera_perception_pkg'
[19.096s] INFO:colcon.colcon_core.shell:Skip shell extension 'powershell' for command environment: Not usable outside of PowerShell
[19.097s] DEBUG:colcon.colcon_core.shell:Skip shell extension 'dsv' for command environment
[26.039s] INFO:colcon.colcon_core.task.python.build:Building Python package in '/home/cc/ros2_ws/src/debug_pkg'
[26.046s] INFO:colcon.colcon_core.shell:Skip shell extension 'powershell' for command environment: Not usable outside of PowerShell
[26.053s] DEBUG:colcon.colcon_core.shell:Skip shell extension 'dsv' for command environment
[32.830s] INFO:colcon.colcon_core.task.python.build:Building Python package in '/home/cc/ros2_ws/src/lidar_perception_pkg'
[32.837s] INFO:colcon.colcon_core.shell:Skip shell extension 'powershell' for command environment: Not usable outside of PowerShell
[32.840s] DEBUG:colcon.colcon_core.shell:Skip shell extension 'dsv' for command environment
[32.991s] DEBUG:colcon.colcon_core.event_handler.log_command:Invoked command in '/home/cc/ros2_ws/build/interfaces_pkg' returned '0': CMAKE_PREFIX_PATH=${CMAKE_PREFIX_PATH}:/home/cc/ros2_ws/install/serial_communication_pkg:/home/cc/ros2_ws/install/lidar_perception_pkg:/home/cc/ros2_ws/install/decision_making_pkg:/home/cc/ros2_ws/install/debug_pkg:/home/cc/ros2_ws/install/camera_perception_pkg:/opt/ros/humble /usr/bin/cmake --build /home/cc/ros2_ws/build/interfaces_pkg -- -j4 -l4
[33.134s] DEBUG:colcon.colcon_core.event_handler.log_command:Invoking command in '/home/cc/ros2_ws/build/interfaces_pkg': CMAKE_PREFIX_PATH=${CMAKE_PREFIX_PATH}:/home/cc/ros2_ws/install/serial_communication_pkg:/home/cc/ros2_ws/install/lidar_perception_pkg:/home/cc/ros2_ws/install/decision_making_pkg:/home/cc/ros2_ws/install/debug_pkg:/home/cc/ros2_ws/install/camera_perception_pkg:/opt/ros/humble /usr/bin/cmake --install /home/cc/ros2_ws/build/interfaces_pkg
[39.025s] Level 1:colcon.colcon_core.environment:create_environment_scripts_only(interfaces_pkg)
[39.134s] DEBUG:colcon.colcon_core.event_handler.log_command:Invoked command in '/home/cc/ros2_ws/build/interfaces_pkg' returned '0': CMAKE_PREFIX_PATH=${CMAKE_PREFIX_PATH}:/home/cc/ros2_ws/install/serial_communication_pkg:/home/cc/ros2_ws/install/lidar_perception_pkg:/home/cc/ros2_ws/install/decision_making_pkg:/home/cc/ros2_ws/install/debug_pkg:/home/cc/ros2_ws/install/camera_perception_pkg:/opt/ros/humble /usr/bin/cmake --install /home/cc/ros2_ws/build/interfaces_pkg
[39.241s] Level 1:colcon.colcon_core.environment:checking '/home/cc/ros2_ws/install/interfaces_pkg' for CMake module files
[39.273s] Level 1:colcon.colcon_core.environment:checking '/home/cc/ros2_ws/install/interfaces_pkg' for CMake config files
[39.411s] Level 1:colcon.colcon_core.shell:create_environment_hook('interfaces_pkg', 'cmake_prefix_path')
[39.415s] INFO:colcon.colcon_core.shell:Creating environment hook '/home/cc/ros2_ws/install/interfaces_pkg/share/interfaces_pkg/hook/cmake_prefix_path.ps1'
[39.448s] INFO:colcon.colcon_core.shell:Creating environment descriptor '/home/cc/ros2_ws/install/interfaces_pkg/share/interfaces_pkg/hook/cmake_prefix_path.dsv'
[39.470s] INFO:colcon.colcon_core.shell:Creating environment hook '/home/cc/ros2_ws/install/interfaces_pkg/share/interfaces_pkg/hook/cmake_prefix_path.sh'
[39.509s] Level 1:colcon.colcon_core.environment:checking '/home/cc/ros2_ws/install/interfaces_pkg/lib'
[39.517s] Level 1:colcon.colcon_core.shell:create_environment_hook('interfaces_pkg', 'ld_library_path_lib')
[39.526s] INFO:colcon.colcon_core.shell:Creating environment hook '/home/cc/ros2_ws/install/interfaces_pkg/share/interfaces_pkg/hook/ld_library_path_lib.ps1'
[39.552s] INFO:colcon.colcon_core.shell:Creating environment descriptor '/home/cc/ros2_ws/install/interfaces_pkg/share/interfaces_pkg/hook/ld_library_path_lib.dsv'
[39.573s] INFO:colcon.colcon_core.shell:Creating environment hook '/home/cc/ros2_ws/install/interfaces_pkg/share/interfaces_pkg/hook/ld_library_path_lib.sh'
[39.599s] Level 1:colcon.colcon_core.environment:checking '/home/cc/ros2_ws/install/interfaces_pkg/bin'
[39.606s] Level 1:colcon.colcon_core.environment:checking '/home/cc/ros2_ws/install/interfaces_pkg/lib/pkgconfig/interfaces_pkg.pc'
[39.611s] Level 1:colcon.colcon_core.environment:checking '/home/cc/ros2_ws/install/interfaces_pkg/lib/python3.10/site-packages'
[39.620s] Level 1:colcon.colcon_core.environment:checking '/home/cc/ros2_ws/install/interfaces_pkg/bin'
[39.631s] INFO:colcon.colcon_core.shell:Creating package script '/home/cc/ros2_ws/install/interfaces_pkg/share/interfaces_pkg/package.ps1'
[39.662s] INFO:colcon.colcon_core.shell:Creating package descriptor '/home/cc/ros2_ws/install/interfaces_pkg/share/interfaces_pkg/package.dsv'
[39.696s] INFO:colcon.colcon_core.shell:Creating package script '/home/cc/ros2_ws/install/interfaces_pkg/share/interfaces_pkg/package.sh'
[39.740s] INFO:colcon.colcon_core.shell:Creating package script '/home/cc/ros2_ws/install/interfaces_pkg/share/interfaces_pkg/package.bash'
[39.779s] INFO:colcon.colcon_core.shell:Creating package script '/home/cc/ros2_ws/install/interfaces_pkg/share/interfaces_pkg/package.zsh'
[39.810s] Level 1:colcon.colcon_core.environment:create_file_with_runtime_dependencies(/home/cc/ros2_ws/install/interfaces_pkg/share/colcon-core/packages/interfaces_pkg)
[39.829s] Level 1:colcon.colcon_core.environment:create_environment_scripts_only(interfaces_pkg)
[39.834s] Level 1:colcon.colcon_core.environment:checking '/home/cc/ros2_ws/install/interfaces_pkg' for CMake module files
[39.845s] Level 1:colcon.colcon_core.environment:checking '/home/cc/ros2_ws/install/interfaces_pkg' for CMake config files
[39.879s] Level 1:colcon.colcon_core.shell:create_environment_hook('interfaces_pkg', 'cmake_prefix_path')
[39.883s] INFO:colcon.colcon_core.shell:Creating environment hook '/home/cc/ros2_ws/install/interfaces_pkg/share/interfaces_pkg/hook/cmake_prefix_path.ps1'
[39.896s] INFO:colcon.colcon_core.shell:Creating environment descriptor '/home/cc/ros2_ws/install/interfaces_pkg/share/interfaces_pkg/hook/cmake_prefix_path.dsv'
[39.907s] INFO:colcon.colcon_core.shell:Creating environment hook '/home/cc/ros2_ws/install/interfaces_pkg/share/interfaces_pkg/hook/cmake_prefix_path.sh'
[39.918s] Level 1:colcon.colcon_core.environment:checking '/home/cc/ros2_ws/install/interfaces_pkg/lib'
[39.919s] Level 1:colcon.colcon_core.shell:create_environment_hook('interfaces_pkg', 'ld_library_path_lib')
[39.923s] INFO:colcon.colcon_core.shell:Creating environment hook '/home/cc/ros2_ws/install/interfaces_pkg/share/interfaces_pkg/hook/ld_library_path_lib.ps1'
[39.936s] INFO:colcon.colcon_core.shell:Creating environment descriptor '/home/cc/ros2_ws/install/interfaces_pkg/share/interfaces_pkg/hook/ld_library_path_lib.dsv'
[39.949s] INFO:colcon.colcon_core.shell:Creating environment hook '/home/cc/ros2_ws/install/interfaces_pkg/share/interfaces_pkg/hook/ld_library_path_lib.sh'
[39.958s] Level 1:colcon.colcon_core.environment:checking '/home/cc/ros2_ws/install/interfaces_pkg/bin'
[39.961s] Level 1:colcon.colcon_core.environment:checking '/home/cc/ros2_ws/install/interfaces_pkg/lib/pkgconfig/interfaces_pkg.pc'
[39.965s] Level 1:colcon.colcon_core.environment:checking '/home/cc/ros2_ws/install/interfaces_pkg/lib/python3.10/site-packages'
[39.984s] Level 1:colcon.colcon_core.environment:checking '/home/cc/ros2_ws/install/interfaces_pkg/bin'
[39.991s] INFO:colcon.colcon_core.shell:Creating package script '/home/cc/ros2_ws/install/interfaces_pkg/share/interfaces_pkg/package.ps1'
[40.008s] INFO:colcon.colcon_core.shell:Creating package descriptor '/home/cc/ros2_ws/install/interfaces_pkg/share/interfaces_pkg/package.dsv'
[40.019s] INFO:colcon.colcon_core.shell:Creating package script '/home/cc/ros2_ws/install/interfaces_pkg/share/interfaces_pkg/package.sh'
[40.029s] INFO:colcon.colcon_core.shell:Creating package script '/home/cc/ros2_ws/install/interfaces_pkg/share/interfaces_pkg/package.bash'
[40.035s] INFO:colcon.colcon_core.shell:Creating package script '/home/cc/ros2_ws/install/interfaces_pkg/share/interfaces_pkg/package.zsh'
[40.044s] Level 1:colcon.colcon_core.environment:create_file_with_runtime_dependencies(/home/cc/ros2_ws/install/interfaces_pkg/share/colcon-core/packages/interfaces_pkg)
[40.054s] INFO:colcon.colcon_ros.task.ament_python.build:Building ROS package in '/home/cc/ros2_ws/src/serial_communication_pkg' with build type 'ament_python'
[40.058s] Level 1:colcon.colcon_core.shell:create_environment_hook('serial_communication_pkg', 'ament_prefix_path')
[40.063s] INFO:colcon.colcon_core.shell:Creating environment hook '/home/cc/ros2_ws/install/serial_communication_pkg/share/serial_communication_pkg/hook/ament_prefix_path.ps1'
[40.076s] INFO:colcon.colcon_core.shell:Creating environment descriptor '/home/cc/ros2_ws/install/serial_communication_pkg/share/serial_communication_pkg/hook/ament_prefix_path.dsv'
[40.090s] INFO:colcon.colcon_core.shell:Creating environment hook '/home/cc/ros2_ws/install/serial_communication_pkg/share/serial_communication_pkg/hook/ament_prefix_path.sh'
[40.101s] INFO:colcon.colcon_core.shell:Skip shell extension 'powershell' for command environment: Not usable outside of PowerShell
[40.103s] DEBUG:colcon.colcon_core.shell:Skip shell extension 'dsv' for command environment
[48.938s] INFO:colcon.colcon_core.task.python.build:Building Python package in '/home/cc/ros2_ws/src/serial_communication_pkg'
[48.943s] INFO:colcon.colcon_core.shell:Skip shell extension 'powershell' for command environment: Not usable outside of PowerShell
[48.945s] DEBUG:colcon.colcon_core.shell:Skip shell extension 'dsv' for command environment
[49.096s] DEBUG:colcon.colcon_core.event_handler.log_command:Invoking command in '/home/cc/ros2_ws/build/camera_perception_pkg': PYTHONPATH=/home/cc/ros2_ws/build/camera_perception_pkg/prefix_override:/usr/lib/python3/dist-packages/colcon_core/task/python/colcon_distutils_commands:/home/cc/ros2_ws/install/camera_perception_pkg/lib/python3.10/site-packages:${PYTHONPATH} /usr/bin/python3 -W ignore:setup.py install is deprecated -W ignore:easy_install command is deprecated setup.py develop --editable --build-directory /home/cc/ros2_ws/build/camera_perception_pkg/build --no-deps symlink_data
[49.175s] DEBUG:colcon.colcon_core.event_handler.log_command:Invoking command in '/home/cc/ros2_ws/build/lidar_perception_pkg': PYTHONPATH=/home/cc/ros2_ws/build/lidar_perception_pkg/prefix_override:/usr/lib/python3/dist-packages/colcon_core/task/python/colcon_distutils_commands:/home/cc/ros2_ws/install/lidar_perception_pkg/lib/python3.10/site-packages:${PYTHONPATH} /usr/bin/python3 -W ignore:setup.py install is deprecated -W ignore:easy_install command is deprecated setup.py develop --editable --build-directory /home/cc/ros2_ws/build/lidar_perception_pkg/build --no-deps symlink_data
[49.266s] DEBUG:colcon.colcon_core.event_handler.log_command:Invoking command in '/home/cc/ros2_ws/build/debug_pkg': PYTHONPATH=/home/cc/ros2_ws/build/debug_pkg/prefix_override:/usr/lib/python3/dist-packages/colcon_core/task/python/colcon_distutils_commands:/home/cc/ros2_ws/install/debug_pkg/lib/python3.10/site-packages:${PYTHONPATH} /usr/bin/python3 -W ignore:setup.py install is deprecated -W ignore:easy_install command is deprecated setup.py develop --editable --build-directory /home/cc/ros2_ws/build/debug_pkg/build --no-deps symlink_data
[61.798s] DEBUG:colcon.colcon_core.event_handler.log_command:Invoking command in '/home/cc/ros2_ws/build/serial_communication_pkg': PYTHONPATH=/home/cc/ros2_ws/build/serial_communication_pkg/prefix_override:/usr/lib/python3/dist-packages/colcon_core/task/python/colcon_distutils_commands:/home/cc/ros2_ws/install/serial_communication_pkg/lib/python3.10/site-packages:${PYTHONPATH} /usr/bin/python3 -W ignore:setup.py install is deprecated -W ignore:easy_install command is deprecated setup.py develop --editable --build-directory /home/cc/ros2_ws/build/serial_communication_pkg/build --no-deps symlink_data
[66.869s] Level 1:colcon.colcon_core.shell:create_environment_hook('camera_perception_pkg', 'pythonpath_develop')
[66.887s] INFO:colcon.colcon_core.shell:Creating environment hook '/home/cc/ros2_ws/build/camera_perception_pkg/share/camera_perception_pkg/hook/pythonpath_develop.ps1'
[66.879s] DEBUG:colcon.colcon_core.event_handler.log_command:Invoked command in '/home/cc/ros2_ws/build/camera_perception_pkg' returned '0': PYTHONPATH=/home/cc/ros2_ws/build/camera_perception_pkg/prefix_override:/usr/lib/python3/dist-packages/colcon_core/task/python/colcon_distutils_commands:/home/cc/ros2_ws/install/camera_perception_pkg/lib/python3.10/site-packages:${PYTHONPATH} /usr/bin/python3 -W ignore:setup.py install is deprecated -W ignore:easy_install command is deprecated setup.py develop --editable --build-directory /home/cc/ros2_ws/build/camera_perception_pkg/build --no-deps symlink_data
[66.912s] INFO:colcon.colcon_core.shell:Creating environment descriptor '/home/cc/ros2_ws/build/camera_perception_pkg/share/camera_perception_pkg/hook/pythonpath_develop.dsv'
[66.924s] INFO:colcon.colcon_core.shell:Creating environment hook '/home/cc/ros2_ws/build/camera_perception_pkg/share/camera_perception_pkg/hook/pythonpath_develop.sh'
[66.947s] Level 1:colcon.colcon_core.environment:checking '/home/cc/ros2_ws/install/camera_perception_pkg' for CMake module files
[66.972s] Level 1:colcon.colcon_core.environment:checking '/home/cc/ros2_ws/install/camera_perception_pkg' for CMake config files
[67.018s] Level 1:colcon.colcon_core.environment:checking '/home/cc/ros2_ws/install/camera_perception_pkg/lib'
[67.036s] Level 1:colcon.colcon_core.environment:checking '/home/cc/ros2_ws/install/camera_perception_pkg/bin'
[67.045s] Level 1:colcon.colcon_core.environment:checking '/home/cc/ros2_ws/install/camera_perception_pkg/lib/pkgconfig/camera_perception_pkg.pc'
[67.067s] Level 1:colcon.colcon_core.environment:checking '/home/cc/ros2_ws/install/camera_perception_pkg/lib/python3.10/site-packages'
[67.080s] Level 1:colcon.colcon_core.shell:create_environment_hook('camera_perception_pkg', 'pythonpath')
[67.093s] INFO:colcon.colcon_core.shell:Creating environment hook '/home/cc/ros2_ws/install/camera_perception_pkg/share/camera_perception_pkg/hook/pythonpath.ps1'
[67.125s] INFO:colcon.colcon_core.shell:Creating environment descriptor '/home/cc/ros2_ws/install/camera_perception_pkg/share/camera_perception_pkg/hook/pythonpath.dsv'
[67.143s] INFO:colcon.colcon_core.shell:Creating environment hook '/home/cc/ros2_ws/install/camera_perception_pkg/share/camera_perception_pkg/hook/pythonpath.sh'
[67.183s] Level 1:colcon.colcon_core.environment:checking '/home/cc/ros2_ws/install/camera_perception_pkg/bin'
[67.185s] Level 1:colcon.colcon_core.environment:create_environment_scripts_only(camera_perception_pkg)
[67.198s] INFO:colcon.colcon_core.shell:Creating package script '/home/cc/ros2_ws/install/camera_perception_pkg/share/camera_perception_pkg/package.ps1'
[67.242s] INFO:colcon.colcon_core.shell:Creating package descriptor '/home/cc/ros2_ws/install/camera_perception_pkg/share/camera_perception_pkg/package.dsv'
[67.271s] INFO:colcon.colcon_core.shell:Creating package script '/home/cc/ros2_ws/install/camera_perception_pkg/share/camera_perception_pkg/package.sh'
[67.309s] INFO:colcon.colcon_core.shell:Creating package script '/home/cc/ros2_ws/install/camera_perception_pkg/share/camera_perception_pkg/package.bash'
[67.349s] INFO:colcon.colcon_core.shell:Creating package script '/home/cc/ros2_ws/install/camera_perception_pkg/share/camera_perception_pkg/package.zsh'
[67.465s] Level 1:colcon.colcon_core.environment:create_file_with_runtime_dependencies(/home/cc/ros2_ws/install/camera_perception_pkg/share/colcon-core/packages/camera_perception_pkg)
[67.493s] INFO:colcon.colcon_ros.task.ament_python.build:Building ROS package in '/home/cc/ros2_ws/src/decision_making_pkg' with build type 'ament_python'
[67.502s] Level 1:colcon.colcon_core.shell:create_environment_hook('decision_making_pkg', 'ament_prefix_path')
[67.510s] INFO:colcon.colcon_core.shell:Creating environment hook '/home/cc/ros2_ws/install/decision_making_pkg/share/decision_making_pkg/hook/ament_prefix_path.ps1'
[67.527s] INFO:colcon.colcon_core.shell:Creating environment descriptor '/home/cc/ros2_ws/install/decision_making_pkg/share/decision_making_pkg/hook/ament_prefix_path.dsv'
[67.536s] INFO:colcon.colcon_core.shell:Creating environment hook '/home/cc/ros2_ws/install/decision_making_pkg/share/decision_making_pkg/hook/ament_prefix_path.sh'
[67.551s] INFO:colcon.colcon_core.shell:Skip shell extension 'powershell' for command environment: Not usable outside of PowerShell
[67.553s] DEBUG:colcon.colcon_core.shell:Skip shell extension 'dsv' for command environment
[74.005s] INFO:colcon.colcon_core.task.python.build:Building Python package in '/home/cc/ros2_ws/src/decision_making_pkg'
[74.021s] INFO:colcon.colcon_core.shell:Skip shell extension 'powershell' for command environment: Not usable outside of PowerShell
[74.028s] DEBUG:colcon.colcon_core.shell:Skip shell extension 'dsv' for command environment
[74.107s] Level 1:colcon.colcon_core.shell:create_environment_hook('debug_pkg', 'pythonpath_develop')
[74.112s] INFO:colcon.colcon_core.shell:Creating environment hook '/home/cc/ros2_ws/build/debug_pkg/share/debug_pkg/hook/pythonpath_develop.ps1'
[74.131s] DEBUG:colcon.colcon_core.event_handler.log_command:Invoked command in '/home/cc/ros2_ws/build/debug_pkg' returned '0': PYTHONPATH=/home/cc/ros2_ws/build/debug_pkg/prefix_override:/usr/lib/python3/dist-packages/colcon_core/task/python/colcon_distutils_commands:/home/cc/ros2_ws/install/debug_pkg/lib/python3.10/site-packages:${PYTHONPATH} /usr/bin/python3 -W ignore:setup.py install is deprecated -W ignore:easy_install command is deprecated setup.py develop --editable --build-directory /home/cc/ros2_ws/build/debug_pkg/build --no-deps symlink_data
[74.133s] INFO:colcon.colcon_core.shell:Creating environment descriptor '/home/cc/ros2_ws/build/debug_pkg/share/debug_pkg/hook/pythonpath_develop.dsv'
[74.147s] INFO:colcon.colcon_core.shell:Creating environment hook '/home/cc/ros2_ws/build/debug_pkg/share/debug_pkg/hook/pythonpath_develop.sh'
[74.161s] Level 1:colcon.colcon_core.environment:checking '/home/cc/ros2_ws/install/debug_pkg' for CMake module files
[74.169s] Level 1:colcon.colcon_core.environment:checking '/home/cc/ros2_ws/install/debug_pkg' for CMake config files
[74.178s] Level 1:colcon.colcon_core.environment:checking '/home/cc/ros2_ws/install/debug_pkg/lib'
[74.181s] Level 1:colcon.colcon_core.environment:checking '/home/cc/ros2_ws/install/debug_pkg/bin'
[74.187s] Level 1:colcon.colcon_core.environment:checking '/home/cc/ros2_ws/install/debug_pkg/lib/pkgconfig/debug_pkg.pc'
[74.192s] Level 1:colcon.colcon_core.environment:checking '/home/cc/ros2_ws/install/debug_pkg/lib/python3.10/site-packages'
[74.193s] Level 1:colcon.colcon_core.shell:create_environment_hook('debug_pkg', 'pythonpath')
[74.196s] INFO:colcon.colcon_core.shell:Creating environment hook '/home/cc/ros2_ws/install/debug_pkg/share/debug_pkg/hook/pythonpath.ps1'
[74.205s] INFO:colcon.colcon_core.shell:Creating environment descriptor '/home/cc/ros2_ws/install/debug_pkg/share/debug_pkg/hook/pythonpath.dsv'
[74.214s] INFO:colcon.colcon_core.shell:Creating environment hook '/home/cc/ros2_ws/install/debug_pkg/share/debug_pkg/hook/pythonpath.sh'
[74.227s] Level 1:colcon.colcon_core.environment:checking '/home/cc/ros2_ws/install/debug_pkg/bin'
[74.230s] Level 1:colcon.colcon_core.environment:create_environment_scripts_only(debug_pkg)
[74.234s] INFO:colcon.colcon_core.shell:Creating package script '/home/cc/ros2_ws/install/debug_pkg/share/debug_pkg/package.ps1'
[74.246s] INFO:colcon.colcon_core.shell:Creating package descriptor '/home/cc/ros2_ws/install/debug_pkg/share/debug_pkg/package.dsv'
[74.257s] INFO:colcon.colcon_core.shell:Creating package script '/home/cc/ros2_ws/install/debug_pkg/share/debug_pkg/package.sh'
[74.268s] INFO:colcon.colcon_core.shell:Creating package script '/home/cc/ros2_ws/install/debug_pkg/share/debug_pkg/package.bash'
[74.277s] INFO:colcon.colcon_core.shell:Creating package script '/home/cc/ros2_ws/install/debug_pkg/share/debug_pkg/package.zsh'
[74.285s] Level 1:colcon.colcon_core.environment:create_file_with_runtime_dependencies(/home/cc/ros2_ws/install/debug_pkg/share/colcon-core/packages/debug_pkg)
[74.289s] Level 1:colcon.colcon_core.shell:create_environment_hook('lidar_perception_pkg', 'pythonpath_develop')
[74.303s] INFO:colcon.colcon_core.shell:Creating environment hook '/home/cc/ros2_ws/build/lidar_perception_pkg/share/lidar_perception_pkg/hook/pythonpath_develop.ps1'
[74.300s] DEBUG:colcon.colcon_core.event_handler.log_command:Invoked command in '/home/cc/ros2_ws/build/lidar_perception_pkg' returned '0': PYTHONPATH=/home/cc/ros2_ws/build/lidar_perception_pkg/prefix_override:/usr/lib/python3/dist-packages/colcon_core/task/python/colcon_distutils_commands:/home/cc/ros2_ws/install/lidar_perception_pkg/lib/python3.10/site-packages:${PYTHONPATH} /usr/bin/python3 -W ignore:setup.py install is deprecated -W ignore:easy_install command is deprecated setup.py develop --editable --build-directory /home/cc/ros2_ws/build/lidar_perception_pkg/build --no-deps symlink_data
[74.327s] INFO:colcon.colcon_core.shell:Creating environment descriptor '/home/cc/ros2_ws/build/lidar_perception_pkg/share/lidar_perception_pkg/hook/pythonpath_develop.dsv'
[74.338s] INFO:colcon.colcon_core.shell:Creating environment hook '/home/cc/ros2_ws/build/lidar_perception_pkg/share/lidar_perception_pkg/hook/pythonpath_develop.sh'
[74.352s] Level 1:colcon.colcon_core.environment:checking '/home/cc/ros2_ws/install/lidar_perception_pkg' for CMake module files
[74.360s] Level 1:colcon.colcon_core.environment:checking '/home/cc/ros2_ws/install/lidar_perception_pkg' for CMake config files
[74.374s] Level 1:colcon.colcon_core.environment:checking '/home/cc/ros2_ws/install/lidar_perception_pkg/lib'
[74.377s] Level 1:colcon.colcon_core.environment:checking '/home/cc/ros2_ws/install/lidar_perception_pkg/bin'
[74.380s] Level 1:colcon.colcon_core.environment:checking '/home/cc/ros2_ws/install/lidar_perception_pkg/lib/pkgconfig/lidar_perception_pkg.pc'
[74.384s] Level 1:colcon.colcon_core.environment:checking '/home/cc/ros2_ws/install/lidar_perception_pkg/lib/python3.10/site-packages'
[74.389s] Level 1:colcon.colcon_core.shell:create_environment_hook('lidar_perception_pkg', 'pythonpath')
[74.393s] INFO:colcon.colcon_core.shell:Creating environment hook '/home/cc/ros2_ws/install/lidar_perception_pkg/share/lidar_perception_pkg/hook/pythonpath.ps1'
[74.402s] INFO:colcon.colcon_core.shell:Creating environment descriptor '/home/cc/ros2_ws/install/lidar_perception_pkg/share/lidar_perception_pkg/hook/pythonpath.dsv'
[74.409s] INFO:colcon.colcon_core.shell:Creating environment hook '/home/cc/ros2_ws/install/lidar_perception_pkg/share/lidar_perception_pkg/hook/pythonpath.sh'
[74.422s] Level 1:colcon.colcon_core.environment:checking '/home/cc/ros2_ws/install/lidar_perception_pkg/bin'
[74.424s] Level 1:colcon.colcon_core.environment:create_environment_scripts_only(lidar_perception_pkg)
[74.428s] INFO:colcon.colcon_core.shell:Creating package script '/home/cc/ros2_ws/install/lidar_perception_pkg/share/lidar_perception_pkg/package.ps1'
[74.434s] INFO:colcon.colcon_core.shell:Creating package descriptor '/home/cc/ros2_ws/install/lidar_perception_pkg/share/lidar_perception_pkg/package.dsv'
[74.441s] INFO:colcon.colcon_core.shell:Creating package script '/home/cc/ros2_ws/install/lidar_perception_pkg/share/lidar_perception_pkg/package.sh'
[74.451s] INFO:colcon.colcon_core.shell:Creating package script '/home/cc/ros2_ws/install/lidar_perception_pkg/share/lidar_perception_pkg/package.bash'
[74.463s] INFO:colcon.colcon_core.shell:Creating package script '/home/cc/ros2_ws/install/lidar_perception_pkg/share/lidar_perception_pkg/package.zsh'
[74.476s] Level 1:colcon.colcon_core.environment:create_file_with_runtime_dependencies(/home/cc/ros2_ws/install/lidar_perception_pkg/share/colcon-core/packages/lidar_perception_pkg)
[77.288s] Level 1:colcon.colcon_core.shell:create_environment_hook('serial_communication_pkg', 'pythonpath_develop')
[77.306s] DEBUG:colcon.colcon_core.event_handler.log_command:Invoked command in '/home/cc/ros2_ws/build/serial_communication_pkg' returned '0': PYTHONPATH=/home/cc/ros2_ws/build/serial_communication_pkg/prefix_override:/usr/lib/python3/dist-packages/colcon_core/task/python/colcon_distutils_commands:/home/cc/ros2_ws/install/serial_communication_pkg/lib/python3.10/site-packages:${PYTHONPATH} /usr/bin/python3 -W ignore:setup.py install is deprecated -W ignore:easy_install command is deprecated setup.py develop --editable --build-directory /home/cc/ros2_ws/build/serial_communication_pkg/build --no-deps symlink_data
[77.311s] INFO:colcon.colcon_core.shell:Creating environment hook '/home/cc/ros2_ws/build/serial_communication_pkg/share/serial_communication_pkg/hook/pythonpath_develop.ps1'
[77.337s] INFO:colcon.colcon_core.shell:Creating environment descriptor '/home/cc/ros2_ws/build/serial_communication_pkg/share/serial_communication_pkg/hook/pythonpath_develop.dsv'
[77.352s] INFO:colcon.colcon_core.shell:Creating environment hook '/home/cc/ros2_ws/build/serial_communication_pkg/share/serial_communication_pkg/hook/pythonpath_develop.sh'
[77.364s] Level 1:colcon.colcon_core.environment:checking '/home/cc/ros2_ws/install/serial_communication_pkg' for CMake module files
[77.368s] Level 1:colcon.colcon_core.environment:checking '/home/cc/ros2_ws/install/serial_communication_pkg' for CMake config files
[77.373s] Level 1:colcon.colcon_core.environment:checking '/home/cc/ros2_ws/install/serial_communication_pkg/lib'
[77.373s] Level 1:colcon.colcon_core.environment:checking '/home/cc/ros2_ws/install/serial_communication_pkg/bin'
[77.374s] Level 1:colcon.colcon_core.environment:checking '/home/cc/ros2_ws/install/serial_communication_pkg/lib/pkgconfig/serial_communication_pkg.pc'
[77.376s] Level 1:colcon.colcon_core.environment:checking '/home/cc/ros2_ws/install/serial_communication_pkg/lib/python3.10/site-packages'
[77.377s] Level 1:colcon.colcon_core.shell:create_environment_hook('serial_communication_pkg', 'pythonpath')
[77.381s] INFO:colcon.colcon_core.shell:Creating environment hook '/home/cc/ros2_ws/install/serial_communication_pkg/share/serial_communication_pkg/hook/pythonpath.ps1'
[77.388s] INFO:colcon.colcon_core.shell:Creating environment descriptor '/home/cc/ros2_ws/install/serial_communication_pkg/share/serial_communication_pkg/hook/pythonpath.dsv'
[77.395s] INFO:colcon.colcon_core.shell:Creating environment hook '/home/cc/ros2_ws/install/serial_communication_pkg/share/serial_communication_pkg/hook/pythonpath.sh'
[77.406s] Level 1:colcon.colcon_core.environment:checking '/home/cc/ros2_ws/install/serial_communication_pkg/bin'
[77.407s] Level 1:colcon.colcon_core.environment:create_environment_scripts_only(serial_communication_pkg)
[77.410s] INFO:colcon.colcon_core.shell:Creating package script '/home/cc/ros2_ws/install/serial_communication_pkg/share/serial_communication_pkg/package.ps1'
[77.419s] INFO:colcon.colcon_core.shell:Creating package descriptor '/home/cc/ros2_ws/install/serial_communication_pkg/share/serial_communication_pkg/package.dsv'
[77.428s] INFO:colcon.colcon_core.shell:Creating package script '/home/cc/ros2_ws/install/serial_communication_pkg/share/serial_communication_pkg/package.sh'
[77.436s] INFO:colcon.colcon_core.shell:Creating package script '/home/cc/ros2_ws/install/serial_communication_pkg/share/serial_communication_pkg/package.bash'
[77.445s] INFO:colcon.colcon_core.shell:Creating package script '/home/cc/ros2_ws/install/serial_communication_pkg/share/serial_communication_pkg/package.zsh'
[77.454s] Level 1:colcon.colcon_core.environment:create_file_with_runtime_dependencies(/home/cc/ros2_ws/install/serial_communication_pkg/share/colcon-core/packages/serial_communication_pkg)
[82.480s] DEBUG:colcon.colcon_core.event_handler.log_command:Invoking command in '/home/cc/ros2_ws/build/decision_making_pkg': PYTHONPATH=/home/cc/ros2_ws/build/decision_making_pkg/prefix_override:/usr/lib/python3/dist-packages/colcon_core/task/python/colcon_distutils_commands:/home/cc/ros2_ws/install/decision_making_pkg/lib/python3.10/site-packages:${PYTHONPATH} /usr/bin/python3 -W ignore:setup.py install is deprecated -W ignore:easy_install command is deprecated setup.py develop --editable --build-directory /home/cc/ros2_ws/build/decision_making_pkg/build --no-deps symlink_data
[93.128s] Level 1:colcon.colcon_core.shell:create_environment_hook('decision_making_pkg', 'pythonpath_develop')
[93.134s] INFO:colcon.colcon_core.shell:Creating environment hook '/home/cc/ros2_ws/build/decision_making_pkg/share/decision_making_pkg/hook/pythonpath_develop.ps1'
[93.144s] DEBUG:colcon.colcon_core.event_handler.log_command:Invoked command in '/home/cc/ros2_ws/build/decision_making_pkg' returned '0': PYTHONPATH=/home/cc/ros2_ws/build/decision_making_pkg/prefix_override:/usr/lib/python3/dist-packages/colcon_core/task/python/colcon_distutils_commands:/home/cc/ros2_ws/install/decision_making_pkg/lib/python3.10/site-packages:${PYTHONPATH} /usr/bin/python3 -W ignore:setup.py install is deprecated -W ignore:easy_install command is deprecated setup.py develop --editable --build-directory /home/cc/ros2_ws/build/decision_making_pkg/build --no-deps symlink_data
[93.152s] INFO:colcon.colcon_core.shell:Creating environment descriptor '/home/cc/ros2_ws/build/decision_making_pkg/share/decision_making_pkg/hook/pythonpath_develop.dsv'
[93.165s] INFO:colcon.colcon_core.shell:Creating environment hook '/home/cc/ros2_ws/build/decision_making_pkg/share/decision_making_pkg/hook/pythonpath_develop.sh'
[93.179s] Level 1:colcon.colcon_core.environment:checking '/home/cc/ros2_ws/install/decision_making_pkg' for CMake module files
[93.187s] Level 1:colcon.colcon_core.environment:checking '/home/cc/ros2_ws/install/decision_making_pkg' for CMake config files
[93.196s] Level 1:colcon.colcon_core.environment:checking '/home/cc/ros2_ws/install/decision_making_pkg/lib'
[93.203s] Level 1:colcon.colcon_core.environment:checking '/home/cc/ros2_ws/install/decision_making_pkg/bin'
[93.206s] Level 1:colcon.colcon_core.environment:checking '/home/cc/ros2_ws/install/decision_making_pkg/lib/pkgconfig/decision_making_pkg.pc'
[93.211s] Level 1:colcon.colcon_core.environment:checking '/home/cc/ros2_ws/install/decision_making_pkg/lib/python3.10/site-packages'
[93.214s] Level 1:colcon.colcon_core.shell:create_environment_hook('decision_making_pkg', 'pythonpath')
[93.219s] INFO:colcon.colcon_core.shell:Creating environment hook '/home/cc/ros2_ws/install/decision_making_pkg/share/decision_making_pkg/hook/pythonpath.ps1'
[93.232s] INFO:colcon.colcon_core.shell:Creating environment descriptor '/home/cc/ros2_ws/install/decision_making_pkg/share/decision_making_pkg/hook/pythonpath.dsv'
[93.243s] INFO:colcon.colcon_core.shell:Creating environment hook '/home/cc/ros2_ws/install/decision_making_pkg/share/decision_making_pkg/hook/pythonpath.sh'
[93.261s] Level 1:colcon.colcon_core.environment:checking '/home/cc/ros2_ws/install/decision_making_pkg/bin'
[93.264s] Level 1:colcon.colcon_core.environment:create_environment_scripts_only(decision_making_pkg)
[93.269s] INFO:colcon.colcon_core.shell:Creating package script '/home/cc/ros2_ws/install/decision_making_pkg/share/decision_making_pkg/package.ps1'
[93.282s] INFO:colcon.colcon_core.shell:Creating package descriptor '/home/cc/ros2_ws/install/decision_making_pkg/share/decision_making_pkg/package.dsv'
[93.296s] INFO:colcon.colcon_core.shell:Creating package script '/home/cc/ros2_ws/install/decision_making_pkg/share/decision_making_pkg/package.sh'
[93.312s] INFO:colcon.colcon_core.shell:Creating package script '/home/cc/ros2_ws/install/decision_making_pkg/share/decision_making_pkg/package.bash'
[93.323s] INFO:colcon.colcon_core.shell:Creating package script '/home/cc/ros2_ws/install/decision_making_pkg/share/decision_making_pkg/package.zsh'
[93.332s] Level 1:colcon.colcon_core.environment:create_file_with_runtime_dependencies(/home/cc/ros2_ws/install/decision_making_pkg/share/colcon-core/packages/decision_making_pkg)
[93.341s] DEBUG:colcon.colcon_parallel_executor.executor.parallel:closing loop
[93.347s] DEBUG:colcon.colcon_parallel_executor.executor.parallel:loop closed
[93.349s] DEBUG:colcon.colcon_parallel_executor.executor.parallel:run_until_complete finished with '0'
[93.351s] DEBUG:colcon.colcon_core.event_reactor:joining thread
[93.524s] INFO:colcon.colcon_core.plugin_system:Skipping extension 'colcon_notification.desktop_notification.terminal_notifier': Not used on non-Darwin systems
[93.526s] INFO:colcon.colcon_core.plugin_system:Skipping extension 'colcon_notification.desktop_notification.win32': Not used on non-Windows systems
[93.528s] INFO:colcon.colcon_notification.desktop_notification:Sending desktop notification using 'notify2'
[93.699s] DEBUG:colcon.colcon_core.event_reactor:joined thread
[93.701s] INFO:colcon.colcon_core.shell:Creating prefix script '/home/cc/ros2_ws/install/local_setup.ps1'
[93.725s] INFO:colcon.colcon_core.shell:Creating prefix util module '/home/cc/ros2_ws/install/_local_setup_util_ps1.py'
[93.755s] INFO:colcon.colcon_core.shell:Creating prefix chain script '/home/cc/ros2_ws/install/setup.ps1'
[93.790s] INFO:colcon.colcon_core.shell:Creating prefix script '/home/cc/ros2_ws/install/local_setup.sh'
[93.806s] INFO:colcon.colcon_core.shell:Creating prefix util module '/home/cc/ros2_ws/install/_local_setup_util_sh.py'
[93.816s] INFO:colcon.colcon_core.shell:Creating prefix chain script '/home/cc/ros2_ws/install/setup.sh'
[93.842s] INFO:colcon.colcon_core.shell:Creating prefix script '/home/cc/ros2_ws/install/local_setup.bash'
[93.857s] INFO:colcon.colcon_core.shell:Creating prefix chain script '/home/cc/ros2_ws/install/setup.bash'
[93.876s] INFO:colcon.colcon_core.shell:Creating prefix script '/home/cc/ros2_ws/install/local_setup.zsh'
[93.883s] INFO:colcon.colcon_core.shell:Creating prefix chain script '/home/cc/ros2_ws/install/setup.zsh'
