[36.857s] Invoking command in '/home/cc/ros2_ws/build/camera_perception_pkg': PYTHONPATH=/home/cc/ros2_ws/build/camera_perception_pkg/prefix_override:/usr/lib/python3/dist-packages/colcon_core/task/python/colcon_distutils_commands:/home/cc/ros2_ws/install/camera_perception_pkg/lib/python3.10/site-packages:${PYTHONPATH} /usr/bin/python3 -W ignore:setup.py install is deprecated -W ignore:easy_install command is deprecated setup.py develop --editable --build-directory /home/cc/ros2_ws/build/camera_perception_pkg/build --no-deps symlink_data
[44.732s] running develop
[52.943s] running egg_info
[52.949s] writing camera_perception_pkg.egg-info/PKG-INFO
[52.959s] writing dependency_links to camera_perception_pkg.egg-info/dependency_links.txt
[52.976s] writing entry points to camera_perception_pkg.egg-info/entry_points.txt
[53.003s] writing requirements to camera_perception_pkg.egg-info/requires.txt
[53.018s] writing top-level names to camera_perception_pkg.egg-info/top_level.txt
[53.039s] reading manifest file 'camera_perception_pkg.egg-info/SOURCES.txt'
[53.053s] writing manifest file 'camera_perception_pkg.egg-info/SOURCES.txt'
[53.102s] running build_ext
[53.121s] Creating /home/cc/ros2_ws/install/camera_perception_pkg/lib/python3.10/site-packages/camera-perception-pkg.egg-link (link to .)
[53.147s] Installing image_publisher_node script to /home/cc/ros2_ws/install/camera_perception_pkg/lib/camera_perception_pkg
[53.164s] Installing lane_info_extractor_node script to /home/cc/ros2_ws/install/camera_perception_pkg/lib/camera_perception_pkg
[53.183s] Installing traffic_light_detector_node script to /home/cc/ros2_ws/install/camera_perception_pkg/lib/camera_perception_pkg
[53.213s] Installing yolov8_node script to /home/cc/ros2_ws/install/camera_perception_pkg/lib/camera_perception_pkg
[53.229s] 
[53.236s] Installed /home/cc/ros2_ws/build/camera_perception_pkg
[53.262s] running symlink_data
[54.642s] Invoked command in '/home/cc/ros2_ws/build/camera_perception_pkg' returned '0': PYTHONPATH=/home/cc/ros2_ws/build/camera_perception_pkg/prefix_override:/usr/lib/python3/dist-packages/colcon_core/task/python/colcon_distutils_commands:/home/cc/ros2_ws/install/camera_perception_pkg/lib/python3.10/site-packages:${PYTHONPATH} /usr/bin/python3 -W ignore:setup.py install is deprecated -W ignore:easy_install command is deprecated setup.py develop --editable --build-directory /home/cc/ros2_ws/build/camera_perception_pkg/build --no-deps symlink_data
