[0.953s] DEBUG:colcon:Command line arguments: ['/usr/bin/colcon', 'build', '--symlink-install']
[0.953s] DEBUG:colcon:Parsed command line arguments: Namespace(log_base=None, log_level=None, verb_name='build', build_base='build', install_base='install', merge_install=False, symlink_install=True, test_result_base=None, continue_on_error=False, executor='parallel', parallel_workers=4, event_handlers=None, ignore_user_meta=False, metas=['./colcon.meta'], base_paths=['.'], packages_ignore=None, packages_ignore_regex=None, paths=None, packages_up_to=None, packages_up_to_regex=None, packages_above=None, packages_above_and_dependencies=None, packages_above_depth=None, packages_select_by_dep=None, packages_skip_by_dep=None, packages_skip_up_to=None, packages_select_build_failed=False, packages_skip_build_finished=False, packages_select_test_failures=False, packages_skip_test_passed=False, packages_select=None, packages_skip=None, packages_select_regex=None, packages_skip_regex=None, packages_start=None, packages_end=None, allow_overriding=[], cmake_args=None, cmake_target=None, cmake_target_skip_unavailable=False, cmake_clean_cache=False, cmake_clean_first=False, cmake_force_configure=False, ament_cmake_args=None, catkin_cmake_args=None, catkin_skip_building_tests=False, mixin_files=None, mixin=None, verb_parser=<colcon_mixin.mixin.mixin_argument.MixinArgumentDecorator object at 0xffff97608460>, verb_extension=<colcon_core.verb.build.BuildVerb object at 0xffff977ad360>, main=<bound method BuildVerb.main of <colcon_core.verb.build.BuildVerb object at 0xffff977ad360>>, mixin_verb=('build',))
[2.450s] Level 1:colcon.colcon_core.package_discovery:discover_packages(colcon_meta) check parameters
[2.450s] Level 1:colcon.colcon_core.package_discovery:discover_packages(recursive) check parameters
[2.451s] Level 1:colcon.colcon_core.package_discovery:discover_packages(ignore) check parameters
[2.451s] Level 1:colcon.colcon_core.package_discovery:discover_packages(path) check parameters
[2.451s] Level 1:colcon.colcon_core.package_discovery:discover_packages(colcon_meta) discover
[2.452s] Level 1:colcon.colcon_core.package_discovery:discover_packages(recursive) discover
[2.452s] INFO:colcon.colcon_core.package_discovery:Crawling recursively for packages in '/home/cc/ros2_ws'
[2.453s] Level 1:colcon.colcon_core.package_identification:_identify(.) by extensions ['ignore', 'ignore_ament_install']
[2.453s] Level 1:colcon.colcon_core.package_identification:_identify(.) by extension 'ignore'
[2.454s] Level 1:colcon.colcon_core.package_identification:_identify(.) by extension 'ignore_ament_install'
[2.455s] Level 1:colcon.colcon_core.package_identification:_identify(.) by extensions ['colcon_pkg']
[2.455s] Level 1:colcon.colcon_core.package_identification:_identify(.) by extension 'colcon_pkg'
[2.456s] Level 1:colcon.colcon_core.package_identification:_identify(.) by extensions ['colcon_meta']
[2.456s] Level 1:colcon.colcon_core.package_identification:_identify(.) by extension 'colcon_meta'
[2.457s] Level 1:colcon.colcon_core.package_identification:_identify(.) by extensions ['ros']
[2.457s] Level 1:colcon.colcon_core.package_identification:_identify(.) by extension 'ros'
[2.562s] Level 1:colcon.colcon_core.package_identification:_identify(.) by extensions ['cmake', 'python']
[2.562s] Level 1:colcon.colcon_core.package_identification:_identify(.) by extension 'cmake'
[2.562s] Level 1:colcon.colcon_core.package_identification:_identify(.) by extension 'python'
[2.563s] Level 1:colcon.colcon_core.package_identification:_identify(.) by extensions ['python_setup_py']
[2.563s] Level 1:colcon.colcon_core.package_identification:_identify(.) by extension 'python_setup_py'
[2.564s] Level 1:colcon.colcon_core.package_identification:_identify(build) by extensions ['ignore', 'ignore_ament_install']
[2.564s] Level 1:colcon.colcon_core.package_identification:_identify(build) by extension 'ignore'
[2.565s] Level 1:colcon.colcon_core.package_identification:_identify(build) ignored
[2.566s] Level 1:colcon.colcon_core.package_identification:_identify(install) by extensions ['ignore', 'ignore_ament_install']
[2.566s] Level 1:colcon.colcon_core.package_identification:_identify(install) by extension 'ignore'
[2.567s] Level 1:colcon.colcon_core.package_identification:_identify(install) ignored
[2.568s] Level 1:colcon.colcon_core.package_identification:_identify(log) by extensions ['ignore', 'ignore_ament_install']
[2.569s] Level 1:colcon.colcon_core.package_identification:_identify(log) by extension 'ignore'
[2.569s] Level 1:colcon.colcon_core.package_identification:_identify(log) ignored
[2.570s] Level 1:colcon.colcon_core.package_identification:_identify(src) by extensions ['ignore', 'ignore_ament_install']
[2.571s] Level 1:colcon.colcon_core.package_identification:_identify(src) by extension 'ignore'
[2.571s] Level 1:colcon.colcon_core.package_identification:_identify(src) by extension 'ignore_ament_install'
[2.572s] Level 1:colcon.colcon_core.package_identification:_identify(src) by extensions ['colcon_pkg']
[2.572s] Level 1:colcon.colcon_core.package_identification:_identify(src) by extension 'colcon_pkg'
[2.572s] Level 1:colcon.colcon_core.package_identification:_identify(src) by extensions ['colcon_meta']
[2.572s] Level 1:colcon.colcon_core.package_identification:_identify(src) by extension 'colcon_meta'
[2.572s] Level 1:colcon.colcon_core.package_identification:_identify(src) by extensions ['ros']
[2.572s] Level 1:colcon.colcon_core.package_identification:_identify(src) by extension 'ros'
[2.573s] Level 1:colcon.colcon_core.package_identification:_identify(src) by extensions ['cmake', 'python']
[2.573s] Level 1:colcon.colcon_core.package_identification:_identify(src) by extension 'cmake'
[2.573s] Level 1:colcon.colcon_core.package_identification:_identify(src) by extension 'python'
[2.574s] Level 1:colcon.colcon_core.package_identification:_identify(src) by extensions ['python_setup_py']
[2.574s] Level 1:colcon.colcon_core.package_identification:_identify(src) by extension 'python_setup_py'
[2.574s] Level 1:colcon.colcon_core.package_identification:_identify(src/camera_perception_pkg) by extensions ['ignore', 'ignore_ament_install']
[2.575s] Level 1:colcon.colcon_core.package_identification:_identify(src/camera_perception_pkg) by extension 'ignore'
[2.576s] Level 1:colcon.colcon_core.package_identification:_identify(src/camera_perception_pkg) by extension 'ignore_ament_install'
[2.577s] Level 1:colcon.colcon_core.package_identification:_identify(src/camera_perception_pkg) by extensions ['colcon_pkg']
[2.578s] Level 1:colcon.colcon_core.package_identification:_identify(src/camera_perception_pkg) by extension 'colcon_pkg'
[2.578s] Level 1:colcon.colcon_core.package_identification:_identify(src/camera_perception_pkg) by extensions ['colcon_meta']
[2.578s] Level 1:colcon.colcon_core.package_identification:_identify(src/camera_perception_pkg) by extension 'colcon_meta'
[2.579s] Level 1:colcon.colcon_core.package_identification:_identify(src/camera_perception_pkg) by extensions ['ros']
[2.579s] Level 1:colcon.colcon_core.package_identification:_identify(src/camera_perception_pkg) by extension 'ros'
[2.594s] DEBUG:colcon.colcon_core.package_identification:Package 'src/camera_perception_pkg' with type 'ros.ament_python' and name 'camera_perception_pkg'
[2.595s] Level 1:colcon.colcon_core.package_identification:_identify(src/control) by extensions ['ignore', 'ignore_ament_install']
[2.597s] Level 1:colcon.colcon_core.package_identification:_identify(src/control) by extension 'ignore'
[2.597s] Level 1:colcon.colcon_core.package_identification:_identify(src/control) by extension 'ignore_ament_install'
[2.598s] Level 1:colcon.colcon_core.package_identification:_identify(src/control) by extensions ['colcon_pkg']
[2.598s] Level 1:colcon.colcon_core.package_identification:_identify(src/control) by extension 'colcon_pkg'
[2.598s] Level 1:colcon.colcon_core.package_identification:_identify(src/control) by extensions ['colcon_meta']
[2.599s] Level 1:colcon.colcon_core.package_identification:_identify(src/control) by extension 'colcon_meta'
[2.599s] Level 1:colcon.colcon_core.package_identification:_identify(src/control) by extensions ['ros']
[2.600s] Level 1:colcon.colcon_core.package_identification:_identify(src/control) by extension 'ros'
[2.601s] Level 1:colcon.colcon_core.package_identification:_identify(src/control) by extensions ['cmake', 'python']
[2.601s] Level 1:colcon.colcon_core.package_identification:_identify(src/control) by extension 'cmake'
[2.601s] Level 1:colcon.colcon_core.package_identification:_identify(src/control) by extension 'python'
[2.602s] Level 1:colcon.colcon_core.package_identification:_identify(src/control) by extensions ['python_setup_py']
[2.602s] Level 1:colcon.colcon_core.package_identification:_identify(src/control) by extension 'python_setup_py'
[2.603s] Level 1:colcon.colcon_core.package_identification:_identify(src/control/check_variable_resistor) by extensions ['ignore', 'ignore_ament_install']
[2.603s] Level 1:colcon.colcon_core.package_identification:_identify(src/control/check_variable_resistor) by extension 'ignore'
[2.604s] Level 1:colcon.colcon_core.package_identification:_identify(src/control/check_variable_resistor) by extension 'ignore_ament_install'
[2.605s] Level 1:colcon.colcon_core.package_identification:_identify(src/control/check_variable_resistor) by extensions ['colcon_pkg']
[2.605s] Level 1:colcon.colcon_core.package_identification:_identify(src/control/check_variable_resistor) by extension 'colcon_pkg'
[2.606s] Level 1:colcon.colcon_core.package_identification:_identify(src/control/check_variable_resistor) by extensions ['colcon_meta']
[2.606s] Level 1:colcon.colcon_core.package_identification:_identify(src/control/check_variable_resistor) by extension 'colcon_meta'
[2.606s] Level 1:colcon.colcon_core.package_identification:_identify(src/control/check_variable_resistor) by extensions ['ros']
[2.606s] Level 1:colcon.colcon_core.package_identification:_identify(src/control/check_variable_resistor) by extension 'ros'
[2.607s] Level 1:colcon.colcon_core.package_identification:_identify(src/control/check_variable_resistor) by extensions ['cmake', 'python']
[2.607s] Level 1:colcon.colcon_core.package_identification:_identify(src/control/check_variable_resistor) by extension 'cmake'
[2.608s] Level 1:colcon.colcon_core.package_identification:_identify(src/control/check_variable_resistor) by extension 'python'
[2.608s] Level 1:colcon.colcon_core.package_identification:_identify(src/control/check_variable_resistor) by extensions ['python_setup_py']
[2.608s] Level 1:colcon.colcon_core.package_identification:_identify(src/control/check_variable_resistor) by extension 'python_setup_py'
[2.610s] Level 1:colcon.colcon_core.package_identification:_identify(src/control/driving) by extensions ['ignore', 'ignore_ament_install']
[2.611s] Level 1:colcon.colcon_core.package_identification:_identify(src/control/driving) by extension 'ignore'
[2.612s] Level 1:colcon.colcon_core.package_identification:_identify(src/control/driving) by extension 'ignore_ament_install'
[2.612s] Level 1:colcon.colcon_core.package_identification:_identify(src/control/driving) by extensions ['colcon_pkg']
[2.613s] Level 1:colcon.colcon_core.package_identification:_identify(src/control/driving) by extension 'colcon_pkg'
[2.613s] Level 1:colcon.colcon_core.package_identification:_identify(src/control/driving) by extensions ['colcon_meta']
[2.613s] Level 1:colcon.colcon_core.package_identification:_identify(src/control/driving) by extension 'colcon_meta'
[2.613s] Level 1:colcon.colcon_core.package_identification:_identify(src/control/driving) by extensions ['ros']
[2.614s] Level 1:colcon.colcon_core.package_identification:_identify(src/control/driving) by extension 'ros'
[2.614s] Level 1:colcon.colcon_core.package_identification:_identify(src/control/driving) by extensions ['cmake', 'python']
[2.614s] Level 1:colcon.colcon_core.package_identification:_identify(src/control/driving) by extension 'cmake'
[2.614s] Level 1:colcon.colcon_core.package_identification:_identify(src/control/driving) by extension 'python'
[2.615s] Level 1:colcon.colcon_core.package_identification:_identify(src/control/driving) by extensions ['python_setup_py']
[2.615s] Level 1:colcon.colcon_core.package_identification:_identify(src/control/driving) by extension 'python_setup_py'
[2.615s] Level 1:colcon.colcon_core.package_identification:_identify(src/control/motor_test) by extensions ['ignore', 'ignore_ament_install']
[2.616s] Level 1:colcon.colcon_core.package_identification:_identify(src/control/motor_test) by extension 'ignore'
[2.617s] Level 1:colcon.colcon_core.package_identification:_identify(src/control/motor_test) by extension 'ignore_ament_install'
[2.617s] Level 1:colcon.colcon_core.package_identification:_identify(src/control/motor_test) by extensions ['colcon_pkg']
[2.617s] Level 1:colcon.colcon_core.package_identification:_identify(src/control/motor_test) by extension 'colcon_pkg'
[2.617s] Level 1:colcon.colcon_core.package_identification:_identify(src/control/motor_test) by extensions ['colcon_meta']
[2.618s] Level 1:colcon.colcon_core.package_identification:_identify(src/control/motor_test) by extension 'colcon_meta'
[2.618s] Level 1:colcon.colcon_core.package_identification:_identify(src/control/motor_test) by extensions ['ros']
[2.618s] Level 1:colcon.colcon_core.package_identification:_identify(src/control/motor_test) by extension 'ros'
[2.618s] Level 1:colcon.colcon_core.package_identification:_identify(src/control/motor_test) by extensions ['cmake', 'python']
[2.619s] Level 1:colcon.colcon_core.package_identification:_identify(src/control/motor_test) by extension 'cmake'
[2.619s] Level 1:colcon.colcon_core.package_identification:_identify(src/control/motor_test) by extension 'python'
[2.619s] Level 1:colcon.colcon_core.package_identification:_identify(src/control/motor_test) by extensions ['python_setup_py']
[2.619s] Level 1:colcon.colcon_core.package_identification:_identify(src/control/motor_test) by extension 'python_setup_py'
[2.620s] Level 1:colcon.colcon_core.package_identification:_identify(src/control/ultrasonic) by extensions ['ignore', 'ignore_ament_install']
[2.620s] Level 1:colcon.colcon_core.package_identification:_identify(src/control/ultrasonic) by extension 'ignore'
[2.621s] Level 1:colcon.colcon_core.package_identification:_identify(src/control/ultrasonic) by extension 'ignore_ament_install'
[2.621s] Level 1:colcon.colcon_core.package_identification:_identify(src/control/ultrasonic) by extensions ['colcon_pkg']
[2.621s] Level 1:colcon.colcon_core.package_identification:_identify(src/control/ultrasonic) by extension 'colcon_pkg'
[2.622s] Level 1:colcon.colcon_core.package_identification:_identify(src/control/ultrasonic) by extensions ['colcon_meta']
[2.622s] Level 1:colcon.colcon_core.package_identification:_identify(src/control/ultrasonic) by extension 'colcon_meta'
[2.622s] Level 1:colcon.colcon_core.package_identification:_identify(src/control/ultrasonic) by extensions ['ros']
[2.622s] Level 1:colcon.colcon_core.package_identification:_identify(src/control/ultrasonic) by extension 'ros'
[2.623s] Level 1:colcon.colcon_core.package_identification:_identify(src/control/ultrasonic) by extensions ['cmake', 'python']
[2.623s] Level 1:colcon.colcon_core.package_identification:_identify(src/control/ultrasonic) by extension 'cmake'
[2.623s] Level 1:colcon.colcon_core.package_identification:_identify(src/control/ultrasonic) by extension 'python'
[2.623s] Level 1:colcon.colcon_core.package_identification:_identify(src/control/ultrasonic) by extensions ['python_setup_py']
[2.624s] Level 1:colcon.colcon_core.package_identification:_identify(src/control/ultrasonic) by extension 'python_setup_py'
[2.624s] Level 1:colcon.colcon_core.package_identification:_identify(src/data_collection) by extensions ['ignore', 'ignore_ament_install']
[2.625s] Level 1:colcon.colcon_core.package_identification:_identify(src/data_collection) by extension 'ignore'
[2.625s] Level 1:colcon.colcon_core.package_identification:_identify(src/data_collection) by extension 'ignore_ament_install'
[2.626s] Level 1:colcon.colcon_core.package_identification:_identify(src/data_collection) by extensions ['colcon_pkg']
[2.626s] Level 1:colcon.colcon_core.package_identification:_identify(src/data_collection) by extension 'colcon_pkg'
[2.626s] Level 1:colcon.colcon_core.package_identification:_identify(src/data_collection) by extensions ['colcon_meta']
[2.626s] Level 1:colcon.colcon_core.package_identification:_identify(src/data_collection) by extension 'colcon_meta'
[2.627s] Level 1:colcon.colcon_core.package_identification:_identify(src/data_collection) by extensions ['ros']
[2.627s] Level 1:colcon.colcon_core.package_identification:_identify(src/data_collection) by extension 'ros'
[2.628s] Level 1:colcon.colcon_core.package_identification:_identify(src/data_collection) by extensions ['cmake', 'python']
[2.628s] Level 1:colcon.colcon_core.package_identification:_identify(src/data_collection) by extension 'cmake'
[2.629s] Level 1:colcon.colcon_core.package_identification:_identify(src/data_collection) by extension 'python'
[2.629s] Level 1:colcon.colcon_core.package_identification:_identify(src/data_collection) by extensions ['python_setup_py']
[2.629s] Level 1:colcon.colcon_core.package_identification:_identify(src/data_collection) by extension 'python_setup_py'
[2.630s] Level 1:colcon.colcon_core.package_identification:_identify(src/debug_pkg) by extensions ['ignore', 'ignore_ament_install']
[2.631s] Level 1:colcon.colcon_core.package_identification:_identify(src/debug_pkg) by extension 'ignore'
[2.631s] Level 1:colcon.colcon_core.package_identification:_identify(src/debug_pkg) by extension 'ignore_ament_install'
[2.632s] Level 1:colcon.colcon_core.package_identification:_identify(src/debug_pkg) by extensions ['colcon_pkg']
[2.632s] Level 1:colcon.colcon_core.package_identification:_identify(src/debug_pkg) by extension 'colcon_pkg'
[2.632s] Level 1:colcon.colcon_core.package_identification:_identify(src/debug_pkg) by extensions ['colcon_meta']
[2.633s] Level 1:colcon.colcon_core.package_identification:_identify(src/debug_pkg) by extension 'colcon_meta'
[2.633s] Level 1:colcon.colcon_core.package_identification:_identify(src/debug_pkg) by extensions ['ros']
[2.633s] Level 1:colcon.colcon_core.package_identification:_identify(src/debug_pkg) by extension 'ros'
[2.637s] DEBUG:colcon.colcon_core.package_identification:Package 'src/debug_pkg' with type 'ros.ament_python' and name 'debug_pkg'
[2.637s] Level 1:colcon.colcon_core.package_identification:_identify(src/decision_making_pkg) by extensions ['ignore', 'ignore_ament_install']
[2.638s] Level 1:colcon.colcon_core.package_identification:_identify(src/decision_making_pkg) by extension 'ignore'
[2.638s] Level 1:colcon.colcon_core.package_identification:_identify(src/decision_making_pkg) by extension 'ignore_ament_install'
[2.639s] Level 1:colcon.colcon_core.package_identification:_identify(src/decision_making_pkg) by extensions ['colcon_pkg']
[2.639s] Level 1:colcon.colcon_core.package_identification:_identify(src/decision_making_pkg) by extension 'colcon_pkg'
[2.639s] Level 1:colcon.colcon_core.package_identification:_identify(src/decision_making_pkg) by extensions ['colcon_meta']
[2.639s] Level 1:colcon.colcon_core.package_identification:_identify(src/decision_making_pkg) by extension 'colcon_meta'
[2.639s] Level 1:colcon.colcon_core.package_identification:_identify(src/decision_making_pkg) by extensions ['ros']
[2.640s] Level 1:colcon.colcon_core.package_identification:_identify(src/decision_making_pkg) by extension 'ros'
[2.645s] DEBUG:colcon.colcon_core.package_identification:Package 'src/decision_making_pkg' with type 'ros.ament_python' and name 'decision_making_pkg'
[2.646s] Level 1:colcon.colcon_core.package_identification:_identify(src/interfaces_pkg) by extensions ['ignore', 'ignore_ament_install']
[2.646s] Level 1:colcon.colcon_core.package_identification:_identify(src/interfaces_pkg) by extension 'ignore'
[2.647s] Level 1:colcon.colcon_core.package_identification:_identify(src/interfaces_pkg) by extension 'ignore_ament_install'
[2.647s] Level 1:colcon.colcon_core.package_identification:_identify(src/interfaces_pkg) by extensions ['colcon_pkg']
[2.647s] Level 1:colcon.colcon_core.package_identification:_identify(src/interfaces_pkg) by extension 'colcon_pkg'
[2.648s] Level 1:colcon.colcon_core.package_identification:_identify(src/interfaces_pkg) by extensions ['colcon_meta']
[2.648s] Level 1:colcon.colcon_core.package_identification:_identify(src/interfaces_pkg) by extension 'colcon_meta'
[2.649s] Level 1:colcon.colcon_core.package_identification:_identify(src/interfaces_pkg) by extensions ['ros']
[2.649s] Level 1:colcon.colcon_core.package_identification:_identify(src/interfaces_pkg) by extension 'ros'
[2.652s] DEBUG:colcon.colcon_core.package_identification:Package 'src/interfaces_pkg' with type 'ros.ament_cmake' and name 'interfaces_pkg'
[2.653s] Level 1:colcon.colcon_core.package_identification:_identify(src/lidar_perception_pkg) by extensions ['ignore', 'ignore_ament_install']
[2.653s] Level 1:colcon.colcon_core.package_identification:_identify(src/lidar_perception_pkg) by extension 'ignore'
[2.653s] Level 1:colcon.colcon_core.package_identification:_identify(src/lidar_perception_pkg) by extension 'ignore_ament_install'
[2.654s] Level 1:colcon.colcon_core.package_identification:_identify(src/lidar_perception_pkg) by extensions ['colcon_pkg']
[2.654s] Level 1:colcon.colcon_core.package_identification:_identify(src/lidar_perception_pkg) by extension 'colcon_pkg'
[2.654s] Level 1:colcon.colcon_core.package_identification:_identify(src/lidar_perception_pkg) by extensions ['colcon_meta']
[2.655s] Level 1:colcon.colcon_core.package_identification:_identify(src/lidar_perception_pkg) by extension 'colcon_meta'
[2.655s] Level 1:colcon.colcon_core.package_identification:_identify(src/lidar_perception_pkg) by extensions ['ros']
[2.655s] Level 1:colcon.colcon_core.package_identification:_identify(src/lidar_perception_pkg) by extension 'ros'
[2.658s] DEBUG:colcon.colcon_core.package_identification:Package 'src/lidar_perception_pkg' with type 'ros.ament_python' and name 'lidar_perception_pkg'
[2.659s] Level 1:colcon.colcon_core.package_identification:_identify(src/serial_communication_pkg) by extensions ['ignore', 'ignore_ament_install']
[2.659s] Level 1:colcon.colcon_core.package_identification:_identify(src/serial_communication_pkg) by extension 'ignore'
[2.660s] Level 1:colcon.colcon_core.package_identification:_identify(src/serial_communication_pkg) by extension 'ignore_ament_install'
[2.660s] Level 1:colcon.colcon_core.package_identification:_identify(src/serial_communication_pkg) by extensions ['colcon_pkg']
[2.660s] Level 1:colcon.colcon_core.package_identification:_identify(src/serial_communication_pkg) by extension 'colcon_pkg'
[2.660s] Level 1:colcon.colcon_core.package_identification:_identify(src/serial_communication_pkg) by extensions ['colcon_meta']
[2.660s] Level 1:colcon.colcon_core.package_identification:_identify(src/serial_communication_pkg) by extension 'colcon_meta'
[2.661s] Level 1:colcon.colcon_core.package_identification:_identify(src/serial_communication_pkg) by extensions ['ros']
[2.661s] Level 1:colcon.colcon_core.package_identification:_identify(src/serial_communication_pkg) by extension 'ros'
[2.663s] DEBUG:colcon.colcon_core.package_identification:Package 'src/serial_communication_pkg' with type 'ros.ament_python' and name 'serial_communication_pkg'
[2.664s] Level 1:colcon.colcon_core.package_discovery:discover_packages(recursive) using defaults
[2.665s] Level 1:colcon.colcon_core.package_discovery:discover_packages(ignore) discover
[2.665s] Level 1:colcon.colcon_core.package_discovery:discover_packages(ignore) using defaults
[2.665s] Level 1:colcon.colcon_core.package_discovery:discover_packages(path) discover
[2.665s] Level 1:colcon.colcon_core.package_discovery:discover_packages(path) using defaults
[2.790s] Level 1:colcon.colcon_core.package_discovery:discover_packages(prefix_path) check parameters
[2.790s] Level 1:colcon.colcon_core.package_discovery:discover_packages(prefix_path) discover
[2.813s] DEBUG:colcon.colcon_installed_package_information.package_discovery:Found 6 installed packages in /home/cc/ros2_ws/install
[2.823s] DEBUG:colcon.colcon_installed_package_information.package_discovery:Found 271 installed packages in /opt/ros/humble
[2.834s] Level 1:colcon.colcon_core.package_discovery:discover_packages(prefix_path) using defaults
[3.090s] Level 5:colcon.colcon_core.verb:set package 'camera_perception_pkg' build argument 'cmake_args' from command line to 'None'
[3.091s] Level 5:colcon.colcon_core.verb:set package 'camera_perception_pkg' build argument 'cmake_target' from command line to 'None'
[3.091s] Level 5:colcon.colcon_core.verb:set package 'camera_perception_pkg' build argument 'cmake_target_skip_unavailable' from command line to 'False'
[3.091s] Level 5:colcon.colcon_core.verb:set package 'camera_perception_pkg' build argument 'cmake_clean_cache' from command line to 'False'
[3.091s] Level 5:colcon.colcon_core.verb:set package 'camera_perception_pkg' build argument 'cmake_clean_first' from command line to 'False'
[3.091s] Level 5:colcon.colcon_core.verb:set package 'camera_perception_pkg' build argument 'cmake_force_configure' from command line to 'False'
[3.091s] Level 5:colcon.colcon_core.verb:set package 'camera_perception_pkg' build argument 'ament_cmake_args' from command line to 'None'
[3.092s] Level 5:colcon.colcon_core.verb:set package 'camera_perception_pkg' build argument 'catkin_cmake_args' from command line to 'None'
[3.092s] Level 5:colcon.colcon_core.verb:set package 'camera_perception_pkg' build argument 'catkin_skip_building_tests' from command line to 'False'
[3.092s] DEBUG:colcon.colcon_core.verb:Building package 'camera_perception_pkg' with the following arguments: {'ament_cmake_args': None, 'build_base': '/home/cc/ros2_ws/build/camera_perception_pkg', 'catkin_cmake_args': None, 'catkin_skip_building_tests': False, 'cmake_args': None, 'cmake_clean_cache': False, 'cmake_clean_first': False, 'cmake_force_configure': False, 'cmake_target': None, 'cmake_target_skip_unavailable': False, 'install_base': '/home/cc/ros2_ws/install/camera_perception_pkg', 'merge_install': False, 'path': '/home/cc/ros2_ws/src/camera_perception_pkg', 'symlink_install': True, 'test_result_base': None}
[3.094s] Level 5:colcon.colcon_core.verb:set package 'debug_pkg' build argument 'cmake_args' from command line to 'None'
[3.094s] Level 5:colcon.colcon_core.verb:set package 'debug_pkg' build argument 'cmake_target' from command line to 'None'
[3.095s] Level 5:colcon.colcon_core.verb:set package 'debug_pkg' build argument 'cmake_target_skip_unavailable' from command line to 'False'
[3.095s] Level 5:colcon.colcon_core.verb:set package 'debug_pkg' build argument 'cmake_clean_cache' from command line to 'False'
[3.095s] Level 5:colcon.colcon_core.verb:set package 'debug_pkg' build argument 'cmake_clean_first' from command line to 'False'
[3.095s] Level 5:colcon.colcon_core.verb:set package 'debug_pkg' build argument 'cmake_force_configure' from command line to 'False'
[3.096s] Level 5:colcon.colcon_core.verb:set package 'debug_pkg' build argument 'ament_cmake_args' from command line to 'None'
[3.096s] Level 5:colcon.colcon_core.verb:set package 'debug_pkg' build argument 'catkin_cmake_args' from command line to 'None'
[3.096s] Level 5:colcon.colcon_core.verb:set package 'debug_pkg' build argument 'catkin_skip_building_tests' from command line to 'False'
[3.096s] DEBUG:colcon.colcon_core.verb:Building package 'debug_pkg' with the following arguments: {'ament_cmake_args': None, 'build_base': '/home/cc/ros2_ws/build/debug_pkg', 'catkin_cmake_args': None, 'catkin_skip_building_tests': False, 'cmake_args': None, 'cmake_clean_cache': False, 'cmake_clean_first': False, 'cmake_force_configure': False, 'cmake_target': None, 'cmake_target_skip_unavailable': False, 'install_base': '/home/cc/ros2_ws/install/debug_pkg', 'merge_install': False, 'path': '/home/cc/ros2_ws/src/debug_pkg', 'symlink_install': True, 'test_result_base': None}
[3.099s] Level 5:colcon.colcon_core.verb:set package 'interfaces_pkg' build argument 'cmake_args' from command line to 'None'
[3.100s] Level 5:colcon.colcon_core.verb:set package 'interfaces_pkg' build argument 'cmake_target' from command line to 'None'
[3.100s] Level 5:colcon.colcon_core.verb:set package 'interfaces_pkg' build argument 'cmake_target_skip_unavailable' from command line to 'False'
[3.100s] Level 5:colcon.colcon_core.verb:set package 'interfaces_pkg' build argument 'cmake_clean_cache' from command line to 'False'
[3.100s] Level 5:colcon.colcon_core.verb:set package 'interfaces_pkg' build argument 'cmake_clean_first' from command line to 'False'
[3.101s] Level 5:colcon.colcon_core.verb:set package 'interfaces_pkg' build argument 'cmake_force_configure' from command line to 'False'
[3.101s] Level 5:colcon.colcon_core.verb:set package 'interfaces_pkg' build argument 'ament_cmake_args' from command line to 'None'
[3.101s] Level 5:colcon.colcon_core.verb:set package 'interfaces_pkg' build argument 'catkin_cmake_args' from command line to 'None'
[3.101s] Level 5:colcon.colcon_core.verb:set package 'interfaces_pkg' build argument 'catkin_skip_building_tests' from command line to 'False'
[3.101s] DEBUG:colcon.colcon_core.verb:Building package 'interfaces_pkg' with the following arguments: {'ament_cmake_args': None, 'build_base': '/home/cc/ros2_ws/build/interfaces_pkg', 'catkin_cmake_args': None, 'catkin_skip_building_tests': False, 'cmake_args': None, 'cmake_clean_cache': False, 'cmake_clean_first': False, 'cmake_force_configure': False, 'cmake_target': None, 'cmake_target_skip_unavailable': False, 'install_base': '/home/cc/ros2_ws/install/interfaces_pkg', 'merge_install': False, 'path': '/home/cc/ros2_ws/src/interfaces_pkg', 'symlink_install': True, 'test_result_base': None}
[3.103s] Level 5:colcon.colcon_core.verb:set package 'lidar_perception_pkg' build argument 'cmake_args' from command line to 'None'
[3.103s] Level 5:colcon.colcon_core.verb:set package 'lidar_perception_pkg' build argument 'cmake_target' from command line to 'None'
[3.103s] Level 5:colcon.colcon_core.verb:set package 'lidar_perception_pkg' build argument 'cmake_target_skip_unavailable' from command line to 'False'
[3.103s] Level 5:colcon.colcon_core.verb:set package 'lidar_perception_pkg' build argument 'cmake_clean_cache' from command line to 'False'
[3.103s] Level 5:colcon.colcon_core.verb:set package 'lidar_perception_pkg' build argument 'cmake_clean_first' from command line to 'False'
[3.103s] Level 5:colcon.colcon_core.verb:set package 'lidar_perception_pkg' build argument 'cmake_force_configure' from command line to 'False'
[3.103s] Level 5:colcon.colcon_core.verb:set package 'lidar_perception_pkg' build argument 'ament_cmake_args' from command line to 'None'
[3.104s] Level 5:colcon.colcon_core.verb:set package 'lidar_perception_pkg' build argument 'catkin_cmake_args' from command line to 'None'
[3.104s] Level 5:colcon.colcon_core.verb:set package 'lidar_perception_pkg' build argument 'catkin_skip_building_tests' from command line to 'False'
[3.104s] DEBUG:colcon.colcon_core.verb:Building package 'lidar_perception_pkg' with the following arguments: {'ament_cmake_args': None, 'build_base': '/home/cc/ros2_ws/build/lidar_perception_pkg', 'catkin_cmake_args': None, 'catkin_skip_building_tests': False, 'cmake_args': None, 'cmake_clean_cache': False, 'cmake_clean_first': False, 'cmake_force_configure': False, 'cmake_target': None, 'cmake_target_skip_unavailable': False, 'install_base': '/home/cc/ros2_ws/install/lidar_perception_pkg', 'merge_install': False, 'path': '/home/cc/ros2_ws/src/lidar_perception_pkg', 'symlink_install': True, 'test_result_base': None}
[3.106s] Level 5:colcon.colcon_core.verb:set package 'serial_communication_pkg' build argument 'cmake_args' from command line to 'None'
[3.106s] Level 5:colcon.colcon_core.verb:set package 'serial_communication_pkg' build argument 'cmake_target' from command line to 'None'
[3.106s] Level 5:colcon.colcon_core.verb:set package 'serial_communication_pkg' build argument 'cmake_target_skip_unavailable' from command line to 'False'
[3.106s] Level 5:colcon.colcon_core.verb:set package 'serial_communication_pkg' build argument 'cmake_clean_cache' from command line to 'False'
[3.106s] Level 5:colcon.colcon_core.verb:set package 'serial_communication_pkg' build argument 'cmake_clean_first' from command line to 'False'
[3.106s] Level 5:colcon.colcon_core.verb:set package 'serial_communication_pkg' build argument 'cmake_force_configure' from command line to 'False'
[3.106s] Level 5:colcon.colcon_core.verb:set package 'serial_communication_pkg' build argument 'ament_cmake_args' from command line to 'None'
[3.107s] Level 5:colcon.colcon_core.verb:set package 'serial_communication_pkg' build argument 'catkin_cmake_args' from command line to 'None'
[3.107s] Level 5:colcon.colcon_core.verb:set package 'serial_communication_pkg' build argument 'catkin_skip_building_tests' from command line to 'False'
[3.107s] DEBUG:colcon.colcon_core.verb:Building package 'serial_communication_pkg' with the following arguments: {'ament_cmake_args': None, 'build_base': '/home/cc/ros2_ws/build/serial_communication_pkg', 'catkin_cmake_args': None, 'catkin_skip_building_tests': False, 'cmake_args': None, 'cmake_clean_cache': False, 'cmake_clean_first': False, 'cmake_force_configure': False, 'cmake_target': None, 'cmake_target_skip_unavailable': False, 'install_base': '/home/cc/ros2_ws/install/serial_communication_pkg', 'merge_install': False, 'path': '/home/cc/ros2_ws/src/serial_communication_pkg', 'symlink_install': True, 'test_result_base': None}
[3.108s] Level 5:colcon.colcon_core.verb:set package 'decision_making_pkg' build argument 'cmake_args' from command line to 'None'
[3.109s] Level 5:colcon.colcon_core.verb:set package 'decision_making_pkg' build argument 'cmake_target' from command line to 'None'
[3.109s] Level 5:colcon.colcon_core.verb:set package 'decision_making_pkg' build argument 'cmake_target_skip_unavailable' from command line to 'False'
[3.109s] Level 5:colcon.colcon_core.verb:set package 'decision_making_pkg' build argument 'cmake_clean_cache' from command line to 'False'
[3.109s] Level 5:colcon.colcon_core.verb:set package 'decision_making_pkg' build argument 'cmake_clean_first' from command line to 'False'
[3.109s] Level 5:colcon.colcon_core.verb:set package 'decision_making_pkg' build argument 'cmake_force_configure' from command line to 'False'
[3.109s] Level 5:colcon.colcon_core.verb:set package 'decision_making_pkg' build argument 'ament_cmake_args' from command line to 'None'
[3.109s] Level 5:colcon.colcon_core.verb:set package 'decision_making_pkg' build argument 'catkin_cmake_args' from command line to 'None'
[3.109s] Level 5:colcon.colcon_core.verb:set package 'decision_making_pkg' build argument 'catkin_skip_building_tests' from command line to 'False'
[3.110s] DEBUG:colcon.colcon_core.verb:Building package 'decision_making_pkg' with the following arguments: {'ament_cmake_args': None, 'build_base': '/home/cc/ros2_ws/build/decision_making_pkg', 'catkin_cmake_args': None, 'catkin_skip_building_tests': False, 'cmake_args': None, 'cmake_clean_cache': False, 'cmake_clean_first': False, 'cmake_force_configure': False, 'cmake_target': None, 'cmake_target_skip_unavailable': False, 'install_base': '/home/cc/ros2_ws/install/decision_making_pkg', 'merge_install': False, 'path': '/home/cc/ros2_ws/src/decision_making_pkg', 'symlink_install': True, 'test_result_base': None}
[3.110s] INFO:colcon.colcon_core.executor:Executing jobs using 'parallel' executor
[3.114s] DEBUG:colcon.colcon_parallel_executor.executor.parallel:run_until_complete
[3.115s] INFO:colcon.colcon_ros.task.ament_cmake.build:Building ROS package in '/home/cc/ros2_ws/src/interfaces_pkg' with build type 'ament_cmake'
[3.116s] INFO:colcon.colcon_cmake.task.cmake.build:Building CMake package in '/home/cc/ros2_ws/src/interfaces_pkg'
[3.138s] INFO:colcon.colcon_core.plugin_system:Skipping extension 'colcon_core.shell.bat': Not used on non-Windows systems
[3.140s] INFO:colcon.colcon_core.shell:Skip shell extension 'powershell' for command environment: Not usable outside of PowerShell
[3.141s] DEBUG:colcon.colcon_core.shell:Skip shell extension 'dsv' for command environment
[3.167s] INFO:colcon.colcon_ros.task.ament_python.build:Building ROS package in '/home/cc/ros2_ws/src/camera_perception_pkg' with build type 'ament_python'
[3.168s] Level 1:colcon.colcon_core.shell:create_environment_hook('camera_perception_pkg', 'ament_prefix_path')
[3.170s] INFO:colcon.colcon_core.shell:Creating environment hook '/home/cc/ros2_ws/install/camera_perception_pkg/share/camera_perception_pkg/hook/ament_prefix_path.ps1'
[3.173s] INFO:colcon.colcon_core.shell:Creating environment descriptor '/home/cc/ros2_ws/install/camera_perception_pkg/share/camera_perception_pkg/hook/ament_prefix_path.dsv'
[3.178s] INFO:colcon.colcon_core.shell:Creating environment hook '/home/cc/ros2_ws/install/camera_perception_pkg/share/camera_perception_pkg/hook/ament_prefix_path.sh'
[3.183s] INFO:colcon.colcon_core.shell:Skip shell extension 'powershell' for command environment: Not usable outside of PowerShell
[3.183s] DEBUG:colcon.colcon_core.shell:Skip shell extension 'dsv' for command environment
[3.208s] INFO:colcon.colcon_ros.task.ament_python.build:Building ROS package in '/home/cc/ros2_ws/src/debug_pkg' with build type 'ament_python'
[3.209s] Level 1:colcon.colcon_core.shell:create_environment_hook('debug_pkg', 'ament_prefix_path')
[3.211s] INFO:colcon.colcon_core.shell:Creating environment hook '/home/cc/ros2_ws/install/debug_pkg/share/debug_pkg/hook/ament_prefix_path.ps1'
[3.218s] INFO:colcon.colcon_core.shell:Creating environment descriptor '/home/cc/ros2_ws/install/debug_pkg/share/debug_pkg/hook/ament_prefix_path.dsv'
[3.221s] INFO:colcon.colcon_core.shell:Creating environment hook '/home/cc/ros2_ws/install/debug_pkg/share/debug_pkg/hook/ament_prefix_path.sh'
[3.227s] INFO:colcon.colcon_core.shell:Skip shell extension 'powershell' for command environment: Not usable outside of PowerShell
[3.227s] DEBUG:colcon.colcon_core.shell:Skip shell extension 'dsv' for command environment
[3.250s] INFO:colcon.colcon_ros.task.ament_python.build:Building ROS package in '/home/cc/ros2_ws/src/lidar_perception_pkg' with build type 'ament_python'
[3.251s] Level 1:colcon.colcon_core.shell:create_environment_hook('lidar_perception_pkg', 'ament_prefix_path')
[3.253s] INFO:colcon.colcon_core.shell:Creating environment hook '/home/cc/ros2_ws/install/lidar_perception_pkg/share/lidar_perception_pkg/hook/ament_prefix_path.ps1'
[3.256s] INFO:colcon.colcon_core.shell:Creating environment descriptor '/home/cc/ros2_ws/install/lidar_perception_pkg/share/lidar_perception_pkg/hook/ament_prefix_path.dsv'
[3.258s] INFO:colcon.colcon_core.shell:Creating environment hook '/home/cc/ros2_ws/install/lidar_perception_pkg/share/lidar_perception_pkg/hook/ament_prefix_path.sh'
[3.265s] INFO:colcon.colcon_core.shell:Skip shell extension 'powershell' for command environment: Not usable outside of PowerShell
[3.265s] DEBUG:colcon.colcon_core.shell:Skip shell extension 'dsv' for command environment
[3.317s] DEBUG:colcon.colcon_core.event_handler.log_command:Invoking command in '/home/cc/ros2_ws/build/interfaces_pkg': CMAKE_PREFIX_PATH=${CMAKE_PREFIX_PATH}:/home/cc/ros2_ws/install/serial_communication_pkg:/home/cc/ros2_ws/install/lidar_perception_pkg:/home/cc/ros2_ws/install/decision_making_pkg:/home/cc/ros2_ws/install/debug_pkg:/home/cc/ros2_ws/install/camera_perception_pkg:/opt/ros/humble /usr/bin/cmake --build /home/cc/ros2_ws/build/interfaces_pkg -- -j4 -l4
[6.838s] INFO:colcon.colcon_core.task.python.build:Building Python package in '/home/cc/ros2_ws/src/camera_perception_pkg'
[6.840s] INFO:colcon.colcon_core.shell:Skip shell extension 'powershell' for command environment: Not usable outside of PowerShell
[6.840s] DEBUG:colcon.colcon_core.shell:Skip shell extension 'dsv' for command environment
[8.764s] INFO:colcon.colcon_core.task.python.build:Building Python package in '/home/cc/ros2_ws/src/debug_pkg'
[8.765s] INFO:colcon.colcon_core.shell:Skip shell extension 'powershell' for command environment: Not usable outside of PowerShell
[8.766s] DEBUG:colcon.colcon_core.shell:Skip shell extension 'dsv' for command environment
[10.458s] INFO:colcon.colcon_core.task.python.build:Building Python package in '/home/cc/ros2_ws/src/lidar_perception_pkg'
[10.460s] INFO:colcon.colcon_core.shell:Skip shell extension 'powershell' for command environment: Not usable outside of PowerShell
[10.463s] DEBUG:colcon.colcon_core.shell:Skip shell extension 'dsv' for command environment
[10.501s] DEBUG:colcon.colcon_core.event_handler.log_command:Invoked command in '/home/cc/ros2_ws/build/interfaces_pkg' returned '0': CMAKE_PREFIX_PATH=${CMAKE_PREFIX_PATH}:/home/cc/ros2_ws/install/serial_communication_pkg:/home/cc/ros2_ws/install/lidar_perception_pkg:/home/cc/ros2_ws/install/decision_making_pkg:/home/cc/ros2_ws/install/debug_pkg:/home/cc/ros2_ws/install/camera_perception_pkg:/opt/ros/humble /usr/bin/cmake --build /home/cc/ros2_ws/build/interfaces_pkg -- -j4 -l4
[10.549s] DEBUG:colcon.colcon_core.event_handler.log_command:Invoking command in '/home/cc/ros2_ws/build/interfaces_pkg': CMAKE_PREFIX_PATH=${CMAKE_PREFIX_PATH}:/home/cc/ros2_ws/install/serial_communication_pkg:/home/cc/ros2_ws/install/lidar_perception_pkg:/home/cc/ros2_ws/install/decision_making_pkg:/home/cc/ros2_ws/install/debug_pkg:/home/cc/ros2_ws/install/camera_perception_pkg:/opt/ros/humble /usr/bin/cmake --install /home/cc/ros2_ws/build/interfaces_pkg
[12.162s] Level 1:colcon.colcon_core.environment:create_environment_scripts_only(interfaces_pkg)
[12.165s] DEBUG:colcon.colcon_core.event_handler.log_command:Invoked command in '/home/cc/ros2_ws/build/interfaces_pkg' returned '0': CMAKE_PREFIX_PATH=${CMAKE_PREFIX_PATH}:/home/cc/ros2_ws/install/serial_communication_pkg:/home/cc/ros2_ws/install/lidar_perception_pkg:/home/cc/ros2_ws/install/decision_making_pkg:/home/cc/ros2_ws/install/debug_pkg:/home/cc/ros2_ws/install/camera_perception_pkg:/opt/ros/humble /usr/bin/cmake --install /home/cc/ros2_ws/build/interfaces_pkg
[12.181s] Level 1:colcon.colcon_core.environment:checking '/home/cc/ros2_ws/install/interfaces_pkg' for CMake module files
[12.186s] Level 1:colcon.colcon_core.environment:checking '/home/cc/ros2_ws/install/interfaces_pkg' for CMake config files
[12.219s] Level 1:colcon.colcon_core.shell:create_environment_hook('interfaces_pkg', 'cmake_prefix_path')
[12.221s] INFO:colcon.colcon_core.shell:Creating environment hook '/home/cc/ros2_ws/install/interfaces_pkg/share/interfaces_pkg/hook/cmake_prefix_path.ps1'
[12.233s] INFO:colcon.colcon_core.shell:Creating environment descriptor '/home/cc/ros2_ws/install/interfaces_pkg/share/interfaces_pkg/hook/cmake_prefix_path.dsv'
[12.236s] INFO:colcon.colcon_core.shell:Creating environment hook '/home/cc/ros2_ws/install/interfaces_pkg/share/interfaces_pkg/hook/cmake_prefix_path.sh'
[12.241s] Level 1:colcon.colcon_core.environment:checking '/home/cc/ros2_ws/install/interfaces_pkg/lib'
[12.245s] Level 1:colcon.colcon_core.shell:create_environment_hook('interfaces_pkg', 'ld_library_path_lib')
[12.247s] INFO:colcon.colcon_core.shell:Creating environment hook '/home/cc/ros2_ws/install/interfaces_pkg/share/interfaces_pkg/hook/ld_library_path_lib.ps1'
[12.251s] INFO:colcon.colcon_core.shell:Creating environment descriptor '/home/cc/ros2_ws/install/interfaces_pkg/share/interfaces_pkg/hook/ld_library_path_lib.dsv'
[12.255s] INFO:colcon.colcon_core.shell:Creating environment hook '/home/cc/ros2_ws/install/interfaces_pkg/share/interfaces_pkg/hook/ld_library_path_lib.sh'
[12.260s] Level 1:colcon.colcon_core.environment:checking '/home/cc/ros2_ws/install/interfaces_pkg/bin'
[12.261s] Level 1:colcon.colcon_core.environment:checking '/home/cc/ros2_ws/install/interfaces_pkg/lib/pkgconfig/interfaces_pkg.pc'
[12.263s] Level 1:colcon.colcon_core.environment:checking '/home/cc/ros2_ws/install/interfaces_pkg/lib/python3.10/site-packages'
[12.265s] Level 1:colcon.colcon_core.environment:checking '/home/cc/ros2_ws/install/interfaces_pkg/bin'
[12.268s] INFO:colcon.colcon_core.shell:Creating package script '/home/cc/ros2_ws/install/interfaces_pkg/share/interfaces_pkg/package.ps1'
[12.278s] INFO:colcon.colcon_core.shell:Creating package descriptor '/home/cc/ros2_ws/install/interfaces_pkg/share/interfaces_pkg/package.dsv'
[12.283s] INFO:colcon.colcon_core.shell:Creating package script '/home/cc/ros2_ws/install/interfaces_pkg/share/interfaces_pkg/package.sh'
[12.289s] INFO:colcon.colcon_core.shell:Creating package script '/home/cc/ros2_ws/install/interfaces_pkg/share/interfaces_pkg/package.bash'
[12.297s] INFO:colcon.colcon_core.shell:Creating package script '/home/cc/ros2_ws/install/interfaces_pkg/share/interfaces_pkg/package.zsh'
[12.304s] Level 1:colcon.colcon_core.environment:create_file_with_runtime_dependencies(/home/cc/ros2_ws/install/interfaces_pkg/share/colcon-core/packages/interfaces_pkg)
[12.309s] Level 1:colcon.colcon_core.environment:create_environment_scripts_only(interfaces_pkg)
[12.311s] Level 1:colcon.colcon_core.environment:checking '/home/cc/ros2_ws/install/interfaces_pkg' for CMake module files
[12.318s] Level 1:colcon.colcon_core.environment:checking '/home/cc/ros2_ws/install/interfaces_pkg' for CMake config files
[12.346s] Level 1:colcon.colcon_core.shell:create_environment_hook('interfaces_pkg', 'cmake_prefix_path')
[12.347s] INFO:colcon.colcon_core.shell:Creating environment hook '/home/cc/ros2_ws/install/interfaces_pkg/share/interfaces_pkg/hook/cmake_prefix_path.ps1'
[12.350s] INFO:colcon.colcon_core.shell:Creating environment descriptor '/home/cc/ros2_ws/install/interfaces_pkg/share/interfaces_pkg/hook/cmake_prefix_path.dsv'
[12.354s] INFO:colcon.colcon_core.shell:Creating environment hook '/home/cc/ros2_ws/install/interfaces_pkg/share/interfaces_pkg/hook/cmake_prefix_path.sh'
[12.359s] Level 1:colcon.colcon_core.environment:checking '/home/cc/ros2_ws/install/interfaces_pkg/lib'
[12.360s] Level 1:colcon.colcon_core.shell:create_environment_hook('interfaces_pkg', 'ld_library_path_lib')
[12.369s] INFO:colcon.colcon_core.shell:Creating environment hook '/home/cc/ros2_ws/install/interfaces_pkg/share/interfaces_pkg/hook/ld_library_path_lib.ps1'
[12.373s] INFO:colcon.colcon_core.shell:Creating environment descriptor '/home/cc/ros2_ws/install/interfaces_pkg/share/interfaces_pkg/hook/ld_library_path_lib.dsv'
[12.376s] INFO:colcon.colcon_core.shell:Creating environment hook '/home/cc/ros2_ws/install/interfaces_pkg/share/interfaces_pkg/hook/ld_library_path_lib.sh'
[12.380s] Level 1:colcon.colcon_core.environment:checking '/home/cc/ros2_ws/install/interfaces_pkg/bin'
[12.380s] Level 1:colcon.colcon_core.environment:checking '/home/cc/ros2_ws/install/interfaces_pkg/lib/pkgconfig/interfaces_pkg.pc'
[12.383s] Level 1:colcon.colcon_core.environment:checking '/home/cc/ros2_ws/install/interfaces_pkg/lib/python3.10/site-packages'
[12.384s] Level 1:colcon.colcon_core.environment:checking '/home/cc/ros2_ws/install/interfaces_pkg/bin'
[12.387s] INFO:colcon.colcon_core.shell:Creating package script '/home/cc/ros2_ws/install/interfaces_pkg/share/interfaces_pkg/package.ps1'
[12.392s] INFO:colcon.colcon_core.shell:Creating package descriptor '/home/cc/ros2_ws/install/interfaces_pkg/share/interfaces_pkg/package.dsv'
[12.399s] INFO:colcon.colcon_core.shell:Creating package script '/home/cc/ros2_ws/install/interfaces_pkg/share/interfaces_pkg/package.sh'
[12.405s] INFO:colcon.colcon_core.shell:Creating package script '/home/cc/ros2_ws/install/interfaces_pkg/share/interfaces_pkg/package.bash'
[12.409s] INFO:colcon.colcon_core.shell:Creating package script '/home/cc/ros2_ws/install/interfaces_pkg/share/interfaces_pkg/package.zsh'
[12.413s] Level 1:colcon.colcon_core.environment:create_file_with_runtime_dependencies(/home/cc/ros2_ws/install/interfaces_pkg/share/colcon-core/packages/interfaces_pkg)
[12.419s] INFO:colcon.colcon_ros.task.ament_python.build:Building ROS package in '/home/cc/ros2_ws/src/serial_communication_pkg' with build type 'ament_python'
[12.421s] Level 1:colcon.colcon_core.shell:create_environment_hook('serial_communication_pkg', 'ament_prefix_path')
[12.423s] INFO:colcon.colcon_core.shell:Creating environment hook '/home/cc/ros2_ws/install/serial_communication_pkg/share/serial_communication_pkg/hook/ament_prefix_path.ps1'
[12.428s] INFO:colcon.colcon_core.shell:Creating environment descriptor '/home/cc/ros2_ws/install/serial_communication_pkg/share/serial_communication_pkg/hook/ament_prefix_path.dsv'
[12.432s] INFO:colcon.colcon_core.shell:Creating environment hook '/home/cc/ros2_ws/install/serial_communication_pkg/share/serial_communication_pkg/hook/ament_prefix_path.sh'
[12.437s] INFO:colcon.colcon_core.shell:Skip shell extension 'powershell' for command environment: Not usable outside of PowerShell
[12.438s] DEBUG:colcon.colcon_core.shell:Skip shell extension 'dsv' for command environment
[16.046s] INFO:colcon.colcon_core.task.python.build:Building Python package in '/home/cc/ros2_ws/src/serial_communication_pkg'
[16.047s] INFO:colcon.colcon_core.shell:Skip shell extension 'powershell' for command environment: Not usable outside of PowerShell
[16.047s] DEBUG:colcon.colcon_core.shell:Skip shell extension 'dsv' for command environment
[16.084s] DEBUG:colcon.colcon_core.event_handler.log_command:Invoking command in '/home/cc/ros2_ws/build/debug_pkg': PYTHONPATH=/home/cc/ros2_ws/build/debug_pkg/prefix_override:/usr/lib/python3/dist-packages/colcon_core/task/python/colcon_distutils_commands:/home/cc/ros2_ws/install/debug_pkg/lib/python3.10/site-packages:${PYTHONPATH} /usr/bin/python3 -W ignore:setup.py install is deprecated -W ignore:easy_install command is deprecated setup.py develop --editable --build-directory /home/cc/ros2_ws/build/debug_pkg/build --no-deps symlink_data
[16.100s] DEBUG:colcon.colcon_core.event_handler.log_command:Invoking command in '/home/cc/ros2_ws/build/camera_perception_pkg': PYTHONPATH=/home/cc/ros2_ws/build/camera_perception_pkg/prefix_override:/usr/lib/python3/dist-packages/colcon_core/task/python/colcon_distutils_commands:/home/cc/ros2_ws/install/camera_perception_pkg/lib/python3.10/site-packages:${PYTHONPATH} /usr/bin/python3 -W ignore:setup.py install is deprecated -W ignore:easy_install command is deprecated setup.py develop --editable --build-directory /home/cc/ros2_ws/build/camera_perception_pkg/build --no-deps symlink_data
[16.130s] DEBUG:colcon.colcon_core.event_handler.log_command:Invoking command in '/home/cc/ros2_ws/build/lidar_perception_pkg': PYTHONPATH=/home/cc/ros2_ws/build/lidar_perception_pkg/prefix_override:/usr/lib/python3/dist-packages/colcon_core/task/python/colcon_distutils_commands:/home/cc/ros2_ws/install/lidar_perception_pkg/lib/python3.10/site-packages:${PYTHONPATH} /usr/bin/python3 -W ignore:setup.py install is deprecated -W ignore:easy_install command is deprecated setup.py develop --editable --build-directory /home/cc/ros2_ws/build/lidar_perception_pkg/build --no-deps symlink_data
[23.508s] DEBUG:colcon.colcon_core.event_handler.log_command:Invoking command in '/home/cc/ros2_ws/build/serial_communication_pkg': PYTHONPATH=/home/cc/ros2_ws/build/serial_communication_pkg/prefix_override:/usr/lib/python3/dist-packages/colcon_core/task/python/colcon_distutils_commands:/home/cc/ros2_ws/install/serial_communication_pkg/lib/python3.10/site-packages:${PYTHONPATH} /usr/bin/python3 -W ignore:setup.py install is deprecated -W ignore:easy_install command is deprecated setup.py develop --editable --build-directory /home/cc/ros2_ws/build/serial_communication_pkg/build --no-deps symlink_data
[26.198s] Level 1:colcon.colcon_core.shell:create_environment_hook('debug_pkg', 'pythonpath_develop')
[26.211s] DEBUG:colcon.colcon_core.event_handler.log_command:Invoked command in '/home/cc/ros2_ws/build/debug_pkg' returned '0': PYTHONPATH=/home/cc/ros2_ws/build/debug_pkg/prefix_override:/usr/lib/python3/dist-packages/colcon_core/task/python/colcon_distutils_commands:/home/cc/ros2_ws/install/debug_pkg/lib/python3.10/site-packages:${PYTHONPATH} /usr/bin/python3 -W ignore:setup.py install is deprecated -W ignore:easy_install command is deprecated setup.py develop --editable --build-directory /home/cc/ros2_ws/build/debug_pkg/build --no-deps symlink_data
[26.217s] INFO:colcon.colcon_core.shell:Creating environment hook '/home/cc/ros2_ws/build/debug_pkg/share/debug_pkg/hook/pythonpath_develop.ps1'
[26.251s] INFO:colcon.colcon_core.shell:Creating environment descriptor '/home/cc/ros2_ws/build/debug_pkg/share/debug_pkg/hook/pythonpath_develop.dsv'
[26.273s] INFO:colcon.colcon_core.shell:Creating environment hook '/home/cc/ros2_ws/build/debug_pkg/share/debug_pkg/hook/pythonpath_develop.sh'
[26.291s] Level 1:colcon.colcon_core.environment:checking '/home/cc/ros2_ws/install/debug_pkg' for CMake module files
[26.294s] Level 1:colcon.colcon_core.environment:checking '/home/cc/ros2_ws/install/debug_pkg' for CMake config files
[26.299s] Level 1:colcon.colcon_core.environment:checking '/home/cc/ros2_ws/install/debug_pkg/lib'
[26.301s] Level 1:colcon.colcon_core.environment:checking '/home/cc/ros2_ws/install/debug_pkg/bin'
[26.303s] Level 1:colcon.colcon_core.environment:checking '/home/cc/ros2_ws/install/debug_pkg/lib/pkgconfig/debug_pkg.pc'
[26.307s] Level 1:colcon.colcon_core.environment:checking '/home/cc/ros2_ws/install/debug_pkg/lib/python3.10/site-packages'
[26.309s] Level 1:colcon.colcon_core.shell:create_environment_hook('debug_pkg', 'pythonpath')
[26.312s] INFO:colcon.colcon_core.shell:Creating environment hook '/home/cc/ros2_ws/install/debug_pkg/share/debug_pkg/hook/pythonpath.ps1'
[26.319s] INFO:colcon.colcon_core.shell:Creating environment descriptor '/home/cc/ros2_ws/install/debug_pkg/share/debug_pkg/hook/pythonpath.dsv'
[26.324s] INFO:colcon.colcon_core.shell:Creating environment hook '/home/cc/ros2_ws/install/debug_pkg/share/debug_pkg/hook/pythonpath.sh'
[26.357s] Level 1:colcon.colcon_core.environment:checking '/home/cc/ros2_ws/install/debug_pkg/bin'
[26.358s] Level 1:colcon.colcon_core.environment:create_environment_scripts_only(debug_pkg)
[26.361s] INFO:colcon.colcon_core.shell:Creating package script '/home/cc/ros2_ws/install/debug_pkg/share/debug_pkg/package.ps1'
[26.372s] INFO:colcon.colcon_core.shell:Creating package descriptor '/home/cc/ros2_ws/install/debug_pkg/share/debug_pkg/package.dsv'
[26.376s] INFO:colcon.colcon_core.shell:Creating package script '/home/cc/ros2_ws/install/debug_pkg/share/debug_pkg/package.sh'
[26.380s] INFO:colcon.colcon_core.shell:Creating package script '/home/cc/ros2_ws/install/debug_pkg/share/debug_pkg/package.bash'
[26.383s] INFO:colcon.colcon_core.shell:Creating package script '/home/cc/ros2_ws/install/debug_pkg/share/debug_pkg/package.zsh'
[26.386s] Level 1:colcon.colcon_core.environment:create_file_with_runtime_dependencies(/home/cc/ros2_ws/install/debug_pkg/share/colcon-core/packages/debug_pkg)
[26.389s] INFO:colcon.colcon_ros.task.ament_python.build:Building ROS package in '/home/cc/ros2_ws/src/decision_making_pkg' with build type 'ament_python'
[26.389s] Level 1:colcon.colcon_core.shell:create_environment_hook('decision_making_pkg', 'ament_prefix_path')
[26.391s] INFO:colcon.colcon_core.shell:Creating environment hook '/home/cc/ros2_ws/install/decision_making_pkg/share/decision_making_pkg/hook/ament_prefix_path.ps1'
[26.402s] INFO:colcon.colcon_core.shell:Creating environment descriptor '/home/cc/ros2_ws/install/decision_making_pkg/share/decision_making_pkg/hook/ament_prefix_path.dsv'
[26.406s] INFO:colcon.colcon_core.shell:Creating environment hook '/home/cc/ros2_ws/install/decision_making_pkg/share/decision_making_pkg/hook/ament_prefix_path.sh'
[26.412s] INFO:colcon.colcon_core.shell:Skip shell extension 'powershell' for command environment: Not usable outside of PowerShell
[26.413s] DEBUG:colcon.colcon_core.shell:Skip shell extension 'dsv' for command environment
[32.678s] INFO:colcon.colcon_core.task.python.build:Building Python package in '/home/cc/ros2_ws/src/decision_making_pkg'
[32.683s] INFO:colcon.colcon_core.shell:Skip shell extension 'powershell' for command environment: Not usable outside of PowerShell
[32.685s] DEBUG:colcon.colcon_core.shell:Skip shell extension 'dsv' for command environment
[32.778s] Level 1:colcon.colcon_core.shell:create_environment_hook('camera_perception_pkg', 'pythonpath_develop')
[32.782s] INFO:colcon.colcon_core.shell:Creating environment hook '/home/cc/ros2_ws/build/camera_perception_pkg/share/camera_perception_pkg/hook/pythonpath_develop.ps1'
[32.780s] DEBUG:colcon.colcon_core.event_handler.log_command:Invoked command in '/home/cc/ros2_ws/build/camera_perception_pkg' returned '0': PYTHONPATH=/home/cc/ros2_ws/build/camera_perception_pkg/prefix_override:/usr/lib/python3/dist-packages/colcon_core/task/python/colcon_distutils_commands:/home/cc/ros2_ws/install/camera_perception_pkg/lib/python3.10/site-packages:${PYTHONPATH} /usr/bin/python3 -W ignore:setup.py install is deprecated -W ignore:easy_install command is deprecated setup.py develop --editable --build-directory /home/cc/ros2_ws/build/camera_perception_pkg/build --no-deps symlink_data
[32.796s] INFO:colcon.colcon_core.shell:Creating environment descriptor '/home/cc/ros2_ws/build/camera_perception_pkg/share/camera_perception_pkg/hook/pythonpath_develop.dsv'
[32.816s] INFO:colcon.colcon_core.shell:Creating environment hook '/home/cc/ros2_ws/build/camera_perception_pkg/share/camera_perception_pkg/hook/pythonpath_develop.sh'
[32.825s] Level 1:colcon.colcon_core.environment:checking '/home/cc/ros2_ws/install/camera_perception_pkg' for CMake module files
[32.841s] Level 1:colcon.colcon_core.environment:checking '/home/cc/ros2_ws/install/camera_perception_pkg' for CMake config files
[32.878s] Level 1:colcon.colcon_core.environment:checking '/home/cc/ros2_ws/install/camera_perception_pkg/lib'
[32.882s] Level 1:colcon.colcon_core.environment:checking '/home/cc/ros2_ws/install/camera_perception_pkg/bin'
[32.896s] Level 1:colcon.colcon_core.environment:checking '/home/cc/ros2_ws/install/camera_perception_pkg/lib/pkgconfig/camera_perception_pkg.pc'
[32.898s] Level 1:colcon.colcon_core.environment:checking '/home/cc/ros2_ws/install/camera_perception_pkg/lib/python3.10/site-packages'
[32.899s] Level 1:colcon.colcon_core.shell:create_environment_hook('camera_perception_pkg', 'pythonpath')
[32.906s] INFO:colcon.colcon_core.shell:Creating environment hook '/home/cc/ros2_ws/install/camera_perception_pkg/share/camera_perception_pkg/hook/pythonpath.ps1'
[32.928s] INFO:colcon.colcon_core.shell:Creating environment descriptor '/home/cc/ros2_ws/install/camera_perception_pkg/share/camera_perception_pkg/hook/pythonpath.dsv'
[32.936s] INFO:colcon.colcon_core.shell:Creating environment hook '/home/cc/ros2_ws/install/camera_perception_pkg/share/camera_perception_pkg/hook/pythonpath.sh'
[32.943s] Level 1:colcon.colcon_core.environment:checking '/home/cc/ros2_ws/install/camera_perception_pkg/bin'
[32.944s] Level 1:colcon.colcon_core.environment:create_environment_scripts_only(camera_perception_pkg)
[32.947s] INFO:colcon.colcon_core.shell:Creating package script '/home/cc/ros2_ws/install/camera_perception_pkg/share/camera_perception_pkg/package.ps1'
[32.957s] INFO:colcon.colcon_core.shell:Creating package descriptor '/home/cc/ros2_ws/install/camera_perception_pkg/share/camera_perception_pkg/package.dsv'
[32.963s] INFO:colcon.colcon_core.shell:Creating package script '/home/cc/ros2_ws/install/camera_perception_pkg/share/camera_perception_pkg/package.sh'
[32.967s] INFO:colcon.colcon_core.shell:Creating package script '/home/cc/ros2_ws/install/camera_perception_pkg/share/camera_perception_pkg/package.bash'
[32.973s] INFO:colcon.colcon_core.shell:Creating package script '/home/cc/ros2_ws/install/camera_perception_pkg/share/camera_perception_pkg/package.zsh'
[32.977s] Level 1:colcon.colcon_core.environment:create_file_with_runtime_dependencies(/home/cc/ros2_ws/install/camera_perception_pkg/share/colcon-core/packages/camera_perception_pkg)
[32.981s] Level 1:colcon.colcon_core.shell:create_environment_hook('lidar_perception_pkg', 'pythonpath_develop')
[32.990s] INFO:colcon.colcon_core.shell:Creating environment hook '/home/cc/ros2_ws/build/lidar_perception_pkg/share/lidar_perception_pkg/hook/pythonpath_develop.ps1'
[32.988s] DEBUG:colcon.colcon_core.event_handler.log_command:Invoked command in '/home/cc/ros2_ws/build/lidar_perception_pkg' returned '0': PYTHONPATH=/home/cc/ros2_ws/build/lidar_perception_pkg/prefix_override:/usr/lib/python3/dist-packages/colcon_core/task/python/colcon_distutils_commands:/home/cc/ros2_ws/install/lidar_perception_pkg/lib/python3.10/site-packages:${PYTHONPATH} /usr/bin/python3 -W ignore:setup.py install is deprecated -W ignore:easy_install command is deprecated setup.py develop --editable --build-directory /home/cc/ros2_ws/build/lidar_perception_pkg/build --no-deps symlink_data
[33.011s] INFO:colcon.colcon_core.shell:Creating environment descriptor '/home/cc/ros2_ws/build/lidar_perception_pkg/share/lidar_perception_pkg/hook/pythonpath_develop.dsv'
[33.025s] INFO:colcon.colcon_core.shell:Creating environment hook '/home/cc/ros2_ws/build/lidar_perception_pkg/share/lidar_perception_pkg/hook/pythonpath_develop.sh'
[33.029s] Level 1:colcon.colcon_core.environment:checking '/home/cc/ros2_ws/install/lidar_perception_pkg' for CMake module files
[33.038s] Level 1:colcon.colcon_core.environment:checking '/home/cc/ros2_ws/install/lidar_perception_pkg' for CMake config files
[33.048s] Level 1:colcon.colcon_core.environment:checking '/home/cc/ros2_ws/install/lidar_perception_pkg/lib'
[33.054s] Level 1:colcon.colcon_core.environment:checking '/home/cc/ros2_ws/install/lidar_perception_pkg/bin'
[33.056s] Level 1:colcon.colcon_core.environment:checking '/home/cc/ros2_ws/install/lidar_perception_pkg/lib/pkgconfig/lidar_perception_pkg.pc'
[33.062s] Level 1:colcon.colcon_core.environment:checking '/home/cc/ros2_ws/install/lidar_perception_pkg/lib/python3.10/site-packages'
[33.062s] Level 1:colcon.colcon_core.shell:create_environment_hook('lidar_perception_pkg', 'pythonpath')
[33.064s] INFO:colcon.colcon_core.shell:Creating environment hook '/home/cc/ros2_ws/install/lidar_perception_pkg/share/lidar_perception_pkg/hook/pythonpath.ps1'
[33.074s] INFO:colcon.colcon_core.shell:Creating environment descriptor '/home/cc/ros2_ws/install/lidar_perception_pkg/share/lidar_perception_pkg/hook/pythonpath.dsv'
[33.085s] INFO:colcon.colcon_core.shell:Creating environment hook '/home/cc/ros2_ws/install/lidar_perception_pkg/share/lidar_perception_pkg/hook/pythonpath.sh'
[33.103s] Level 1:colcon.colcon_core.environment:checking '/home/cc/ros2_ws/install/lidar_perception_pkg/bin'
[33.105s] Level 1:colcon.colcon_core.environment:create_environment_scripts_only(lidar_perception_pkg)
[33.108s] INFO:colcon.colcon_core.shell:Creating package script '/home/cc/ros2_ws/install/lidar_perception_pkg/share/lidar_perception_pkg/package.ps1'
[33.146s] INFO:colcon.colcon_core.shell:Creating package descriptor '/home/cc/ros2_ws/install/lidar_perception_pkg/share/lidar_perception_pkg/package.dsv'
[33.159s] INFO:colcon.colcon_core.shell:Creating package script '/home/cc/ros2_ws/install/lidar_perception_pkg/share/lidar_perception_pkg/package.sh'
[33.177s] INFO:colcon.colcon_core.shell:Creating package script '/home/cc/ros2_ws/install/lidar_perception_pkg/share/lidar_perception_pkg/package.bash'
[33.189s] INFO:colcon.colcon_core.shell:Creating package script '/home/cc/ros2_ws/install/lidar_perception_pkg/share/lidar_perception_pkg/package.zsh'
[33.203s] Level 1:colcon.colcon_core.environment:create_file_with_runtime_dependencies(/home/cc/ros2_ws/install/lidar_perception_pkg/share/colcon-core/packages/lidar_perception_pkg)
[35.070s] Level 1:colcon.colcon_core.shell:create_environment_hook('serial_communication_pkg', 'pythonpath_develop')
[35.074s] INFO:colcon.colcon_core.shell:Creating environment hook '/home/cc/ros2_ws/build/serial_communication_pkg/share/serial_communication_pkg/hook/pythonpath_develop.ps1'
[35.072s] DEBUG:colcon.colcon_core.event_handler.log_command:Invoked command in '/home/cc/ros2_ws/build/serial_communication_pkg' returned '0': PYTHONPATH=/home/cc/ros2_ws/build/serial_communication_pkg/prefix_override:/usr/lib/python3/dist-packages/colcon_core/task/python/colcon_distutils_commands:/home/cc/ros2_ws/install/serial_communication_pkg/lib/python3.10/site-packages:${PYTHONPATH} /usr/bin/python3 -W ignore:setup.py install is deprecated -W ignore:easy_install command is deprecated setup.py develop --editable --build-directory /home/cc/ros2_ws/build/serial_communication_pkg/build --no-deps symlink_data
[35.088s] INFO:colcon.colcon_core.shell:Creating environment descriptor '/home/cc/ros2_ws/build/serial_communication_pkg/share/serial_communication_pkg/hook/pythonpath_develop.dsv'
[35.097s] INFO:colcon.colcon_core.shell:Creating environment hook '/home/cc/ros2_ws/build/serial_communication_pkg/share/serial_communication_pkg/hook/pythonpath_develop.sh'
[35.116s] Level 1:colcon.colcon_core.environment:checking '/home/cc/ros2_ws/install/serial_communication_pkg' for CMake module files
[35.128s] Level 1:colcon.colcon_core.environment:checking '/home/cc/ros2_ws/install/serial_communication_pkg' for CMake config files
[35.143s] Level 1:colcon.colcon_core.environment:checking '/home/cc/ros2_ws/install/serial_communication_pkg/lib'
[35.144s] Level 1:colcon.colcon_core.environment:checking '/home/cc/ros2_ws/install/serial_communication_pkg/bin'
[35.145s] Level 1:colcon.colcon_core.environment:checking '/home/cc/ros2_ws/install/serial_communication_pkg/lib/pkgconfig/serial_communication_pkg.pc'
[35.147s] Level 1:colcon.colcon_core.environment:checking '/home/cc/ros2_ws/install/serial_communication_pkg/lib/python3.10/site-packages'
[35.149s] Level 1:colcon.colcon_core.shell:create_environment_hook('serial_communication_pkg', 'pythonpath')
[35.150s] INFO:colcon.colcon_core.shell:Creating environment hook '/home/cc/ros2_ws/install/serial_communication_pkg/share/serial_communication_pkg/hook/pythonpath.ps1'
[35.180s] INFO:colcon.colcon_core.shell:Creating environment descriptor '/home/cc/ros2_ws/install/serial_communication_pkg/share/serial_communication_pkg/hook/pythonpath.dsv'
[35.189s] INFO:colcon.colcon_core.shell:Creating environment hook '/home/cc/ros2_ws/install/serial_communication_pkg/share/serial_communication_pkg/hook/pythonpath.sh'
[35.203s] Level 1:colcon.colcon_core.environment:checking '/home/cc/ros2_ws/install/serial_communication_pkg/bin'
[35.204s] Level 1:colcon.colcon_core.environment:create_environment_scripts_only(serial_communication_pkg)
[35.211s] INFO:colcon.colcon_core.shell:Creating package script '/home/cc/ros2_ws/install/serial_communication_pkg/share/serial_communication_pkg/package.ps1'
[35.217s] INFO:colcon.colcon_core.shell:Creating package descriptor '/home/cc/ros2_ws/install/serial_communication_pkg/share/serial_communication_pkg/package.dsv'
[35.239s] INFO:colcon.colcon_core.shell:Creating package script '/home/cc/ros2_ws/install/serial_communication_pkg/share/serial_communication_pkg/package.sh'
[35.251s] INFO:colcon.colcon_core.shell:Creating package script '/home/cc/ros2_ws/install/serial_communication_pkg/share/serial_communication_pkg/package.bash'
[35.276s] INFO:colcon.colcon_core.shell:Creating package script '/home/cc/ros2_ws/install/serial_communication_pkg/share/serial_communication_pkg/package.zsh'
[35.285s] Level 1:colcon.colcon_core.environment:create_file_with_runtime_dependencies(/home/cc/ros2_ws/install/serial_communication_pkg/share/colcon-core/packages/serial_communication_pkg)
[37.056s] DEBUG:colcon.colcon_core.event_handler.log_command:Invoking command in '/home/cc/ros2_ws/build/decision_making_pkg': LD_LIBRARY_PATH=/home/cc/ros2_ws/install/interfaces_pkg/lib:/opt/ros/humble/opt/rviz_ogre_vendor/lib:/opt/ros/humble/lib/aarch64-linux-gnu:/opt/ros/humble/lib:/opt/ros/humble/opt/rviz_ogre_vendor/lib:/opt/ros/humble/lib/aarch64-linux-gnu:/opt/ros/humble/lib:/opt/ros/humble/opt/rviz_ogre_vendor/lib:/opt/ros/humble/lib/aarch64-linux-gnu:/opt/ros/humble/lib PYTHONPATH=/home/cc/ros2_ws/build/decision_making_pkg/prefix_override:/usr/lib/python3/dist-packages/colcon_core/task/python/colcon_distutils_commands:/home/cc/ros2_ws/install/decision_making_pkg/lib/python3.10/site-packages:${PYTHONPATH} /usr/bin/python3 -W ignore:setup.py install is deprecated -W ignore:easy_install command is deprecated setup.py develop --editable --build-directory /home/cc/ros2_ws/build/decision_making_pkg/build --no-deps symlink_data
[40.955s] Level 1:colcon.colcon_core.shell:create_environment_hook('decision_making_pkg', 'pythonpath_develop')
[40.956s] INFO:colcon.colcon_core.shell:Creating environment hook '/home/cc/ros2_ws/build/decision_making_pkg/share/decision_making_pkg/hook/pythonpath_develop.ps1'
[40.958s] DEBUG:colcon.colcon_core.event_handler.log_command:Invoked command in '/home/cc/ros2_ws/build/decision_making_pkg' returned '0': LD_LIBRARY_PATH=/home/cc/ros2_ws/install/interfaces_pkg/lib:/opt/ros/humble/opt/rviz_ogre_vendor/lib:/opt/ros/humble/lib/aarch64-linux-gnu:/opt/ros/humble/lib:/opt/ros/humble/opt/rviz_ogre_vendor/lib:/opt/ros/humble/lib/aarch64-linux-gnu:/opt/ros/humble/lib:/opt/ros/humble/opt/rviz_ogre_vendor/lib:/opt/ros/humble/lib/aarch64-linux-gnu:/opt/ros/humble/lib PYTHONPATH=/home/cc/ros2_ws/build/decision_making_pkg/prefix_override:/usr/lib/python3/dist-packages/colcon_core/task/python/colcon_distutils_commands:/home/cc/ros2_ws/install/decision_making_pkg/lib/python3.10/site-packages:${PYTHONPATH} /usr/bin/python3 -W ignore:setup.py install is deprecated -W ignore:easy_install command is deprecated setup.py develop --editable --build-directory /home/cc/ros2_ws/build/decision_making_pkg/build --no-deps symlink_data
[40.960s] INFO:colcon.colcon_core.shell:Creating environment descriptor '/home/cc/ros2_ws/build/decision_making_pkg/share/decision_making_pkg/hook/pythonpath_develop.dsv'
[40.963s] INFO:colcon.colcon_core.shell:Creating environment hook '/home/cc/ros2_ws/build/decision_making_pkg/share/decision_making_pkg/hook/pythonpath_develop.sh'
[40.967s] Level 1:colcon.colcon_core.environment:checking '/home/cc/ros2_ws/install/decision_making_pkg' for CMake module files
[40.970s] Level 1:colcon.colcon_core.environment:checking '/home/cc/ros2_ws/install/decision_making_pkg' for CMake config files
[40.973s] Level 1:colcon.colcon_core.environment:checking '/home/cc/ros2_ws/install/decision_making_pkg/lib'
[40.974s] Level 1:colcon.colcon_core.environment:checking '/home/cc/ros2_ws/install/decision_making_pkg/bin'
[40.974s] Level 1:colcon.colcon_core.environment:checking '/home/cc/ros2_ws/install/decision_making_pkg/lib/pkgconfig/decision_making_pkg.pc'
[40.975s] Level 1:colcon.colcon_core.environment:checking '/home/cc/ros2_ws/install/decision_making_pkg/lib/python3.10/site-packages'
[40.976s] Level 1:colcon.colcon_core.shell:create_environment_hook('decision_making_pkg', 'pythonpath')
[40.977s] INFO:colcon.colcon_core.shell:Creating environment hook '/home/cc/ros2_ws/install/decision_making_pkg/share/decision_making_pkg/hook/pythonpath.ps1'
[40.979s] INFO:colcon.colcon_core.shell:Creating environment descriptor '/home/cc/ros2_ws/install/decision_making_pkg/share/decision_making_pkg/hook/pythonpath.dsv'
[40.981s] INFO:colcon.colcon_core.shell:Creating environment hook '/home/cc/ros2_ws/install/decision_making_pkg/share/decision_making_pkg/hook/pythonpath.sh'
[40.984s] Level 1:colcon.colcon_core.environment:checking '/home/cc/ros2_ws/install/decision_making_pkg/bin'
[40.985s] Level 1:colcon.colcon_core.environment:create_environment_scripts_only(decision_making_pkg)
[40.986s] INFO:colcon.colcon_core.shell:Creating package script '/home/cc/ros2_ws/install/decision_making_pkg/share/decision_making_pkg/package.ps1'
[40.989s] INFO:colcon.colcon_core.shell:Creating package descriptor '/home/cc/ros2_ws/install/decision_making_pkg/share/decision_making_pkg/package.dsv'
[40.993s] INFO:colcon.colcon_core.shell:Creating package script '/home/cc/ros2_ws/install/decision_making_pkg/share/decision_making_pkg/package.sh'
[40.998s] INFO:colcon.colcon_core.shell:Creating package script '/home/cc/ros2_ws/install/decision_making_pkg/share/decision_making_pkg/package.bash'
[41.001s] INFO:colcon.colcon_core.shell:Creating package script '/home/cc/ros2_ws/install/decision_making_pkg/share/decision_making_pkg/package.zsh'
[41.004s] Level 1:colcon.colcon_core.environment:create_file_with_runtime_dependencies(/home/cc/ros2_ws/install/decision_making_pkg/share/colcon-core/packages/decision_making_pkg)
[41.005s] DEBUG:colcon.colcon_parallel_executor.executor.parallel:closing loop
[41.007s] DEBUG:colcon.colcon_parallel_executor.executor.parallel:loop closed
[41.008s] DEBUG:colcon.colcon_parallel_executor.executor.parallel:run_until_complete finished with '0'
[41.011s] DEBUG:colcon.colcon_core.event_reactor:joining thread
[41.047s] INFO:colcon.colcon_core.plugin_system:Skipping extension 'colcon_notification.desktop_notification.terminal_notifier': Not used on non-Darwin systems
[41.048s] INFO:colcon.colcon_core.plugin_system:Skipping extension 'colcon_notification.desktop_notification.win32': Not used on non-Windows systems
[41.048s] INFO:colcon.colcon_notification.desktop_notification:Sending desktop notification using 'notify2'
[41.120s] DEBUG:colcon.colcon_core.event_reactor:joined thread
[41.122s] INFO:colcon.colcon_core.shell:Creating prefix script '/home/cc/ros2_ws/install/local_setup.ps1'
[41.131s] INFO:colcon.colcon_core.shell:Creating prefix util module '/home/cc/ros2_ws/install/_local_setup_util_ps1.py'
[41.142s] INFO:colcon.colcon_core.shell:Creating prefix chain script '/home/cc/ros2_ws/install/setup.ps1'
[41.152s] INFO:colcon.colcon_core.shell:Creating prefix script '/home/cc/ros2_ws/install/local_setup.sh'
[41.156s] INFO:colcon.colcon_core.shell:Creating prefix util module '/home/cc/ros2_ws/install/_local_setup_util_sh.py'
[41.160s] INFO:colcon.colcon_core.shell:Creating prefix chain script '/home/cc/ros2_ws/install/setup.sh'
[41.170s] INFO:colcon.colcon_core.shell:Creating prefix script '/home/cc/ros2_ws/install/local_setup.bash'
[41.174s] INFO:colcon.colcon_core.shell:Creating prefix chain script '/home/cc/ros2_ws/install/setup.bash'
[41.185s] INFO:colcon.colcon_core.shell:Creating prefix script '/home/cc/ros2_ws/install/local_setup.zsh'
[41.189s] INFO:colcon.colcon_core.shell:Creating prefix chain script '/home/cc/ros2_ws/install/setup.zsh'
