[0.198s] Invoking command in '/home/cc/ros2_ws/build/interfaces_pkg': CMAKE_PREFIX_PATH=${CMAKE_PREFIX_PATH}:/home/cc/ros2_ws/install/serial_communication_pkg:/home/cc/ros2_ws/install/lidar_perception_pkg:/home/cc/ros2_ws/install/decision_making_pkg:/home/cc/ros2_ws/install/debug_pkg:/home/cc/ros2_ws/install/camera_perception_pkg:/opt/ros/humble /usr/bin/cmake --build /home/cc/ros2_ws/build/interfaces_pkg -- -j4 -l4
[5.678s] [  0%] Built target interfaces_pkg__cpp
[5.679s] [  0%] Built target ament_cmake_python_symlink_interfaces_pkg
[5.679s] [ 12%] Built target interfaces_pkg__rosidl_generator_c
[5.680s] [ 24%] Built target interfaces_pkg__rosidl_typesupport_cpp
[5.681s] [ 36%] Built target interfaces_pkg__rosidl_typesupport_fastrtps_cpp
[5.683s] [ 48%] Built target interfaces_pkg__rosidl_typesupport_introspection_cpp
[5.684s] [ 67%] Built target interfaces_pkg__rosidl_typesupport_introspection_c
[5.684s] [ 72%] Built target interfaces_pkg__rosidl_typesupport_fastrtps_c
[5.684s] [ 84%] Built target interfaces_pkg__rosidl_typesupport_c
[5.685s] [ 84%] Built target interfaces_pkg
[5.686s] [ 85%] Built target interfaces_pkg__py
[5.687s] [ 96%] Built target interfaces_pkg__rosidl_generator_py
[5.692s] [ 97%] Built target interfaces_pkg__rosidl_typesupport_c__pyext
[5.692s] [ 98%] Built target interfaces_pkg__rosidl_typesupport_fastrtps_c__pyext
[5.693s] [100%] Built target interfaces_pkg__rosidl_typesupport_introspection_c__pyext
[5.693s] running egg_info
[5.694s] writing interfaces_pkg.egg-info/PKG-INFO
[5.694s] writing dependency_links to interfaces_pkg.egg-info/dependency_links.txt
[5.694s] writing top-level names to interfaces_pkg.egg-info/top_level.txt
[5.695s] reading manifest file 'interfaces_pkg.egg-info/SOURCES.txt'
[5.695s] writing manifest file 'interfaces_pkg.egg-info/SOURCES.txt'
[5.695s] [100%] Built target ament_cmake_python_build_interfaces_pkg_egg
[7.382s] Invoked command in '/home/cc/ros2_ws/build/interfaces_pkg' returned '0': CMAKE_PREFIX_PATH=${CMAKE_PREFIX_PATH}:/home/cc/ros2_ws/install/serial_communication_pkg:/home/cc/ros2_ws/install/lidar_perception_pkg:/home/cc/ros2_ws/install/decision_making_pkg:/home/cc/ros2_ws/install/debug_pkg:/home/cc/ros2_ws/install/camera_perception_pkg:/opt/ros/humble /usr/bin/cmake --build /home/cc/ros2_ws/build/interfaces_pkg -- -j4 -l4
[7.430s] Invoking command in '/home/cc/ros2_ws/build/interfaces_pkg': CMAKE_PREFIX_PATH=${CMAKE_PREFIX_PATH}:/home/cc/ros2_ws/install/serial_communication_pkg:/home/cc/ros2_ws/install/lidar_perception_pkg:/home/cc/ros2_ws/install/decision_making_pkg:/home/cc/ros2_ws/install/debug_pkg:/home/cc/ros2_ws/install/camera_perception_pkg:/opt/ros/humble /usr/bin/cmake --install /home/cc/ros2_ws/build/interfaces_pkg
[7.467s] -- Install configuration: ""
[7.503s] -- Execute custom install script
[7.507s] -- Up-to-date symlink: /home/cc/ros2_ws/install/interfaces_pkg/share/ament_index/resource_index/rosidl_interfaces/interfaces_pkg
[7.512s] -- Up-to-date symlink: /home/cc/ros2_ws/install/interfaces_pkg/include/interfaces_pkg/interfaces_pkg/msg/bounding_box2_d.h
[7.518s] -- Up-to-date symlink: /home/cc/ros2_ws/install/interfaces_pkg/include/interfaces_pkg/interfaces_pkg/msg/bounding_box3_d.h
[7.522s] -- Up-to-date symlink: /home/cc/ros2_ws/install/interfaces_pkg/include/interfaces_pkg/interfaces_pkg/msg/detail/bounding_box2_d__functions.h
[7.525s] -- Up-to-date symlink: /home/cc/ros2_ws/install/interfaces_pkg/include/interfaces_pkg/interfaces_pkg/msg/detail/bounding_box2_d__struct.h
[7.526s] -- Up-to-date symlink: /home/cc/ros2_ws/install/interfaces_pkg/include/interfaces_pkg/interfaces_pkg/msg/detail/bounding_box2_d__type_support.h
[7.527s] -- Up-to-date symlink: /home/cc/ros2_ws/install/interfaces_pkg/include/interfaces_pkg/interfaces_pkg/msg/detail/bounding_box3_d__functions.h
[7.528s] -- Up-to-date symlink: /home/cc/ros2_ws/install/interfaces_pkg/include/interfaces_pkg/interfaces_pkg/msg/detail/bounding_box3_d__struct.h
[7.532s] -- Up-to-date symlink: /home/cc/ros2_ws/install/interfaces_pkg/include/interfaces_pkg/interfaces_pkg/msg/detail/bounding_box3_d__type_support.h
[7.542s] -- Up-to-date symlink: /home/cc/ros2_ws/install/interfaces_pkg/include/interfaces_pkg/interfaces_pkg/msg/detail/detection__functions.h
[7.542s] -- Up-to-date symlink: /home/cc/ros2_ws/install/interfaces_pkg/include/interfaces_pkg/interfaces_pkg/msg/detail/detection__struct.h
[7.544s] -- Up-to-date symlink: /home/cc/ros2_ws/install/interfaces_pkg/include/interfaces_pkg/interfaces_pkg/msg/detail/detection__type_support.h
[7.548s] -- Up-to-date symlink: /home/cc/ros2_ws/install/interfaces_pkg/include/interfaces_pkg/interfaces_pkg/msg/detail/detection_array__functions.h
[7.549s] -- Up-to-date symlink: /home/cc/ros2_ws/install/interfaces_pkg/include/interfaces_pkg/interfaces_pkg/msg/detail/detection_array__struct.h
[7.550s] -- Up-to-date symlink: /home/cc/ros2_ws/install/interfaces_pkg/include/interfaces_pkg/interfaces_pkg/msg/detail/detection_array__type_support.h
[7.550s] -- Up-to-date symlink: /home/cc/ros2_ws/install/interfaces_pkg/include/interfaces_pkg/interfaces_pkg/msg/detail/key_point2_d__functions.h
[7.551s] -- Up-to-date symlink: /home/cc/ros2_ws/install/interfaces_pkg/include/interfaces_pkg/interfaces_pkg/msg/detail/key_point2_d__struct.h
[7.555s] -- Up-to-date symlink: /home/cc/ros2_ws/install/interfaces_pkg/include/interfaces_pkg/interfaces_pkg/msg/detail/key_point2_d__type_support.h
[7.558s] -- Up-to-date symlink: /home/cc/ros2_ws/install/interfaces_pkg/include/interfaces_pkg/interfaces_pkg/msg/detail/key_point2_d_array__functions.h
[7.558s] -- Up-to-date symlink: /home/cc/ros2_ws/install/interfaces_pkg/include/interfaces_pkg/interfaces_pkg/msg/detail/key_point2_d_array__struct.h
[7.563s] -- Up-to-date symlink: /home/cc/ros2_ws/install/interfaces_pkg/include/interfaces_pkg/interfaces_pkg/msg/detail/key_point2_d_array__type_support.h
[7.563s] -- Up-to-date symlink: /home/cc/ros2_ws/install/interfaces_pkg/include/interfaces_pkg/interfaces_pkg/msg/detail/key_point3_d__functions.h
[7.564s] -- Up-to-date symlink: /home/cc/ros2_ws/install/interfaces_pkg/include/interfaces_pkg/interfaces_pkg/msg/detail/key_point3_d__struct.h
[7.567s] -- Up-to-date symlink: /home/cc/ros2_ws/install/interfaces_pkg/include/interfaces_pkg/interfaces_pkg/msg/detail/key_point3_d__type_support.h
[7.567s] -- Up-to-date symlink: /home/cc/ros2_ws/install/interfaces_pkg/include/interfaces_pkg/interfaces_pkg/msg/detail/key_point3_d_array__functions.h
[7.568s] -- Up-to-date symlink: /home/cc/ros2_ws/install/interfaces_pkg/include/interfaces_pkg/interfaces_pkg/msg/detail/key_point3_d_array__struct.h
[7.568s] -- Up-to-date symlink: /home/cc/ros2_ws/install/interfaces_pkg/include/interfaces_pkg/interfaces_pkg/msg/detail/key_point3_d_array__type_support.h
[7.569s] -- Up-to-date symlink: /home/cc/ros2_ws/install/interfaces_pkg/include/interfaces_pkg/interfaces_pkg/msg/detail/lane_info__functions.h
[7.574s] -- Up-to-date symlink: /home/cc/ros2_ws/install/interfaces_pkg/include/interfaces_pkg/interfaces_pkg/msg/detail/lane_info__struct.h
[7.575s] -- Up-to-date symlink: /home/cc/ros2_ws/install/interfaces_pkg/include/interfaces_pkg/interfaces_pkg/msg/detail/lane_info__type_support.h
[7.579s] -- Up-to-date symlink: /home/cc/ros2_ws/install/interfaces_pkg/include/interfaces_pkg/interfaces_pkg/msg/detail/mask__functions.h
[7.581s] -- Up-to-date symlink: /home/cc/ros2_ws/install/interfaces_pkg/include/interfaces_pkg/interfaces_pkg/msg/detail/mask__struct.h
[7.582s] -- Up-to-date symlink: /home/cc/ros2_ws/install/interfaces_pkg/include/interfaces_pkg/interfaces_pkg/msg/detail/mask__type_support.h
[7.582s] -- Up-to-date symlink: /home/cc/ros2_ws/install/interfaces_pkg/include/interfaces_pkg/interfaces_pkg/msg/detail/motion_command__functions.h
[7.587s] -- Up-to-date symlink: /home/cc/ros2_ws/install/interfaces_pkg/include/interfaces_pkg/interfaces_pkg/msg/detail/motion_command__struct.h
[7.589s] -- Up-to-date symlink: /home/cc/ros2_ws/install/interfaces_pkg/include/interfaces_pkg/interfaces_pkg/msg/detail/motion_command__type_support.h
[7.595s] -- Up-to-date symlink: /home/cc/ros2_ws/install/interfaces_pkg/include/interfaces_pkg/interfaces_pkg/msg/detail/path_planning_result__functions.h
[7.596s] -- Up-to-date symlink: /home/cc/ros2_ws/install/interfaces_pkg/include/interfaces_pkg/interfaces_pkg/msg/detail/path_planning_result__struct.h
[7.599s] -- Up-to-date symlink: /home/cc/ros2_ws/install/interfaces_pkg/include/interfaces_pkg/interfaces_pkg/msg/detail/path_planning_result__type_support.h
[7.600s] -- Up-to-date symlink: /home/cc/ros2_ws/install/interfaces_pkg/include/interfaces_pkg/interfaces_pkg/msg/detail/point2_d__functions.h
[7.600s] -- Up-to-date symlink: /home/cc/ros2_ws/install/interfaces_pkg/include/interfaces_pkg/interfaces_pkg/msg/detail/point2_d__struct.h
[7.605s] -- Up-to-date symlink: /home/cc/ros2_ws/install/interfaces_pkg/include/interfaces_pkg/interfaces_pkg/msg/detail/point2_d__type_support.h
[7.609s] -- Up-to-date symlink: /home/cc/ros2_ws/install/interfaces_pkg/include/interfaces_pkg/interfaces_pkg/msg/detail/pose2_d__functions.h
[7.613s] -- Up-to-date symlink: /home/cc/ros2_ws/install/interfaces_pkg/include/interfaces_pkg/interfaces_pkg/msg/detail/pose2_d__struct.h
[7.616s] -- Up-to-date symlink: /home/cc/ros2_ws/install/interfaces_pkg/include/interfaces_pkg/interfaces_pkg/msg/detail/pose2_d__type_support.h
[7.620s] -- Up-to-date symlink: /home/cc/ros2_ws/install/interfaces_pkg/include/interfaces_pkg/interfaces_pkg/msg/detail/target_point__functions.h
[7.622s] -- Up-to-date symlink: /home/cc/ros2_ws/install/interfaces_pkg/include/interfaces_pkg/interfaces_pkg/msg/detail/target_point__struct.h
[7.625s] -- Up-to-date symlink: /home/cc/ros2_ws/install/interfaces_pkg/include/interfaces_pkg/interfaces_pkg/msg/detail/target_point__type_support.h
[7.628s] -- Up-to-date symlink: /home/cc/ros2_ws/install/interfaces_pkg/include/interfaces_pkg/interfaces_pkg/msg/detail/vector2__functions.h
[7.631s] -- Up-to-date symlink: /home/cc/ros2_ws/install/interfaces_pkg/include/interfaces_pkg/interfaces_pkg/msg/detail/vector2__struct.h
[7.633s] -- Up-to-date symlink: /home/cc/ros2_ws/install/interfaces_pkg/include/interfaces_pkg/interfaces_pkg/msg/detail/vector2__type_support.h
[7.636s] -- Up-to-date symlink: /home/cc/ros2_ws/install/interfaces_pkg/include/interfaces_pkg/interfaces_pkg/msg/detection.h
[7.639s] -- Up-to-date symlink: /home/cc/ros2_ws/install/interfaces_pkg/include/interfaces_pkg/interfaces_pkg/msg/detection_array.h
[7.641s] -- Up-to-date symlink: /home/cc/ros2_ws/install/interfaces_pkg/include/interfaces_pkg/interfaces_pkg/msg/key_point2_d.h
[7.644s] -- Up-to-date symlink: /home/cc/ros2_ws/install/interfaces_pkg/include/interfaces_pkg/interfaces_pkg/msg/key_point2_d_array.h
[7.648s] -- Up-to-date symlink: /home/cc/ros2_ws/install/interfaces_pkg/include/interfaces_pkg/interfaces_pkg/msg/key_point3_d.h
[7.651s] -- Up-to-date symlink: /home/cc/ros2_ws/install/interfaces_pkg/include/interfaces_pkg/interfaces_pkg/msg/key_point3_d_array.h
[7.654s] -- Up-to-date symlink: /home/cc/ros2_ws/install/interfaces_pkg/include/interfaces_pkg/interfaces_pkg/msg/lane_info.h
[7.657s] -- Up-to-date symlink: /home/cc/ros2_ws/install/interfaces_pkg/include/interfaces_pkg/interfaces_pkg/msg/mask.h
[7.661s] -- Up-to-date symlink: /home/cc/ros2_ws/install/interfaces_pkg/include/interfaces_pkg/interfaces_pkg/msg/motion_command.h
[7.664s] -- Up-to-date symlink: /home/cc/ros2_ws/install/interfaces_pkg/include/interfaces_pkg/interfaces_pkg/msg/path_planning_result.h
[7.667s] -- Up-to-date symlink: /home/cc/ros2_ws/install/interfaces_pkg/include/interfaces_pkg/interfaces_pkg/msg/point2_d.h
[7.670s] -- Up-to-date symlink: /home/cc/ros2_ws/install/interfaces_pkg/include/interfaces_pkg/interfaces_pkg/msg/pose2_d.h
[7.673s] -- Up-to-date symlink: /home/cc/ros2_ws/install/interfaces_pkg/include/interfaces_pkg/interfaces_pkg/msg/rosidl_generator_c__visibility_control.h
[7.676s] -- Up-to-date symlink: /home/cc/ros2_ws/install/interfaces_pkg/include/interfaces_pkg/interfaces_pkg/msg/target_point.h
[7.680s] -- Up-to-date symlink: /home/cc/ros2_ws/install/interfaces_pkg/include/interfaces_pkg/interfaces_pkg/msg/vector2.h
[7.685s] -- Up-to-date symlink: /home/cc/ros2_ws/install/interfaces_pkg/share/interfaces_pkg/environment/library_path.sh
[7.688s] -- Up-to-date symlink: /home/cc/ros2_ws/install/interfaces_pkg/share/interfaces_pkg/environment/library_path.dsv
[7.698s] -- Up-to-date symlink: /home/cc/ros2_ws/install/interfaces_pkg/include/interfaces_pkg/interfaces_pkg/msg/detail/bounding_box2_d__rosidl_typesupport_fastrtps_c.h
[7.701s] -- Up-to-date symlink: /home/cc/ros2_ws/install/interfaces_pkg/include/interfaces_pkg/interfaces_pkg/msg/detail/bounding_box3_d__rosidl_typesupport_fastrtps_c.h
[7.704s] -- Up-to-date symlink: /home/cc/ros2_ws/install/interfaces_pkg/include/interfaces_pkg/interfaces_pkg/msg/detail/detection__rosidl_typesupport_fastrtps_c.h
[7.706s] -- Up-to-date symlink: /home/cc/ros2_ws/install/interfaces_pkg/include/interfaces_pkg/interfaces_pkg/msg/detail/detection_array__rosidl_typesupport_fastrtps_c.h
[7.709s] -- Up-to-date symlink: /home/cc/ros2_ws/install/interfaces_pkg/include/interfaces_pkg/interfaces_pkg/msg/detail/key_point2_d__rosidl_typesupport_fastrtps_c.h
[7.712s] -- Up-to-date symlink: /home/cc/ros2_ws/install/interfaces_pkg/include/interfaces_pkg/interfaces_pkg/msg/detail/key_point2_d_array__rosidl_typesupport_fastrtps_c.h
[7.714s] -- Up-to-date symlink: /home/cc/ros2_ws/install/interfaces_pkg/include/interfaces_pkg/interfaces_pkg/msg/detail/key_point3_d__rosidl_typesupport_fastrtps_c.h
[7.717s] -- Up-to-date symlink: /home/cc/ros2_ws/install/interfaces_pkg/include/interfaces_pkg/interfaces_pkg/msg/detail/key_point3_d_array__rosidl_typesupport_fastrtps_c.h
[7.720s] -- Up-to-date symlink: /home/cc/ros2_ws/install/interfaces_pkg/include/interfaces_pkg/interfaces_pkg/msg/detail/lane_info__rosidl_typesupport_fastrtps_c.h
[7.722s] -- Up-to-date symlink: /home/cc/ros2_ws/install/interfaces_pkg/include/interfaces_pkg/interfaces_pkg/msg/detail/mask__rosidl_typesupport_fastrtps_c.h
[7.725s] -- Up-to-date symlink: /home/cc/ros2_ws/install/interfaces_pkg/include/interfaces_pkg/interfaces_pkg/msg/detail/motion_command__rosidl_typesupport_fastrtps_c.h
[7.728s] -- Up-to-date symlink: /home/cc/ros2_ws/install/interfaces_pkg/include/interfaces_pkg/interfaces_pkg/msg/detail/path_planning_result__rosidl_typesupport_fastrtps_c.h
[7.731s] -- Up-to-date symlink: /home/cc/ros2_ws/install/interfaces_pkg/include/interfaces_pkg/interfaces_pkg/msg/detail/point2_d__rosidl_typesupport_fastrtps_c.h
[7.733s] -- Up-to-date symlink: /home/cc/ros2_ws/install/interfaces_pkg/include/interfaces_pkg/interfaces_pkg/msg/detail/pose2_d__rosidl_typesupport_fastrtps_c.h
[7.736s] -- Up-to-date symlink: /home/cc/ros2_ws/install/interfaces_pkg/include/interfaces_pkg/interfaces_pkg/msg/detail/target_point__rosidl_typesupport_fastrtps_c.h
[7.738s] -- Up-to-date symlink: /home/cc/ros2_ws/install/interfaces_pkg/include/interfaces_pkg/interfaces_pkg/msg/detail/vector2__rosidl_typesupport_fastrtps_c.h
[7.741s] -- Up-to-date symlink: /home/cc/ros2_ws/install/interfaces_pkg/include/interfaces_pkg/interfaces_pkg/msg/rosidl_typesupport_fastrtps_c__visibility_control.h
[7.751s] -- Up-to-date symlink: /home/cc/ros2_ws/install/interfaces_pkg/include/interfaces_pkg/interfaces_pkg/msg/detail/bounding_box2_d__rosidl_typesupport_introspection_c.h
[7.754s] -- Up-to-date symlink: /home/cc/ros2_ws/install/interfaces_pkg/include/interfaces_pkg/interfaces_pkg/msg/detail/bounding_box3_d__rosidl_typesupport_introspection_c.h
[7.758s] -- Up-to-date symlink: /home/cc/ros2_ws/install/interfaces_pkg/include/interfaces_pkg/interfaces_pkg/msg/detail/detection__rosidl_typesupport_introspection_c.h
[7.761s] -- Up-to-date symlink: /home/cc/ros2_ws/install/interfaces_pkg/include/interfaces_pkg/interfaces_pkg/msg/detail/detection_array__rosidl_typesupport_introspection_c.h
[7.764s] -- Up-to-date symlink: /home/cc/ros2_ws/install/interfaces_pkg/include/interfaces_pkg/interfaces_pkg/msg/detail/key_point2_d__rosidl_typesupport_introspection_c.h
[7.780s] -- Up-to-date symlink: /home/cc/ros2_ws/install/interfaces_pkg/include/interfaces_pkg/interfaces_pkg/msg/detail/key_point2_d_array__rosidl_typesupport_introspection_c.h
[7.786s] -- Up-to-date symlink: /home/cc/ros2_ws/install/interfaces_pkg/include/interfaces_pkg/interfaces_pkg/msg/detail/key_point3_d__rosidl_typesupport_introspection_c.h
[7.791s] -- Up-to-date symlink: /home/cc/ros2_ws/install/interfaces_pkg/include/interfaces_pkg/interfaces_pkg/msg/detail/key_point3_d_array__rosidl_typesupport_introspection_c.h
[7.796s] -- Up-to-date symlink: /home/cc/ros2_ws/install/interfaces_pkg/include/interfaces_pkg/interfaces_pkg/msg/detail/lane_info__rosidl_typesupport_introspection_c.h
[7.799s] -- Up-to-date symlink: /home/cc/ros2_ws/install/interfaces_pkg/include/interfaces_pkg/interfaces_pkg/msg/detail/mask__rosidl_typesupport_introspection_c.h
[7.802s] -- Up-to-date symlink: /home/cc/ros2_ws/install/interfaces_pkg/include/interfaces_pkg/interfaces_pkg/msg/detail/motion_command__rosidl_typesupport_introspection_c.h
[7.804s] -- Up-to-date symlink: /home/cc/ros2_ws/install/interfaces_pkg/include/interfaces_pkg/interfaces_pkg/msg/detail/path_planning_result__rosidl_typesupport_introspection_c.h
[7.807s] -- Up-to-date symlink: /home/cc/ros2_ws/install/interfaces_pkg/include/interfaces_pkg/interfaces_pkg/msg/detail/point2_d__rosidl_typesupport_introspection_c.h
[7.810s] -- Up-to-date symlink: /home/cc/ros2_ws/install/interfaces_pkg/include/interfaces_pkg/interfaces_pkg/msg/detail/pose2_d__rosidl_typesupport_introspection_c.h
[7.813s] -- Up-to-date symlink: /home/cc/ros2_ws/install/interfaces_pkg/include/interfaces_pkg/interfaces_pkg/msg/detail/target_point__rosidl_typesupport_introspection_c.h
[7.815s] -- Up-to-date symlink: /home/cc/ros2_ws/install/interfaces_pkg/include/interfaces_pkg/interfaces_pkg/msg/detail/vector2__rosidl_typesupport_introspection_c.h
[7.818s] -- Up-to-date symlink: /home/cc/ros2_ws/install/interfaces_pkg/include/interfaces_pkg/interfaces_pkg/msg/rosidl_typesupport_introspection_c__visibility_control.h
[7.828s] -- Up-to-date symlink: /home/cc/ros2_ws/install/interfaces_pkg/include/interfaces_pkg/interfaces_pkg/msg/bounding_box2_d.hpp
[7.830s] -- Up-to-date symlink: /home/cc/ros2_ws/install/interfaces_pkg/include/interfaces_pkg/interfaces_pkg/msg/bounding_box3_d.hpp
[7.833s] -- Up-to-date symlink: /home/cc/ros2_ws/install/interfaces_pkg/include/interfaces_pkg/interfaces_pkg/msg/detail/bounding_box2_d__builder.hpp
[7.836s] -- Up-to-date symlink: /home/cc/ros2_ws/install/interfaces_pkg/include/interfaces_pkg/interfaces_pkg/msg/detail/bounding_box2_d__struct.hpp
[7.838s] -- Up-to-date symlink: /home/cc/ros2_ws/install/interfaces_pkg/include/interfaces_pkg/interfaces_pkg/msg/detail/bounding_box2_d__traits.hpp
[7.840s] -- Up-to-date symlink: /home/cc/ros2_ws/install/interfaces_pkg/include/interfaces_pkg/interfaces_pkg/msg/detail/bounding_box2_d__type_support.hpp
[7.843s] -- Up-to-date symlink: /home/cc/ros2_ws/install/interfaces_pkg/include/interfaces_pkg/interfaces_pkg/msg/detail/bounding_box3_d__builder.hpp
[7.845s] -- Up-to-date symlink: /home/cc/ros2_ws/install/interfaces_pkg/include/interfaces_pkg/interfaces_pkg/msg/detail/bounding_box3_d__struct.hpp
[7.849s] -- Up-to-date symlink: /home/cc/ros2_ws/install/interfaces_pkg/include/interfaces_pkg/interfaces_pkg/msg/detail/bounding_box3_d__traits.hpp
[7.852s] -- Up-to-date symlink: /home/cc/ros2_ws/install/interfaces_pkg/include/interfaces_pkg/interfaces_pkg/msg/detail/bounding_box3_d__type_support.hpp
[7.854s] -- Up-to-date symlink: /home/cc/ros2_ws/install/interfaces_pkg/include/interfaces_pkg/interfaces_pkg/msg/detail/detection__builder.hpp
[7.856s] -- Up-to-date symlink: /home/cc/ros2_ws/install/interfaces_pkg/include/interfaces_pkg/interfaces_pkg/msg/detail/detection__struct.hpp
[7.860s] -- Up-to-date symlink: /home/cc/ros2_ws/install/interfaces_pkg/include/interfaces_pkg/interfaces_pkg/msg/detail/detection__traits.hpp
[7.862s] -- Up-to-date symlink: /home/cc/ros2_ws/install/interfaces_pkg/include/interfaces_pkg/interfaces_pkg/msg/detail/detection__type_support.hpp
[7.864s] -- Up-to-date symlink: /home/cc/ros2_ws/install/interfaces_pkg/include/interfaces_pkg/interfaces_pkg/msg/detail/detection_array__builder.hpp
[7.885s] -- Up-to-date symlink: /home/cc/ros2_ws/install/interfaces_pkg/include/interfaces_pkg/interfaces_pkg/msg/detail/detection_array__struct.hpp
[7.888s] -- Up-to-date symlink: /home/cc/ros2_ws/install/interfaces_pkg/include/interfaces_pkg/interfaces_pkg/msg/detail/detection_array__traits.hpp
[7.890s] -- Up-to-date symlink: /home/cc/ros2_ws/install/interfaces_pkg/include/interfaces_pkg/interfaces_pkg/msg/detail/detection_array__type_support.hpp
[7.896s] -- Up-to-date symlink: /home/cc/ros2_ws/install/interfaces_pkg/include/interfaces_pkg/interfaces_pkg/msg/detail/key_point2_d__builder.hpp
[7.897s] -- Up-to-date symlink: /home/cc/ros2_ws/install/interfaces_pkg/include/interfaces_pkg/interfaces_pkg/msg/detail/key_point2_d__struct.hpp
[7.898s] -- Up-to-date symlink: /home/cc/ros2_ws/install/interfaces_pkg/include/interfaces_pkg/interfaces_pkg/msg/detail/key_point2_d__traits.hpp
[7.900s] -- Up-to-date symlink: /home/cc/ros2_ws/install/interfaces_pkg/include/interfaces_pkg/interfaces_pkg/msg/detail/key_point2_d__type_support.hpp
[7.914s] -- Up-to-date symlink: /home/cc/ros2_ws/install/interfaces_pkg/include/interfaces_pkg/interfaces_pkg/msg/detail/key_point2_d_array__builder.hpp
[7.916s] -- Up-to-date symlink: /home/cc/ros2_ws/install/interfaces_pkg/include/interfaces_pkg/interfaces_pkg/msg/detail/key_point2_d_array__struct.hpp
[7.917s] -- Up-to-date symlink: /home/cc/ros2_ws/install/interfaces_pkg/include/interfaces_pkg/interfaces_pkg/msg/detail/key_point2_d_array__traits.hpp
[7.917s] -- Up-to-date symlink: /home/cc/ros2_ws/install/interfaces_pkg/include/interfaces_pkg/interfaces_pkg/msg/detail/key_point2_d_array__type_support.hpp
[7.918s] -- Up-to-date symlink: /home/cc/ros2_ws/install/interfaces_pkg/include/interfaces_pkg/interfaces_pkg/msg/detail/key_point3_d__builder.hpp
[7.919s] -- Up-to-date symlink: /home/cc/ros2_ws/install/interfaces_pkg/include/interfaces_pkg/interfaces_pkg/msg/detail/key_point3_d__struct.hpp
[7.919s] -- Up-to-date symlink: /home/cc/ros2_ws/install/interfaces_pkg/include/interfaces_pkg/interfaces_pkg/msg/detail/key_point3_d__traits.hpp
[7.920s] -- Up-to-date symlink: /home/cc/ros2_ws/install/interfaces_pkg/include/interfaces_pkg/interfaces_pkg/msg/detail/key_point3_d__type_support.hpp
[7.921s] -- Up-to-date symlink: /home/cc/ros2_ws/install/interfaces_pkg/include/interfaces_pkg/interfaces_pkg/msg/detail/key_point3_d_array__builder.hpp
[7.927s] -- Up-to-date symlink: /home/cc/ros2_ws/install/interfaces_pkg/include/interfaces_pkg/interfaces_pkg/msg/detail/key_point3_d_array__struct.hpp
[7.928s] -- Up-to-date symlink: /home/cc/ros2_ws/install/interfaces_pkg/include/interfaces_pkg/interfaces_pkg/msg/detail/key_point3_d_array__traits.hpp
[7.930s] -- Up-to-date symlink: /home/cc/ros2_ws/install/interfaces_pkg/include/interfaces_pkg/interfaces_pkg/msg/detail/key_point3_d_array__type_support.hpp
[7.933s] -- Up-to-date symlink: /home/cc/ros2_ws/install/interfaces_pkg/include/interfaces_pkg/interfaces_pkg/msg/detail/lane_info__builder.hpp
[7.935s] -- Up-to-date symlink: /home/cc/ros2_ws/install/interfaces_pkg/include/interfaces_pkg/interfaces_pkg/msg/detail/lane_info__struct.hpp
[7.938s] -- Up-to-date symlink: /home/cc/ros2_ws/install/interfaces_pkg/include/interfaces_pkg/interfaces_pkg/msg/detail/lane_info__traits.hpp
[7.941s] -- Up-to-date symlink: /home/cc/ros2_ws/install/interfaces_pkg/include/interfaces_pkg/interfaces_pkg/msg/detail/lane_info__type_support.hpp
[7.944s] -- Up-to-date symlink: /home/cc/ros2_ws/install/interfaces_pkg/include/interfaces_pkg/interfaces_pkg/msg/detail/mask__builder.hpp
[7.947s] -- Up-to-date symlink: /home/cc/ros2_ws/install/interfaces_pkg/include/interfaces_pkg/interfaces_pkg/msg/detail/mask__struct.hpp
[7.951s] -- Up-to-date symlink: /home/cc/ros2_ws/install/interfaces_pkg/include/interfaces_pkg/interfaces_pkg/msg/detail/mask__traits.hpp
[7.954s] -- Up-to-date symlink: /home/cc/ros2_ws/install/interfaces_pkg/include/interfaces_pkg/interfaces_pkg/msg/detail/mask__type_support.hpp
[7.957s] -- Up-to-date symlink: /home/cc/ros2_ws/install/interfaces_pkg/include/interfaces_pkg/interfaces_pkg/msg/detail/motion_command__builder.hpp
[7.961s] -- Up-to-date symlink: /home/cc/ros2_ws/install/interfaces_pkg/include/interfaces_pkg/interfaces_pkg/msg/detail/motion_command__struct.hpp
[7.964s] -- Up-to-date symlink: /home/cc/ros2_ws/install/interfaces_pkg/include/interfaces_pkg/interfaces_pkg/msg/detail/motion_command__traits.hpp
[7.967s] -- Up-to-date symlink: /home/cc/ros2_ws/install/interfaces_pkg/include/interfaces_pkg/interfaces_pkg/msg/detail/motion_command__type_support.hpp
[7.969s] -- Up-to-date symlink: /home/cc/ros2_ws/install/interfaces_pkg/include/interfaces_pkg/interfaces_pkg/msg/detail/path_planning_result__builder.hpp
[7.972s] -- Up-to-date symlink: /home/cc/ros2_ws/install/interfaces_pkg/include/interfaces_pkg/interfaces_pkg/msg/detail/path_planning_result__struct.hpp
[7.981s] -- Up-to-date symlink: /home/cc/ros2_ws/install/interfaces_pkg/include/interfaces_pkg/interfaces_pkg/msg/detail/path_planning_result__traits.hpp
[7.986s] -- Up-to-date symlink: /home/cc/ros2_ws/install/interfaces_pkg/include/interfaces_pkg/interfaces_pkg/msg/detail/path_planning_result__type_support.hpp
[7.989s] -- Up-to-date symlink: /home/cc/ros2_ws/install/interfaces_pkg/include/interfaces_pkg/interfaces_pkg/msg/detail/point2_d__builder.hpp
[7.993s] -- Up-to-date symlink: /home/cc/ros2_ws/install/interfaces_pkg/include/interfaces_pkg/interfaces_pkg/msg/detail/point2_d__struct.hpp
[7.997s] -- Up-to-date symlink: /home/cc/ros2_ws/install/interfaces_pkg/include/interfaces_pkg/interfaces_pkg/msg/detail/point2_d__traits.hpp
[8.000s] -- Up-to-date symlink: /home/cc/ros2_ws/install/interfaces_pkg/include/interfaces_pkg/interfaces_pkg/msg/detail/point2_d__type_support.hpp
[8.002s] -- Up-to-date symlink: /home/cc/ros2_ws/install/interfaces_pkg/include/interfaces_pkg/interfaces_pkg/msg/detail/pose2_d__builder.hpp
[8.015s] -- Up-to-date symlink: /home/cc/ros2_ws/install/interfaces_pkg/include/interfaces_pkg/interfaces_pkg/msg/detail/pose2_d__struct.hpp
[8.021s] -- Up-to-date symlink: /home/cc/ros2_ws/install/interfaces_pkg/include/interfaces_pkg/interfaces_pkg/msg/detail/pose2_d__traits.hpp
[8.023s] -- Up-to-date symlink: /home/cc/ros2_ws/install/interfaces_pkg/include/interfaces_pkg/interfaces_pkg/msg/detail/pose2_d__type_support.hpp
[8.027s] -- Up-to-date symlink: /home/cc/ros2_ws/install/interfaces_pkg/include/interfaces_pkg/interfaces_pkg/msg/detail/target_point__builder.hpp
[8.030s] -- Up-to-date symlink: /home/cc/ros2_ws/install/interfaces_pkg/include/interfaces_pkg/interfaces_pkg/msg/detail/target_point__struct.hpp
[8.033s] -- Up-to-date symlink: /home/cc/ros2_ws/install/interfaces_pkg/include/interfaces_pkg/interfaces_pkg/msg/detail/target_point__traits.hpp
[8.047s] -- Up-to-date symlink: /home/cc/ros2_ws/install/interfaces_pkg/include/interfaces_pkg/interfaces_pkg/msg/detail/target_point__type_support.hpp
[8.051s] -- Up-to-date symlink: /home/cc/ros2_ws/install/interfaces_pkg/include/interfaces_pkg/interfaces_pkg/msg/detail/vector2__builder.hpp
[8.053s] -- Up-to-date symlink: /home/cc/ros2_ws/install/interfaces_pkg/include/interfaces_pkg/interfaces_pkg/msg/detail/vector2__struct.hpp
[8.056s] -- Up-to-date symlink: /home/cc/ros2_ws/install/interfaces_pkg/include/interfaces_pkg/interfaces_pkg/msg/detail/vector2__traits.hpp
[8.065s] -- Up-to-date symlink: /home/cc/ros2_ws/install/interfaces_pkg/include/interfaces_pkg/interfaces_pkg/msg/detail/vector2__type_support.hpp
[8.066s] -- Up-to-date symlink: /home/cc/ros2_ws/install/interfaces_pkg/include/interfaces_pkg/interfaces_pkg/msg/detection.hpp
[8.081s] -- Up-to-date symlink: /home/cc/ros2_ws/install/interfaces_pkg/include/interfaces_pkg/interfaces_pkg/msg/detection_array.hpp
[8.082s] -- Up-to-date symlink: /home/cc/ros2_ws/install/interfaces_pkg/include/interfaces_pkg/interfaces_pkg/msg/key_point2_d.hpp
[8.086s] -- Up-to-date symlink: /home/cc/ros2_ws/install/interfaces_pkg/include/interfaces_pkg/interfaces_pkg/msg/key_point2_d_array.hpp
[8.088s] -- Up-to-date symlink: /home/cc/ros2_ws/install/interfaces_pkg/include/interfaces_pkg/interfaces_pkg/msg/key_point3_d.hpp
[8.088s] -- Up-to-date symlink: /home/cc/ros2_ws/install/interfaces_pkg/include/interfaces_pkg/interfaces_pkg/msg/key_point3_d_array.hpp
[8.089s] -- Up-to-date symlink: /home/cc/ros2_ws/install/interfaces_pkg/include/interfaces_pkg/interfaces_pkg/msg/lane_info.hpp
[8.090s] -- Up-to-date symlink: /home/cc/ros2_ws/install/interfaces_pkg/include/interfaces_pkg/interfaces_pkg/msg/mask.hpp
[8.092s] -- Up-to-date symlink: /home/cc/ros2_ws/install/interfaces_pkg/include/interfaces_pkg/interfaces_pkg/msg/motion_command.hpp
[8.093s] -- Up-to-date symlink: /home/cc/ros2_ws/install/interfaces_pkg/include/interfaces_pkg/interfaces_pkg/msg/path_planning_result.hpp
[8.094s] -- Up-to-date symlink: /home/cc/ros2_ws/install/interfaces_pkg/include/interfaces_pkg/interfaces_pkg/msg/point2_d.hpp
[8.095s] -- Up-to-date symlink: /home/cc/ros2_ws/install/interfaces_pkg/include/interfaces_pkg/interfaces_pkg/msg/pose2_d.hpp
[8.096s] -- Up-to-date symlink: /home/cc/ros2_ws/install/interfaces_pkg/include/interfaces_pkg/interfaces_pkg/msg/rosidl_generator_cpp__visibility_control.hpp
[8.097s] -- Up-to-date symlink: /home/cc/ros2_ws/install/interfaces_pkg/include/interfaces_pkg/interfaces_pkg/msg/target_point.hpp
[8.098s] -- Up-to-date symlink: /home/cc/ros2_ws/install/interfaces_pkg/include/interfaces_pkg/interfaces_pkg/msg/vector2.hpp
[8.109s] -- Up-to-date symlink: /home/cc/ros2_ws/install/interfaces_pkg/include/interfaces_pkg/interfaces_pkg/msg/detail/bounding_box2_d__rosidl_typesupport_fastrtps_cpp.hpp
[8.111s] -- Up-to-date symlink: /home/cc/ros2_ws/install/interfaces_pkg/include/interfaces_pkg/interfaces_pkg/msg/detail/bounding_box3_d__rosidl_typesupport_fastrtps_cpp.hpp
[8.111s] -- Up-to-date symlink: /home/cc/ros2_ws/install/interfaces_pkg/include/interfaces_pkg/interfaces_pkg/msg/detail/detection__rosidl_typesupport_fastrtps_cpp.hpp
[8.112s] -- Up-to-date symlink: /home/cc/ros2_ws/install/interfaces_pkg/include/interfaces_pkg/interfaces_pkg/msg/detail/detection_array__rosidl_typesupport_fastrtps_cpp.hpp
[8.114s] -- Up-to-date symlink: /home/cc/ros2_ws/install/interfaces_pkg/include/interfaces_pkg/interfaces_pkg/msg/detail/key_point2_d__rosidl_typesupport_fastrtps_cpp.hpp
[8.115s] -- Up-to-date symlink: /home/cc/ros2_ws/install/interfaces_pkg/include/interfaces_pkg/interfaces_pkg/msg/detail/key_point2_d_array__rosidl_typesupport_fastrtps_cpp.hpp
[8.116s] -- Up-to-date symlink: /home/cc/ros2_ws/install/interfaces_pkg/include/interfaces_pkg/interfaces_pkg/msg/detail/key_point3_d__rosidl_typesupport_fastrtps_cpp.hpp
[8.118s] -- Up-to-date symlink: /home/cc/ros2_ws/install/interfaces_pkg/include/interfaces_pkg/interfaces_pkg/msg/detail/key_point3_d_array__rosidl_typesupport_fastrtps_cpp.hpp
[8.119s] -- Up-to-date symlink: /home/cc/ros2_ws/install/interfaces_pkg/include/interfaces_pkg/interfaces_pkg/msg/detail/lane_info__rosidl_typesupport_fastrtps_cpp.hpp
[8.120s] -- Up-to-date symlink: /home/cc/ros2_ws/install/interfaces_pkg/include/interfaces_pkg/interfaces_pkg/msg/detail/mask__rosidl_typesupport_fastrtps_cpp.hpp
[8.122s] -- Up-to-date symlink: /home/cc/ros2_ws/install/interfaces_pkg/include/interfaces_pkg/interfaces_pkg/msg/detail/motion_command__rosidl_typesupport_fastrtps_cpp.hpp
[8.123s] -- Up-to-date symlink: /home/cc/ros2_ws/install/interfaces_pkg/include/interfaces_pkg/interfaces_pkg/msg/detail/path_planning_result__rosidl_typesupport_fastrtps_cpp.hpp
[8.126s] -- Up-to-date symlink: /home/cc/ros2_ws/install/interfaces_pkg/include/interfaces_pkg/interfaces_pkg/msg/detail/point2_d__rosidl_typesupport_fastrtps_cpp.hpp
[8.129s] -- Up-to-date symlink: /home/cc/ros2_ws/install/interfaces_pkg/include/interfaces_pkg/interfaces_pkg/msg/detail/pose2_d__rosidl_typesupport_fastrtps_cpp.hpp
[8.130s] -- Up-to-date symlink: /home/cc/ros2_ws/install/interfaces_pkg/include/interfaces_pkg/interfaces_pkg/msg/detail/target_point__rosidl_typesupport_fastrtps_cpp.hpp
[8.133s] -- Up-to-date symlink: /home/cc/ros2_ws/install/interfaces_pkg/include/interfaces_pkg/interfaces_pkg/msg/detail/vector2__rosidl_typesupport_fastrtps_cpp.hpp
[8.134s] -- Up-to-date symlink: /home/cc/ros2_ws/install/interfaces_pkg/include/interfaces_pkg/interfaces_pkg/msg/rosidl_typesupport_fastrtps_cpp__visibility_control.h
[8.136s] -- Up-to-date symlink: /home/cc/ros2_ws/install/interfaces_pkg/include/interfaces_pkg/interfaces_pkg/msg/detail/bounding_box2_d__rosidl_typesupport_introspection_cpp.hpp
[8.137s] -- Up-to-date symlink: /home/cc/ros2_ws/install/interfaces_pkg/include/interfaces_pkg/interfaces_pkg/msg/detail/bounding_box3_d__rosidl_typesupport_introspection_cpp.hpp
[8.140s] -- Up-to-date symlink: /home/cc/ros2_ws/install/interfaces_pkg/include/interfaces_pkg/interfaces_pkg/msg/detail/detection__rosidl_typesupport_introspection_cpp.hpp
[8.141s] -- Up-to-date symlink: /home/cc/ros2_ws/install/interfaces_pkg/include/interfaces_pkg/interfaces_pkg/msg/detail/detection_array__rosidl_typesupport_introspection_cpp.hpp
[8.146s] -- Up-to-date symlink: /home/cc/ros2_ws/install/interfaces_pkg/include/interfaces_pkg/interfaces_pkg/msg/detail/key_point2_d__rosidl_typesupport_introspection_cpp.hpp
[8.147s] -- Up-to-date symlink: /home/cc/ros2_ws/install/interfaces_pkg/include/interfaces_pkg/interfaces_pkg/msg/detail/key_point2_d_array__rosidl_typesupport_introspection_cpp.hpp
[8.160s] -- Up-to-date symlink: /home/cc/ros2_ws/install/interfaces_pkg/include/interfaces_pkg/interfaces_pkg/msg/detail/key_point3_d__rosidl_typesupport_introspection_cpp.hpp
[8.163s] -- Up-to-date symlink: /home/cc/ros2_ws/install/interfaces_pkg/include/interfaces_pkg/interfaces_pkg/msg/detail/key_point3_d_array__rosidl_typesupport_introspection_cpp.hpp
[8.165s] -- Up-to-date symlink: /home/cc/ros2_ws/install/interfaces_pkg/include/interfaces_pkg/interfaces_pkg/msg/detail/lane_info__rosidl_typesupport_introspection_cpp.hpp
[8.167s] -- Up-to-date symlink: /home/cc/ros2_ws/install/interfaces_pkg/include/interfaces_pkg/interfaces_pkg/msg/detail/mask__rosidl_typesupport_introspection_cpp.hpp
[8.168s] -- Up-to-date symlink: /home/cc/ros2_ws/install/interfaces_pkg/include/interfaces_pkg/interfaces_pkg/msg/detail/motion_command__rosidl_typesupport_introspection_cpp.hpp
[8.176s] -- Up-to-date symlink: /home/cc/ros2_ws/install/interfaces_pkg/include/interfaces_pkg/interfaces_pkg/msg/detail/path_planning_result__rosidl_typesupport_introspection_cpp.hpp
[8.176s] -- Up-to-date symlink: /home/cc/ros2_ws/install/interfaces_pkg/include/interfaces_pkg/interfaces_pkg/msg/detail/point2_d__rosidl_typesupport_introspection_cpp.hpp
[8.177s] -- Up-to-date symlink: /home/cc/ros2_ws/install/interfaces_pkg/include/interfaces_pkg/interfaces_pkg/msg/detail/pose2_d__rosidl_typesupport_introspection_cpp.hpp
[8.178s] -- Up-to-date symlink: /home/cc/ros2_ws/install/interfaces_pkg/include/interfaces_pkg/interfaces_pkg/msg/detail/target_point__rosidl_typesupport_introspection_cpp.hpp
[8.178s] -- Up-to-date symlink: /home/cc/ros2_ws/install/interfaces_pkg/include/interfaces_pkg/interfaces_pkg/msg/detail/vector2__rosidl_typesupport_introspection_cpp.hpp
[8.179s] -- Up-to-date symlink: /home/cc/ros2_ws/install/interfaces_pkg/share/interfaces_pkg/environment/pythonpath.sh
[8.180s] -- Up-to-date symlink: /home/cc/ros2_ws/install/interfaces_pkg/share/interfaces_pkg/environment/pythonpath.dsv
[8.180s] -- Up-to-date symlink: /home/cc/ros2_ws/install/interfaces_pkg/local/lib/python3.10/dist-packages/interfaces_pkg-0.0.0-py3.10.egg-info/PKG-INFO
[8.181s] -- Up-to-date symlink: /home/cc/ros2_ws/install/interfaces_pkg/local/lib/python3.10/dist-packages/interfaces_pkg-0.0.0-py3.10.egg-info/SOURCES.txt
[8.181s] -- Up-to-date symlink: /home/cc/ros2_ws/install/interfaces_pkg/local/lib/python3.10/dist-packages/interfaces_pkg-0.0.0-py3.10.egg-info/dependency_links.txt
[8.184s] -- Up-to-date symlink: /home/cc/ros2_ws/install/interfaces_pkg/local/lib/python3.10/dist-packages/interfaces_pkg-0.0.0-py3.10.egg-info/top_level.txt
[8.199s] -- Up-to-date symlink: /home/cc/ros2_ws/install/interfaces_pkg/local/lib/python3.10/dist-packages/interfaces_pkg/__init__.py
[8.200s] -- Up-to-date symlink: /home/cc/ros2_ws/install/interfaces_pkg/local/lib/python3.10/dist-packages/interfaces_pkg/_interfaces_pkg_s.ep.rosidl_typesupport_c.c
[8.201s] -- Up-to-date symlink: /home/cc/ros2_ws/install/interfaces_pkg/local/lib/python3.10/dist-packages/interfaces_pkg/_interfaces_pkg_s.ep.rosidl_typesupport_fastrtps_c.c
[8.204s] -- Up-to-date symlink: /home/cc/ros2_ws/install/interfaces_pkg/local/lib/python3.10/dist-packages/interfaces_pkg/_interfaces_pkg_s.ep.rosidl_typesupport_introspection_c.c
[8.205s] -- Up-to-date symlink: /home/cc/ros2_ws/install/interfaces_pkg/local/lib/python3.10/dist-packages/interfaces_pkg/interfaces_pkg_s__rosidl_typesupport_c.cpython-310-aarch64-linux-gnu.so
[8.206s] -- Up-to-date symlink: /home/cc/ros2_ws/install/interfaces_pkg/local/lib/python3.10/dist-packages/interfaces_pkg/interfaces_pkg_s__rosidl_typesupport_fastrtps_c.cpython-310-aarch64-linux-gnu.so
[8.207s] -- Up-to-date symlink: /home/cc/ros2_ws/install/interfaces_pkg/local/lib/python3.10/dist-packages/interfaces_pkg/interfaces_pkg_s__rosidl_typesupport_introspection_c.cpython-310-aarch64-linux-gnu.so
[8.208s] -- Up-to-date symlink: /home/cc/ros2_ws/install/interfaces_pkg/local/lib/python3.10/dist-packages/interfaces_pkg/libinterfaces_pkg__rosidl_generator_py.so
[8.210s] -- Up-to-date symlink: /home/cc/ros2_ws/install/interfaces_pkg/local/lib/python3.10/dist-packages/interfaces_pkg/msg/__init__.py
[8.211s] -- Up-to-date symlink: /home/cc/ros2_ws/install/interfaces_pkg/local/lib/python3.10/dist-packages/interfaces_pkg/msg/_bounding_box2_d.py
[8.215s] -- Up-to-date symlink: /home/cc/ros2_ws/install/interfaces_pkg/local/lib/python3.10/dist-packages/interfaces_pkg/msg/_bounding_box2_d_s.c
[8.218s] -- Up-to-date symlink: /home/cc/ros2_ws/install/interfaces_pkg/local/lib/python3.10/dist-packages/interfaces_pkg/msg/_bounding_box3_d.py
[8.223s] -- Up-to-date symlink: /home/cc/ros2_ws/install/interfaces_pkg/local/lib/python3.10/dist-packages/interfaces_pkg/msg/_bounding_box3_d_s.c
[8.226s] -- Up-to-date symlink: /home/cc/ros2_ws/install/interfaces_pkg/local/lib/python3.10/dist-packages/interfaces_pkg/msg/_detection.py
[8.228s] -- Up-to-date symlink: /home/cc/ros2_ws/install/interfaces_pkg/local/lib/python3.10/dist-packages/interfaces_pkg/msg/_detection_array.py
[8.229s] -- Up-to-date symlink: /home/cc/ros2_ws/install/interfaces_pkg/local/lib/python3.10/dist-packages/interfaces_pkg/msg/_detection_array_s.c
[8.232s] -- Up-to-date symlink: /home/cc/ros2_ws/install/interfaces_pkg/local/lib/python3.10/dist-packages/interfaces_pkg/msg/_detection_s.c
[8.234s] -- Up-to-date symlink: /home/cc/ros2_ws/install/interfaces_pkg/local/lib/python3.10/dist-packages/interfaces_pkg/msg/_key_point2_d.py
[8.236s] -- Up-to-date symlink: /home/cc/ros2_ws/install/interfaces_pkg/local/lib/python3.10/dist-packages/interfaces_pkg/msg/_key_point2_d_array.py
[8.240s] -- Up-to-date symlink: /home/cc/ros2_ws/install/interfaces_pkg/local/lib/python3.10/dist-packages/interfaces_pkg/msg/_key_point2_d_array_s.c
[8.240s] -- Up-to-date symlink: /home/cc/ros2_ws/install/interfaces_pkg/local/lib/python3.10/dist-packages/interfaces_pkg/msg/_key_point2_d_s.c
[8.243s] -- Up-to-date symlink: /home/cc/ros2_ws/install/interfaces_pkg/local/lib/python3.10/dist-packages/interfaces_pkg/msg/_key_point3_d.py
[8.247s] -- Up-to-date symlink: /home/cc/ros2_ws/install/interfaces_pkg/local/lib/python3.10/dist-packages/interfaces_pkg/msg/_key_point3_d_array.py
[8.250s] -- Up-to-date symlink: /home/cc/ros2_ws/install/interfaces_pkg/local/lib/python3.10/dist-packages/interfaces_pkg/msg/_key_point3_d_array_s.c
[8.252s] -- Up-to-date symlink: /home/cc/ros2_ws/install/interfaces_pkg/local/lib/python3.10/dist-packages/interfaces_pkg/msg/_key_point3_d_s.c
[8.253s] -- Up-to-date symlink: /home/cc/ros2_ws/install/interfaces_pkg/local/lib/python3.10/dist-packages/interfaces_pkg/msg/_lane_info.py
[8.256s] -- Up-to-date symlink: /home/cc/ros2_ws/install/interfaces_pkg/local/lib/python3.10/dist-packages/interfaces_pkg/msg/_lane_info_s.c
[8.259s] -- Up-to-date symlink: /home/cc/ros2_ws/install/interfaces_pkg/local/lib/python3.10/dist-packages/interfaces_pkg/msg/_mask.py
[8.262s] -- Up-to-date symlink: /home/cc/ros2_ws/install/interfaces_pkg/local/lib/python3.10/dist-packages/interfaces_pkg/msg/_mask_s.c
[8.266s] -- Up-to-date symlink: /home/cc/ros2_ws/install/interfaces_pkg/local/lib/python3.10/dist-packages/interfaces_pkg/msg/_motion_command.py
[8.267s] -- Up-to-date symlink: /home/cc/ros2_ws/install/interfaces_pkg/local/lib/python3.10/dist-packages/interfaces_pkg/msg/_motion_command_s.c
[8.270s] -- Up-to-date symlink: /home/cc/ros2_ws/install/interfaces_pkg/local/lib/python3.10/dist-packages/interfaces_pkg/msg/_path_planning_result.py
[8.273s] -- Up-to-date symlink: /home/cc/ros2_ws/install/interfaces_pkg/local/lib/python3.10/dist-packages/interfaces_pkg/msg/_path_planning_result_s.c
[8.276s] -- Up-to-date symlink: /home/cc/ros2_ws/install/interfaces_pkg/local/lib/python3.10/dist-packages/interfaces_pkg/msg/_point2_d.py
[8.277s] -- Up-to-date symlink: /home/cc/ros2_ws/install/interfaces_pkg/local/lib/python3.10/dist-packages/interfaces_pkg/msg/_point2_d_s.c
[8.278s] -- Up-to-date symlink: /home/cc/ros2_ws/install/interfaces_pkg/local/lib/python3.10/dist-packages/interfaces_pkg/msg/_pose2_d.py
[8.283s] -- Up-to-date symlink: /home/cc/ros2_ws/install/interfaces_pkg/local/lib/python3.10/dist-packages/interfaces_pkg/msg/_pose2_d_s.c
[8.300s] -- Up-to-date symlink: /home/cc/ros2_ws/install/interfaces_pkg/local/lib/python3.10/dist-packages/interfaces_pkg/msg/_target_point.py
[8.300s] -- Up-to-date symlink: /home/cc/ros2_ws/install/interfaces_pkg/local/lib/python3.10/dist-packages/interfaces_pkg/msg/_target_point_s.c
[8.305s] -- Up-to-date symlink: /home/cc/ros2_ws/install/interfaces_pkg/local/lib/python3.10/dist-packages/interfaces_pkg/msg/_vector2.py
[8.312s] -- Up-to-date symlink: /home/cc/ros2_ws/install/interfaces_pkg/local/lib/python3.10/dist-packages/interfaces_pkg/msg/_vector2_s.c
[8.312s] -- Up-to-date symlink: /home/cc/ros2_ws/install/interfaces_pkg/local/lib/python3.10/dist-packages/interfaces_pkg/interfaces_pkg_s__rosidl_typesupport_fastrtps_c.cpython-310-aarch64-linux-gnu.so
[8.313s] -- Up-to-date symlink: /home/cc/ros2_ws/install/interfaces_pkg/local/lib/python3.10/dist-packages/interfaces_pkg/interfaces_pkg_s__rosidl_typesupport_introspection_c.cpython-310-aarch64-linux-gnu.so
[8.314s] -- Up-to-date symlink: /home/cc/ros2_ws/install/interfaces_pkg/local/lib/python3.10/dist-packages/interfaces_pkg/interfaces_pkg_s__rosidl_typesupport_c.cpython-310-aarch64-linux-gnu.so
[8.314s] -- Up-to-date symlink: /home/cc/ros2_ws/install/interfaces_pkg/share/interfaces_pkg/msg/Point2D.idl
[8.317s] -- Up-to-date symlink: /home/cc/ros2_ws/install/interfaces_pkg/share/interfaces_pkg/msg/Vector2.idl
[8.320s] -- Up-to-date symlink: /home/cc/ros2_ws/install/interfaces_pkg/share/interfaces_pkg/msg/Pose2D.idl
[8.323s] -- Up-to-date symlink: /home/cc/ros2_ws/install/interfaces_pkg/share/interfaces_pkg/msg/BoundingBox2D.idl
[8.324s] -- Up-to-date symlink: /home/cc/ros2_ws/install/interfaces_pkg/share/interfaces_pkg/msg/BoundingBox3D.idl
[8.325s] -- Up-to-date symlink: /home/cc/ros2_ws/install/interfaces_pkg/share/interfaces_pkg/msg/Mask.idl
[8.330s] -- Up-to-date symlink: /home/cc/ros2_ws/install/interfaces_pkg/share/interfaces_pkg/msg/KeyPoint2D.idl
[8.332s] -- Up-to-date symlink: /home/cc/ros2_ws/install/interfaces_pkg/share/interfaces_pkg/msg/KeyPoint2DArray.idl
[8.332s] -- Up-to-date symlink: /home/cc/ros2_ws/install/interfaces_pkg/share/interfaces_pkg/msg/KeyPoint3D.idl
[8.333s] -- Up-to-date symlink: /home/cc/ros2_ws/install/interfaces_pkg/share/interfaces_pkg/msg/KeyPoint3DArray.idl
[8.338s] -- Up-to-date symlink: /home/cc/ros2_ws/install/interfaces_pkg/share/interfaces_pkg/msg/Detection.idl
[8.339s] -- Up-to-date symlink: /home/cc/ros2_ws/install/interfaces_pkg/share/interfaces_pkg/msg/DetectionArray.idl
[8.339s] -- Up-to-date symlink: /home/cc/ros2_ws/install/interfaces_pkg/share/interfaces_pkg/msg/LaneInfo.idl
[8.340s] -- Up-to-date symlink: /home/cc/ros2_ws/install/interfaces_pkg/share/interfaces_pkg/msg/MotionCommand.idl
[8.343s] -- Up-to-date symlink: /home/cc/ros2_ws/install/interfaces_pkg/share/interfaces_pkg/msg/TargetPoint.idl
[8.345s] -- Up-to-date symlink: /home/cc/ros2_ws/install/interfaces_pkg/share/interfaces_pkg/msg/PathPlanningResult.idl
[8.346s] -- Up-to-date symlink: /home/cc/ros2_ws/install/interfaces_pkg/share/interfaces_pkg/msg/Point2D.msg
[8.346s] -- Up-to-date symlink: /home/cc/ros2_ws/install/interfaces_pkg/share/interfaces_pkg/msg/Vector2.msg
[8.351s] -- Up-to-date symlink: /home/cc/ros2_ws/install/interfaces_pkg/share/interfaces_pkg/msg/Pose2D.msg
[8.353s] -- Up-to-date symlink: /home/cc/ros2_ws/install/interfaces_pkg/share/interfaces_pkg/msg/BoundingBox2D.msg
[8.354s] -- Up-to-date symlink: /home/cc/ros2_ws/install/interfaces_pkg/share/interfaces_pkg/msg/BoundingBox3D.msg
[8.355s] -- Up-to-date symlink: /home/cc/ros2_ws/install/interfaces_pkg/share/interfaces_pkg/msg/Mask.msg
[8.358s] -- Up-to-date symlink: /home/cc/ros2_ws/install/interfaces_pkg/share/interfaces_pkg/msg/KeyPoint2D.msg
[8.364s] -- Up-to-date symlink: /home/cc/ros2_ws/install/interfaces_pkg/share/interfaces_pkg/msg/KeyPoint2DArray.msg
[8.365s] -- Up-to-date symlink: /home/cc/ros2_ws/install/interfaces_pkg/share/interfaces_pkg/msg/KeyPoint3D.msg
[8.374s] -- Up-to-date symlink: /home/cc/ros2_ws/install/interfaces_pkg/share/interfaces_pkg/msg/KeyPoint3DArray.msg
[8.375s] -- Up-to-date symlink: /home/cc/ros2_ws/install/interfaces_pkg/share/interfaces_pkg/msg/Detection.msg
[8.375s] -- Up-to-date symlink: /home/cc/ros2_ws/install/interfaces_pkg/share/interfaces_pkg/msg/DetectionArray.msg
[8.379s] -- Up-to-date symlink: /home/cc/ros2_ws/install/interfaces_pkg/share/interfaces_pkg/msg/LaneInfo.msg
[8.380s] -- Up-to-date symlink: /home/cc/ros2_ws/install/interfaces_pkg/share/interfaces_pkg/msg/MotionCommand.msg
[8.384s] -- Up-to-date symlink: /home/cc/ros2_ws/install/interfaces_pkg/share/interfaces_pkg/msg/TargetPoint.msg
[8.386s] -- Up-to-date symlink: /home/cc/ros2_ws/install/interfaces_pkg/share/interfaces_pkg/msg/PathPlanningResult.msg
[8.388s] -- Up-to-date symlink: /home/cc/ros2_ws/install/interfaces_pkg/share/ament_index/resource_index/package_run_dependencies/interfaces_pkg
[8.388s] -- Up-to-date symlink: /home/cc/ros2_ws/install/interfaces_pkg/share/ament_index/resource_index/parent_prefix_path/interfaces_pkg
[8.389s] -- Up-to-date symlink: /home/cc/ros2_ws/install/interfaces_pkg/share/interfaces_pkg/environment/ament_prefix_path.sh
[8.389s] -- Up-to-date symlink: /home/cc/ros2_ws/install/interfaces_pkg/share/interfaces_pkg/environment/ament_prefix_path.dsv
[8.390s] -- Up-to-date symlink: /home/cc/ros2_ws/install/interfaces_pkg/share/interfaces_pkg/environment/path.sh
[8.395s] -- Up-to-date symlink: /home/cc/ros2_ws/install/interfaces_pkg/share/interfaces_pkg/environment/path.dsv
[8.397s] -- Up-to-date symlink: /home/cc/ros2_ws/install/interfaces_pkg/share/interfaces_pkg/local_setup.bash
[8.399s] -- Up-to-date symlink: /home/cc/ros2_ws/install/interfaces_pkg/share/interfaces_pkg/local_setup.sh
[8.400s] -- Up-to-date symlink: /home/cc/ros2_ws/install/interfaces_pkg/share/interfaces_pkg/local_setup.zsh
[8.400s] -- Up-to-date symlink: /home/cc/ros2_ws/install/interfaces_pkg/share/interfaces_pkg/local_setup.dsv
[8.401s] -- Symlinking: /home/cc/ros2_ws/install/interfaces_pkg/share/interfaces_pkg/package.dsv
[8.477s] -- Up-to-date symlink: /home/cc/ros2_ws/install/interfaces_pkg/share/ament_index/resource_index/packages/interfaces_pkg
[8.480s] -- Up-to-date symlink: /home/cc/ros2_ws/install/interfaces_pkg/share/interfaces_pkg/cmake/rosidl_cmake-extras.cmake
[8.484s] -- Up-to-date symlink: /home/cc/ros2_ws/install/interfaces_pkg/share/interfaces_pkg/cmake/ament_cmake_export_dependencies-extras.cmake
[8.488s] -- Up-to-date symlink: /home/cc/ros2_ws/install/interfaces_pkg/share/interfaces_pkg/cmake/ament_cmake_export_include_directories-extras.cmake
[8.494s] -- Up-to-date symlink: /home/cc/ros2_ws/install/interfaces_pkg/share/interfaces_pkg/cmake/ament_cmake_export_libraries-extras.cmake
[8.498s] -- Up-to-date symlink: /home/cc/ros2_ws/install/interfaces_pkg/share/interfaces_pkg/cmake/ament_cmake_export_targets-extras.cmake
[8.502s] -- Up-to-date symlink: /home/cc/ros2_ws/install/interfaces_pkg/share/interfaces_pkg/cmake/rosidl_cmake_export_typesupport_targets-extras.cmake
[8.506s] -- Up-to-date symlink: /home/cc/ros2_ws/install/interfaces_pkg/share/interfaces_pkg/cmake/rosidl_cmake_export_typesupport_libraries-extras.cmake
[8.510s] -- Up-to-date symlink: /home/cc/ros2_ws/install/interfaces_pkg/share/interfaces_pkg/cmake/interfaces_pkgConfig.cmake
[8.513s] -- Up-to-date symlink: /home/cc/ros2_ws/install/interfaces_pkg/share/interfaces_pkg/cmake/interfaces_pkgConfig-version.cmake
[8.516s] -- Up-to-date symlink: /home/cc/ros2_ws/install/interfaces_pkg/share/interfaces_pkg/package.xml
[8.520s] -- Up-to-date: /home/cc/ros2_ws/install/interfaces_pkg/lib/libinterfaces_pkg__rosidl_generator_c.so
[8.524s] -- Up-to-date: /home/cc/ros2_ws/install/interfaces_pkg/lib/libinterfaces_pkg__rosidl_typesupport_fastrtps_c.so
[8.531s] -- Up-to-date: /home/cc/ros2_ws/install/interfaces_pkg/lib/libinterfaces_pkg__rosidl_typesupport_introspection_c.so
[8.536s] -- Up-to-date: /home/cc/ros2_ws/install/interfaces_pkg/lib/libinterfaces_pkg__rosidl_typesupport_c.so
[8.541s] -- Up-to-date: /home/cc/ros2_ws/install/interfaces_pkg/lib/libinterfaces_pkg__rosidl_typesupport_fastrtps_cpp.so
[8.572s] -- Up-to-date: /home/cc/ros2_ws/install/interfaces_pkg/lib/libinterfaces_pkg__rosidl_typesupport_introspection_cpp.so
[8.574s] -- Up-to-date: /home/cc/ros2_ws/install/interfaces_pkg/lib/libinterfaces_pkg__rosidl_typesupport_cpp.so
[8.930s] Listing '/home/cc/ros2_ws/install/interfaces_pkg/local/lib/python3.10/dist-packages/interfaces_pkg'...
[8.931s] Listing '/home/cc/ros2_ws/install/interfaces_pkg/local/lib/python3.10/dist-packages/interfaces_pkg/msg'...
[8.991s] -- Up-to-date: /home/cc/ros2_ws/install/interfaces_pkg/lib/libinterfaces_pkg__rosidl_generator_py.so
[8.996s] -- Up-to-date: /home/cc/ros2_ws/install/interfaces_pkg/share/interfaces_pkg/cmake/export_interfaces_pkg__rosidl_generator_cExport.cmake
[8.999s] -- Up-to-date: /home/cc/ros2_ws/install/interfaces_pkg/share/interfaces_pkg/cmake/export_interfaces_pkg__rosidl_generator_cExport-noconfig.cmake
[9.006s] -- Up-to-date: /home/cc/ros2_ws/install/interfaces_pkg/share/interfaces_pkg/cmake/export_interfaces_pkg__rosidl_typesupport_fastrtps_cExport.cmake
[9.007s] -- Up-to-date: /home/cc/ros2_ws/install/interfaces_pkg/share/interfaces_pkg/cmake/export_interfaces_pkg__rosidl_typesupport_fastrtps_cExport-noconfig.cmake
[9.008s] -- Up-to-date: /home/cc/ros2_ws/install/interfaces_pkg/share/interfaces_pkg/cmake/interfaces_pkg__rosidl_typesupport_introspection_cExport.cmake
[9.008s] -- Up-to-date: /home/cc/ros2_ws/install/interfaces_pkg/share/interfaces_pkg/cmake/interfaces_pkg__rosidl_typesupport_introspection_cExport-noconfig.cmake
[9.009s] -- Up-to-date: /home/cc/ros2_ws/install/interfaces_pkg/share/interfaces_pkg/cmake/interfaces_pkg__rosidl_typesupport_cExport.cmake
[9.010s] -- Up-to-date: /home/cc/ros2_ws/install/interfaces_pkg/share/interfaces_pkg/cmake/interfaces_pkg__rosidl_typesupport_cExport-noconfig.cmake
[9.013s] -- Up-to-date: /home/cc/ros2_ws/install/interfaces_pkg/share/interfaces_pkg/cmake/export_interfaces_pkg__rosidl_generator_cppExport.cmake
[9.018s] -- Up-to-date: /home/cc/ros2_ws/install/interfaces_pkg/share/interfaces_pkg/cmake/export_interfaces_pkg__rosidl_typesupport_fastrtps_cppExport.cmake
[9.020s] -- Up-to-date: /home/cc/ros2_ws/install/interfaces_pkg/share/interfaces_pkg/cmake/export_interfaces_pkg__rosidl_typesupport_fastrtps_cppExport-noconfig.cmake
[9.021s] -- Up-to-date: /home/cc/ros2_ws/install/interfaces_pkg/share/interfaces_pkg/cmake/interfaces_pkg__rosidl_typesupport_introspection_cppExport.cmake
[9.022s] -- Up-to-date: /home/cc/ros2_ws/install/interfaces_pkg/share/interfaces_pkg/cmake/interfaces_pkg__rosidl_typesupport_introspection_cppExport-noconfig.cmake
[9.023s] -- Up-to-date: /home/cc/ros2_ws/install/interfaces_pkg/share/interfaces_pkg/cmake/interfaces_pkg__rosidl_typesupport_cppExport.cmake
[9.029s] -- Up-to-date: /home/cc/ros2_ws/install/interfaces_pkg/share/interfaces_pkg/cmake/interfaces_pkg__rosidl_typesupport_cppExport-noconfig.cmake
[9.031s] -- Up-to-date: /home/cc/ros2_ws/install/interfaces_pkg/share/interfaces_pkg/cmake/export_interfaces_pkg__rosidl_generator_pyExport.cmake
[9.033s] -- Up-to-date: /home/cc/ros2_ws/install/interfaces_pkg/share/interfaces_pkg/cmake/export_interfaces_pkg__rosidl_generator_pyExport-noconfig.cmake
[9.046s] Invoked command in '/home/cc/ros2_ws/build/interfaces_pkg' returned '0': CMAKE_PREFIX_PATH=${CMAKE_PREFIX_PATH}:/home/cc/ros2_ws/install/serial_communication_pkg:/home/cc/ros2_ws/install/lidar_perception_pkg:/home/cc/ros2_ws/install/decision_making_pkg:/home/cc/ros2_ws/install/debug_pkg:/home/cc/ros2_ws/install/camera_perception_pkg:/opt/ros/humble /usr/bin/cmake --install /home/cc/ros2_ws/build/interfaces_pkg
