[0.516s] Invoking command in '/home/cc/ros2_ws/build/interfaces_pkg': CMAKE_PREFIX_PATH=${CMAKE_PREFIX_PATH}:/home/cc/ros2_ws/install/serial_communication_pkg:/home/cc/ros2_ws/install/lidar_perception_pkg:/home/cc/ros2_ws/install/decision_making_pkg:/home/cc/ros2_ws/install/debug_pkg:/home/cc/ros2_ws/install/camera_perception_pkg:/opt/ros/humble /usr/bin/cmake --build /home/cc/ros2_ws/build/interfaces_pkg -- -j4 -l4
[14.053s] [  0%] Built target interfaces_pkg__cpp
[14.084s] [  0%] Built target ament_cmake_python_symlink_interfaces_pkg
[14.111s] [ 12%] Built target interfaces_pkg__rosidl_typesupport_fastrtps_cpp
[14.138s] [ 24%] Built target interfaces_pkg__rosidl_typesupport_introspection_cpp
[14.148s] running egg_info
[14.157s] writing interfaces_pkg.egg-info/PKG-INFO
[14.165s] writing dependency_links to interfaces_pkg.egg-info/dependency_links.txt
[14.173s] writing top-level names to interfaces_pkg.egg-info/top_level.txt
[14.179s] reading manifest file 'interfaces_pkg.egg-info/SOURCES.txt'
[14.185s] writing manifest file 'interfaces_pkg.egg-info/SOURCES.txt'
[14.197s] [ 24%] Built target ament_cmake_python_build_interfaces_pkg_egg
[14.204s] [ 36%] Built target interfaces_pkg__rosidl_typesupport_cpp
[14.431s] [ 48%] Built target interfaces_pkg__rosidl_generator_c
[14.884s] [ 60%] Built target interfaces_pkg__rosidl_typesupport_fastrtps_c
[15.263s] [ 72%] Built target interfaces_pkg__rosidl_typesupport_c
[15.718s] [ 84%] Built target interfaces_pkg__rosidl_typesupport_introspection_c
[15.972s] [ 84%] Built target interfaces_pkg
[16.328s] [ 85%] Built target interfaces_pkg__py
[16.809s] [ 96%] Built target interfaces_pkg__rosidl_generator_py
[17.203s] [ 97%] Built target interfaces_pkg__rosidl_typesupport_fastrtps_c__pyext
[17.577s] [ 98%] Built target interfaces_pkg__rosidl_typesupport_c__pyext
[17.930s] [100%] Built target interfaces_pkg__rosidl_typesupport_introspection_c__pyext
[20.911s] Invoked command in '/home/cc/ros2_ws/build/interfaces_pkg' returned '0': CMAKE_PREFIX_PATH=${CMAKE_PREFIX_PATH}:/home/cc/ros2_ws/install/serial_communication_pkg:/home/cc/ros2_ws/install/lidar_perception_pkg:/home/cc/ros2_ws/install/decision_making_pkg:/home/cc/ros2_ws/install/debug_pkg:/home/cc/ros2_ws/install/camera_perception_pkg:/opt/ros/humble /usr/bin/cmake --build /home/cc/ros2_ws/build/interfaces_pkg -- -j4 -l4
[21.057s] Invoking command in '/home/cc/ros2_ws/build/interfaces_pkg': CMAKE_PREFIX_PATH=${CMAKE_PREFIX_PATH}:/home/cc/ros2_ws/install/serial_communication_pkg:/home/cc/ros2_ws/install/lidar_perception_pkg:/home/cc/ros2_ws/install/decision_making_pkg:/home/cc/ros2_ws/install/debug_pkg:/home/cc/ros2_ws/install/camera_perception_pkg:/opt/ros/humble /usr/bin/cmake --install /home/cc/ros2_ws/build/interfaces_pkg
[21.279s] -- Install configuration: ""
[21.299s] -- Execute custom install script
[21.323s] -- Up-to-date symlink: /home/cc/ros2_ws/install/interfaces_pkg/share/ament_index/resource_index/rosidl_interfaces/interfaces_pkg
[21.351s] -- Up-to-date symlink: /home/cc/ros2_ws/install/interfaces_pkg/include/interfaces_pkg/interfaces_pkg/msg/bounding_box2_d.h
[21.374s] -- Up-to-date symlink: /home/cc/ros2_ws/install/interfaces_pkg/include/interfaces_pkg/interfaces_pkg/msg/bounding_box3_d.h
[21.397s] -- Up-to-date symlink: /home/cc/ros2_ws/install/interfaces_pkg/include/interfaces_pkg/interfaces_pkg/msg/detail/bounding_box2_d__functions.h
[21.431s] -- Up-to-date symlink: /home/cc/ros2_ws/install/interfaces_pkg/include/interfaces_pkg/interfaces_pkg/msg/detail/bounding_box2_d__struct.h
[21.452s] -- Up-to-date symlink: /home/cc/ros2_ws/install/interfaces_pkg/include/interfaces_pkg/interfaces_pkg/msg/detail/bounding_box2_d__type_support.h
[21.482s] -- Up-to-date symlink: /home/cc/ros2_ws/install/interfaces_pkg/include/interfaces_pkg/interfaces_pkg/msg/detail/bounding_box3_d__functions.h
[21.509s] -- Up-to-date symlink: /home/cc/ros2_ws/install/interfaces_pkg/include/interfaces_pkg/interfaces_pkg/msg/detail/bounding_box3_d__struct.h
[21.534s] -- Up-to-date symlink: /home/cc/ros2_ws/install/interfaces_pkg/include/interfaces_pkg/interfaces_pkg/msg/detail/bounding_box3_d__type_support.h
[21.553s] -- Up-to-date symlink: /home/cc/ros2_ws/install/interfaces_pkg/include/interfaces_pkg/interfaces_pkg/msg/detail/detection__functions.h
[21.566s] -- Up-to-date symlink: /home/cc/ros2_ws/install/interfaces_pkg/include/interfaces_pkg/interfaces_pkg/msg/detail/detection__struct.h
[21.589s] -- Up-to-date symlink: /home/cc/ros2_ws/install/interfaces_pkg/include/interfaces_pkg/interfaces_pkg/msg/detail/detection__type_support.h
[21.601s] -- Up-to-date symlink: /home/cc/ros2_ws/install/interfaces_pkg/include/interfaces_pkg/interfaces_pkg/msg/detail/detection_array__functions.h
[21.633s] -- Up-to-date symlink: /home/cc/ros2_ws/install/interfaces_pkg/include/interfaces_pkg/interfaces_pkg/msg/detail/detection_array__struct.h
[21.669s] -- Up-to-date symlink: /home/cc/ros2_ws/install/interfaces_pkg/include/interfaces_pkg/interfaces_pkg/msg/detail/detection_array__type_support.h
[21.688s] -- Up-to-date symlink: /home/cc/ros2_ws/install/interfaces_pkg/include/interfaces_pkg/interfaces_pkg/msg/detail/key_point2_d__functions.h
[21.701s] -- Up-to-date symlink: /home/cc/ros2_ws/install/interfaces_pkg/include/interfaces_pkg/interfaces_pkg/msg/detail/key_point2_d__struct.h
[21.713s] -- Up-to-date symlink: /home/cc/ros2_ws/install/interfaces_pkg/include/interfaces_pkg/interfaces_pkg/msg/detail/key_point2_d__type_support.h
[21.725s] -- Up-to-date symlink: /home/cc/ros2_ws/install/interfaces_pkg/include/interfaces_pkg/interfaces_pkg/msg/detail/key_point2_d_array__functions.h
[21.745s] -- Up-to-date symlink: /home/cc/ros2_ws/install/interfaces_pkg/include/interfaces_pkg/interfaces_pkg/msg/detail/key_point2_d_array__struct.h
[21.762s] -- Up-to-date symlink: /home/cc/ros2_ws/install/interfaces_pkg/include/interfaces_pkg/interfaces_pkg/msg/detail/key_point2_d_array__type_support.h
[21.792s] -- Up-to-date symlink: /home/cc/ros2_ws/install/interfaces_pkg/include/interfaces_pkg/interfaces_pkg/msg/detail/key_point3_d__functions.h
[21.818s] -- Up-to-date symlink: /home/cc/ros2_ws/install/interfaces_pkg/include/interfaces_pkg/interfaces_pkg/msg/detail/key_point3_d__struct.h
[21.840s] -- Up-to-date symlink: /home/cc/ros2_ws/install/interfaces_pkg/include/interfaces_pkg/interfaces_pkg/msg/detail/key_point3_d__type_support.h
[21.854s] -- Up-to-date symlink: /home/cc/ros2_ws/install/interfaces_pkg/include/interfaces_pkg/interfaces_pkg/msg/detail/key_point3_d_array__functions.h
[21.874s] -- Up-to-date symlink: /home/cc/ros2_ws/install/interfaces_pkg/include/interfaces_pkg/interfaces_pkg/msg/detail/key_point3_d_array__struct.h
[21.896s] -- Up-to-date symlink: /home/cc/ros2_ws/install/interfaces_pkg/include/interfaces_pkg/interfaces_pkg/msg/detail/key_point3_d_array__type_support.h
[21.917s] -- Up-to-date symlink: /home/cc/ros2_ws/install/interfaces_pkg/include/interfaces_pkg/interfaces_pkg/msg/detail/lane_info__functions.h
[21.949s] -- Up-to-date symlink: /home/cc/ros2_ws/install/interfaces_pkg/include/interfaces_pkg/interfaces_pkg/msg/detail/lane_info__struct.h
[21.969s] -- Up-to-date symlink: /home/cc/ros2_ws/install/interfaces_pkg/include/interfaces_pkg/interfaces_pkg/msg/detail/lane_info__type_support.h
[21.992s] -- Up-to-date symlink: /home/cc/ros2_ws/install/interfaces_pkg/include/interfaces_pkg/interfaces_pkg/msg/detail/mask__functions.h
[22.011s] -- Up-to-date symlink: /home/cc/ros2_ws/install/interfaces_pkg/include/interfaces_pkg/interfaces_pkg/msg/detail/mask__struct.h
[22.027s] -- Up-to-date symlink: /home/cc/ros2_ws/install/interfaces_pkg/include/interfaces_pkg/interfaces_pkg/msg/detail/mask__type_support.h
[22.054s] -- Up-to-date symlink: /home/cc/ros2_ws/install/interfaces_pkg/include/interfaces_pkg/interfaces_pkg/msg/detail/motion_command__functions.h
[22.073s] -- Up-to-date symlink: /home/cc/ros2_ws/install/interfaces_pkg/include/interfaces_pkg/interfaces_pkg/msg/detail/motion_command__struct.h
[22.100s] -- Up-to-date symlink: /home/cc/ros2_ws/install/interfaces_pkg/include/interfaces_pkg/interfaces_pkg/msg/detail/motion_command__type_support.h
[22.118s] -- Up-to-date symlink: /home/cc/ros2_ws/install/interfaces_pkg/include/interfaces_pkg/interfaces_pkg/msg/detail/path_planning_result__functions.h
[22.135s] -- Up-to-date symlink: /home/cc/ros2_ws/install/interfaces_pkg/include/interfaces_pkg/interfaces_pkg/msg/detail/path_planning_result__struct.h
[22.159s] -- Up-to-date symlink: /home/cc/ros2_ws/install/interfaces_pkg/include/interfaces_pkg/interfaces_pkg/msg/detail/path_planning_result__type_support.h
[22.190s] -- Up-to-date symlink: /home/cc/ros2_ws/install/interfaces_pkg/include/interfaces_pkg/interfaces_pkg/msg/detail/point2_d__functions.h
[22.215s] -- Up-to-date symlink: /home/cc/ros2_ws/install/interfaces_pkg/include/interfaces_pkg/interfaces_pkg/msg/detail/point2_d__struct.h
[22.238s] -- Up-to-date symlink: /home/cc/ros2_ws/install/interfaces_pkg/include/interfaces_pkg/interfaces_pkg/msg/detail/point2_d__type_support.h
[22.255s] -- Up-to-date symlink: /home/cc/ros2_ws/install/interfaces_pkg/include/interfaces_pkg/interfaces_pkg/msg/detail/pose2_d__functions.h
[22.271s] -- Up-to-date symlink: /home/cc/ros2_ws/install/interfaces_pkg/include/interfaces_pkg/interfaces_pkg/msg/detail/pose2_d__struct.h
[22.302s] -- Up-to-date symlink: /home/cc/ros2_ws/install/interfaces_pkg/include/interfaces_pkg/interfaces_pkg/msg/detail/pose2_d__type_support.h
[22.322s] -- Up-to-date symlink: /home/cc/ros2_ws/install/interfaces_pkg/include/interfaces_pkg/interfaces_pkg/msg/detail/target_point__functions.h
[22.331s] -- Up-to-date symlink: /home/cc/ros2_ws/install/interfaces_pkg/include/interfaces_pkg/interfaces_pkg/msg/detail/target_point__struct.h
[22.336s] -- Up-to-date symlink: /home/cc/ros2_ws/install/interfaces_pkg/include/interfaces_pkg/interfaces_pkg/msg/detail/target_point__type_support.h
[22.337s] -- Up-to-date symlink: /home/cc/ros2_ws/install/interfaces_pkg/include/interfaces_pkg/interfaces_pkg/msg/detail/vector2__functions.h
[22.338s] -- Up-to-date symlink: /home/cc/ros2_ws/install/interfaces_pkg/include/interfaces_pkg/interfaces_pkg/msg/detail/vector2__struct.h
[22.338s] -- Up-to-date symlink: /home/cc/ros2_ws/install/interfaces_pkg/include/interfaces_pkg/interfaces_pkg/msg/detail/vector2__type_support.h
[22.350s] -- Up-to-date symlink: /home/cc/ros2_ws/install/interfaces_pkg/include/interfaces_pkg/interfaces_pkg/msg/detection.h
[22.351s] -- Up-to-date symlink: /home/cc/ros2_ws/install/interfaces_pkg/include/interfaces_pkg/interfaces_pkg/msg/detection_array.h
[22.351s] -- Up-to-date symlink: /home/cc/ros2_ws/install/interfaces_pkg/include/interfaces_pkg/interfaces_pkg/msg/key_point2_d.h
[22.358s] -- Up-to-date symlink: /home/cc/ros2_ws/install/interfaces_pkg/include/interfaces_pkg/interfaces_pkg/msg/key_point2_d_array.h
[22.359s] -- Up-to-date symlink: /home/cc/ros2_ws/install/interfaces_pkg/include/interfaces_pkg/interfaces_pkg/msg/key_point3_d.h
[22.360s] -- Up-to-date symlink: /home/cc/ros2_ws/install/interfaces_pkg/include/interfaces_pkg/interfaces_pkg/msg/key_point3_d_array.h
[22.360s] -- Up-to-date symlink: /home/cc/ros2_ws/install/interfaces_pkg/include/interfaces_pkg/interfaces_pkg/msg/lane_info.h
[22.374s] -- Up-to-date symlink: /home/cc/ros2_ws/install/interfaces_pkg/include/interfaces_pkg/interfaces_pkg/msg/mask.h
[22.377s] -- Up-to-date symlink: /home/cc/ros2_ws/install/interfaces_pkg/include/interfaces_pkg/interfaces_pkg/msg/motion_command.h
[22.401s] -- Up-to-date symlink: /home/cc/ros2_ws/install/interfaces_pkg/include/interfaces_pkg/interfaces_pkg/msg/path_planning_result.h
[22.403s] -- Up-to-date symlink: /home/cc/ros2_ws/install/interfaces_pkg/include/interfaces_pkg/interfaces_pkg/msg/point2_d.h
[22.406s] -- Up-to-date symlink: /home/cc/ros2_ws/install/interfaces_pkg/include/interfaces_pkg/interfaces_pkg/msg/pose2_d.h
[22.407s] -- Up-to-date symlink: /home/cc/ros2_ws/install/interfaces_pkg/include/interfaces_pkg/interfaces_pkg/msg/rosidl_generator_c__visibility_control.h
[22.440s] -- Up-to-date symlink: /home/cc/ros2_ws/install/interfaces_pkg/include/interfaces_pkg/interfaces_pkg/msg/target_point.h
[22.440s] -- Up-to-date symlink: /home/cc/ros2_ws/install/interfaces_pkg/include/interfaces_pkg/interfaces_pkg/msg/vector2.h
[22.460s] -- Up-to-date symlink: /home/cc/ros2_ws/install/interfaces_pkg/share/interfaces_pkg/environment/library_path.sh
[22.482s] -- Up-to-date symlink: /home/cc/ros2_ws/install/interfaces_pkg/share/interfaces_pkg/environment/library_path.dsv
[22.483s] -- Up-to-date symlink: /home/cc/ros2_ws/install/interfaces_pkg/include/interfaces_pkg/interfaces_pkg/msg/detail/bounding_box2_d__rosidl_typesupport_fastrtps_c.h
[22.484s] -- Up-to-date symlink: /home/cc/ros2_ws/install/interfaces_pkg/include/interfaces_pkg/interfaces_pkg/msg/detail/bounding_box3_d__rosidl_typesupport_fastrtps_c.h
[22.498s] -- Up-to-date symlink: /home/cc/ros2_ws/install/interfaces_pkg/include/interfaces_pkg/interfaces_pkg/msg/detail/detection__rosidl_typesupport_fastrtps_c.h
[22.524s] -- Up-to-date symlink: /home/cc/ros2_ws/install/interfaces_pkg/include/interfaces_pkg/interfaces_pkg/msg/detail/detection_array__rosidl_typesupport_fastrtps_c.h
[22.525s] -- Up-to-date symlink: /home/cc/ros2_ws/install/interfaces_pkg/include/interfaces_pkg/interfaces_pkg/msg/detail/key_point2_d__rosidl_typesupport_fastrtps_c.h
[22.527s] -- Up-to-date symlink: /home/cc/ros2_ws/install/interfaces_pkg/include/interfaces_pkg/interfaces_pkg/msg/detail/key_point2_d_array__rosidl_typesupport_fastrtps_c.h
[22.528s] -- Up-to-date symlink: /home/cc/ros2_ws/install/interfaces_pkg/include/interfaces_pkg/interfaces_pkg/msg/detail/key_point3_d__rosidl_typesupport_fastrtps_c.h
[22.529s] -- Up-to-date symlink: /home/cc/ros2_ws/install/interfaces_pkg/include/interfaces_pkg/interfaces_pkg/msg/detail/key_point3_d_array__rosidl_typesupport_fastrtps_c.h
[22.530s] -- Up-to-date symlink: /home/cc/ros2_ws/install/interfaces_pkg/include/interfaces_pkg/interfaces_pkg/msg/detail/lane_info__rosidl_typesupport_fastrtps_c.h
[22.531s] -- Up-to-date symlink: /home/cc/ros2_ws/install/interfaces_pkg/include/interfaces_pkg/interfaces_pkg/msg/detail/mask__rosidl_typesupport_fastrtps_c.h
[22.531s] -- Up-to-date symlink: /home/cc/ros2_ws/install/interfaces_pkg/include/interfaces_pkg/interfaces_pkg/msg/detail/motion_command__rosidl_typesupport_fastrtps_c.h
[22.532s] -- Up-to-date symlink: /home/cc/ros2_ws/install/interfaces_pkg/include/interfaces_pkg/interfaces_pkg/msg/detail/path_planning_result__rosidl_typesupport_fastrtps_c.h
[22.538s] -- Up-to-date symlink: /home/cc/ros2_ws/install/interfaces_pkg/include/interfaces_pkg/interfaces_pkg/msg/detail/point2_d__rosidl_typesupport_fastrtps_c.h
[22.541s] -- Up-to-date symlink: /home/cc/ros2_ws/install/interfaces_pkg/include/interfaces_pkg/interfaces_pkg/msg/detail/pose2_d__rosidl_typesupport_fastrtps_c.h
[22.542s] -- Up-to-date symlink: /home/cc/ros2_ws/install/interfaces_pkg/include/interfaces_pkg/interfaces_pkg/msg/detail/target_point__rosidl_typesupport_fastrtps_c.h
[22.543s] -- Up-to-date symlink: /home/cc/ros2_ws/install/interfaces_pkg/include/interfaces_pkg/interfaces_pkg/msg/detail/vector2__rosidl_typesupport_fastrtps_c.h
[22.544s] -- Up-to-date symlink: /home/cc/ros2_ws/install/interfaces_pkg/include/interfaces_pkg/interfaces_pkg/msg/rosidl_typesupport_fastrtps_c__visibility_control.h
[22.545s] -- Up-to-date symlink: /home/cc/ros2_ws/install/interfaces_pkg/include/interfaces_pkg/interfaces_pkg/msg/detail/bounding_box2_d__rosidl_typesupport_introspection_c.h
[22.545s] -- Up-to-date symlink: /home/cc/ros2_ws/install/interfaces_pkg/include/interfaces_pkg/interfaces_pkg/msg/detail/bounding_box3_d__rosidl_typesupport_introspection_c.h
[22.546s] -- Up-to-date symlink: /home/cc/ros2_ws/install/interfaces_pkg/include/interfaces_pkg/interfaces_pkg/msg/detail/detection__rosidl_typesupport_introspection_c.h
[22.546s] -- Up-to-date symlink: /home/cc/ros2_ws/install/interfaces_pkg/include/interfaces_pkg/interfaces_pkg/msg/detail/detection_array__rosidl_typesupport_introspection_c.h
[22.547s] -- Up-to-date symlink: /home/cc/ros2_ws/install/interfaces_pkg/include/interfaces_pkg/interfaces_pkg/msg/detail/key_point2_d__rosidl_typesupport_introspection_c.h
[22.547s] -- Up-to-date symlink: /home/cc/ros2_ws/install/interfaces_pkg/include/interfaces_pkg/interfaces_pkg/msg/detail/key_point2_d_array__rosidl_typesupport_introspection_c.h
[22.552s] -- Up-to-date symlink: /home/cc/ros2_ws/install/interfaces_pkg/include/interfaces_pkg/interfaces_pkg/msg/detail/key_point3_d__rosidl_typesupport_introspection_c.h
[22.577s] -- Up-to-date symlink: /home/cc/ros2_ws/install/interfaces_pkg/include/interfaces_pkg/interfaces_pkg/msg/detail/key_point3_d_array__rosidl_typesupport_introspection_c.h
[22.579s] -- Up-to-date symlink: /home/cc/ros2_ws/install/interfaces_pkg/include/interfaces_pkg/interfaces_pkg/msg/detail/lane_info__rosidl_typesupport_introspection_c.h
[22.588s] -- Up-to-date symlink: /home/cc/ros2_ws/install/interfaces_pkg/include/interfaces_pkg/interfaces_pkg/msg/detail/mask__rosidl_typesupport_introspection_c.h
[22.598s] -- Up-to-date symlink: /home/cc/ros2_ws/install/interfaces_pkg/include/interfaces_pkg/interfaces_pkg/msg/detail/motion_command__rosidl_typesupport_introspection_c.h
[22.599s] -- Up-to-date symlink: /home/cc/ros2_ws/install/interfaces_pkg/include/interfaces_pkg/interfaces_pkg/msg/detail/path_planning_result__rosidl_typesupport_introspection_c.h
[22.610s] -- Up-to-date symlink: /home/cc/ros2_ws/install/interfaces_pkg/include/interfaces_pkg/interfaces_pkg/msg/detail/point2_d__rosidl_typesupport_introspection_c.h
[22.616s] -- Up-to-date symlink: /home/cc/ros2_ws/install/interfaces_pkg/include/interfaces_pkg/interfaces_pkg/msg/detail/pose2_d__rosidl_typesupport_introspection_c.h
[22.618s] -- Up-to-date symlink: /home/cc/ros2_ws/install/interfaces_pkg/include/interfaces_pkg/interfaces_pkg/msg/detail/target_point__rosidl_typesupport_introspection_c.h
[22.619s] -- Up-to-date symlink: /home/cc/ros2_ws/install/interfaces_pkg/include/interfaces_pkg/interfaces_pkg/msg/detail/vector2__rosidl_typesupport_introspection_c.h
[22.631s] -- Up-to-date symlink: /home/cc/ros2_ws/install/interfaces_pkg/include/interfaces_pkg/interfaces_pkg/msg/rosidl_typesupport_introspection_c__visibility_control.h
[22.633s] -- Up-to-date symlink: /home/cc/ros2_ws/install/interfaces_pkg/include/interfaces_pkg/interfaces_pkg/msg/bounding_box2_d.hpp
[22.635s] -- Up-to-date symlink: /home/cc/ros2_ws/install/interfaces_pkg/include/interfaces_pkg/interfaces_pkg/msg/bounding_box3_d.hpp
[22.637s] -- Up-to-date symlink: /home/cc/ros2_ws/install/interfaces_pkg/include/interfaces_pkg/interfaces_pkg/msg/detail/bounding_box2_d__builder.hpp
[22.639s] -- Up-to-date symlink: /home/cc/ros2_ws/install/interfaces_pkg/include/interfaces_pkg/interfaces_pkg/msg/detail/bounding_box2_d__struct.hpp
[22.661s] -- Up-to-date symlink: /home/cc/ros2_ws/install/interfaces_pkg/include/interfaces_pkg/interfaces_pkg/msg/detail/bounding_box2_d__traits.hpp
[22.667s] -- Up-to-date symlink: /home/cc/ros2_ws/install/interfaces_pkg/include/interfaces_pkg/interfaces_pkg/msg/detail/bounding_box2_d__type_support.hpp
[22.668s] -- Up-to-date symlink: /home/cc/ros2_ws/install/interfaces_pkg/include/interfaces_pkg/interfaces_pkg/msg/detail/bounding_box3_d__builder.hpp
[22.669s] -- Up-to-date symlink: /home/cc/ros2_ws/install/interfaces_pkg/include/interfaces_pkg/interfaces_pkg/msg/detail/bounding_box3_d__struct.hpp
[22.669s] -- Up-to-date symlink: /home/cc/ros2_ws/install/interfaces_pkg/include/interfaces_pkg/interfaces_pkg/msg/detail/bounding_box3_d__traits.hpp
[22.670s] -- Up-to-date symlink: /home/cc/ros2_ws/install/interfaces_pkg/include/interfaces_pkg/interfaces_pkg/msg/detail/bounding_box3_d__type_support.hpp
[22.671s] -- Up-to-date symlink: /home/cc/ros2_ws/install/interfaces_pkg/include/interfaces_pkg/interfaces_pkg/msg/detail/detection__builder.hpp
[22.672s] -- Up-to-date symlink: /home/cc/ros2_ws/install/interfaces_pkg/include/interfaces_pkg/interfaces_pkg/msg/detail/detection__struct.hpp
[22.681s] -- Up-to-date symlink: /home/cc/ros2_ws/install/interfaces_pkg/include/interfaces_pkg/interfaces_pkg/msg/detail/detection__traits.hpp
[22.688s] -- Up-to-date symlink: /home/cc/ros2_ws/install/interfaces_pkg/include/interfaces_pkg/interfaces_pkg/msg/detail/detection__type_support.hpp
[22.689s] -- Up-to-date symlink: /home/cc/ros2_ws/install/interfaces_pkg/include/interfaces_pkg/interfaces_pkg/msg/detail/detection_array__builder.hpp
[22.689s] -- Up-to-date symlink: /home/cc/ros2_ws/install/interfaces_pkg/include/interfaces_pkg/interfaces_pkg/msg/detail/detection_array__struct.hpp
[22.691s] -- Up-to-date symlink: /home/cc/ros2_ws/install/interfaces_pkg/include/interfaces_pkg/interfaces_pkg/msg/detail/detection_array__traits.hpp
[22.702s] -- Up-to-date symlink: /home/cc/ros2_ws/install/interfaces_pkg/include/interfaces_pkg/interfaces_pkg/msg/detail/detection_array__type_support.hpp
[22.704s] -- Up-to-date symlink: /home/cc/ros2_ws/install/interfaces_pkg/include/interfaces_pkg/interfaces_pkg/msg/detail/key_point2_d__builder.hpp
[22.710s] -- Up-to-date symlink: /home/cc/ros2_ws/install/interfaces_pkg/include/interfaces_pkg/interfaces_pkg/msg/detail/key_point2_d__struct.hpp
[22.711s] -- Up-to-date symlink: /home/cc/ros2_ws/install/interfaces_pkg/include/interfaces_pkg/interfaces_pkg/msg/detail/key_point2_d__traits.hpp
[22.711s] -- Up-to-date symlink: /home/cc/ros2_ws/install/interfaces_pkg/include/interfaces_pkg/interfaces_pkg/msg/detail/key_point2_d__type_support.hpp
[22.712s] -- Up-to-date symlink: /home/cc/ros2_ws/install/interfaces_pkg/include/interfaces_pkg/interfaces_pkg/msg/detail/key_point2_d_array__builder.hpp
[22.713s] -- Up-to-date symlink: /home/cc/ros2_ws/install/interfaces_pkg/include/interfaces_pkg/interfaces_pkg/msg/detail/key_point2_d_array__struct.hpp
[22.713s] -- Up-to-date symlink: /home/cc/ros2_ws/install/interfaces_pkg/include/interfaces_pkg/interfaces_pkg/msg/detail/key_point2_d_array__traits.hpp
[22.714s] -- Up-to-date symlink: /home/cc/ros2_ws/install/interfaces_pkg/include/interfaces_pkg/interfaces_pkg/msg/detail/key_point2_d_array__type_support.hpp
[22.714s] -- Up-to-date symlink: /home/cc/ros2_ws/install/interfaces_pkg/include/interfaces_pkg/interfaces_pkg/msg/detail/key_point3_d__builder.hpp
[22.715s] -- Up-to-date symlink: /home/cc/ros2_ws/install/interfaces_pkg/include/interfaces_pkg/interfaces_pkg/msg/detail/key_point3_d__struct.hpp
[22.715s] -- Up-to-date symlink: /home/cc/ros2_ws/install/interfaces_pkg/include/interfaces_pkg/interfaces_pkg/msg/detail/key_point3_d__traits.hpp
[22.716s] -- Up-to-date symlink: /home/cc/ros2_ws/install/interfaces_pkg/include/interfaces_pkg/interfaces_pkg/msg/detail/key_point3_d__type_support.hpp
[22.716s] -- Up-to-date symlink: /home/cc/ros2_ws/install/interfaces_pkg/include/interfaces_pkg/interfaces_pkg/msg/detail/key_point3_d_array__builder.hpp
[22.717s] -- Up-to-date symlink: /home/cc/ros2_ws/install/interfaces_pkg/include/interfaces_pkg/interfaces_pkg/msg/detail/key_point3_d_array__struct.hpp
[22.717s] -- Up-to-date symlink: /home/cc/ros2_ws/install/interfaces_pkg/include/interfaces_pkg/interfaces_pkg/msg/detail/key_point3_d_array__traits.hpp
[22.718s] -- Up-to-date symlink: /home/cc/ros2_ws/install/interfaces_pkg/include/interfaces_pkg/interfaces_pkg/msg/detail/key_point3_d_array__type_support.hpp
[22.718s] -- Up-to-date symlink: /home/cc/ros2_ws/install/interfaces_pkg/include/interfaces_pkg/interfaces_pkg/msg/detail/lane_info__builder.hpp
[22.719s] -- Up-to-date symlink: /home/cc/ros2_ws/install/interfaces_pkg/include/interfaces_pkg/interfaces_pkg/msg/detail/lane_info__struct.hpp
[22.719s] -- Up-to-date symlink: /home/cc/ros2_ws/install/interfaces_pkg/include/interfaces_pkg/interfaces_pkg/msg/detail/lane_info__traits.hpp
[22.720s] -- Up-to-date symlink: /home/cc/ros2_ws/install/interfaces_pkg/include/interfaces_pkg/interfaces_pkg/msg/detail/lane_info__type_support.hpp
[22.739s] -- Up-to-date symlink: /home/cc/ros2_ws/install/interfaces_pkg/include/interfaces_pkg/interfaces_pkg/msg/detail/mask__builder.hpp
[22.743s] -- Up-to-date symlink: /home/cc/ros2_ws/install/interfaces_pkg/include/interfaces_pkg/interfaces_pkg/msg/detail/mask__struct.hpp
[22.744s] -- Up-to-date symlink: /home/cc/ros2_ws/install/interfaces_pkg/include/interfaces_pkg/interfaces_pkg/msg/detail/mask__traits.hpp
[22.745s] -- Up-to-date symlink: /home/cc/ros2_ws/install/interfaces_pkg/include/interfaces_pkg/interfaces_pkg/msg/detail/mask__type_support.hpp
[22.751s] -- Up-to-date symlink: /home/cc/ros2_ws/install/interfaces_pkg/include/interfaces_pkg/interfaces_pkg/msg/detail/motion_command__builder.hpp
[22.753s] -- Up-to-date symlink: /home/cc/ros2_ws/install/interfaces_pkg/include/interfaces_pkg/interfaces_pkg/msg/detail/motion_command__struct.hpp
[22.755s] -- Up-to-date symlink: /home/cc/ros2_ws/install/interfaces_pkg/include/interfaces_pkg/interfaces_pkg/msg/detail/motion_command__traits.hpp
[22.761s] -- Up-to-date symlink: /home/cc/ros2_ws/install/interfaces_pkg/include/interfaces_pkg/interfaces_pkg/msg/detail/motion_command__type_support.hpp
[22.762s] -- Up-to-date symlink: /home/cc/ros2_ws/install/interfaces_pkg/include/interfaces_pkg/interfaces_pkg/msg/detail/path_planning_result__builder.hpp
[22.762s] -- Up-to-date symlink: /home/cc/ros2_ws/install/interfaces_pkg/include/interfaces_pkg/interfaces_pkg/msg/detail/path_planning_result__struct.hpp
[22.763s] -- Up-to-date symlink: /home/cc/ros2_ws/install/interfaces_pkg/include/interfaces_pkg/interfaces_pkg/msg/detail/path_planning_result__traits.hpp
[22.763s] -- Up-to-date symlink: /home/cc/ros2_ws/install/interfaces_pkg/include/interfaces_pkg/interfaces_pkg/msg/detail/path_planning_result__type_support.hpp
[22.764s] -- Up-to-date symlink: /home/cc/ros2_ws/install/interfaces_pkg/include/interfaces_pkg/interfaces_pkg/msg/detail/point2_d__builder.hpp
[22.765s] -- Up-to-date symlink: /home/cc/ros2_ws/install/interfaces_pkg/include/interfaces_pkg/interfaces_pkg/msg/detail/point2_d__struct.hpp
[22.765s] -- Up-to-date symlink: /home/cc/ros2_ws/install/interfaces_pkg/include/interfaces_pkg/interfaces_pkg/msg/detail/point2_d__traits.hpp
[22.766s] -- Up-to-date symlink: /home/cc/ros2_ws/install/interfaces_pkg/include/interfaces_pkg/interfaces_pkg/msg/detail/point2_d__type_support.hpp
[22.766s] -- Up-to-date symlink: /home/cc/ros2_ws/install/interfaces_pkg/include/interfaces_pkg/interfaces_pkg/msg/detail/pose2_d__builder.hpp
[22.767s] -- Up-to-date symlink: /home/cc/ros2_ws/install/interfaces_pkg/include/interfaces_pkg/interfaces_pkg/msg/detail/pose2_d__struct.hpp
[22.768s] -- Up-to-date symlink: /home/cc/ros2_ws/install/interfaces_pkg/include/interfaces_pkg/interfaces_pkg/msg/detail/pose2_d__traits.hpp
[22.784s] -- Up-to-date symlink: /home/cc/ros2_ws/install/interfaces_pkg/include/interfaces_pkg/interfaces_pkg/msg/detail/pose2_d__type_support.hpp
[22.786s] -- Up-to-date symlink: /home/cc/ros2_ws/install/interfaces_pkg/include/interfaces_pkg/interfaces_pkg/msg/detail/target_point__builder.hpp
[22.818s] -- Up-to-date symlink: /home/cc/ros2_ws/install/interfaces_pkg/include/interfaces_pkg/interfaces_pkg/msg/detail/target_point__struct.hpp
[22.837s] -- Up-to-date symlink: /home/cc/ros2_ws/install/interfaces_pkg/include/interfaces_pkg/interfaces_pkg/msg/detail/target_point__traits.hpp
[22.841s] -- Up-to-date symlink: /home/cc/ros2_ws/install/interfaces_pkg/include/interfaces_pkg/interfaces_pkg/msg/detail/target_point__type_support.hpp
[22.855s] -- Up-to-date symlink: /home/cc/ros2_ws/install/interfaces_pkg/include/interfaces_pkg/interfaces_pkg/msg/detail/vector2__builder.hpp
[22.859s] -- Up-to-date symlink: /home/cc/ros2_ws/install/interfaces_pkg/include/interfaces_pkg/interfaces_pkg/msg/detail/vector2__struct.hpp
[22.865s] -- Up-to-date symlink: /home/cc/ros2_ws/install/interfaces_pkg/include/interfaces_pkg/interfaces_pkg/msg/detail/vector2__traits.hpp
[22.865s] -- Up-to-date symlink: /home/cc/ros2_ws/install/interfaces_pkg/include/interfaces_pkg/interfaces_pkg/msg/detail/vector2__type_support.hpp
[22.866s] -- Up-to-date symlink: /home/cc/ros2_ws/install/interfaces_pkg/include/interfaces_pkg/interfaces_pkg/msg/detection.hpp
[22.867s] -- Up-to-date symlink: /home/cc/ros2_ws/install/interfaces_pkg/include/interfaces_pkg/interfaces_pkg/msg/detection_array.hpp
[22.867s] -- Up-to-date symlink: /home/cc/ros2_ws/install/interfaces_pkg/include/interfaces_pkg/interfaces_pkg/msg/key_point2_d.hpp
[22.868s] -- Up-to-date symlink: /home/cc/ros2_ws/install/interfaces_pkg/include/interfaces_pkg/interfaces_pkg/msg/key_point2_d_array.hpp
[22.869s] -- Up-to-date symlink: /home/cc/ros2_ws/install/interfaces_pkg/include/interfaces_pkg/interfaces_pkg/msg/key_point3_d.hpp
[22.874s] -- Up-to-date symlink: /home/cc/ros2_ws/install/interfaces_pkg/include/interfaces_pkg/interfaces_pkg/msg/key_point3_d_array.hpp
[22.879s] -- Up-to-date symlink: /home/cc/ros2_ws/install/interfaces_pkg/include/interfaces_pkg/interfaces_pkg/msg/lane_info.hpp
[22.881s] -- Up-to-date symlink: /home/cc/ros2_ws/install/interfaces_pkg/include/interfaces_pkg/interfaces_pkg/msg/mask.hpp
[22.904s] -- Up-to-date symlink: /home/cc/ros2_ws/install/interfaces_pkg/include/interfaces_pkg/interfaces_pkg/msg/motion_command.hpp
[22.914s] -- Up-to-date symlink: /home/cc/ros2_ws/install/interfaces_pkg/include/interfaces_pkg/interfaces_pkg/msg/path_planning_result.hpp
[22.937s] -- Up-to-date symlink: /home/cc/ros2_ws/install/interfaces_pkg/include/interfaces_pkg/interfaces_pkg/msg/point2_d.hpp
[22.942s] -- Up-to-date symlink: /home/cc/ros2_ws/install/interfaces_pkg/include/interfaces_pkg/interfaces_pkg/msg/pose2_d.hpp
[22.953s] -- Up-to-date symlink: /home/cc/ros2_ws/install/interfaces_pkg/include/interfaces_pkg/interfaces_pkg/msg/rosidl_generator_cpp__visibility_control.hpp
[22.958s] -- Up-to-date symlink: /home/cc/ros2_ws/install/interfaces_pkg/include/interfaces_pkg/interfaces_pkg/msg/target_point.hpp
[22.969s] -- Up-to-date symlink: /home/cc/ros2_ws/install/interfaces_pkg/include/interfaces_pkg/interfaces_pkg/msg/vector2.hpp
[22.996s] -- Up-to-date symlink: /home/cc/ros2_ws/install/interfaces_pkg/include/interfaces_pkg/interfaces_pkg/msg/detail/bounding_box2_d__rosidl_typesupport_fastrtps_cpp.hpp
[23.016s] -- Up-to-date symlink: /home/cc/ros2_ws/install/interfaces_pkg/include/interfaces_pkg/interfaces_pkg/msg/detail/bounding_box3_d__rosidl_typesupport_fastrtps_cpp.hpp
[23.022s] -- Up-to-date symlink: /home/cc/ros2_ws/install/interfaces_pkg/include/interfaces_pkg/interfaces_pkg/msg/detail/detection__rosidl_typesupport_fastrtps_cpp.hpp
[23.034s] -- Up-to-date symlink: /home/cc/ros2_ws/install/interfaces_pkg/include/interfaces_pkg/interfaces_pkg/msg/detail/detection_array__rosidl_typesupport_fastrtps_cpp.hpp
[23.044s] -- Up-to-date symlink: /home/cc/ros2_ws/install/interfaces_pkg/include/interfaces_pkg/interfaces_pkg/msg/detail/key_point2_d__rosidl_typesupport_fastrtps_cpp.hpp
[23.053s] -- Up-to-date symlink: /home/cc/ros2_ws/install/interfaces_pkg/include/interfaces_pkg/interfaces_pkg/msg/detail/key_point2_d_array__rosidl_typesupport_fastrtps_cpp.hpp
[23.071s] -- Up-to-date symlink: /home/cc/ros2_ws/install/interfaces_pkg/include/interfaces_pkg/interfaces_pkg/msg/detail/key_point3_d__rosidl_typesupport_fastrtps_cpp.hpp
[23.084s] -- Up-to-date symlink: /home/cc/ros2_ws/install/interfaces_pkg/include/interfaces_pkg/interfaces_pkg/msg/detail/key_point3_d_array__rosidl_typesupport_fastrtps_cpp.hpp
[23.094s] -- Up-to-date symlink: /home/cc/ros2_ws/install/interfaces_pkg/include/interfaces_pkg/interfaces_pkg/msg/detail/lane_info__rosidl_typesupport_fastrtps_cpp.hpp
[23.098s] -- Up-to-date symlink: /home/cc/ros2_ws/install/interfaces_pkg/include/interfaces_pkg/interfaces_pkg/msg/detail/mask__rosidl_typesupport_fastrtps_cpp.hpp
[23.103s] -- Up-to-date symlink: /home/cc/ros2_ws/install/interfaces_pkg/include/interfaces_pkg/interfaces_pkg/msg/detail/motion_command__rosidl_typesupport_fastrtps_cpp.hpp
[23.112s] -- Up-to-date symlink: /home/cc/ros2_ws/install/interfaces_pkg/include/interfaces_pkg/interfaces_pkg/msg/detail/path_planning_result__rosidl_typesupport_fastrtps_cpp.hpp
[23.128s] -- Up-to-date symlink: /home/cc/ros2_ws/install/interfaces_pkg/include/interfaces_pkg/interfaces_pkg/msg/detail/point2_d__rosidl_typesupport_fastrtps_cpp.hpp
[23.138s] -- Up-to-date symlink: /home/cc/ros2_ws/install/interfaces_pkg/include/interfaces_pkg/interfaces_pkg/msg/detail/pose2_d__rosidl_typesupport_fastrtps_cpp.hpp
[23.153s] -- Up-to-date symlink: /home/cc/ros2_ws/install/interfaces_pkg/include/interfaces_pkg/interfaces_pkg/msg/detail/target_point__rosidl_typesupport_fastrtps_cpp.hpp
[23.161s] -- Up-to-date symlink: /home/cc/ros2_ws/install/interfaces_pkg/include/interfaces_pkg/interfaces_pkg/msg/detail/vector2__rosidl_typesupport_fastrtps_cpp.hpp
[23.172s] -- Up-to-date symlink: /home/cc/ros2_ws/install/interfaces_pkg/include/interfaces_pkg/interfaces_pkg/msg/rosidl_typesupport_fastrtps_cpp__visibility_control.h
[23.195s] -- Up-to-date symlink: /home/cc/ros2_ws/install/interfaces_pkg/include/interfaces_pkg/interfaces_pkg/msg/detail/bounding_box2_d__rosidl_typesupport_introspection_cpp.hpp
[23.228s] -- Up-to-date symlink: /home/cc/ros2_ws/install/interfaces_pkg/include/interfaces_pkg/interfaces_pkg/msg/detail/bounding_box3_d__rosidl_typesupport_introspection_cpp.hpp
[23.241s] -- Up-to-date symlink: /home/cc/ros2_ws/install/interfaces_pkg/include/interfaces_pkg/interfaces_pkg/msg/detail/detection__rosidl_typesupport_introspection_cpp.hpp
[23.261s] -- Up-to-date symlink: /home/cc/ros2_ws/install/interfaces_pkg/include/interfaces_pkg/interfaces_pkg/msg/detail/detection_array__rosidl_typesupport_introspection_cpp.hpp
[23.266s] -- Up-to-date symlink: /home/cc/ros2_ws/install/interfaces_pkg/include/interfaces_pkg/interfaces_pkg/msg/detail/key_point2_d__rosidl_typesupport_introspection_cpp.hpp
[23.270s] -- Up-to-date symlink: /home/cc/ros2_ws/install/interfaces_pkg/include/interfaces_pkg/interfaces_pkg/msg/detail/key_point2_d_array__rosidl_typesupport_introspection_cpp.hpp
[23.277s] -- Up-to-date symlink: /home/cc/ros2_ws/install/interfaces_pkg/include/interfaces_pkg/interfaces_pkg/msg/detail/key_point3_d__rosidl_typesupport_introspection_cpp.hpp
[23.283s] -- Up-to-date symlink: /home/cc/ros2_ws/install/interfaces_pkg/include/interfaces_pkg/interfaces_pkg/msg/detail/key_point3_d_array__rosidl_typesupport_introspection_cpp.hpp
[23.296s] -- Up-to-date symlink: /home/cc/ros2_ws/install/interfaces_pkg/include/interfaces_pkg/interfaces_pkg/msg/detail/lane_info__rosidl_typesupport_introspection_cpp.hpp
[23.321s] -- Up-to-date symlink: /home/cc/ros2_ws/install/interfaces_pkg/include/interfaces_pkg/interfaces_pkg/msg/detail/mask__rosidl_typesupport_introspection_cpp.hpp
[23.334s] -- Up-to-date symlink: /home/cc/ros2_ws/install/interfaces_pkg/include/interfaces_pkg/interfaces_pkg/msg/detail/motion_command__rosidl_typesupport_introspection_cpp.hpp
[23.355s] -- Up-to-date symlink: /home/cc/ros2_ws/install/interfaces_pkg/include/interfaces_pkg/interfaces_pkg/msg/detail/path_planning_result__rosidl_typesupport_introspection_cpp.hpp
[23.374s] -- Up-to-date symlink: /home/cc/ros2_ws/install/interfaces_pkg/include/interfaces_pkg/interfaces_pkg/msg/detail/point2_d__rosidl_typesupport_introspection_cpp.hpp
[23.387s] -- Up-to-date symlink: /home/cc/ros2_ws/install/interfaces_pkg/include/interfaces_pkg/interfaces_pkg/msg/detail/pose2_d__rosidl_typesupport_introspection_cpp.hpp
[23.402s] -- Up-to-date symlink: /home/cc/ros2_ws/install/interfaces_pkg/include/interfaces_pkg/interfaces_pkg/msg/detail/target_point__rosidl_typesupport_introspection_cpp.hpp
[23.429s] -- Up-to-date symlink: /home/cc/ros2_ws/install/interfaces_pkg/include/interfaces_pkg/interfaces_pkg/msg/detail/vector2__rosidl_typesupport_introspection_cpp.hpp
[23.451s] -- Up-to-date symlink: /home/cc/ros2_ws/install/interfaces_pkg/share/interfaces_pkg/environment/pythonpath.sh
[23.468s] -- Up-to-date symlink: /home/cc/ros2_ws/install/interfaces_pkg/share/interfaces_pkg/environment/pythonpath.dsv
[23.481s] -- Up-to-date symlink: /home/cc/ros2_ws/install/interfaces_pkg/local/lib/python3.10/dist-packages/interfaces_pkg-0.0.0-py3.10.egg-info/PKG-INFO
[23.497s] -- Up-to-date symlink: /home/cc/ros2_ws/install/interfaces_pkg/local/lib/python3.10/dist-packages/interfaces_pkg-0.0.0-py3.10.egg-info/SOURCES.txt
[23.510s] -- Up-to-date symlink: /home/cc/ros2_ws/install/interfaces_pkg/local/lib/python3.10/dist-packages/interfaces_pkg-0.0.0-py3.10.egg-info/dependency_links.txt
[23.537s] -- Up-to-date symlink: /home/cc/ros2_ws/install/interfaces_pkg/local/lib/python3.10/dist-packages/interfaces_pkg-0.0.0-py3.10.egg-info/top_level.txt
[23.574s] -- Up-to-date symlink: /home/cc/ros2_ws/install/interfaces_pkg/local/lib/python3.10/dist-packages/interfaces_pkg/__init__.py
[23.596s] -- Up-to-date symlink: /home/cc/ros2_ws/install/interfaces_pkg/local/lib/python3.10/dist-packages/interfaces_pkg/_interfaces_pkg_s.ep.rosidl_typesupport_c.c
[23.615s] -- Up-to-date symlink: /home/cc/ros2_ws/install/interfaces_pkg/local/lib/python3.10/dist-packages/interfaces_pkg/_interfaces_pkg_s.ep.rosidl_typesupport_fastrtps_c.c
[23.627s] -- Up-to-date symlink: /home/cc/ros2_ws/install/interfaces_pkg/local/lib/python3.10/dist-packages/interfaces_pkg/_interfaces_pkg_s.ep.rosidl_typesupport_introspection_c.c
[23.643s] -- Up-to-date symlink: /home/cc/ros2_ws/install/interfaces_pkg/local/lib/python3.10/dist-packages/interfaces_pkg/interfaces_pkg_s__rosidl_typesupport_c.cpython-310-aarch64-linux-gnu.so
[23.650s] -- Up-to-date symlink: /home/cc/ros2_ws/install/interfaces_pkg/local/lib/python3.10/dist-packages/interfaces_pkg/interfaces_pkg_s__rosidl_typesupport_fastrtps_c.cpython-310-aarch64-linux-gnu.so
[23.654s] -- Up-to-date symlink: /home/cc/ros2_ws/install/interfaces_pkg/local/lib/python3.10/dist-packages/interfaces_pkg/interfaces_pkg_s__rosidl_typesupport_introspection_c.cpython-310-aarch64-linux-gnu.so
[23.658s] -- Up-to-date symlink: /home/cc/ros2_ws/install/interfaces_pkg/local/lib/python3.10/dist-packages/interfaces_pkg/libinterfaces_pkg__rosidl_generator_py.so
[23.675s] -- Up-to-date symlink: /home/cc/ros2_ws/install/interfaces_pkg/local/lib/python3.10/dist-packages/interfaces_pkg/msg/__init__.py
[23.686s] -- Up-to-date symlink: /home/cc/ros2_ws/install/interfaces_pkg/local/lib/python3.10/dist-packages/interfaces_pkg/msg/_bounding_box2_d.py
[23.700s] -- Up-to-date symlink: /home/cc/ros2_ws/install/interfaces_pkg/local/lib/python3.10/dist-packages/interfaces_pkg/msg/_bounding_box2_d_s.c
[23.709s] -- Up-to-date symlink: /home/cc/ros2_ws/install/interfaces_pkg/local/lib/python3.10/dist-packages/interfaces_pkg/msg/_bounding_box3_d.py
[23.724s] -- Up-to-date symlink: /home/cc/ros2_ws/install/interfaces_pkg/local/lib/python3.10/dist-packages/interfaces_pkg/msg/_bounding_box3_d_s.c
[23.749s] -- Up-to-date symlink: /home/cc/ros2_ws/install/interfaces_pkg/local/lib/python3.10/dist-packages/interfaces_pkg/msg/_detection.py
[23.753s] -- Up-to-date symlink: /home/cc/ros2_ws/install/interfaces_pkg/local/lib/python3.10/dist-packages/interfaces_pkg/msg/_detection_array.py
[23.758s] -- Up-to-date symlink: /home/cc/ros2_ws/install/interfaces_pkg/local/lib/python3.10/dist-packages/interfaces_pkg/msg/_detection_array_s.c
[23.772s] -- Up-to-date symlink: /home/cc/ros2_ws/install/interfaces_pkg/local/lib/python3.10/dist-packages/interfaces_pkg/msg/_detection_s.c
[23.787s] -- Up-to-date symlink: /home/cc/ros2_ws/install/interfaces_pkg/local/lib/python3.10/dist-packages/interfaces_pkg/msg/_key_point2_d.py
[23.808s] -- Up-to-date symlink: /home/cc/ros2_ws/install/interfaces_pkg/local/lib/python3.10/dist-packages/interfaces_pkg/msg/_key_point2_d_array.py
[23.818s] -- Up-to-date symlink: /home/cc/ros2_ws/install/interfaces_pkg/local/lib/python3.10/dist-packages/interfaces_pkg/msg/_key_point2_d_array_s.c
[23.845s] -- Up-to-date symlink: /home/cc/ros2_ws/install/interfaces_pkg/local/lib/python3.10/dist-packages/interfaces_pkg/msg/_key_point2_d_s.c
[23.866s] -- Up-to-date symlink: /home/cc/ros2_ws/install/interfaces_pkg/local/lib/python3.10/dist-packages/interfaces_pkg/msg/_key_point3_d.py
[23.876s] -- Up-to-date symlink: /home/cc/ros2_ws/install/interfaces_pkg/local/lib/python3.10/dist-packages/interfaces_pkg/msg/_key_point3_d_array.py
[23.886s] -- Up-to-date symlink: /home/cc/ros2_ws/install/interfaces_pkg/local/lib/python3.10/dist-packages/interfaces_pkg/msg/_key_point3_d_array_s.c
[23.900s] -- Up-to-date symlink: /home/cc/ros2_ws/install/interfaces_pkg/local/lib/python3.10/dist-packages/interfaces_pkg/msg/_key_point3_d_s.c
[23.917s] -- Up-to-date symlink: /home/cc/ros2_ws/install/interfaces_pkg/local/lib/python3.10/dist-packages/interfaces_pkg/msg/_lane_info.py
[23.935s] -- Up-to-date symlink: /home/cc/ros2_ws/install/interfaces_pkg/local/lib/python3.10/dist-packages/interfaces_pkg/msg/_lane_info_s.c
[23.957s] -- Up-to-date symlink: /home/cc/ros2_ws/install/interfaces_pkg/local/lib/python3.10/dist-packages/interfaces_pkg/msg/_mask.py
[23.982s] -- Up-to-date symlink: /home/cc/ros2_ws/install/interfaces_pkg/local/lib/python3.10/dist-packages/interfaces_pkg/msg/_mask_s.c
[23.983s] -- Up-to-date symlink: /home/cc/ros2_ws/install/interfaces_pkg/local/lib/python3.10/dist-packages/interfaces_pkg/msg/_motion_command.py
[23.983s] -- Up-to-date symlink: /home/cc/ros2_ws/install/interfaces_pkg/local/lib/python3.10/dist-packages/interfaces_pkg/msg/_motion_command_s.c
[24.001s] -- Up-to-date symlink: /home/cc/ros2_ws/install/interfaces_pkg/local/lib/python3.10/dist-packages/interfaces_pkg/msg/_path_planning_result.py
[24.004s] -- Up-to-date symlink: /home/cc/ros2_ws/install/interfaces_pkg/local/lib/python3.10/dist-packages/interfaces_pkg/msg/_path_planning_result_s.c
[24.021s] -- Up-to-date symlink: /home/cc/ros2_ws/install/interfaces_pkg/local/lib/python3.10/dist-packages/interfaces_pkg/msg/_point2_d.py
[24.022s] -- Up-to-date symlink: /home/cc/ros2_ws/install/interfaces_pkg/local/lib/python3.10/dist-packages/interfaces_pkg/msg/_point2_d_s.c
[24.023s] -- Up-to-date symlink: /home/cc/ros2_ws/install/interfaces_pkg/local/lib/python3.10/dist-packages/interfaces_pkg/msg/_pose2_d.py
[24.047s] -- Up-to-date symlink: /home/cc/ros2_ws/install/interfaces_pkg/local/lib/python3.10/dist-packages/interfaces_pkg/msg/_pose2_d_s.c
[24.057s] -- Up-to-date symlink: /home/cc/ros2_ws/install/interfaces_pkg/local/lib/python3.10/dist-packages/interfaces_pkg/msg/_target_point.py
[24.058s] -- Up-to-date symlink: /home/cc/ros2_ws/install/interfaces_pkg/local/lib/python3.10/dist-packages/interfaces_pkg/msg/_target_point_s.c
[24.059s] -- Up-to-date symlink: /home/cc/ros2_ws/install/interfaces_pkg/local/lib/python3.10/dist-packages/interfaces_pkg/msg/_vector2.py
[24.060s] -- Up-to-date symlink: /home/cc/ros2_ws/install/interfaces_pkg/local/lib/python3.10/dist-packages/interfaces_pkg/msg/_vector2_s.c
[24.082s] -- Up-to-date symlink: /home/cc/ros2_ws/install/interfaces_pkg/local/lib/python3.10/dist-packages/interfaces_pkg/interfaces_pkg_s__rosidl_typesupport_fastrtps_c.cpython-310-aarch64-linux-gnu.so
[24.083s] -- Up-to-date symlink: /home/cc/ros2_ws/install/interfaces_pkg/local/lib/python3.10/dist-packages/interfaces_pkg/interfaces_pkg_s__rosidl_typesupport_introspection_c.cpython-310-aarch64-linux-gnu.so
[24.085s] -- Up-to-date symlink: /home/cc/ros2_ws/install/interfaces_pkg/local/lib/python3.10/dist-packages/interfaces_pkg/interfaces_pkg_s__rosidl_typesupport_c.cpython-310-aarch64-linux-gnu.so
[24.086s] -- Up-to-date symlink: /home/cc/ros2_ws/install/interfaces_pkg/share/interfaces_pkg/msg/Point2D.idl
[24.102s] -- Up-to-date symlink: /home/cc/ros2_ws/install/interfaces_pkg/share/interfaces_pkg/msg/Vector2.idl
[24.103s] -- Up-to-date symlink: /home/cc/ros2_ws/install/interfaces_pkg/share/interfaces_pkg/msg/Pose2D.idl
[24.104s] -- Up-to-date symlink: /home/cc/ros2_ws/install/interfaces_pkg/share/interfaces_pkg/msg/BoundingBox2D.idl
[24.104s] -- Up-to-date symlink: /home/cc/ros2_ws/install/interfaces_pkg/share/interfaces_pkg/msg/BoundingBox3D.idl
[24.105s] -- Up-to-date symlink: /home/cc/ros2_ws/install/interfaces_pkg/share/interfaces_pkg/msg/Mask.idl
[24.106s] -- Up-to-date symlink: /home/cc/ros2_ws/install/interfaces_pkg/share/interfaces_pkg/msg/KeyPoint2D.idl
[24.106s] -- Up-to-date symlink: /home/cc/ros2_ws/install/interfaces_pkg/share/interfaces_pkg/msg/KeyPoint2DArray.idl
[24.107s] -- Up-to-date symlink: /home/cc/ros2_ws/install/interfaces_pkg/share/interfaces_pkg/msg/KeyPoint3D.idl
[24.107s] -- Up-to-date symlink: /home/cc/ros2_ws/install/interfaces_pkg/share/interfaces_pkg/msg/KeyPoint3DArray.idl
[24.126s] -- Up-to-date symlink: /home/cc/ros2_ws/install/interfaces_pkg/share/interfaces_pkg/msg/Detection.idl
[24.128s] -- Up-to-date symlink: /home/cc/ros2_ws/install/interfaces_pkg/share/interfaces_pkg/msg/DetectionArray.idl
[24.148s] -- Up-to-date symlink: /home/cc/ros2_ws/install/interfaces_pkg/share/interfaces_pkg/msg/LaneInfo.idl
[24.149s] -- Up-to-date symlink: /home/cc/ros2_ws/install/interfaces_pkg/share/interfaces_pkg/msg/MotionCommand.idl
[24.150s] -- Up-to-date symlink: /home/cc/ros2_ws/install/interfaces_pkg/share/interfaces_pkg/msg/TargetPoint.idl
[24.150s] -- Up-to-date symlink: /home/cc/ros2_ws/install/interfaces_pkg/share/interfaces_pkg/msg/PathPlanningResult.idl
[24.151s] -- Up-to-date symlink: /home/cc/ros2_ws/install/interfaces_pkg/share/interfaces_pkg/msg/Point2D.msg
[24.170s] -- Up-to-date symlink: /home/cc/ros2_ws/install/interfaces_pkg/share/interfaces_pkg/msg/Vector2.msg
[24.177s] -- Up-to-date symlink: /home/cc/ros2_ws/install/interfaces_pkg/share/interfaces_pkg/msg/Pose2D.msg
[24.179s] -- Up-to-date symlink: /home/cc/ros2_ws/install/interfaces_pkg/share/interfaces_pkg/msg/BoundingBox2D.msg
[24.203s] -- Up-to-date symlink: /home/cc/ros2_ws/install/interfaces_pkg/share/interfaces_pkg/msg/BoundingBox3D.msg
[24.204s] -- Up-to-date symlink: /home/cc/ros2_ws/install/interfaces_pkg/share/interfaces_pkg/msg/Mask.msg
[24.213s] -- Up-to-date symlink: /home/cc/ros2_ws/install/interfaces_pkg/share/interfaces_pkg/msg/KeyPoint2D.msg
[24.215s] -- Up-to-date symlink: /home/cc/ros2_ws/install/interfaces_pkg/share/interfaces_pkg/msg/KeyPoint2DArray.msg
[24.253s] -- Up-to-date symlink: /home/cc/ros2_ws/install/interfaces_pkg/share/interfaces_pkg/msg/KeyPoint3D.msg
[24.255s] -- Up-to-date symlink: /home/cc/ros2_ws/install/interfaces_pkg/share/interfaces_pkg/msg/KeyPoint3DArray.msg
[24.296s] -- Up-to-date symlink: /home/cc/ros2_ws/install/interfaces_pkg/share/interfaces_pkg/msg/Detection.msg
[24.298s] -- Up-to-date symlink: /home/cc/ros2_ws/install/interfaces_pkg/share/interfaces_pkg/msg/DetectionArray.msg
[24.321s] -- Up-to-date symlink: /home/cc/ros2_ws/install/interfaces_pkg/share/interfaces_pkg/msg/LaneInfo.msg
[24.323s] -- Up-to-date symlink: /home/cc/ros2_ws/install/interfaces_pkg/share/interfaces_pkg/msg/MotionCommand.msg
[24.336s] -- Up-to-date symlink: /home/cc/ros2_ws/install/interfaces_pkg/share/interfaces_pkg/msg/TargetPoint.msg
[24.339s] -- Up-to-date symlink: /home/cc/ros2_ws/install/interfaces_pkg/share/interfaces_pkg/msg/PathPlanningResult.msg
[24.360s] -- Up-to-date symlink: /home/cc/ros2_ws/install/interfaces_pkg/share/ament_index/resource_index/package_run_dependencies/interfaces_pkg
[24.362s] -- Up-to-date symlink: /home/cc/ros2_ws/install/interfaces_pkg/share/ament_index/resource_index/parent_prefix_path/interfaces_pkg
[24.363s] -- Up-to-date symlink: /home/cc/ros2_ws/install/interfaces_pkg/share/interfaces_pkg/environment/ament_prefix_path.sh
[24.365s] -- Up-to-date symlink: /home/cc/ros2_ws/install/interfaces_pkg/share/interfaces_pkg/environment/ament_prefix_path.dsv
[24.382s] -- Up-to-date symlink: /home/cc/ros2_ws/install/interfaces_pkg/share/interfaces_pkg/environment/path.sh
[24.404s] -- Up-to-date symlink: /home/cc/ros2_ws/install/interfaces_pkg/share/interfaces_pkg/environment/path.dsv
[24.407s] -- Up-to-date symlink: /home/cc/ros2_ws/install/interfaces_pkg/share/interfaces_pkg/local_setup.bash
[24.417s] -- Up-to-date symlink: /home/cc/ros2_ws/install/interfaces_pkg/share/interfaces_pkg/local_setup.sh
[24.423s] -- Up-to-date symlink: /home/cc/ros2_ws/install/interfaces_pkg/share/interfaces_pkg/local_setup.zsh
[24.434s] -- Up-to-date symlink: /home/cc/ros2_ws/install/interfaces_pkg/share/interfaces_pkg/local_setup.dsv
[24.435s] -- Symlinking: /home/cc/ros2_ws/install/interfaces_pkg/share/interfaces_pkg/package.dsv
[24.777s] -- Up-to-date symlink: /home/cc/ros2_ws/install/interfaces_pkg/share/ament_index/resource_index/packages/interfaces_pkg
[24.787s] -- Up-to-date symlink: /home/cc/ros2_ws/install/interfaces_pkg/share/interfaces_pkg/cmake/rosidl_cmake-extras.cmake
[24.806s] -- Up-to-date symlink: /home/cc/ros2_ws/install/interfaces_pkg/share/interfaces_pkg/cmake/ament_cmake_export_dependencies-extras.cmake
[24.831s] -- Up-to-date symlink: /home/cc/ros2_ws/install/interfaces_pkg/share/interfaces_pkg/cmake/ament_cmake_export_include_directories-extras.cmake
[24.848s] -- Up-to-date symlink: /home/cc/ros2_ws/install/interfaces_pkg/share/interfaces_pkg/cmake/ament_cmake_export_libraries-extras.cmake
[24.947s] -- Up-to-date symlink: /home/cc/ros2_ws/install/interfaces_pkg/share/interfaces_pkg/cmake/ament_cmake_export_targets-extras.cmake
[25.010s] -- Up-to-date symlink: /home/cc/ros2_ws/install/interfaces_pkg/share/interfaces_pkg/cmake/rosidl_cmake_export_typesupport_targets-extras.cmake
[25.011s] -- Up-to-date symlink: /home/cc/ros2_ws/install/interfaces_pkg/share/interfaces_pkg/cmake/rosidl_cmake_export_typesupport_libraries-extras.cmake
[25.025s] -- Up-to-date symlink: /home/cc/ros2_ws/install/interfaces_pkg/share/interfaces_pkg/cmake/interfaces_pkgConfig.cmake
[25.025s] -- Up-to-date symlink: /home/cc/ros2_ws/install/interfaces_pkg/share/interfaces_pkg/cmake/interfaces_pkgConfig-version.cmake
[25.041s] -- Up-to-date symlink: /home/cc/ros2_ws/install/interfaces_pkg/share/interfaces_pkg/package.xml
[25.043s] -- Up-to-date: /home/cc/ros2_ws/install/interfaces_pkg/lib/libinterfaces_pkg__rosidl_generator_c.so
[25.048s] -- Up-to-date: /home/cc/ros2_ws/install/interfaces_pkg/lib/libinterfaces_pkg__rosidl_typesupport_fastrtps_c.so
[25.049s] -- Up-to-date: /home/cc/ros2_ws/install/interfaces_pkg/lib/libinterfaces_pkg__rosidl_typesupport_introspection_c.so
[25.049s] -- Up-to-date: /home/cc/ros2_ws/install/interfaces_pkg/lib/libinterfaces_pkg__rosidl_typesupport_c.so
[25.059s] -- Up-to-date: /home/cc/ros2_ws/install/interfaces_pkg/lib/libinterfaces_pkg__rosidl_typesupport_fastrtps_cpp.so
[25.092s] -- Up-to-date: /home/cc/ros2_ws/install/interfaces_pkg/lib/libinterfaces_pkg__rosidl_typesupport_introspection_cpp.so
[25.105s] -- Up-to-date: /home/cc/ros2_ws/install/interfaces_pkg/lib/libinterfaces_pkg__rosidl_typesupport_cpp.so
[26.570s] Listing '/home/cc/ros2_ws/install/interfaces_pkg/local/lib/python3.10/dist-packages/interfaces_pkg'...
[26.582s] Listing '/home/cc/ros2_ws/install/interfaces_pkg/local/lib/python3.10/dist-packages/interfaces_pkg/msg'...
[26.753s] -- Up-to-date: /home/cc/ros2_ws/install/interfaces_pkg/lib/libinterfaces_pkg__rosidl_generator_py.so
[26.755s] -- Up-to-date: /home/cc/ros2_ws/install/interfaces_pkg/share/interfaces_pkg/cmake/export_interfaces_pkg__rosidl_generator_cExport.cmake
[26.773s] -- Up-to-date: /home/cc/ros2_ws/install/interfaces_pkg/share/interfaces_pkg/cmake/export_interfaces_pkg__rosidl_generator_cExport-noconfig.cmake
[26.787s] -- Up-to-date: /home/cc/ros2_ws/install/interfaces_pkg/share/interfaces_pkg/cmake/export_interfaces_pkg__rosidl_typesupport_fastrtps_cExport.cmake
[26.803s] -- Up-to-date: /home/cc/ros2_ws/install/interfaces_pkg/share/interfaces_pkg/cmake/export_interfaces_pkg__rosidl_typesupport_fastrtps_cExport-noconfig.cmake
[26.835s] -- Up-to-date: /home/cc/ros2_ws/install/interfaces_pkg/share/interfaces_pkg/cmake/interfaces_pkg__rosidl_typesupport_introspection_cExport.cmake
[26.852s] -- Up-to-date: /home/cc/ros2_ws/install/interfaces_pkg/share/interfaces_pkg/cmake/interfaces_pkg__rosidl_typesupport_introspection_cExport-noconfig.cmake
[26.879s] -- Up-to-date: /home/cc/ros2_ws/install/interfaces_pkg/share/interfaces_pkg/cmake/interfaces_pkg__rosidl_typesupport_cExport.cmake
[26.886s] -- Up-to-date: /home/cc/ros2_ws/install/interfaces_pkg/share/interfaces_pkg/cmake/interfaces_pkg__rosidl_typesupport_cExport-noconfig.cmake
[26.910s] -- Up-to-date: /home/cc/ros2_ws/install/interfaces_pkg/share/interfaces_pkg/cmake/export_interfaces_pkg__rosidl_generator_cppExport.cmake
[26.960s] -- Up-to-date: /home/cc/ros2_ws/install/interfaces_pkg/share/interfaces_pkg/cmake/export_interfaces_pkg__rosidl_typesupport_fastrtps_cppExport.cmake
[26.983s] -- Up-to-date: /home/cc/ros2_ws/install/interfaces_pkg/share/interfaces_pkg/cmake/export_interfaces_pkg__rosidl_typesupport_fastrtps_cppExport-noconfig.cmake
[26.993s] -- Up-to-date: /home/cc/ros2_ws/install/interfaces_pkg/share/interfaces_pkg/cmake/interfaces_pkg__rosidl_typesupport_introspection_cppExport.cmake
[27.002s] -- Up-to-date: /home/cc/ros2_ws/install/interfaces_pkg/share/interfaces_pkg/cmake/interfaces_pkg__rosidl_typesupport_introspection_cppExport-noconfig.cmake
[27.012s] -- Up-to-date: /home/cc/ros2_ws/install/interfaces_pkg/share/interfaces_pkg/cmake/interfaces_pkg__rosidl_typesupport_cppExport.cmake
[27.022s] -- Up-to-date: /home/cc/ros2_ws/install/interfaces_pkg/share/interfaces_pkg/cmake/interfaces_pkg__rosidl_typesupport_cppExport-noconfig.cmake
[27.024s] -- Up-to-date: /home/cc/ros2_ws/install/interfaces_pkg/share/interfaces_pkg/cmake/export_interfaces_pkg__rosidl_generator_pyExport.cmake
[27.054s] -- Up-to-date: /home/cc/ros2_ws/install/interfaces_pkg/share/interfaces_pkg/cmake/export_interfaces_pkg__rosidl_generator_pyExport-noconfig.cmake
[27.057s] Invoked command in '/home/cc/ros2_ws/build/interfaces_pkg' returned '0': CMAKE_PREFIX_PATH=${CMAKE_PREFIX_PATH}:/home/cc/ros2_ws/install/serial_communication_pkg:/home/cc/ros2_ws/install/lidar_perception_pkg:/home/cc/ros2_ws/install/decision_making_pkg:/home/cc/ros2_ws/install/debug_pkg:/home/cc/ros2_ws/install/camera_perception_pkg:/opt/ros/humble /usr/bin/cmake --install /home/cc/ros2_ws/build/interfaces_pkg
